<?xml version="1.0" encoding="UTF-8"?>
<testsuites>
  <testsuite name="/app/phpunit.xml.dist" tests="246" assertions="921" errors="0" failures="0" skipped="0" time="23.617733">
    <testsuite name="Unit" tests="6" assertions="6" errors="0" failures="0" skipped="0" time="0.207216">
      <testsuite name="Tests\Unit\GammaMatrix\Playground\Matrix\Resource\Http\Requests\Backlog\CreateRequestTest" file="/app/tests/Unit/Http/Requests/Backlog/CreateRequestTest.php" tests="1" assertions="1" errors="0" failures="0" skipped="0" time="0.181961">
        <testcase name="test_request_instance" file="/app/vendor/gammamatrix/playground-test/src/Unit/Http/Requests/RequestCase.php" line="42" class="Tests\Unit\GammaMatrix\Playground\Matrix\Resource\Http\Requests\Backlog\CreateRequestTest" classname="Tests.Unit.GammaMatrix.Playground.Matrix.Resource.Http.Requests.Backlog.CreateRequestTest" assertions="1" time="0.181961"/>
      </testsuite>
      <testsuite name="Tests\Unit\GammaMatrix\Playground\Matrix\Resource\Policies\BacklogPolicy\PolicyTest" file="/app/tests/Unit/Policies/BacklogPolicy/PolicyTest.php" tests="1" assertions="1" errors="0" failures="0" skipped="0" time="0.007497">
        <testcase name="test_policy_instance" file="/app/tests/Unit/Policies/BacklogPolicy/PolicyTest.php" line="19" class="Tests\Unit\GammaMatrix\Playground\Matrix\Resource\Policies\BacklogPolicy\PolicyTest" classname="Tests.Unit.GammaMatrix.Playground.Matrix.Resource.Policies.BacklogPolicy.PolicyTest" assertions="1" time="0.007497"/>
      </testsuite>
      <testsuite name="Tests\Unit\GammaMatrix\Playground\Matrix\Resource\ServiceProviderTrait\TraitTest" file="/app/tests/Unit/ServiceProviderTrait/TraitTest.php" tests="4" assertions="4" errors="0" failures="0" skipped="0" time="0.017757">
        <testcase name="test_setPolicyNamespace_with_invalid_value" file="/app/tests/Unit/ServiceProviderTrait/TraitTest.php" line="44" class="Tests\Unit\GammaMatrix\Playground\Matrix\Resource\ServiceProviderTrait\TraitTest" classname="Tests.Unit.GammaMatrix.Playground.Matrix.Resource.ServiceProviderTrait.TraitTest" assertions="1" time="0.004457"/>
        <testcase name="test_setPolicyNamespace_with_app_namespace" file="/app/tests/Unit/ServiceProviderTrait/TraitTest.php" line="51" class="Tests\Unit\GammaMatrix\Playground\Matrix\Resource\ServiceProviderTrait\TraitTest" classname="Tests.Unit.GammaMatrix.Playground.Matrix.Resource.ServiceProviderTrait.TraitTest" assertions="1" time="0.004383"/>
        <testcase name="test_registerPolicies_getRegister_with_empty_policy_namespace" file="/app/tests/Unit/ServiceProviderTrait/TraitTest.php" line="62" class="Tests\Unit\GammaMatrix\Playground\Matrix\Resource\ServiceProviderTrait\TraitTest" classname="Tests.Unit.GammaMatrix.Playground.Matrix.Resource.ServiceProviderTrait.TraitTest" assertions="1" time="0.004475"/>
        <testcase name="test_registerPolicies_getRegister_with_app_policy_namespace" file="/app/tests/Unit/ServiceProviderTrait/TraitTest.php" line="73" class="Tests\Unit\GammaMatrix\Playground\Matrix\Resource\ServiceProviderTrait\TraitTest" classname="Tests.Unit.GammaMatrix.Playground.Matrix.Resource.ServiceProviderTrait.TraitTest" assertions="1" time="0.004443"/>
      </testsuite>
    </testsuite>
    <testsuite name="Feature" tests="240" assertions="915" errors="0" failures="0" skipped="0" time="23.410518">
      <testsuite name="Tests\Feature\GammaMatrix\Playground\Matrix\Resource\Http\Controllers\BacklogRouteTest" file="/app/tests/Feature/Http/Controllers/BacklogRouteTest.php" tests="16" assertions="61" errors="0" failures="0" skipped="0" time="1.674162">
        <testcase name="test_guest_cannot_render_create_view" file="/app/vendor/gammamatrix/playground-test/src/Feature/Http/Controllers/Resource/CreateTrait.php" line="17" class="Tests\Feature\GammaMatrix\Playground\Matrix\Resource\Http\Controllers\BacklogRouteTest" classname="Tests.Feature.GammaMatrix.Playground.Matrix.Resource.Http.Controllers.BacklogRouteTest" assertions="2" time="0.147028"/>
        <testcase name="test_user_can_render_create_view_with_return_url" file="/app/vendor/gammamatrix/playground-test/src/Feature/Http/Controllers/Resource/CreateTrait.php" line="28" class="Tests\Feature\GammaMatrix\Playground\Matrix\Resource\Http\Controllers\BacklogRouteTest" classname="Tests.Feature.GammaMatrix.Playground.Matrix.Resource.Http.Controllers.BacklogRouteTest" assertions="3" time="0.208789"/>
        <testcase name="test_create_with_user_using_json" file="/app/vendor/gammamatrix/playground-test/src/Feature/Http/Controllers/Resource/CreateTrait.php" line="53" class="Tests\Feature\GammaMatrix\Playground\Matrix\Resource\Http\Controllers\BacklogRouteTest" classname="Tests.Feature.GammaMatrix.Playground.Matrix.Resource.Http.Controllers.BacklogRouteTest" assertions="4" time="0.089402"/>
        <testcase name="test_user_can_render_create_view_with_invalid_parameter" file="/app/vendor/gammamatrix/playground-test/src/Feature/Http/Controllers/Resource/CreateTrait.php" line="74" class="Tests\Feature\GammaMatrix\Playground\Matrix\Resource\Http\Controllers\BacklogRouteTest" classname="Tests.Feature.GammaMatrix.Playground.Matrix.Resource.Http.Controllers.BacklogRouteTest" assertions="4" time="0.087390"/>
        <testcase name="test_guest_cannot_render_edit_view" file="/app/vendor/gammamatrix/playground-test/src/Feature/Http/Controllers/Resource/EditTrait.php" line="17" class="Tests\Feature\GammaMatrix\Playground\Matrix\Resource\Http\Controllers\BacklogRouteTest" classname="Tests.Feature.GammaMatrix.Playground.Matrix.Resource.Http.Controllers.BacklogRouteTest" assertions="2" time="0.097489"/>
        <testcase name="test_user_can_render_edit_view_with_return_url" file="/app/vendor/gammamatrix/playground-test/src/Feature/Http/Controllers/Resource/EditTrait.php" line="34" class="Tests\Feature\GammaMatrix\Playground\Matrix\Resource\Http\Controllers\BacklogRouteTest" classname="Tests.Feature.GammaMatrix.Playground.Matrix.Resource.Http.Controllers.BacklogRouteTest" assertions="3" time="0.127712"/>
        <testcase name="test_edit_with_user_using_json" file="/app/vendor/gammamatrix/playground-test/src/Feature/Http/Controllers/Resource/EditTrait.php" line="64" class="Tests\Feature\GammaMatrix\Playground\Matrix\Resource\Http\Controllers\BacklogRouteTest" classname="Tests.Feature.GammaMatrix.Playground.Matrix.Resource.Http.Controllers.BacklogRouteTest" assertions="4" time="0.107184"/>
        <testcase name="test_user_can_render_edit_view_with_invalid_parameter" file="/app/vendor/gammamatrix/playground-test/src/Feature/Http/Controllers/Resource/EditTrait.php" line="91" class="Tests\Feature\GammaMatrix\Playground\Matrix\Resource\Http\Controllers\BacklogRouteTest" classname="Tests.Feature.GammaMatrix.Playground.Matrix.Resource.Http.Controllers.BacklogRouteTest" assertions="4" time="0.093210"/>
        <testcase name="test_destroy_as_guest_and_fail_authorization" file="/app/vendor/gammamatrix/playground-test/src/Feature/Http/Controllers/Resource/DestroyTrait.php" line="17" class="Tests\Feature\GammaMatrix\Playground\Matrix\Resource\Http\Controllers\BacklogRouteTest" classname="Tests.Feature.GammaMatrix.Playground.Matrix.Resource.Http.Controllers.BacklogRouteTest" assertions="4" time="0.082272"/>
        <testcase name="test_destroy_as_standard_user_and_succeed" file="/app/vendor/gammamatrix/playground-test/src/Feature/Http/Controllers/Resource/DestroyTrait.php" line="59" class="Tests\Feature\GammaMatrix\Playground\Matrix\Resource\Http\Controllers\BacklogRouteTest" classname="Tests.Feature.GammaMatrix.Playground.Matrix.Resource.Http.Controllers.BacklogRouteTest" assertions="5" time="0.092417"/>
        <testcase name="test_destroy_as_standard_user_and_succeed_with_force_delete" file="/app/vendor/gammamatrix/playground-test/src/Feature/Http/Controllers/Resource/DestroyTrait.php" line="102" class="Tests\Feature\GammaMatrix\Playground\Matrix\Resource\Http\Controllers\BacklogRouteTest" classname="Tests.Feature.GammaMatrix.Playground.Matrix.Resource.Http.Controllers.BacklogRouteTest" assertions="4" time="0.093645"/>
        <testcase name="test_destroy_as_standard_user_using_json_and_succeed_with_no_content" file="/app/vendor/gammamatrix/playground-test/src/Feature/Http/Controllers/Resource/DestroyTrait.php" line="140" class="Tests\Feature\GammaMatrix\Playground\Matrix\Resource\Http\Controllers\BacklogRouteTest" classname="Tests.Feature.GammaMatrix.Playground.Matrix.Resource.Http.Controllers.BacklogRouteTest" assertions="5" time="0.088361"/>
        <testcase name="test_destroy_as_standard_user_and_succeed_with_redirect_to_index_with_trash" file="/app/vendor/gammamatrix/playground-test/src/Feature/Http/Controllers/Resource/DestroyTrait.php" line="183" class="Tests\Feature\GammaMatrix\Playground\Matrix\Resource\Http\Controllers\BacklogRouteTest" classname="Tests.Feature.GammaMatrix.Playground.Matrix.Resource.Http.Controllers.BacklogRouteTest" assertions="5" time="0.088781"/>
        <testcase name="test_destroy_as_role_user_get_denied_and_no_force_delete_allowed" file="/app/vendor/gammamatrix/playground-test/src/Feature/Http/Controllers/Resource/DestroyTrait.php" line="239" class="Tests\Feature\GammaMatrix\Playground\Matrix\Resource\Http\Controllers\BacklogRouteTest" classname="Tests.Feature.GammaMatrix.Playground.Matrix.Resource.Http.Controllers.BacklogRouteTest" assertions="3" time="0.089637"/>
        <testcase name="test_destroy_as_role_admin_and_succeed" file="/app/vendor/gammamatrix/playground-test/src/Feature/Http/Controllers/Resource/DestroyTrait.php" line="286" class="Tests\Feature\GammaMatrix\Playground\Matrix\Resource\Http\Controllers\BacklogRouteTest" classname="Tests.Feature.GammaMatrix.Playground.Matrix.Resource.Http.Controllers.BacklogRouteTest" assertions="5" time="0.092357"/>
        <testcase name="test_destroy_as_role_admin_and_succeed_with_force_delete" file="/app/vendor/gammamatrix/playground-test/src/Feature/Http/Controllers/Resource/DestroyTrait.php" line="339" class="Tests\Feature\GammaMatrix\Playground\Matrix\Resource\Http\Controllers\BacklogRouteTest" classname="Tests.Feature.GammaMatrix.Playground.Matrix.Resource.Http.Controllers.BacklogRouteTest" assertions="4" time="0.088488"/>
      </testsuite>
      <testsuite name="Tests\Feature\GammaMatrix\Playground\Matrix\Resource\Http\Controllers\BoardRouteTest" file="/app/tests/Feature/Http/Controllers/BoardRouteTest.php" tests="16" assertions="61" errors="0" failures="0" skipped="0" time="1.504366">
        <testcase name="test_guest_cannot_render_create_view" file="/app/vendor/gammamatrix/playground-test/src/Feature/Http/Controllers/Resource/CreateTrait.php" line="17" class="Tests\Feature\GammaMatrix\Playground\Matrix\Resource\Http\Controllers\BoardRouteTest" classname="Tests.Feature.GammaMatrix.Playground.Matrix.Resource.Http.Controllers.BoardRouteTest" assertions="2" time="0.120915"/>
        <testcase name="test_user_can_render_create_view_with_return_url" file="/app/vendor/gammamatrix/playground-test/src/Feature/Http/Controllers/Resource/CreateTrait.php" line="28" class="Tests\Feature\GammaMatrix\Playground\Matrix\Resource\Http\Controllers\BoardRouteTest" classname="Tests.Feature.GammaMatrix.Playground.Matrix.Resource.Http.Controllers.BoardRouteTest" assertions="3" time="0.141540"/>
        <testcase name="test_create_with_user_using_json" file="/app/vendor/gammamatrix/playground-test/src/Feature/Http/Controllers/Resource/CreateTrait.php" line="53" class="Tests\Feature\GammaMatrix\Playground\Matrix\Resource\Http\Controllers\BoardRouteTest" classname="Tests.Feature.GammaMatrix.Playground.Matrix.Resource.Http.Controllers.BoardRouteTest" assertions="4" time="0.085685"/>
        <testcase name="test_user_can_render_create_view_with_invalid_parameter" file="/app/vendor/gammamatrix/playground-test/src/Feature/Http/Controllers/Resource/CreateTrait.php" line="74" class="Tests\Feature\GammaMatrix\Playground\Matrix\Resource\Http\Controllers\BoardRouteTest" classname="Tests.Feature.GammaMatrix.Playground.Matrix.Resource.Http.Controllers.BoardRouteTest" assertions="4" time="0.084120"/>
        <testcase name="test_guest_cannot_render_edit_view" file="/app/vendor/gammamatrix/playground-test/src/Feature/Http/Controllers/Resource/EditTrait.php" line="17" class="Tests\Feature\GammaMatrix\Playground\Matrix\Resource\Http\Controllers\BoardRouteTest" classname="Tests.Feature.GammaMatrix.Playground.Matrix.Resource.Http.Controllers.BoardRouteTest" assertions="2" time="0.080086"/>
        <testcase name="test_user_can_render_edit_view_with_return_url" file="/app/vendor/gammamatrix/playground-test/src/Feature/Http/Controllers/Resource/EditTrait.php" line="34" class="Tests\Feature\GammaMatrix\Playground\Matrix\Resource\Http\Controllers\BoardRouteTest" classname="Tests.Feature.GammaMatrix.Playground.Matrix.Resource.Http.Controllers.BoardRouteTest" assertions="3" time="0.123992"/>
        <testcase name="test_edit_with_user_using_json" file="/app/vendor/gammamatrix/playground-test/src/Feature/Http/Controllers/Resource/EditTrait.php" line="64" class="Tests\Feature\GammaMatrix\Playground\Matrix\Resource\Http\Controllers\BoardRouteTest" classname="Tests.Feature.GammaMatrix.Playground.Matrix.Resource.Http.Controllers.BoardRouteTest" assertions="4" time="0.092907"/>
        <testcase name="test_user_can_render_edit_view_with_invalid_parameter" file="/app/vendor/gammamatrix/playground-test/src/Feature/Http/Controllers/Resource/EditTrait.php" line="91" class="Tests\Feature\GammaMatrix\Playground\Matrix\Resource\Http\Controllers\BoardRouteTest" classname="Tests.Feature.GammaMatrix.Playground.Matrix.Resource.Http.Controllers.BoardRouteTest" assertions="4" time="0.089802"/>
        <testcase name="test_destroy_as_guest_and_fail_authorization" file="/app/vendor/gammamatrix/playground-test/src/Feature/Http/Controllers/Resource/DestroyTrait.php" line="17" class="Tests\Feature\GammaMatrix\Playground\Matrix\Resource\Http\Controllers\BoardRouteTest" classname="Tests.Feature.GammaMatrix.Playground.Matrix.Resource.Http.Controllers.BoardRouteTest" assertions="4" time="0.080776"/>
        <testcase name="test_destroy_as_standard_user_and_succeed" file="/app/vendor/gammamatrix/playground-test/src/Feature/Http/Controllers/Resource/DestroyTrait.php" line="59" class="Tests\Feature\GammaMatrix\Playground\Matrix\Resource\Http\Controllers\BoardRouteTest" classname="Tests.Feature.GammaMatrix.Playground.Matrix.Resource.Http.Controllers.BoardRouteTest" assertions="5" time="0.088952"/>
        <testcase name="test_destroy_as_standard_user_and_succeed_with_force_delete" file="/app/vendor/gammamatrix/playground-test/src/Feature/Http/Controllers/Resource/DestroyTrait.php" line="102" class="Tests\Feature\GammaMatrix\Playground\Matrix\Resource\Http\Controllers\BoardRouteTest" classname="Tests.Feature.GammaMatrix.Playground.Matrix.Resource.Http.Controllers.BoardRouteTest" assertions="4" time="0.083879"/>
        <testcase name="test_destroy_as_standard_user_using_json_and_succeed_with_no_content" file="/app/vendor/gammamatrix/playground-test/src/Feature/Http/Controllers/Resource/DestroyTrait.php" line="140" class="Tests\Feature\GammaMatrix\Playground\Matrix\Resource\Http\Controllers\BoardRouteTest" classname="Tests.Feature.GammaMatrix.Playground.Matrix.Resource.Http.Controllers.BoardRouteTest" assertions="5" time="0.085100"/>
        <testcase name="test_destroy_as_standard_user_and_succeed_with_redirect_to_index_with_trash" file="/app/vendor/gammamatrix/playground-test/src/Feature/Http/Controllers/Resource/DestroyTrait.php" line="183" class="Tests\Feature\GammaMatrix\Playground\Matrix\Resource\Http\Controllers\BoardRouteTest" classname="Tests.Feature.GammaMatrix.Playground.Matrix.Resource.Http.Controllers.BoardRouteTest" assertions="5" time="0.088713"/>
        <testcase name="test_destroy_as_role_user_get_denied_and_no_force_delete_allowed" file="/app/vendor/gammamatrix/playground-test/src/Feature/Http/Controllers/Resource/DestroyTrait.php" line="239" class="Tests\Feature\GammaMatrix\Playground\Matrix\Resource\Http\Controllers\BoardRouteTest" classname="Tests.Feature.GammaMatrix.Playground.Matrix.Resource.Http.Controllers.BoardRouteTest" assertions="3" time="0.084514"/>
        <testcase name="test_destroy_as_role_admin_and_succeed" file="/app/vendor/gammamatrix/playground-test/src/Feature/Http/Controllers/Resource/DestroyTrait.php" line="286" class="Tests\Feature\GammaMatrix\Playground\Matrix\Resource\Http\Controllers\BoardRouteTest" classname="Tests.Feature.GammaMatrix.Playground.Matrix.Resource.Http.Controllers.BoardRouteTest" assertions="5" time="0.087810"/>
        <testcase name="test_destroy_as_role_admin_and_succeed_with_force_delete" file="/app/vendor/gammamatrix/playground-test/src/Feature/Http/Controllers/Resource/DestroyTrait.php" line="339" class="Tests\Feature\GammaMatrix\Playground\Matrix\Resource\Http\Controllers\BoardRouteTest" classname="Tests.Feature.GammaMatrix.Playground.Matrix.Resource.Http.Controllers.BoardRouteTest" assertions="4" time="0.085576"/>
      </testsuite>
      <testsuite name="Tests\Feature\GammaMatrix\Playground\Matrix\Resource\Http\Controllers\EpicRouteTest" file="/app/tests/Feature/Http/Controllers/EpicRouteTest.php" tests="16" assertions="61" errors="0" failures="0" skipped="0" time="1.508888">
        <testcase name="test_guest_cannot_render_create_view" file="/app/vendor/gammamatrix/playground-test/src/Feature/Http/Controllers/Resource/CreateTrait.php" line="17" class="Tests\Feature\GammaMatrix\Playground\Matrix\Resource\Http\Controllers\EpicRouteTest" classname="Tests.Feature.GammaMatrix.Playground.Matrix.Resource.Http.Controllers.EpicRouteTest" assertions="2" time="0.121195"/>
        <testcase name="test_user_can_render_create_view_with_return_url" file="/app/vendor/gammamatrix/playground-test/src/Feature/Http/Controllers/Resource/CreateTrait.php" line="28" class="Tests\Feature\GammaMatrix\Playground\Matrix\Resource\Http\Controllers\EpicRouteTest" classname="Tests.Feature.GammaMatrix.Playground.Matrix.Resource.Http.Controllers.EpicRouteTest" assertions="3" time="0.137212"/>
        <testcase name="test_create_with_user_using_json" file="/app/vendor/gammamatrix/playground-test/src/Feature/Http/Controllers/Resource/CreateTrait.php" line="53" class="Tests\Feature\GammaMatrix\Playground\Matrix\Resource\Http\Controllers\EpicRouteTest" classname="Tests.Feature.GammaMatrix.Playground.Matrix.Resource.Http.Controllers.EpicRouteTest" assertions="4" time="0.090006"/>
        <testcase name="test_user_can_render_create_view_with_invalid_parameter" file="/app/vendor/gammamatrix/playground-test/src/Feature/Http/Controllers/Resource/CreateTrait.php" line="74" class="Tests\Feature\GammaMatrix\Playground\Matrix\Resource\Http\Controllers\EpicRouteTest" classname="Tests.Feature.GammaMatrix.Playground.Matrix.Resource.Http.Controllers.EpicRouteTest" assertions="4" time="0.084977"/>
        <testcase name="test_guest_cannot_render_edit_view" file="/app/vendor/gammamatrix/playground-test/src/Feature/Http/Controllers/Resource/EditTrait.php" line="17" class="Tests\Feature\GammaMatrix\Playground\Matrix\Resource\Http\Controllers\EpicRouteTest" classname="Tests.Feature.GammaMatrix.Playground.Matrix.Resource.Http.Controllers.EpicRouteTest" assertions="2" time="0.078365"/>
        <testcase name="test_user_can_render_edit_view_with_return_url" file="/app/vendor/gammamatrix/playground-test/src/Feature/Http/Controllers/Resource/EditTrait.php" line="34" class="Tests\Feature\GammaMatrix\Playground\Matrix\Resource\Http\Controllers\EpicRouteTest" classname="Tests.Feature.GammaMatrix.Playground.Matrix.Resource.Http.Controllers.EpicRouteTest" assertions="3" time="0.120933"/>
        <testcase name="test_edit_with_user_using_json" file="/app/vendor/gammamatrix/playground-test/src/Feature/Http/Controllers/Resource/EditTrait.php" line="64" class="Tests\Feature\GammaMatrix\Playground\Matrix\Resource\Http\Controllers\EpicRouteTest" classname="Tests.Feature.GammaMatrix.Playground.Matrix.Resource.Http.Controllers.EpicRouteTest" assertions="4" time="0.092547"/>
        <testcase name="test_user_can_render_edit_view_with_invalid_parameter" file="/app/vendor/gammamatrix/playground-test/src/Feature/Http/Controllers/Resource/EditTrait.php" line="91" class="Tests\Feature\GammaMatrix\Playground\Matrix\Resource\Http\Controllers\EpicRouteTest" classname="Tests.Feature.GammaMatrix.Playground.Matrix.Resource.Http.Controllers.EpicRouteTest" assertions="4" time="0.096615"/>
        <testcase name="test_destroy_as_guest_and_fail_authorization" file="/app/vendor/gammamatrix/playground-test/src/Feature/Http/Controllers/Resource/DestroyTrait.php" line="17" class="Tests\Feature\GammaMatrix\Playground\Matrix\Resource\Http\Controllers\EpicRouteTest" classname="Tests.Feature.GammaMatrix.Playground.Matrix.Resource.Http.Controllers.EpicRouteTest" assertions="4" time="0.079116"/>
        <testcase name="test_destroy_as_standard_user_and_succeed" file="/app/vendor/gammamatrix/playground-test/src/Feature/Http/Controllers/Resource/DestroyTrait.php" line="59" class="Tests\Feature\GammaMatrix\Playground\Matrix\Resource\Http\Controllers\EpicRouteTest" classname="Tests.Feature.GammaMatrix.Playground.Matrix.Resource.Http.Controllers.EpicRouteTest" assertions="5" time="0.089718"/>
        <testcase name="test_destroy_as_standard_user_and_succeed_with_force_delete" file="/app/vendor/gammamatrix/playground-test/src/Feature/Http/Controllers/Resource/DestroyTrait.php" line="102" class="Tests\Feature\GammaMatrix\Playground\Matrix\Resource\Http\Controllers\EpicRouteTest" classname="Tests.Feature.GammaMatrix.Playground.Matrix.Resource.Http.Controllers.EpicRouteTest" assertions="4" time="0.086108"/>
        <testcase name="test_destroy_as_standard_user_using_json_and_succeed_with_no_content" file="/app/vendor/gammamatrix/playground-test/src/Feature/Http/Controllers/Resource/DestroyTrait.php" line="140" class="Tests\Feature\GammaMatrix\Playground\Matrix\Resource\Http\Controllers\EpicRouteTest" classname="Tests.Feature.GammaMatrix.Playground.Matrix.Resource.Http.Controllers.EpicRouteTest" assertions="5" time="0.085813"/>
        <testcase name="test_destroy_as_standard_user_and_succeed_with_redirect_to_index_with_trash" file="/app/vendor/gammamatrix/playground-test/src/Feature/Http/Controllers/Resource/DestroyTrait.php" line="183" class="Tests\Feature\GammaMatrix\Playground\Matrix\Resource\Http\Controllers\EpicRouteTest" classname="Tests.Feature.GammaMatrix.Playground.Matrix.Resource.Http.Controllers.EpicRouteTest" assertions="5" time="0.085587"/>
        <testcase name="test_destroy_as_role_user_get_denied_and_no_force_delete_allowed" file="/app/vendor/gammamatrix/playground-test/src/Feature/Http/Controllers/Resource/DestroyTrait.php" line="239" class="Tests\Feature\GammaMatrix\Playground\Matrix\Resource\Http\Controllers\EpicRouteTest" classname="Tests.Feature.GammaMatrix.Playground.Matrix.Resource.Http.Controllers.EpicRouteTest" assertions="3" time="0.085000"/>
        <testcase name="test_destroy_as_role_admin_and_succeed" file="/app/vendor/gammamatrix/playground-test/src/Feature/Http/Controllers/Resource/DestroyTrait.php" line="286" class="Tests\Feature\GammaMatrix\Playground\Matrix\Resource\Http\Controllers\EpicRouteTest" classname="Tests.Feature.GammaMatrix.Playground.Matrix.Resource.Http.Controllers.EpicRouteTest" assertions="5" time="0.089492"/>
        <testcase name="test_destroy_as_role_admin_and_succeed_with_force_delete" file="/app/vendor/gammamatrix/playground-test/src/Feature/Http/Controllers/Resource/DestroyTrait.php" line="339" class="Tests\Feature\GammaMatrix\Playground\Matrix\Resource\Http\Controllers\EpicRouteTest" classname="Tests.Feature.GammaMatrix.Playground.Matrix.Resource.Http.Controllers.EpicRouteTest" assertions="4" time="0.086206"/>
      </testsuite>
      <testsuite name="Tests\Feature\GammaMatrix\Playground\Matrix\Resource\Http\Controllers\FlowRouteTest" file="/app/tests/Feature/Http/Controllers/FlowRouteTest.php" tests="16" assertions="61" errors="0" failures="0" skipped="0" time="1.506007">
        <testcase name="test_guest_cannot_render_create_view" file="/app/vendor/gammamatrix/playground-test/src/Feature/Http/Controllers/Resource/CreateTrait.php" line="17" class="Tests\Feature\GammaMatrix\Playground\Matrix\Resource\Http\Controllers\FlowRouteTest" classname="Tests.Feature.GammaMatrix.Playground.Matrix.Resource.Http.Controllers.FlowRouteTest" assertions="2" time="0.123093"/>
        <testcase name="test_user_can_render_create_view_with_return_url" file="/app/vendor/gammamatrix/playground-test/src/Feature/Http/Controllers/Resource/CreateTrait.php" line="28" class="Tests\Feature\GammaMatrix\Playground\Matrix\Resource\Http\Controllers\FlowRouteTest" classname="Tests.Feature.GammaMatrix.Playground.Matrix.Resource.Http.Controllers.FlowRouteTest" assertions="3" time="0.135309"/>
        <testcase name="test_create_with_user_using_json" file="/app/vendor/gammamatrix/playground-test/src/Feature/Http/Controllers/Resource/CreateTrait.php" line="53" class="Tests\Feature\GammaMatrix\Playground\Matrix\Resource\Http\Controllers\FlowRouteTest" classname="Tests.Feature.GammaMatrix.Playground.Matrix.Resource.Http.Controllers.FlowRouteTest" assertions="4" time="0.085239"/>
        <testcase name="test_user_can_render_create_view_with_invalid_parameter" file="/app/vendor/gammamatrix/playground-test/src/Feature/Http/Controllers/Resource/CreateTrait.php" line="74" class="Tests\Feature\GammaMatrix\Playground\Matrix\Resource\Http\Controllers\FlowRouteTest" classname="Tests.Feature.GammaMatrix.Playground.Matrix.Resource.Http.Controllers.FlowRouteTest" assertions="4" time="0.088599"/>
        <testcase name="test_guest_cannot_render_edit_view" file="/app/vendor/gammamatrix/playground-test/src/Feature/Http/Controllers/Resource/EditTrait.php" line="17" class="Tests\Feature\GammaMatrix\Playground\Matrix\Resource\Http\Controllers\FlowRouteTest" classname="Tests.Feature.GammaMatrix.Playground.Matrix.Resource.Http.Controllers.FlowRouteTest" assertions="2" time="0.083867"/>
        <testcase name="test_user_can_render_edit_view_with_return_url" file="/app/vendor/gammamatrix/playground-test/src/Feature/Http/Controllers/Resource/EditTrait.php" line="34" class="Tests\Feature\GammaMatrix\Playground\Matrix\Resource\Http\Controllers\FlowRouteTest" classname="Tests.Feature.GammaMatrix.Playground.Matrix.Resource.Http.Controllers.FlowRouteTest" assertions="3" time="0.120427"/>
        <testcase name="test_edit_with_user_using_json" file="/app/vendor/gammamatrix/playground-test/src/Feature/Http/Controllers/Resource/EditTrait.php" line="64" class="Tests\Feature\GammaMatrix\Playground\Matrix\Resource\Http\Controllers\FlowRouteTest" classname="Tests.Feature.GammaMatrix.Playground.Matrix.Resource.Http.Controllers.FlowRouteTest" assertions="4" time="0.091583"/>
        <testcase name="test_user_can_render_edit_view_with_invalid_parameter" file="/app/vendor/gammamatrix/playground-test/src/Feature/Http/Controllers/Resource/EditTrait.php" line="91" class="Tests\Feature\GammaMatrix\Playground\Matrix\Resource\Http\Controllers\FlowRouteTest" classname="Tests.Feature.GammaMatrix.Playground.Matrix.Resource.Http.Controllers.FlowRouteTest" assertions="4" time="0.089338"/>
        <testcase name="test_destroy_as_guest_and_fail_authorization" file="/app/vendor/gammamatrix/playground-test/src/Feature/Http/Controllers/Resource/DestroyTrait.php" line="17" class="Tests\Feature\GammaMatrix\Playground\Matrix\Resource\Http\Controllers\FlowRouteTest" classname="Tests.Feature.GammaMatrix.Playground.Matrix.Resource.Http.Controllers.FlowRouteTest" assertions="4" time="0.080524"/>
        <testcase name="test_destroy_as_standard_user_and_succeed" file="/app/vendor/gammamatrix/playground-test/src/Feature/Http/Controllers/Resource/DestroyTrait.php" line="59" class="Tests\Feature\GammaMatrix\Playground\Matrix\Resource\Http\Controllers\FlowRouteTest" classname="Tests.Feature.GammaMatrix.Playground.Matrix.Resource.Http.Controllers.FlowRouteTest" assertions="5" time="0.093543"/>
        <testcase name="test_destroy_as_standard_user_and_succeed_with_force_delete" file="/app/vendor/gammamatrix/playground-test/src/Feature/Http/Controllers/Resource/DestroyTrait.php" line="102" class="Tests\Feature\GammaMatrix\Playground\Matrix\Resource\Http\Controllers\FlowRouteTest" classname="Tests.Feature.GammaMatrix.Playground.Matrix.Resource.Http.Controllers.FlowRouteTest" assertions="4" time="0.085686"/>
        <testcase name="test_destroy_as_standard_user_using_json_and_succeed_with_no_content" file="/app/vendor/gammamatrix/playground-test/src/Feature/Http/Controllers/Resource/DestroyTrait.php" line="140" class="Tests\Feature\GammaMatrix\Playground\Matrix\Resource\Http\Controllers\FlowRouteTest" classname="Tests.Feature.GammaMatrix.Playground.Matrix.Resource.Http.Controllers.FlowRouteTest" assertions="5" time="0.085366"/>
        <testcase name="test_destroy_as_standard_user_and_succeed_with_redirect_to_index_with_trash" file="/app/vendor/gammamatrix/playground-test/src/Feature/Http/Controllers/Resource/DestroyTrait.php" line="183" class="Tests\Feature\GammaMatrix\Playground\Matrix\Resource\Http\Controllers\FlowRouteTest" classname="Tests.Feature.GammaMatrix.Playground.Matrix.Resource.Http.Controllers.FlowRouteTest" assertions="5" time="0.085232"/>
        <testcase name="test_destroy_as_role_user_get_denied_and_no_force_delete_allowed" file="/app/vendor/gammamatrix/playground-test/src/Feature/Http/Controllers/Resource/DestroyTrait.php" line="239" class="Tests\Feature\GammaMatrix\Playground\Matrix\Resource\Http\Controllers\FlowRouteTest" classname="Tests.Feature.GammaMatrix.Playground.Matrix.Resource.Http.Controllers.FlowRouteTest" assertions="3" time="0.087204"/>
        <testcase name="test_destroy_as_role_admin_and_succeed" file="/app/vendor/gammamatrix/playground-test/src/Feature/Http/Controllers/Resource/DestroyTrait.php" line="286" class="Tests\Feature\GammaMatrix\Playground\Matrix\Resource\Http\Controllers\FlowRouteTest" classname="Tests.Feature.GammaMatrix.Playground.Matrix.Resource.Http.Controllers.FlowRouteTest" assertions="5" time="0.086189"/>
        <testcase name="test_destroy_as_role_admin_and_succeed_with_force_delete" file="/app/vendor/gammamatrix/playground-test/src/Feature/Http/Controllers/Resource/DestroyTrait.php" line="339" class="Tests\Feature\GammaMatrix\Playground\Matrix\Resource\Http\Controllers\FlowRouteTest" classname="Tests.Feature.GammaMatrix.Playground.Matrix.Resource.Http.Controllers.FlowRouteTest" assertions="4" time="0.084809"/>
      </testsuite>
      <testsuite name="Tests\Feature\GammaMatrix\Playground\Matrix\Resource\Http\Controllers\MilestoneRouteTest" file="/app/tests/Feature/Http/Controllers/MilestoneRouteTest.php" tests="16" assertions="61" errors="0" failures="0" skipped="0" time="1.516860">
        <testcase name="test_guest_cannot_render_create_view" file="/app/vendor/gammamatrix/playground-test/src/Feature/Http/Controllers/Resource/CreateTrait.php" line="17" class="Tests\Feature\GammaMatrix\Playground\Matrix\Resource\Http\Controllers\MilestoneRouteTest" classname="Tests.Feature.GammaMatrix.Playground.Matrix.Resource.Http.Controllers.MilestoneRouteTest" assertions="2" time="0.118056"/>
        <testcase name="test_user_can_render_create_view_with_return_url" file="/app/vendor/gammamatrix/playground-test/src/Feature/Http/Controllers/Resource/CreateTrait.php" line="28" class="Tests\Feature\GammaMatrix\Playground\Matrix\Resource\Http\Controllers\MilestoneRouteTest" classname="Tests.Feature.GammaMatrix.Playground.Matrix.Resource.Http.Controllers.MilestoneRouteTest" assertions="3" time="0.141801"/>
        <testcase name="test_create_with_user_using_json" file="/app/vendor/gammamatrix/playground-test/src/Feature/Http/Controllers/Resource/CreateTrait.php" line="53" class="Tests\Feature\GammaMatrix\Playground\Matrix\Resource\Http\Controllers\MilestoneRouteTest" classname="Tests.Feature.GammaMatrix.Playground.Matrix.Resource.Http.Controllers.MilestoneRouteTest" assertions="4" time="0.084900"/>
        <testcase name="test_user_can_render_create_view_with_invalid_parameter" file="/app/vendor/gammamatrix/playground-test/src/Feature/Http/Controllers/Resource/CreateTrait.php" line="74" class="Tests\Feature\GammaMatrix\Playground\Matrix\Resource\Http\Controllers\MilestoneRouteTest" classname="Tests.Feature.GammaMatrix.Playground.Matrix.Resource.Http.Controllers.MilestoneRouteTest" assertions="4" time="0.085536"/>
        <testcase name="test_guest_cannot_render_edit_view" file="/app/vendor/gammamatrix/playground-test/src/Feature/Http/Controllers/Resource/EditTrait.php" line="17" class="Tests\Feature\GammaMatrix\Playground\Matrix\Resource\Http\Controllers\MilestoneRouteTest" classname="Tests.Feature.GammaMatrix.Playground.Matrix.Resource.Http.Controllers.MilestoneRouteTest" assertions="2" time="0.078377"/>
        <testcase name="test_user_can_render_edit_view_with_return_url" file="/app/vendor/gammamatrix/playground-test/src/Feature/Http/Controllers/Resource/EditTrait.php" line="34" class="Tests\Feature\GammaMatrix\Playground\Matrix\Resource\Http\Controllers\MilestoneRouteTest" classname="Tests.Feature.GammaMatrix.Playground.Matrix.Resource.Http.Controllers.MilestoneRouteTest" assertions="3" time="0.121477"/>
        <testcase name="test_edit_with_user_using_json" file="/app/vendor/gammamatrix/playground-test/src/Feature/Http/Controllers/Resource/EditTrait.php" line="64" class="Tests\Feature\GammaMatrix\Playground\Matrix\Resource\Http\Controllers\MilestoneRouteTest" classname="Tests.Feature.GammaMatrix.Playground.Matrix.Resource.Http.Controllers.MilestoneRouteTest" assertions="4" time="0.098502"/>
        <testcase name="test_user_can_render_edit_view_with_invalid_parameter" file="/app/vendor/gammamatrix/playground-test/src/Feature/Http/Controllers/Resource/EditTrait.php" line="91" class="Tests\Feature\GammaMatrix\Playground\Matrix\Resource\Http\Controllers\MilestoneRouteTest" classname="Tests.Feature.GammaMatrix.Playground.Matrix.Resource.Http.Controllers.MilestoneRouteTest" assertions="4" time="0.094447"/>
        <testcase name="test_destroy_as_guest_and_fail_authorization" file="/app/vendor/gammamatrix/playground-test/src/Feature/Http/Controllers/Resource/DestroyTrait.php" line="17" class="Tests\Feature\GammaMatrix\Playground\Matrix\Resource\Http\Controllers\MilestoneRouteTest" classname="Tests.Feature.GammaMatrix.Playground.Matrix.Resource.Http.Controllers.MilestoneRouteTest" assertions="4" time="0.079410"/>
        <testcase name="test_destroy_as_standard_user_and_succeed" file="/app/vendor/gammamatrix/playground-test/src/Feature/Http/Controllers/Resource/DestroyTrait.php" line="59" class="Tests\Feature\GammaMatrix\Playground\Matrix\Resource\Http\Controllers\MilestoneRouteTest" classname="Tests.Feature.GammaMatrix.Playground.Matrix.Resource.Http.Controllers.MilestoneRouteTest" assertions="5" time="0.088657"/>
        <testcase name="test_destroy_as_standard_user_and_succeed_with_force_delete" file="/app/vendor/gammamatrix/playground-test/src/Feature/Http/Controllers/Resource/DestroyTrait.php" line="102" class="Tests\Feature\GammaMatrix\Playground\Matrix\Resource\Http\Controllers\MilestoneRouteTest" classname="Tests.Feature.GammaMatrix.Playground.Matrix.Resource.Http.Controllers.MilestoneRouteTest" assertions="4" time="0.085660"/>
        <testcase name="test_destroy_as_standard_user_using_json_and_succeed_with_no_content" file="/app/vendor/gammamatrix/playground-test/src/Feature/Http/Controllers/Resource/DestroyTrait.php" line="140" class="Tests\Feature\GammaMatrix\Playground\Matrix\Resource\Http\Controllers\MilestoneRouteTest" classname="Tests.Feature.GammaMatrix.Playground.Matrix.Resource.Http.Controllers.MilestoneRouteTest" assertions="5" time="0.088775"/>
        <testcase name="test_destroy_as_standard_user_and_succeed_with_redirect_to_index_with_trash" file="/app/vendor/gammamatrix/playground-test/src/Feature/Http/Controllers/Resource/DestroyTrait.php" line="183" class="Tests\Feature\GammaMatrix\Playground\Matrix\Resource\Http\Controllers\MilestoneRouteTest" classname="Tests.Feature.GammaMatrix.Playground.Matrix.Resource.Http.Controllers.MilestoneRouteTest" assertions="5" time="0.091589"/>
        <testcase name="test_destroy_as_role_user_get_denied_and_no_force_delete_allowed" file="/app/vendor/gammamatrix/playground-test/src/Feature/Http/Controllers/Resource/DestroyTrait.php" line="239" class="Tests\Feature\GammaMatrix\Playground\Matrix\Resource\Http\Controllers\MilestoneRouteTest" classname="Tests.Feature.GammaMatrix.Playground.Matrix.Resource.Http.Controllers.MilestoneRouteTest" assertions="3" time="0.084530"/>
        <testcase name="test_destroy_as_role_admin_and_succeed" file="/app/vendor/gammamatrix/playground-test/src/Feature/Http/Controllers/Resource/DestroyTrait.php" line="286" class="Tests\Feature\GammaMatrix\Playground\Matrix\Resource\Http\Controllers\MilestoneRouteTest" classname="Tests.Feature.GammaMatrix.Playground.Matrix.Resource.Http.Controllers.MilestoneRouteTest" assertions="5" time="0.086709"/>
        <testcase name="test_destroy_as_role_admin_and_succeed_with_force_delete" file="/app/vendor/gammamatrix/playground-test/src/Feature/Http/Controllers/Resource/DestroyTrait.php" line="339" class="Tests\Feature\GammaMatrix\Playground\Matrix\Resource\Http\Controllers\MilestoneRouteTest" classname="Tests.Feature.GammaMatrix.Playground.Matrix.Resource.Http.Controllers.MilestoneRouteTest" assertions="4" time="0.088435"/>
      </testsuite>
      <testsuite name="Tests\Feature\GammaMatrix\Playground\Matrix\Resource\Http\Controllers\NoteRouteTest" file="/app/tests/Feature/Http/Controllers/NoteRouteTest.php" tests="16" assertions="61" errors="0" failures="0" skipped="0" time="1.502886">
        <testcase name="test_guest_cannot_render_create_view" file="/app/vendor/gammamatrix/playground-test/src/Feature/Http/Controllers/Resource/CreateTrait.php" line="17" class="Tests\Feature\GammaMatrix\Playground\Matrix\Resource\Http\Controllers\NoteRouteTest" classname="Tests.Feature.GammaMatrix.Playground.Matrix.Resource.Http.Controllers.NoteRouteTest" assertions="2" time="0.122166"/>
        <testcase name="test_user_can_render_create_view_with_return_url" file="/app/vendor/gammamatrix/playground-test/src/Feature/Http/Controllers/Resource/CreateTrait.php" line="28" class="Tests\Feature\GammaMatrix\Playground\Matrix\Resource\Http\Controllers\NoteRouteTest" classname="Tests.Feature.GammaMatrix.Playground.Matrix.Resource.Http.Controllers.NoteRouteTest" assertions="3" time="0.136408"/>
        <testcase name="test_create_with_user_using_json" file="/app/vendor/gammamatrix/playground-test/src/Feature/Http/Controllers/Resource/CreateTrait.php" line="53" class="Tests\Feature\GammaMatrix\Playground\Matrix\Resource\Http\Controllers\NoteRouteTest" classname="Tests.Feature.GammaMatrix.Playground.Matrix.Resource.Http.Controllers.NoteRouteTest" assertions="4" time="0.085605"/>
        <testcase name="test_user_can_render_create_view_with_invalid_parameter" file="/app/vendor/gammamatrix/playground-test/src/Feature/Http/Controllers/Resource/CreateTrait.php" line="74" class="Tests\Feature\GammaMatrix\Playground\Matrix\Resource\Http\Controllers\NoteRouteTest" classname="Tests.Feature.GammaMatrix.Playground.Matrix.Resource.Http.Controllers.NoteRouteTest" assertions="4" time="0.089216"/>
        <testcase name="test_guest_cannot_render_edit_view" file="/app/vendor/gammamatrix/playground-test/src/Feature/Http/Controllers/Resource/EditTrait.php" line="17" class="Tests\Feature\GammaMatrix\Playground\Matrix\Resource\Http\Controllers\NoteRouteTest" classname="Tests.Feature.GammaMatrix.Playground.Matrix.Resource.Http.Controllers.NoteRouteTest" assertions="2" time="0.079156"/>
        <testcase name="test_user_can_render_edit_view_with_return_url" file="/app/vendor/gammamatrix/playground-test/src/Feature/Http/Controllers/Resource/EditTrait.php" line="34" class="Tests\Feature\GammaMatrix\Playground\Matrix\Resource\Http\Controllers\NoteRouteTest" classname="Tests.Feature.GammaMatrix.Playground.Matrix.Resource.Http.Controllers.NoteRouteTest" assertions="3" time="0.119245"/>
        <testcase name="test_edit_with_user_using_json" file="/app/vendor/gammamatrix/playground-test/src/Feature/Http/Controllers/Resource/EditTrait.php" line="64" class="Tests\Feature\GammaMatrix\Playground\Matrix\Resource\Http\Controllers\NoteRouteTest" classname="Tests.Feature.GammaMatrix.Playground.Matrix.Resource.Http.Controllers.NoteRouteTest" assertions="4" time="0.094243"/>
        <testcase name="test_user_can_render_edit_view_with_invalid_parameter" file="/app/vendor/gammamatrix/playground-test/src/Feature/Http/Controllers/Resource/EditTrait.php" line="91" class="Tests\Feature\GammaMatrix\Playground\Matrix\Resource\Http\Controllers\NoteRouteTest" classname="Tests.Feature.GammaMatrix.Playground.Matrix.Resource.Http.Controllers.NoteRouteTest" assertions="4" time="0.091104"/>
        <testcase name="test_destroy_as_guest_and_fail_authorization" file="/app/vendor/gammamatrix/playground-test/src/Feature/Http/Controllers/Resource/DestroyTrait.php" line="17" class="Tests\Feature\GammaMatrix\Playground\Matrix\Resource\Http\Controllers\NoteRouteTest" classname="Tests.Feature.GammaMatrix.Playground.Matrix.Resource.Http.Controllers.NoteRouteTest" assertions="4" time="0.080394"/>
        <testcase name="test_destroy_as_standard_user_and_succeed" file="/app/vendor/gammamatrix/playground-test/src/Feature/Http/Controllers/Resource/DestroyTrait.php" line="59" class="Tests\Feature\GammaMatrix\Playground\Matrix\Resource\Http\Controllers\NoteRouteTest" classname="Tests.Feature.GammaMatrix.Playground.Matrix.Resource.Http.Controllers.NoteRouteTest" assertions="5" time="0.091186"/>
        <testcase name="test_destroy_as_standard_user_and_succeed_with_force_delete" file="/app/vendor/gammamatrix/playground-test/src/Feature/Http/Controllers/Resource/DestroyTrait.php" line="102" class="Tests\Feature\GammaMatrix\Playground\Matrix\Resource\Http\Controllers\NoteRouteTest" classname="Tests.Feature.GammaMatrix.Playground.Matrix.Resource.Http.Controllers.NoteRouteTest" assertions="4" time="0.085544"/>
        <testcase name="test_destroy_as_standard_user_using_json_and_succeed_with_no_content" file="/app/vendor/gammamatrix/playground-test/src/Feature/Http/Controllers/Resource/DestroyTrait.php" line="140" class="Tests\Feature\GammaMatrix\Playground\Matrix\Resource\Http\Controllers\NoteRouteTest" classname="Tests.Feature.GammaMatrix.Playground.Matrix.Resource.Http.Controllers.NoteRouteTest" assertions="5" time="0.085828"/>
        <testcase name="test_destroy_as_standard_user_and_succeed_with_redirect_to_index_with_trash" file="/app/vendor/gammamatrix/playground-test/src/Feature/Http/Controllers/Resource/DestroyTrait.php" line="183" class="Tests\Feature\GammaMatrix\Playground\Matrix\Resource\Http\Controllers\NoteRouteTest" classname="Tests.Feature.GammaMatrix.Playground.Matrix.Resource.Http.Controllers.NoteRouteTest" assertions="5" time="0.085436"/>
        <testcase name="test_destroy_as_role_user_get_denied_and_no_force_delete_allowed" file="/app/vendor/gammamatrix/playground-test/src/Feature/Http/Controllers/Resource/DestroyTrait.php" line="239" class="Tests\Feature\GammaMatrix\Playground\Matrix\Resource\Http\Controllers\NoteRouteTest" classname="Tests.Feature.GammaMatrix.Playground.Matrix.Resource.Http.Controllers.NoteRouteTest" assertions="3" time="0.086580"/>
        <testcase name="test_destroy_as_role_admin_and_succeed" file="/app/vendor/gammamatrix/playground-test/src/Feature/Http/Controllers/Resource/DestroyTrait.php" line="286" class="Tests\Feature\GammaMatrix\Playground\Matrix\Resource\Http\Controllers\NoteRouteTest" classname="Tests.Feature.GammaMatrix.Playground.Matrix.Resource.Http.Controllers.NoteRouteTest" assertions="5" time="0.085636"/>
        <testcase name="test_destroy_as_role_admin_and_succeed_with_force_delete" file="/app/vendor/gammamatrix/playground-test/src/Feature/Http/Controllers/Resource/DestroyTrait.php" line="339" class="Tests\Feature\GammaMatrix\Playground\Matrix\Resource\Http\Controllers\NoteRouteTest" classname="Tests.Feature.GammaMatrix.Playground.Matrix.Resource.Http.Controllers.NoteRouteTest" assertions="4" time="0.085139"/>
      </testsuite>
      <testsuite name="Tests\Feature\GammaMatrix\Playground\Matrix\Resource\Http\Controllers\ProjectRouteTest" file="/app/tests/Feature/Http/Controllers/ProjectRouteTest.php" tests="16" assertions="61" errors="0" failures="0" skipped="0" time="1.533812">
        <testcase name="test_guest_cannot_render_create_view" file="/app/vendor/gammamatrix/playground-test/src/Feature/Http/Controllers/Resource/CreateTrait.php" line="17" class="Tests\Feature\GammaMatrix\Playground\Matrix\Resource\Http\Controllers\ProjectRouteTest" classname="Tests.Feature.GammaMatrix.Playground.Matrix.Resource.Http.Controllers.ProjectRouteTest" assertions="2" time="0.122909"/>
        <testcase name="test_user_can_render_create_view_with_return_url" file="/app/vendor/gammamatrix/playground-test/src/Feature/Http/Controllers/Resource/CreateTrait.php" line="28" class="Tests\Feature\GammaMatrix\Playground\Matrix\Resource\Http\Controllers\ProjectRouteTest" classname="Tests.Feature.GammaMatrix.Playground.Matrix.Resource.Http.Controllers.ProjectRouteTest" assertions="3" time="0.138431"/>
        <testcase name="test_create_with_user_using_json" file="/app/vendor/gammamatrix/playground-test/src/Feature/Http/Controllers/Resource/CreateTrait.php" line="53" class="Tests\Feature\GammaMatrix\Playground\Matrix\Resource\Http\Controllers\ProjectRouteTest" classname="Tests.Feature.GammaMatrix.Playground.Matrix.Resource.Http.Controllers.ProjectRouteTest" assertions="4" time="0.086459"/>
        <testcase name="test_user_can_render_create_view_with_invalid_parameter" file="/app/vendor/gammamatrix/playground-test/src/Feature/Http/Controllers/Resource/CreateTrait.php" line="74" class="Tests\Feature\GammaMatrix\Playground\Matrix\Resource\Http\Controllers\ProjectRouteTest" classname="Tests.Feature.GammaMatrix.Playground.Matrix.Resource.Http.Controllers.ProjectRouteTest" assertions="4" time="0.086041"/>
        <testcase name="test_guest_cannot_render_edit_view" file="/app/vendor/gammamatrix/playground-test/src/Feature/Http/Controllers/Resource/EditTrait.php" line="17" class="Tests\Feature\GammaMatrix\Playground\Matrix\Resource\Http\Controllers\ProjectRouteTest" classname="Tests.Feature.GammaMatrix.Playground.Matrix.Resource.Http.Controllers.ProjectRouteTest" assertions="2" time="0.083536"/>
        <testcase name="test_user_can_render_edit_view_with_return_url" file="/app/vendor/gammamatrix/playground-test/src/Feature/Http/Controllers/Resource/EditTrait.php" line="34" class="Tests\Feature\GammaMatrix\Playground\Matrix\Resource\Http\Controllers\ProjectRouteTest" classname="Tests.Feature.GammaMatrix.Playground.Matrix.Resource.Http.Controllers.ProjectRouteTest" assertions="3" time="0.123041"/>
        <testcase name="test_edit_with_user_using_json" file="/app/vendor/gammamatrix/playground-test/src/Feature/Http/Controllers/Resource/EditTrait.php" line="64" class="Tests\Feature\GammaMatrix\Playground\Matrix\Resource\Http\Controllers\ProjectRouteTest" classname="Tests.Feature.GammaMatrix.Playground.Matrix.Resource.Http.Controllers.ProjectRouteTest" assertions="4" time="0.094363"/>
        <testcase name="test_user_can_render_edit_view_with_invalid_parameter" file="/app/vendor/gammamatrix/playground-test/src/Feature/Http/Controllers/Resource/EditTrait.php" line="91" class="Tests\Feature\GammaMatrix\Playground\Matrix\Resource\Http\Controllers\ProjectRouteTest" classname="Tests.Feature.GammaMatrix.Playground.Matrix.Resource.Http.Controllers.ProjectRouteTest" assertions="4" time="0.094074"/>
        <testcase name="test_destroy_as_guest_and_fail_authorization" file="/app/vendor/gammamatrix/playground-test/src/Feature/Http/Controllers/Resource/DestroyTrait.php" line="17" class="Tests\Feature\GammaMatrix\Playground\Matrix\Resource\Http\Controllers\ProjectRouteTest" classname="Tests.Feature.GammaMatrix.Playground.Matrix.Resource.Http.Controllers.ProjectRouteTest" assertions="4" time="0.083693"/>
        <testcase name="test_destroy_as_standard_user_and_succeed" file="/app/vendor/gammamatrix/playground-test/src/Feature/Http/Controllers/Resource/DestroyTrait.php" line="59" class="Tests\Feature\GammaMatrix\Playground\Matrix\Resource\Http\Controllers\ProjectRouteTest" classname="Tests.Feature.GammaMatrix.Playground.Matrix.Resource.Http.Controllers.ProjectRouteTest" assertions="5" time="0.091157"/>
        <testcase name="test_destroy_as_standard_user_and_succeed_with_force_delete" file="/app/vendor/gammamatrix/playground-test/src/Feature/Http/Controllers/Resource/DestroyTrait.php" line="102" class="Tests\Feature\GammaMatrix\Playground\Matrix\Resource\Http\Controllers\ProjectRouteTest" classname="Tests.Feature.GammaMatrix.Playground.Matrix.Resource.Http.Controllers.ProjectRouteTest" assertions="4" time="0.088237"/>
        <testcase name="test_destroy_as_standard_user_using_json_and_succeed_with_no_content" file="/app/vendor/gammamatrix/playground-test/src/Feature/Http/Controllers/Resource/DestroyTrait.php" line="140" class="Tests\Feature\GammaMatrix\Playground\Matrix\Resource\Http\Controllers\ProjectRouteTest" classname="Tests.Feature.GammaMatrix.Playground.Matrix.Resource.Http.Controllers.ProjectRouteTest" assertions="5" time="0.088027"/>
        <testcase name="test_destroy_as_standard_user_and_succeed_with_redirect_to_index_with_trash" file="/app/vendor/gammamatrix/playground-test/src/Feature/Http/Controllers/Resource/DestroyTrait.php" line="183" class="Tests\Feature\GammaMatrix\Playground\Matrix\Resource\Http\Controllers\ProjectRouteTest" classname="Tests.Feature.GammaMatrix.Playground.Matrix.Resource.Http.Controllers.ProjectRouteTest" assertions="5" time="0.090162"/>
        <testcase name="test_destroy_as_role_user_get_denied_and_no_force_delete_allowed" file="/app/vendor/gammamatrix/playground-test/src/Feature/Http/Controllers/Resource/DestroyTrait.php" line="239" class="Tests\Feature\GammaMatrix\Playground\Matrix\Resource\Http\Controllers\ProjectRouteTest" classname="Tests.Feature.GammaMatrix.Playground.Matrix.Resource.Http.Controllers.ProjectRouteTest" assertions="3" time="0.087611"/>
        <testcase name="test_destroy_as_role_admin_and_succeed" file="/app/vendor/gammamatrix/playground-test/src/Feature/Http/Controllers/Resource/DestroyTrait.php" line="286" class="Tests\Feature\GammaMatrix\Playground\Matrix\Resource\Http\Controllers\ProjectRouteTest" classname="Tests.Feature.GammaMatrix.Playground.Matrix.Resource.Http.Controllers.ProjectRouteTest" assertions="5" time="0.088354"/>
        <testcase name="test_destroy_as_role_admin_and_succeed_with_force_delete" file="/app/vendor/gammamatrix/playground-test/src/Feature/Http/Controllers/Resource/DestroyTrait.php" line="339" class="Tests\Feature\GammaMatrix\Playground\Matrix\Resource\Http\Controllers\ProjectRouteTest" classname="Tests.Feature.GammaMatrix.Playground.Matrix.Resource.Http.Controllers.ProjectRouteTest" assertions="4" time="0.087717"/>
      </testsuite>
      <testsuite name="Tests\Feature\GammaMatrix\Playground\Matrix\Resource\Http\Controllers\ReleaseRouteTest" file="/app/tests/Feature/Http/Controllers/ReleaseRouteTest.php" tests="16" assertions="61" errors="0" failures="0" skipped="0" time="1.541527">
        <testcase name="test_guest_cannot_render_create_view" file="/app/vendor/gammamatrix/playground-test/src/Feature/Http/Controllers/Resource/CreateTrait.php" line="17" class="Tests\Feature\GammaMatrix\Playground\Matrix\Resource\Http\Controllers\ReleaseRouteTest" classname="Tests.Feature.GammaMatrix.Playground.Matrix.Resource.Http.Controllers.ReleaseRouteTest" assertions="2" time="0.118789"/>
        <testcase name="test_user_can_render_create_view_with_return_url" file="/app/vendor/gammamatrix/playground-test/src/Feature/Http/Controllers/Resource/CreateTrait.php" line="28" class="Tests\Feature\GammaMatrix\Playground\Matrix\Resource\Http\Controllers\ReleaseRouteTest" classname="Tests.Feature.GammaMatrix.Playground.Matrix.Resource.Http.Controllers.ReleaseRouteTest" assertions="3" time="0.143433"/>
        <testcase name="test_create_with_user_using_json" file="/app/vendor/gammamatrix/playground-test/src/Feature/Http/Controllers/Resource/CreateTrait.php" line="53" class="Tests\Feature\GammaMatrix\Playground\Matrix\Resource\Http\Controllers\ReleaseRouteTest" classname="Tests.Feature.GammaMatrix.Playground.Matrix.Resource.Http.Controllers.ReleaseRouteTest" assertions="4" time="0.088702"/>
        <testcase name="test_user_can_render_create_view_with_invalid_parameter" file="/app/vendor/gammamatrix/playground-test/src/Feature/Http/Controllers/Resource/CreateTrait.php" line="74" class="Tests\Feature\GammaMatrix\Playground\Matrix\Resource\Http\Controllers\ReleaseRouteTest" classname="Tests.Feature.GammaMatrix.Playground.Matrix.Resource.Http.Controllers.ReleaseRouteTest" assertions="4" time="0.098122"/>
        <testcase name="test_guest_cannot_render_edit_view" file="/app/vendor/gammamatrix/playground-test/src/Feature/Http/Controllers/Resource/EditTrait.php" line="17" class="Tests\Feature\GammaMatrix\Playground\Matrix\Resource\Http\Controllers\ReleaseRouteTest" classname="Tests.Feature.GammaMatrix.Playground.Matrix.Resource.Http.Controllers.ReleaseRouteTest" assertions="2" time="0.080183"/>
        <testcase name="test_user_can_render_edit_view_with_return_url" file="/app/vendor/gammamatrix/playground-test/src/Feature/Http/Controllers/Resource/EditTrait.php" line="34" class="Tests\Feature\GammaMatrix\Playground\Matrix\Resource\Http\Controllers\ReleaseRouteTest" classname="Tests.Feature.GammaMatrix.Playground.Matrix.Resource.Http.Controllers.ReleaseRouteTest" assertions="3" time="0.122862"/>
        <testcase name="test_edit_with_user_using_json" file="/app/vendor/gammamatrix/playground-test/src/Feature/Http/Controllers/Resource/EditTrait.php" line="64" class="Tests\Feature\GammaMatrix\Playground\Matrix\Resource\Http\Controllers\ReleaseRouteTest" classname="Tests.Feature.GammaMatrix.Playground.Matrix.Resource.Http.Controllers.ReleaseRouteTest" assertions="4" time="0.098975"/>
        <testcase name="test_user_can_render_edit_view_with_invalid_parameter" file="/app/vendor/gammamatrix/playground-test/src/Feature/Http/Controllers/Resource/EditTrait.php" line="91" class="Tests\Feature\GammaMatrix\Playground\Matrix\Resource\Http\Controllers\ReleaseRouteTest" classname="Tests.Feature.GammaMatrix.Playground.Matrix.Resource.Http.Controllers.ReleaseRouteTest" assertions="4" time="0.092474"/>
        <testcase name="test_destroy_as_guest_and_fail_authorization" file="/app/vendor/gammamatrix/playground-test/src/Feature/Http/Controllers/Resource/DestroyTrait.php" line="17" class="Tests\Feature\GammaMatrix\Playground\Matrix\Resource\Http\Controllers\ReleaseRouteTest" classname="Tests.Feature.GammaMatrix.Playground.Matrix.Resource.Http.Controllers.ReleaseRouteTest" assertions="4" time="0.079312"/>
        <testcase name="test_destroy_as_standard_user_and_succeed" file="/app/vendor/gammamatrix/playground-test/src/Feature/Http/Controllers/Resource/DestroyTrait.php" line="59" class="Tests\Feature\GammaMatrix\Playground\Matrix\Resource\Http\Controllers\ReleaseRouteTest" classname="Tests.Feature.GammaMatrix.Playground.Matrix.Resource.Http.Controllers.ReleaseRouteTest" assertions="5" time="0.089799"/>
        <testcase name="test_destroy_as_standard_user_and_succeed_with_force_delete" file="/app/vendor/gammamatrix/playground-test/src/Feature/Http/Controllers/Resource/DestroyTrait.php" line="102" class="Tests\Feature\GammaMatrix\Playground\Matrix\Resource\Http\Controllers\ReleaseRouteTest" classname="Tests.Feature.GammaMatrix.Playground.Matrix.Resource.Http.Controllers.ReleaseRouteTest" assertions="4" time="0.088371"/>
        <testcase name="test_destroy_as_standard_user_using_json_and_succeed_with_no_content" file="/app/vendor/gammamatrix/playground-test/src/Feature/Http/Controllers/Resource/DestroyTrait.php" line="140" class="Tests\Feature\GammaMatrix\Playground\Matrix\Resource\Http\Controllers\ReleaseRouteTest" classname="Tests.Feature.GammaMatrix.Playground.Matrix.Resource.Http.Controllers.ReleaseRouteTest" assertions="5" time="0.086844"/>
        <testcase name="test_destroy_as_standard_user_and_succeed_with_redirect_to_index_with_trash" file="/app/vendor/gammamatrix/playground-test/src/Feature/Http/Controllers/Resource/DestroyTrait.php" line="183" class="Tests\Feature\GammaMatrix\Playground\Matrix\Resource\Http\Controllers\ReleaseRouteTest" classname="Tests.Feature.GammaMatrix.Playground.Matrix.Resource.Http.Controllers.ReleaseRouteTest" assertions="5" time="0.087356"/>
        <testcase name="test_destroy_as_role_user_get_denied_and_no_force_delete_allowed" file="/app/vendor/gammamatrix/playground-test/src/Feature/Http/Controllers/Resource/DestroyTrait.php" line="239" class="Tests\Feature\GammaMatrix\Playground\Matrix\Resource\Http\Controllers\ReleaseRouteTest" classname="Tests.Feature.GammaMatrix.Playground.Matrix.Resource.Http.Controllers.ReleaseRouteTest" assertions="3" time="0.088830"/>
        <testcase name="test_destroy_as_role_admin_and_succeed" file="/app/vendor/gammamatrix/playground-test/src/Feature/Http/Controllers/Resource/DestroyTrait.php" line="286" class="Tests\Feature\GammaMatrix\Playground\Matrix\Resource\Http\Controllers\ReleaseRouteTest" classname="Tests.Feature.GammaMatrix.Playground.Matrix.Resource.Http.Controllers.ReleaseRouteTest" assertions="5" time="0.090572"/>
        <testcase name="test_destroy_as_role_admin_and_succeed_with_force_delete" file="/app/vendor/gammamatrix/playground-test/src/Feature/Http/Controllers/Resource/DestroyTrait.php" line="339" class="Tests\Feature\GammaMatrix\Playground\Matrix\Resource\Http\Controllers\ReleaseRouteTest" classname="Tests.Feature.GammaMatrix.Playground.Matrix.Resource.Http.Controllers.ReleaseRouteTest" assertions="4" time="0.086904"/>
      </testsuite>
      <testsuite name="Tests\Feature\GammaMatrix\Playground\Matrix\Resource\Http\Controllers\RoadmapRouteTest" file="/app/tests/Feature/Http/Controllers/RoadmapRouteTest.php" tests="16" assertions="61" errors="0" failures="0" skipped="0" time="1.565690">
        <testcase name="test_guest_cannot_render_create_view" file="/app/vendor/gammamatrix/playground-test/src/Feature/Http/Controllers/Resource/CreateTrait.php" line="17" class="Tests\Feature\GammaMatrix\Playground\Matrix\Resource\Http\Controllers\RoadmapRouteTest" classname="Tests.Feature.GammaMatrix.Playground.Matrix.Resource.Http.Controllers.RoadmapRouteTest" assertions="2" time="0.121407"/>
        <testcase name="test_user_can_render_create_view_with_return_url" file="/app/vendor/gammamatrix/playground-test/src/Feature/Http/Controllers/Resource/CreateTrait.php" line="28" class="Tests\Feature\GammaMatrix\Playground\Matrix\Resource\Http\Controllers\RoadmapRouteTest" classname="Tests.Feature.GammaMatrix.Playground.Matrix.Resource.Http.Controllers.RoadmapRouteTest" assertions="3" time="0.139459"/>
        <testcase name="test_create_with_user_using_json" file="/app/vendor/gammamatrix/playground-test/src/Feature/Http/Controllers/Resource/CreateTrait.php" line="53" class="Tests\Feature\GammaMatrix\Playground\Matrix\Resource\Http\Controllers\RoadmapRouteTest" classname="Tests.Feature.GammaMatrix.Playground.Matrix.Resource.Http.Controllers.RoadmapRouteTest" assertions="4" time="0.093519"/>
        <testcase name="test_user_can_render_create_view_with_invalid_parameter" file="/app/vendor/gammamatrix/playground-test/src/Feature/Http/Controllers/Resource/CreateTrait.php" line="74" class="Tests\Feature\GammaMatrix\Playground\Matrix\Resource\Http\Controllers\RoadmapRouteTest" classname="Tests.Feature.GammaMatrix.Playground.Matrix.Resource.Http.Controllers.RoadmapRouteTest" assertions="4" time="0.085709"/>
        <testcase name="test_guest_cannot_render_edit_view" file="/app/vendor/gammamatrix/playground-test/src/Feature/Http/Controllers/Resource/EditTrait.php" line="17" class="Tests\Feature\GammaMatrix\Playground\Matrix\Resource\Http\Controllers\RoadmapRouteTest" classname="Tests.Feature.GammaMatrix.Playground.Matrix.Resource.Http.Controllers.RoadmapRouteTest" assertions="2" time="0.079495"/>
        <testcase name="test_user_can_render_edit_view_with_return_url" file="/app/vendor/gammamatrix/playground-test/src/Feature/Http/Controllers/Resource/EditTrait.php" line="34" class="Tests\Feature\GammaMatrix\Playground\Matrix\Resource\Http\Controllers\RoadmapRouteTest" classname="Tests.Feature.GammaMatrix.Playground.Matrix.Resource.Http.Controllers.RoadmapRouteTest" assertions="3" time="0.124307"/>
        <testcase name="test_edit_with_user_using_json" file="/app/vendor/gammamatrix/playground-test/src/Feature/Http/Controllers/Resource/EditTrait.php" line="64" class="Tests\Feature\GammaMatrix\Playground\Matrix\Resource\Http\Controllers\RoadmapRouteTest" classname="Tests.Feature.GammaMatrix.Playground.Matrix.Resource.Http.Controllers.RoadmapRouteTest" assertions="4" time="0.094873"/>
        <testcase name="test_user_can_render_edit_view_with_invalid_parameter" file="/app/vendor/gammamatrix/playground-test/src/Feature/Http/Controllers/Resource/EditTrait.php" line="91" class="Tests\Feature\GammaMatrix\Playground\Matrix\Resource\Http\Controllers\RoadmapRouteTest" classname="Tests.Feature.GammaMatrix.Playground.Matrix.Resource.Http.Controllers.RoadmapRouteTest" assertions="4" time="0.104435"/>
        <testcase name="test_destroy_as_guest_and_fail_authorization" file="/app/vendor/gammamatrix/playground-test/src/Feature/Http/Controllers/Resource/DestroyTrait.php" line="17" class="Tests\Feature\GammaMatrix\Playground\Matrix\Resource\Http\Controllers\RoadmapRouteTest" classname="Tests.Feature.GammaMatrix.Playground.Matrix.Resource.Http.Controllers.RoadmapRouteTest" assertions="4" time="0.080002"/>
        <testcase name="test_destroy_as_standard_user_and_succeed" file="/app/vendor/gammamatrix/playground-test/src/Feature/Http/Controllers/Resource/DestroyTrait.php" line="59" class="Tests\Feature\GammaMatrix\Playground\Matrix\Resource\Http\Controllers\RoadmapRouteTest" classname="Tests.Feature.GammaMatrix.Playground.Matrix.Resource.Http.Controllers.RoadmapRouteTest" assertions="5" time="0.090151"/>
        <testcase name="test_destroy_as_standard_user_and_succeed_with_force_delete" file="/app/vendor/gammamatrix/playground-test/src/Feature/Http/Controllers/Resource/DestroyTrait.php" line="102" class="Tests\Feature\GammaMatrix\Playground\Matrix\Resource\Http\Controllers\RoadmapRouteTest" classname="Tests.Feature.GammaMatrix.Playground.Matrix.Resource.Http.Controllers.RoadmapRouteTest" assertions="4" time="0.099987"/>
        <testcase name="test_destroy_as_standard_user_using_json_and_succeed_with_no_content" file="/app/vendor/gammamatrix/playground-test/src/Feature/Http/Controllers/Resource/DestroyTrait.php" line="140" class="Tests\Feature\GammaMatrix\Playground\Matrix\Resource\Http\Controllers\RoadmapRouteTest" classname="Tests.Feature.GammaMatrix.Playground.Matrix.Resource.Http.Controllers.RoadmapRouteTest" assertions="5" time="0.087517"/>
        <testcase name="test_destroy_as_standard_user_and_succeed_with_redirect_to_index_with_trash" file="/app/vendor/gammamatrix/playground-test/src/Feature/Http/Controllers/Resource/DestroyTrait.php" line="183" class="Tests\Feature\GammaMatrix\Playground\Matrix\Resource\Http\Controllers\RoadmapRouteTest" classname="Tests.Feature.GammaMatrix.Playground.Matrix.Resource.Http.Controllers.RoadmapRouteTest" assertions="5" time="0.088704"/>
        <testcase name="test_destroy_as_role_user_get_denied_and_no_force_delete_allowed" file="/app/vendor/gammamatrix/playground-test/src/Feature/Http/Controllers/Resource/DestroyTrait.php" line="239" class="Tests\Feature\GammaMatrix\Playground\Matrix\Resource\Http\Controllers\RoadmapRouteTest" classname="Tests.Feature.GammaMatrix.Playground.Matrix.Resource.Http.Controllers.RoadmapRouteTest" assertions="3" time="0.101568"/>
        <testcase name="test_destroy_as_role_admin_and_succeed" file="/app/vendor/gammamatrix/playground-test/src/Feature/Http/Controllers/Resource/DestroyTrait.php" line="286" class="Tests\Feature\GammaMatrix\Playground\Matrix\Resource\Http\Controllers\RoadmapRouteTest" classname="Tests.Feature.GammaMatrix.Playground.Matrix.Resource.Http.Controllers.RoadmapRouteTest" assertions="5" time="0.088053"/>
        <testcase name="test_destroy_as_role_admin_and_succeed_with_force_delete" file="/app/vendor/gammamatrix/playground-test/src/Feature/Http/Controllers/Resource/DestroyTrait.php" line="339" class="Tests\Feature\GammaMatrix\Playground\Matrix\Resource\Http\Controllers\RoadmapRouteTest" classname="Tests.Feature.GammaMatrix.Playground.Matrix.Resource.Http.Controllers.RoadmapRouteTest" assertions="4" time="0.086505"/>
      </testsuite>
      <testsuite name="Tests\Feature\GammaMatrix\Playground\Matrix\Resource\Http\Controllers\SourceRouteTest" file="/app/tests/Feature/Http/Controllers/SourceRouteTest.php" tests="16" assertions="61" errors="0" failures="0" skipped="0" time="1.589666">
        <testcase name="test_guest_cannot_render_create_view" file="/app/vendor/gammamatrix/playground-test/src/Feature/Http/Controllers/Resource/CreateTrait.php" line="17" class="Tests\Feature\GammaMatrix\Playground\Matrix\Resource\Http\Controllers\SourceRouteTest" classname="Tests.Feature.GammaMatrix.Playground.Matrix.Resource.Http.Controllers.SourceRouteTest" assertions="2" time="0.137431"/>
        <testcase name="test_user_can_render_create_view_with_return_url" file="/app/vendor/gammamatrix/playground-test/src/Feature/Http/Controllers/Resource/CreateTrait.php" line="28" class="Tests\Feature\GammaMatrix\Playground\Matrix\Resource\Http\Controllers\SourceRouteTest" classname="Tests.Feature.GammaMatrix.Playground.Matrix.Resource.Http.Controllers.SourceRouteTest" assertions="3" time="0.141434"/>
        <testcase name="test_create_with_user_using_json" file="/app/vendor/gammamatrix/playground-test/src/Feature/Http/Controllers/Resource/CreateTrait.php" line="53" class="Tests\Feature\GammaMatrix\Playground\Matrix\Resource\Http\Controllers\SourceRouteTest" classname="Tests.Feature.GammaMatrix.Playground.Matrix.Resource.Http.Controllers.SourceRouteTest" assertions="4" time="0.089522"/>
        <testcase name="test_user_can_render_create_view_with_invalid_parameter" file="/app/vendor/gammamatrix/playground-test/src/Feature/Http/Controllers/Resource/CreateTrait.php" line="74" class="Tests\Feature\GammaMatrix\Playground\Matrix\Resource\Http\Controllers\SourceRouteTest" classname="Tests.Feature.GammaMatrix.Playground.Matrix.Resource.Http.Controllers.SourceRouteTest" assertions="4" time="0.089638"/>
        <testcase name="test_guest_cannot_render_edit_view" file="/app/vendor/gammamatrix/playground-test/src/Feature/Http/Controllers/Resource/EditTrait.php" line="17" class="Tests\Feature\GammaMatrix\Playground\Matrix\Resource\Http\Controllers\SourceRouteTest" classname="Tests.Feature.GammaMatrix.Playground.Matrix.Resource.Http.Controllers.SourceRouteTest" assertions="2" time="0.083001"/>
        <testcase name="test_user_can_render_edit_view_with_return_url" file="/app/vendor/gammamatrix/playground-test/src/Feature/Http/Controllers/Resource/EditTrait.php" line="34" class="Tests\Feature\GammaMatrix\Playground\Matrix\Resource\Http\Controllers\SourceRouteTest" classname="Tests.Feature.GammaMatrix.Playground.Matrix.Resource.Http.Controllers.SourceRouteTest" assertions="3" time="0.127639"/>
        <testcase name="test_edit_with_user_using_json" file="/app/vendor/gammamatrix/playground-test/src/Feature/Http/Controllers/Resource/EditTrait.php" line="64" class="Tests\Feature\GammaMatrix\Playground\Matrix\Resource\Http\Controllers\SourceRouteTest" classname="Tests.Feature.GammaMatrix.Playground.Matrix.Resource.Http.Controllers.SourceRouteTest" assertions="4" time="0.098407"/>
        <testcase name="test_user_can_render_edit_view_with_invalid_parameter" file="/app/vendor/gammamatrix/playground-test/src/Feature/Http/Controllers/Resource/EditTrait.php" line="91" class="Tests\Feature\GammaMatrix\Playground\Matrix\Resource\Http\Controllers\SourceRouteTest" classname="Tests.Feature.GammaMatrix.Playground.Matrix.Resource.Http.Controllers.SourceRouteTest" assertions="4" time="0.101082"/>
        <testcase name="test_destroy_as_guest_and_fail_authorization" file="/app/vendor/gammamatrix/playground-test/src/Feature/Http/Controllers/Resource/DestroyTrait.php" line="17" class="Tests\Feature\GammaMatrix\Playground\Matrix\Resource\Http\Controllers\SourceRouteTest" classname="Tests.Feature.GammaMatrix.Playground.Matrix.Resource.Http.Controllers.SourceRouteTest" assertions="4" time="0.080723"/>
        <testcase name="test_destroy_as_standard_user_and_succeed" file="/app/vendor/gammamatrix/playground-test/src/Feature/Http/Controllers/Resource/DestroyTrait.php" line="59" class="Tests\Feature\GammaMatrix\Playground\Matrix\Resource\Http\Controllers\SourceRouteTest" classname="Tests.Feature.GammaMatrix.Playground.Matrix.Resource.Http.Controllers.SourceRouteTest" assertions="5" time="0.093127"/>
        <testcase name="test_destroy_as_standard_user_and_succeed_with_force_delete" file="/app/vendor/gammamatrix/playground-test/src/Feature/Http/Controllers/Resource/DestroyTrait.php" line="102" class="Tests\Feature\GammaMatrix\Playground\Matrix\Resource\Http\Controllers\SourceRouteTest" classname="Tests.Feature.GammaMatrix.Playground.Matrix.Resource.Http.Controllers.SourceRouteTest" assertions="4" time="0.088381"/>
        <testcase name="test_destroy_as_standard_user_using_json_and_succeed_with_no_content" file="/app/vendor/gammamatrix/playground-test/src/Feature/Http/Controllers/Resource/DestroyTrait.php" line="140" class="Tests\Feature\GammaMatrix\Playground\Matrix\Resource\Http\Controllers\SourceRouteTest" classname="Tests.Feature.GammaMatrix.Playground.Matrix.Resource.Http.Controllers.SourceRouteTest" assertions="5" time="0.092937"/>
        <testcase name="test_destroy_as_standard_user_and_succeed_with_redirect_to_index_with_trash" file="/app/vendor/gammamatrix/playground-test/src/Feature/Http/Controllers/Resource/DestroyTrait.php" line="183" class="Tests\Feature\GammaMatrix\Playground\Matrix\Resource\Http\Controllers\SourceRouteTest" classname="Tests.Feature.GammaMatrix.Playground.Matrix.Resource.Http.Controllers.SourceRouteTest" assertions="5" time="0.090047"/>
        <testcase name="test_destroy_as_role_user_get_denied_and_no_force_delete_allowed" file="/app/vendor/gammamatrix/playground-test/src/Feature/Http/Controllers/Resource/DestroyTrait.php" line="239" class="Tests\Feature\GammaMatrix\Playground\Matrix\Resource\Http\Controllers\SourceRouteTest" classname="Tests.Feature.GammaMatrix.Playground.Matrix.Resource.Http.Controllers.SourceRouteTest" assertions="3" time="0.094391"/>
        <testcase name="test_destroy_as_role_admin_and_succeed" file="/app/vendor/gammamatrix/playground-test/src/Feature/Http/Controllers/Resource/DestroyTrait.php" line="286" class="Tests\Feature\GammaMatrix\Playground\Matrix\Resource\Http\Controllers\SourceRouteTest" classname="Tests.Feature.GammaMatrix.Playground.Matrix.Resource.Http.Controllers.SourceRouteTest" assertions="5" time="0.091515"/>
        <testcase name="test_destroy_as_role_admin_and_succeed_with_force_delete" file="/app/vendor/gammamatrix/playground-test/src/Feature/Http/Controllers/Resource/DestroyTrait.php" line="339" class="Tests\Feature\GammaMatrix\Playground\Matrix\Resource\Http\Controllers\SourceRouteTest" classname="Tests.Feature.GammaMatrix.Playground.Matrix.Resource.Http.Controllers.SourceRouteTest" assertions="4" time="0.090391"/>
      </testsuite>
      <testsuite name="Tests\Feature\GammaMatrix\Playground\Matrix\Resource\Http\Controllers\SprintRouteTest" file="/app/tests/Feature/Http/Controllers/SprintRouteTest.php" tests="16" assertions="61" errors="0" failures="0" skipped="0" time="1.564930">
        <testcase name="test_guest_cannot_render_create_view" file="/app/vendor/gammamatrix/playground-test/src/Feature/Http/Controllers/Resource/CreateTrait.php" line="17" class="Tests\Feature\GammaMatrix\Playground\Matrix\Resource\Http\Controllers\SprintRouteTest" classname="Tests.Feature.GammaMatrix.Playground.Matrix.Resource.Http.Controllers.SprintRouteTest" assertions="2" time="0.124297"/>
        <testcase name="test_user_can_render_create_view_with_return_url" file="/app/vendor/gammamatrix/playground-test/src/Feature/Http/Controllers/Resource/CreateTrait.php" line="28" class="Tests\Feature\GammaMatrix\Playground\Matrix\Resource\Http\Controllers\SprintRouteTest" classname="Tests.Feature.GammaMatrix.Playground.Matrix.Resource.Http.Controllers.SprintRouteTest" assertions="3" time="0.162521"/>
        <testcase name="test_create_with_user_using_json" file="/app/vendor/gammamatrix/playground-test/src/Feature/Http/Controllers/Resource/CreateTrait.php" line="53" class="Tests\Feature\GammaMatrix\Playground\Matrix\Resource\Http\Controllers\SprintRouteTest" classname="Tests.Feature.GammaMatrix.Playground.Matrix.Resource.Http.Controllers.SprintRouteTest" assertions="4" time="0.087007"/>
        <testcase name="test_user_can_render_create_view_with_invalid_parameter" file="/app/vendor/gammamatrix/playground-test/src/Feature/Http/Controllers/Resource/CreateTrait.php" line="74" class="Tests\Feature\GammaMatrix\Playground\Matrix\Resource\Http\Controllers\SprintRouteTest" classname="Tests.Feature.GammaMatrix.Playground.Matrix.Resource.Http.Controllers.SprintRouteTest" assertions="4" time="0.092442"/>
        <testcase name="test_guest_cannot_render_edit_view" file="/app/vendor/gammamatrix/playground-test/src/Feature/Http/Controllers/Resource/EditTrait.php" line="17" class="Tests\Feature\GammaMatrix\Playground\Matrix\Resource\Http\Controllers\SprintRouteTest" classname="Tests.Feature.GammaMatrix.Playground.Matrix.Resource.Http.Controllers.SprintRouteTest" assertions="2" time="0.080879"/>
        <testcase name="test_user_can_render_edit_view_with_return_url" file="/app/vendor/gammamatrix/playground-test/src/Feature/Http/Controllers/Resource/EditTrait.php" line="34" class="Tests\Feature\GammaMatrix\Playground\Matrix\Resource\Http\Controllers\SprintRouteTest" classname="Tests.Feature.GammaMatrix.Playground.Matrix.Resource.Http.Controllers.SprintRouteTest" assertions="3" time="0.129145"/>
        <testcase name="test_edit_with_user_using_json" file="/app/vendor/gammamatrix/playground-test/src/Feature/Http/Controllers/Resource/EditTrait.php" line="64" class="Tests\Feature\GammaMatrix\Playground\Matrix\Resource\Http\Controllers\SprintRouteTest" classname="Tests.Feature.GammaMatrix.Playground.Matrix.Resource.Http.Controllers.SprintRouteTest" assertions="4" time="0.095702"/>
        <testcase name="test_user_can_render_edit_view_with_invalid_parameter" file="/app/vendor/gammamatrix/playground-test/src/Feature/Http/Controllers/Resource/EditTrait.php" line="91" class="Tests\Feature\GammaMatrix\Playground\Matrix\Resource\Http\Controllers\SprintRouteTest" classname="Tests.Feature.GammaMatrix.Playground.Matrix.Resource.Http.Controllers.SprintRouteTest" assertions="4" time="0.092696"/>
        <testcase name="test_destroy_as_guest_and_fail_authorization" file="/app/vendor/gammamatrix/playground-test/src/Feature/Http/Controllers/Resource/DestroyTrait.php" line="17" class="Tests\Feature\GammaMatrix\Playground\Matrix\Resource\Http\Controllers\SprintRouteTest" classname="Tests.Feature.GammaMatrix.Playground.Matrix.Resource.Http.Controllers.SprintRouteTest" assertions="4" time="0.080936"/>
        <testcase name="test_destroy_as_standard_user_and_succeed" file="/app/vendor/gammamatrix/playground-test/src/Feature/Http/Controllers/Resource/DestroyTrait.php" line="59" class="Tests\Feature\GammaMatrix\Playground\Matrix\Resource\Http\Controllers\SprintRouteTest" classname="Tests.Feature.GammaMatrix.Playground.Matrix.Resource.Http.Controllers.SprintRouteTest" assertions="5" time="0.093876"/>
        <testcase name="test_destroy_as_standard_user_and_succeed_with_force_delete" file="/app/vendor/gammamatrix/playground-test/src/Feature/Http/Controllers/Resource/DestroyTrait.php" line="102" class="Tests\Feature\GammaMatrix\Playground\Matrix\Resource\Http\Controllers\SprintRouteTest" classname="Tests.Feature.GammaMatrix.Playground.Matrix.Resource.Http.Controllers.SprintRouteTest" assertions="4" time="0.086852"/>
        <testcase name="test_destroy_as_standard_user_using_json_and_succeed_with_no_content" file="/app/vendor/gammamatrix/playground-test/src/Feature/Http/Controllers/Resource/DestroyTrait.php" line="140" class="Tests\Feature\GammaMatrix\Playground\Matrix\Resource\Http\Controllers\SprintRouteTest" classname="Tests.Feature.GammaMatrix.Playground.Matrix.Resource.Http.Controllers.SprintRouteTest" assertions="5" time="0.086660"/>
        <testcase name="test_destroy_as_standard_user_and_succeed_with_redirect_to_index_with_trash" file="/app/vendor/gammamatrix/playground-test/src/Feature/Http/Controllers/Resource/DestroyTrait.php" line="183" class="Tests\Feature\GammaMatrix\Playground\Matrix\Resource\Http\Controllers\SprintRouteTest" classname="Tests.Feature.GammaMatrix.Playground.Matrix.Resource.Http.Controllers.SprintRouteTest" assertions="5" time="0.086979"/>
        <testcase name="test_destroy_as_role_user_get_denied_and_no_force_delete_allowed" file="/app/vendor/gammamatrix/playground-test/src/Feature/Http/Controllers/Resource/DestroyTrait.php" line="239" class="Tests\Feature\GammaMatrix\Playground\Matrix\Resource\Http\Controllers\SprintRouteTest" classname="Tests.Feature.GammaMatrix.Playground.Matrix.Resource.Http.Controllers.SprintRouteTest" assertions="3" time="0.090120"/>
        <testcase name="test_destroy_as_role_admin_and_succeed" file="/app/vendor/gammamatrix/playground-test/src/Feature/Http/Controllers/Resource/DestroyTrait.php" line="286" class="Tests\Feature\GammaMatrix\Playground\Matrix\Resource\Http\Controllers\SprintRouteTest" classname="Tests.Feature.GammaMatrix.Playground.Matrix.Resource.Http.Controllers.SprintRouteTest" assertions="5" time="0.087670"/>
        <testcase name="test_destroy_as_role_admin_and_succeed_with_force_delete" file="/app/vendor/gammamatrix/playground-test/src/Feature/Http/Controllers/Resource/DestroyTrait.php" line="339" class="Tests\Feature\GammaMatrix\Playground\Matrix\Resource\Http\Controllers\SprintRouteTest" classname="Tests.Feature.GammaMatrix.Playground.Matrix.Resource.Http.Controllers.SprintRouteTest" assertions="4" time="0.087149"/>
      </testsuite>
      <testsuite name="Tests\Feature\GammaMatrix\Playground\Matrix\Resource\Http\Controllers\TagRouteTest" file="/app/tests/Feature/Http/Controllers/TagRouteTest.php" tests="16" assertions="61" errors="0" failures="0" skipped="0" time="1.627146">
        <testcase name="test_guest_cannot_render_create_view" file="/app/vendor/gammamatrix/playground-test/src/Feature/Http/Controllers/Resource/CreateTrait.php" line="17" class="Tests\Feature\GammaMatrix\Playground\Matrix\Resource\Http\Controllers\TagRouteTest" classname="Tests.Feature.GammaMatrix.Playground.Matrix.Resource.Http.Controllers.TagRouteTest" assertions="2" time="0.124300"/>
        <testcase name="test_user_can_render_create_view_with_return_url" file="/app/vendor/gammamatrix/playground-test/src/Feature/Http/Controllers/Resource/CreateTrait.php" line="28" class="Tests\Feature\GammaMatrix\Playground\Matrix\Resource\Http\Controllers\TagRouteTest" classname="Tests.Feature.GammaMatrix.Playground.Matrix.Resource.Http.Controllers.TagRouteTest" assertions="3" time="0.139710"/>
        <testcase name="test_create_with_user_using_json" file="/app/vendor/gammamatrix/playground-test/src/Feature/Http/Controllers/Resource/CreateTrait.php" line="53" class="Tests\Feature\GammaMatrix\Playground\Matrix\Resource\Http\Controllers\TagRouteTest" classname="Tests.Feature.GammaMatrix.Playground.Matrix.Resource.Http.Controllers.TagRouteTest" assertions="4" time="0.088240"/>
        <testcase name="test_user_can_render_create_view_with_invalid_parameter" file="/app/vendor/gammamatrix/playground-test/src/Feature/Http/Controllers/Resource/CreateTrait.php" line="74" class="Tests\Feature\GammaMatrix\Playground\Matrix\Resource\Http\Controllers\TagRouteTest" classname="Tests.Feature.GammaMatrix.Playground.Matrix.Resource.Http.Controllers.TagRouteTest" assertions="4" time="0.086498"/>
        <testcase name="test_guest_cannot_render_edit_view" file="/app/vendor/gammamatrix/playground-test/src/Feature/Http/Controllers/Resource/EditTrait.php" line="17" class="Tests\Feature\GammaMatrix\Playground\Matrix\Resource\Http\Controllers\TagRouteTest" classname="Tests.Feature.GammaMatrix.Playground.Matrix.Resource.Http.Controllers.TagRouteTest" assertions="2" time="0.081788"/>
        <testcase name="test_user_can_render_edit_view_with_return_url" file="/app/vendor/gammamatrix/playground-test/src/Feature/Http/Controllers/Resource/EditTrait.php" line="34" class="Tests\Feature\GammaMatrix\Playground\Matrix\Resource\Http\Controllers\TagRouteTest" classname="Tests.Feature.GammaMatrix.Playground.Matrix.Resource.Http.Controllers.TagRouteTest" assertions="3" time="0.142225"/>
        <testcase name="test_edit_with_user_using_json" file="/app/vendor/gammamatrix/playground-test/src/Feature/Http/Controllers/Resource/EditTrait.php" line="64" class="Tests\Feature\GammaMatrix\Playground\Matrix\Resource\Http\Controllers\TagRouteTest" classname="Tests.Feature.GammaMatrix.Playground.Matrix.Resource.Http.Controllers.TagRouteTest" assertions="4" time="0.096625"/>
        <testcase name="test_user_can_render_edit_view_with_invalid_parameter" file="/app/vendor/gammamatrix/playground-test/src/Feature/Http/Controllers/Resource/EditTrait.php" line="91" class="Tests\Feature\GammaMatrix\Playground\Matrix\Resource\Http\Controllers\TagRouteTest" classname="Tests.Feature.GammaMatrix.Playground.Matrix.Resource.Http.Controllers.TagRouteTest" assertions="4" time="0.096462"/>
        <testcase name="test_destroy_as_guest_and_fail_authorization" file="/app/vendor/gammamatrix/playground-test/src/Feature/Http/Controllers/Resource/DestroyTrait.php" line="17" class="Tests\Feature\GammaMatrix\Playground\Matrix\Resource\Http\Controllers\TagRouteTest" classname="Tests.Feature.GammaMatrix.Playground.Matrix.Resource.Http.Controllers.TagRouteTest" assertions="4" time="0.103940"/>
        <testcase name="test_destroy_as_standard_user_and_succeed" file="/app/vendor/gammamatrix/playground-test/src/Feature/Http/Controllers/Resource/DestroyTrait.php" line="59" class="Tests\Feature\GammaMatrix\Playground\Matrix\Resource\Http\Controllers\TagRouteTest" classname="Tests.Feature.GammaMatrix.Playground.Matrix.Resource.Http.Controllers.TagRouteTest" assertions="5" time="0.091645"/>
        <testcase name="test_destroy_as_standard_user_and_succeed_with_force_delete" file="/app/vendor/gammamatrix/playground-test/src/Feature/Http/Controllers/Resource/DestroyTrait.php" line="102" class="Tests\Feature\GammaMatrix\Playground\Matrix\Resource\Http\Controllers\TagRouteTest" classname="Tests.Feature.GammaMatrix.Playground.Matrix.Resource.Http.Controllers.TagRouteTest" assertions="4" time="0.086995"/>
        <testcase name="test_destroy_as_standard_user_using_json_and_succeed_with_no_content" file="/app/vendor/gammamatrix/playground-test/src/Feature/Http/Controllers/Resource/DestroyTrait.php" line="140" class="Tests\Feature\GammaMatrix\Playground\Matrix\Resource\Http\Controllers\TagRouteTest" classname="Tests.Feature.GammaMatrix.Playground.Matrix.Resource.Http.Controllers.TagRouteTest" assertions="5" time="0.109284"/>
        <testcase name="test_destroy_as_standard_user_and_succeed_with_redirect_to_index_with_trash" file="/app/vendor/gammamatrix/playground-test/src/Feature/Http/Controllers/Resource/DestroyTrait.php" line="183" class="Tests\Feature\GammaMatrix\Playground\Matrix\Resource\Http\Controllers\TagRouteTest" classname="Tests.Feature.GammaMatrix.Playground.Matrix.Resource.Http.Controllers.TagRouteTest" assertions="5" time="0.088184"/>
        <testcase name="test_destroy_as_role_user_get_denied_and_no_force_delete_allowed" file="/app/vendor/gammamatrix/playground-test/src/Feature/Http/Controllers/Resource/DestroyTrait.php" line="239" class="Tests\Feature\GammaMatrix\Playground\Matrix\Resource\Http\Controllers\TagRouteTest" classname="Tests.Feature.GammaMatrix.Playground.Matrix.Resource.Http.Controllers.TagRouteTest" assertions="3" time="0.088272"/>
        <testcase name="test_destroy_as_role_admin_and_succeed" file="/app/vendor/gammamatrix/playground-test/src/Feature/Http/Controllers/Resource/DestroyTrait.php" line="286" class="Tests\Feature\GammaMatrix\Playground\Matrix\Resource\Http\Controllers\TagRouteTest" classname="Tests.Feature.GammaMatrix.Playground.Matrix.Resource.Http.Controllers.TagRouteTest" assertions="5" time="0.113851"/>
        <testcase name="test_destroy_as_role_admin_and_succeed_with_force_delete" file="/app/vendor/gammamatrix/playground-test/src/Feature/Http/Controllers/Resource/DestroyTrait.php" line="339" class="Tests\Feature\GammaMatrix\Playground\Matrix\Resource\Http\Controllers\TagRouteTest" classname="Tests.Feature.GammaMatrix.Playground.Matrix.Resource.Http.Controllers.TagRouteTest" assertions="4" time="0.089127"/>
      </testsuite>
      <testsuite name="Tests\Feature\GammaMatrix\Playground\Matrix\Resource\Http\Controllers\TeamRouteTest" file="/app/tests/Feature/Http/Controllers/TeamRouteTest.php" tests="16" assertions="61" errors="0" failures="0" skipped="0" time="1.536154">
        <testcase name="test_guest_cannot_render_create_view" file="/app/vendor/gammamatrix/playground-test/src/Feature/Http/Controllers/Resource/CreateTrait.php" line="17" class="Tests\Feature\GammaMatrix\Playground\Matrix\Resource\Http\Controllers\TeamRouteTest" classname="Tests.Feature.GammaMatrix.Playground.Matrix.Resource.Http.Controllers.TeamRouteTest" assertions="2" time="0.121260"/>
        <testcase name="test_user_can_render_create_view_with_return_url" file="/app/vendor/gammamatrix/playground-test/src/Feature/Http/Controllers/Resource/CreateTrait.php" line="28" class="Tests\Feature\GammaMatrix\Playground\Matrix\Resource\Http\Controllers\TeamRouteTest" classname="Tests.Feature.GammaMatrix.Playground.Matrix.Resource.Http.Controllers.TeamRouteTest" assertions="3" time="0.139686"/>
        <testcase name="test_create_with_user_using_json" file="/app/vendor/gammamatrix/playground-test/src/Feature/Http/Controllers/Resource/CreateTrait.php" line="53" class="Tests\Feature\GammaMatrix\Playground\Matrix\Resource\Http\Controllers\TeamRouteTest" classname="Tests.Feature.GammaMatrix.Playground.Matrix.Resource.Http.Controllers.TeamRouteTest" assertions="4" time="0.088657"/>
        <testcase name="test_user_can_render_create_view_with_invalid_parameter" file="/app/vendor/gammamatrix/playground-test/src/Feature/Http/Controllers/Resource/CreateTrait.php" line="74" class="Tests\Feature\GammaMatrix\Playground\Matrix\Resource\Http\Controllers\TeamRouteTest" classname="Tests.Feature.GammaMatrix.Playground.Matrix.Resource.Http.Controllers.TeamRouteTest" assertions="4" time="0.086474"/>
        <testcase name="test_guest_cannot_render_edit_view" file="/app/vendor/gammamatrix/playground-test/src/Feature/Http/Controllers/Resource/EditTrait.php" line="17" class="Tests\Feature\GammaMatrix\Playground\Matrix\Resource\Http\Controllers\TeamRouteTest" classname="Tests.Feature.GammaMatrix.Playground.Matrix.Resource.Http.Controllers.TeamRouteTest" assertions="2" time="0.081253"/>
        <testcase name="test_user_can_render_edit_view_with_return_url" file="/app/vendor/gammamatrix/playground-test/src/Feature/Http/Controllers/Resource/EditTrait.php" line="34" class="Tests\Feature\GammaMatrix\Playground\Matrix\Resource\Http\Controllers\TeamRouteTest" classname="Tests.Feature.GammaMatrix.Playground.Matrix.Resource.Http.Controllers.TeamRouteTest" assertions="3" time="0.124293"/>
        <testcase name="test_edit_with_user_using_json" file="/app/vendor/gammamatrix/playground-test/src/Feature/Http/Controllers/Resource/EditTrait.php" line="64" class="Tests\Feature\GammaMatrix\Playground\Matrix\Resource\Http\Controllers\TeamRouteTest" classname="Tests.Feature.GammaMatrix.Playground.Matrix.Resource.Http.Controllers.TeamRouteTest" assertions="4" time="0.098063"/>
        <testcase name="test_user_can_render_edit_view_with_invalid_parameter" file="/app/vendor/gammamatrix/playground-test/src/Feature/Http/Controllers/Resource/EditTrait.php" line="91" class="Tests\Feature\GammaMatrix\Playground\Matrix\Resource\Http\Controllers\TeamRouteTest" classname="Tests.Feature.GammaMatrix.Playground.Matrix.Resource.Http.Controllers.TeamRouteTest" assertions="4" time="0.094154"/>
        <testcase name="test_destroy_as_guest_and_fail_authorization" file="/app/vendor/gammamatrix/playground-test/src/Feature/Http/Controllers/Resource/DestroyTrait.php" line="17" class="Tests\Feature\GammaMatrix\Playground\Matrix\Resource\Http\Controllers\TeamRouteTest" classname="Tests.Feature.GammaMatrix.Playground.Matrix.Resource.Http.Controllers.TeamRouteTest" assertions="4" time="0.080123"/>
        <testcase name="test_destroy_as_standard_user_and_succeed" file="/app/vendor/gammamatrix/playground-test/src/Feature/Http/Controllers/Resource/DestroyTrait.php" line="59" class="Tests\Feature\GammaMatrix\Playground\Matrix\Resource\Http\Controllers\TeamRouteTest" classname="Tests.Feature.GammaMatrix.Playground.Matrix.Resource.Http.Controllers.TeamRouteTest" assertions="5" time="0.091295"/>
        <testcase name="test_destroy_as_standard_user_and_succeed_with_force_delete" file="/app/vendor/gammamatrix/playground-test/src/Feature/Http/Controllers/Resource/DestroyTrait.php" line="102" class="Tests\Feature\GammaMatrix\Playground\Matrix\Resource\Http\Controllers\TeamRouteTest" classname="Tests.Feature.GammaMatrix.Playground.Matrix.Resource.Http.Controllers.TeamRouteTest" assertions="4" time="0.087895"/>
        <testcase name="test_destroy_as_standard_user_using_json_and_succeed_with_no_content" file="/app/vendor/gammamatrix/playground-test/src/Feature/Http/Controllers/Resource/DestroyTrait.php" line="140" class="Tests\Feature\GammaMatrix\Playground\Matrix\Resource\Http\Controllers\TeamRouteTest" classname="Tests.Feature.GammaMatrix.Playground.Matrix.Resource.Http.Controllers.TeamRouteTest" assertions="5" time="0.088296"/>
        <testcase name="test_destroy_as_standard_user_and_succeed_with_redirect_to_index_with_trash" file="/app/vendor/gammamatrix/playground-test/src/Feature/Http/Controllers/Resource/DestroyTrait.php" line="183" class="Tests\Feature\GammaMatrix\Playground\Matrix\Resource\Http\Controllers\TeamRouteTest" classname="Tests.Feature.GammaMatrix.Playground.Matrix.Resource.Http.Controllers.TeamRouteTest" assertions="5" time="0.089689"/>
        <testcase name="test_destroy_as_role_user_get_denied_and_no_force_delete_allowed" file="/app/vendor/gammamatrix/playground-test/src/Feature/Http/Controllers/Resource/DestroyTrait.php" line="239" class="Tests\Feature\GammaMatrix\Playground\Matrix\Resource\Http\Controllers\TeamRouteTest" classname="Tests.Feature.GammaMatrix.Playground.Matrix.Resource.Http.Controllers.TeamRouteTest" assertions="3" time="0.087946"/>
        <testcase name="test_destroy_as_role_admin_and_succeed" file="/app/vendor/gammamatrix/playground-test/src/Feature/Http/Controllers/Resource/DestroyTrait.php" line="286" class="Tests\Feature\GammaMatrix\Playground\Matrix\Resource\Http\Controllers\TeamRouteTest" classname="Tests.Feature.GammaMatrix.Playground.Matrix.Resource.Http.Controllers.TeamRouteTest" assertions="5" time="0.089691"/>
        <testcase name="test_destroy_as_role_admin_and_succeed_with_force_delete" file="/app/vendor/gammamatrix/playground-test/src/Feature/Http/Controllers/Resource/DestroyTrait.php" line="339" class="Tests\Feature\GammaMatrix\Playground\Matrix\Resource\Http\Controllers\TeamRouteTest" classname="Tests.Feature.GammaMatrix.Playground.Matrix.Resource.Http.Controllers.TeamRouteTest" assertions="4" time="0.087379"/>
      </testsuite>
      <testsuite name="Tests\Feature\GammaMatrix\Playground\Matrix\Resource\Http\Controllers\TicketRouteTest" file="/app/tests/Feature/Http/Controllers/TicketRouteTest.php" tests="16" assertions="61" errors="0" failures="0" skipped="0" time="1.620183">
        <testcase name="test_guest_cannot_render_create_view" file="/app/vendor/gammamatrix/playground-test/src/Feature/Http/Controllers/Resource/CreateTrait.php" line="17" class="Tests\Feature\GammaMatrix\Playground\Matrix\Resource\Http\Controllers\TicketRouteTest" classname="Tests.Feature.GammaMatrix.Playground.Matrix.Resource.Http.Controllers.TicketRouteTest" assertions="2" time="0.121168"/>
        <testcase name="test_user_can_render_create_view_with_return_url" file="/app/vendor/gammamatrix/playground-test/src/Feature/Http/Controllers/Resource/CreateTrait.php" line="28" class="Tests\Feature\GammaMatrix\Playground\Matrix\Resource\Http\Controllers\TicketRouteTest" classname="Tests.Feature.GammaMatrix.Playground.Matrix.Resource.Http.Controllers.TicketRouteTest" assertions="3" time="0.153011"/>
        <testcase name="test_create_with_user_using_json" file="/app/vendor/gammamatrix/playground-test/src/Feature/Http/Controllers/Resource/CreateTrait.php" line="53" class="Tests\Feature\GammaMatrix\Playground\Matrix\Resource\Http\Controllers\TicketRouteTest" classname="Tests.Feature.GammaMatrix.Playground.Matrix.Resource.Http.Controllers.TicketRouteTest" assertions="4" time="0.108576"/>
        <testcase name="test_user_can_render_create_view_with_invalid_parameter" file="/app/vendor/gammamatrix/playground-test/src/Feature/Http/Controllers/Resource/CreateTrait.php" line="74" class="Tests\Feature\GammaMatrix\Playground\Matrix\Resource\Http\Controllers\TicketRouteTest" classname="Tests.Feature.GammaMatrix.Playground.Matrix.Resource.Http.Controllers.TicketRouteTest" assertions="4" time="0.089144"/>
        <testcase name="test_guest_cannot_render_edit_view" file="/app/vendor/gammamatrix/playground-test/src/Feature/Http/Controllers/Resource/EditTrait.php" line="17" class="Tests\Feature\GammaMatrix\Playground\Matrix\Resource\Http\Controllers\TicketRouteTest" classname="Tests.Feature.GammaMatrix.Playground.Matrix.Resource.Http.Controllers.TicketRouteTest" assertions="2" time="0.090046"/>
        <testcase name="test_user_can_render_edit_view_with_return_url" file="/app/vendor/gammamatrix/playground-test/src/Feature/Http/Controllers/Resource/EditTrait.php" line="34" class="Tests\Feature\GammaMatrix\Playground\Matrix\Resource\Http\Controllers\TicketRouteTest" classname="Tests.Feature.GammaMatrix.Playground.Matrix.Resource.Http.Controllers.TicketRouteTest" assertions="3" time="0.138153"/>
        <testcase name="test_edit_with_user_using_json" file="/app/vendor/gammamatrix/playground-test/src/Feature/Http/Controllers/Resource/EditTrait.php" line="64" class="Tests\Feature\GammaMatrix\Playground\Matrix\Resource\Http\Controllers\TicketRouteTest" classname="Tests.Feature.GammaMatrix.Playground.Matrix.Resource.Http.Controllers.TicketRouteTest" assertions="4" time="0.100027"/>
        <testcase name="test_user_can_render_edit_view_with_invalid_parameter" file="/app/vendor/gammamatrix/playground-test/src/Feature/Http/Controllers/Resource/EditTrait.php" line="91" class="Tests\Feature\GammaMatrix\Playground\Matrix\Resource\Http\Controllers\TicketRouteTest" classname="Tests.Feature.GammaMatrix.Playground.Matrix.Resource.Http.Controllers.TicketRouteTest" assertions="4" time="0.096621"/>
        <testcase name="test_destroy_as_guest_and_fail_authorization" file="/app/vendor/gammamatrix/playground-test/src/Feature/Http/Controllers/Resource/DestroyTrait.php" line="17" class="Tests\Feature\GammaMatrix\Playground\Matrix\Resource\Http\Controllers\TicketRouteTest" classname="Tests.Feature.GammaMatrix.Playground.Matrix.Resource.Http.Controllers.TicketRouteTest" assertions="4" time="0.086092"/>
        <testcase name="test_destroy_as_standard_user_and_succeed" file="/app/vendor/gammamatrix/playground-test/src/Feature/Http/Controllers/Resource/DestroyTrait.php" line="59" class="Tests\Feature\GammaMatrix\Playground\Matrix\Resource\Http\Controllers\TicketRouteTest" classname="Tests.Feature.GammaMatrix.Playground.Matrix.Resource.Http.Controllers.TicketRouteTest" assertions="5" time="0.094501"/>
        <testcase name="test_destroy_as_standard_user_and_succeed_with_force_delete" file="/app/vendor/gammamatrix/playground-test/src/Feature/Http/Controllers/Resource/DestroyTrait.php" line="102" class="Tests\Feature\GammaMatrix\Playground\Matrix\Resource\Http\Controllers\TicketRouteTest" classname="Tests.Feature.GammaMatrix.Playground.Matrix.Resource.Http.Controllers.TicketRouteTest" assertions="4" time="0.088961"/>
        <testcase name="test_destroy_as_standard_user_using_json_and_succeed_with_no_content" file="/app/vendor/gammamatrix/playground-test/src/Feature/Http/Controllers/Resource/DestroyTrait.php" line="140" class="Tests\Feature\GammaMatrix\Playground\Matrix\Resource\Http\Controllers\TicketRouteTest" classname="Tests.Feature.GammaMatrix.Playground.Matrix.Resource.Http.Controllers.TicketRouteTest" assertions="5" time="0.089170"/>
        <testcase name="test_destroy_as_standard_user_and_succeed_with_redirect_to_index_with_trash" file="/app/vendor/gammamatrix/playground-test/src/Feature/Http/Controllers/Resource/DestroyTrait.php" line="183" class="Tests\Feature\GammaMatrix\Playground\Matrix\Resource\Http\Controllers\TicketRouteTest" classname="Tests.Feature.GammaMatrix.Playground.Matrix.Resource.Http.Controllers.TicketRouteTest" assertions="5" time="0.092574"/>
        <testcase name="test_destroy_as_role_user_get_denied_and_no_force_delete_allowed" file="/app/vendor/gammamatrix/playground-test/src/Feature/Http/Controllers/Resource/DestroyTrait.php" line="239" class="Tests\Feature\GammaMatrix\Playground\Matrix\Resource\Http\Controllers\TicketRouteTest" classname="Tests.Feature.GammaMatrix.Playground.Matrix.Resource.Http.Controllers.TicketRouteTest" assertions="3" time="0.089823"/>
        <testcase name="test_destroy_as_role_admin_and_succeed" file="/app/vendor/gammamatrix/playground-test/src/Feature/Http/Controllers/Resource/DestroyTrait.php" line="286" class="Tests\Feature\GammaMatrix\Playground\Matrix\Resource\Http\Controllers\TicketRouteTest" classname="Tests.Feature.GammaMatrix.Playground.Matrix.Resource.Http.Controllers.TicketRouteTest" assertions="5" time="0.092103"/>
        <testcase name="test_destroy_as_role_admin_and_succeed_with_force_delete" file="/app/vendor/gammamatrix/playground-test/src/Feature/Http/Controllers/Resource/DestroyTrait.php" line="339" class="Tests\Feature\GammaMatrix\Playground\Matrix\Resource\Http\Controllers\TicketRouteTest" classname="Tests.Feature.GammaMatrix.Playground.Matrix.Resource.Http.Controllers.TicketRouteTest" assertions="4" time="0.090213"/>
      </testsuite>
      <testsuite name="Tests\Feature\GammaMatrix\Playground\Matrix\Resource\Http\Controllers\VersionRouteTest" file="/app/tests/Feature/Http/Controllers/VersionRouteTest.php" tests="16" assertions="61" errors="0" failures="0" skipped="0" time="1.618241">
        <testcase name="test_guest_cannot_render_create_view" file="/app/vendor/gammamatrix/playground-test/src/Feature/Http/Controllers/Resource/CreateTrait.php" line="17" class="Tests\Feature\GammaMatrix\Playground\Matrix\Resource\Http\Controllers\VersionRouteTest" classname="Tests.Feature.GammaMatrix.Playground.Matrix.Resource.Http.Controllers.VersionRouteTest" assertions="2" time="0.121612"/>
        <testcase name="test_user_can_render_create_view_with_return_url" file="/app/vendor/gammamatrix/playground-test/src/Feature/Http/Controllers/Resource/CreateTrait.php" line="28" class="Tests\Feature\GammaMatrix\Playground\Matrix\Resource\Http\Controllers\VersionRouteTest" classname="Tests.Feature.GammaMatrix.Playground.Matrix.Resource.Http.Controllers.VersionRouteTest" assertions="3" time="0.144686"/>
        <testcase name="test_create_with_user_using_json" file="/app/vendor/gammamatrix/playground-test/src/Feature/Http/Controllers/Resource/CreateTrait.php" line="53" class="Tests\Feature\GammaMatrix\Playground\Matrix\Resource\Http\Controllers\VersionRouteTest" classname="Tests.Feature.GammaMatrix.Playground.Matrix.Resource.Http.Controllers.VersionRouteTest" assertions="4" time="0.088575"/>
        <testcase name="test_user_can_render_create_view_with_invalid_parameter" file="/app/vendor/gammamatrix/playground-test/src/Feature/Http/Controllers/Resource/CreateTrait.php" line="74" class="Tests\Feature\GammaMatrix\Playground\Matrix\Resource\Http\Controllers\VersionRouteTest" classname="Tests.Feature.GammaMatrix.Playground.Matrix.Resource.Http.Controllers.VersionRouteTest" assertions="4" time="0.087177"/>
        <testcase name="test_guest_cannot_render_edit_view" file="/app/vendor/gammamatrix/playground-test/src/Feature/Http/Controllers/Resource/EditTrait.php" line="17" class="Tests\Feature\GammaMatrix\Playground\Matrix\Resource\Http\Controllers\VersionRouteTest" classname="Tests.Feature.GammaMatrix.Playground.Matrix.Resource.Http.Controllers.VersionRouteTest" assertions="2" time="0.081198"/>
        <testcase name="test_user_can_render_edit_view_with_return_url" file="/app/vendor/gammamatrix/playground-test/src/Feature/Http/Controllers/Resource/EditTrait.php" line="34" class="Tests\Feature\GammaMatrix\Playground\Matrix\Resource\Http\Controllers\VersionRouteTest" classname="Tests.Feature.GammaMatrix.Playground.Matrix.Resource.Http.Controllers.VersionRouteTest" assertions="3" time="0.130818"/>
        <testcase name="test_edit_with_user_using_json" file="/app/vendor/gammamatrix/playground-test/src/Feature/Http/Controllers/Resource/EditTrait.php" line="64" class="Tests\Feature\GammaMatrix\Playground\Matrix\Resource\Http\Controllers\VersionRouteTest" classname="Tests.Feature.GammaMatrix.Playground.Matrix.Resource.Http.Controllers.VersionRouteTest" assertions="4" time="0.120120"/>
        <testcase name="test_user_can_render_edit_view_with_invalid_parameter" file="/app/vendor/gammamatrix/playground-test/src/Feature/Http/Controllers/Resource/EditTrait.php" line="91" class="Tests\Feature\GammaMatrix\Playground\Matrix\Resource\Http\Controllers\VersionRouteTest" classname="Tests.Feature.GammaMatrix.Playground.Matrix.Resource.Http.Controllers.VersionRouteTest" assertions="4" time="0.093385"/>
        <testcase name="test_destroy_as_guest_and_fail_authorization" file="/app/vendor/gammamatrix/playground-test/src/Feature/Http/Controllers/Resource/DestroyTrait.php" line="17" class="Tests\Feature\GammaMatrix\Playground\Matrix\Resource\Http\Controllers\VersionRouteTest" classname="Tests.Feature.GammaMatrix.Playground.Matrix.Resource.Http.Controllers.VersionRouteTest" assertions="4" time="0.081183"/>
        <testcase name="test_destroy_as_standard_user_and_succeed" file="/app/vendor/gammamatrix/playground-test/src/Feature/Http/Controllers/Resource/DestroyTrait.php" line="59" class="Tests\Feature\GammaMatrix\Playground\Matrix\Resource\Http\Controllers\VersionRouteTest" classname="Tests.Feature.GammaMatrix.Playground.Matrix.Resource.Http.Controllers.VersionRouteTest" assertions="5" time="0.108270"/>
        <testcase name="test_destroy_as_standard_user_and_succeed_with_force_delete" file="/app/vendor/gammamatrix/playground-test/src/Feature/Http/Controllers/Resource/DestroyTrait.php" line="102" class="Tests\Feature\GammaMatrix\Playground\Matrix\Resource\Http\Controllers\VersionRouteTest" classname="Tests.Feature.GammaMatrix.Playground.Matrix.Resource.Http.Controllers.VersionRouteTest" assertions="4" time="0.088784"/>
        <testcase name="test_destroy_as_standard_user_using_json_and_succeed_with_no_content" file="/app/vendor/gammamatrix/playground-test/src/Feature/Http/Controllers/Resource/DestroyTrait.php" line="140" class="Tests\Feature\GammaMatrix\Playground\Matrix\Resource\Http\Controllers\VersionRouteTest" classname="Tests.Feature.GammaMatrix.Playground.Matrix.Resource.Http.Controllers.VersionRouteTest" assertions="5" time="0.087400"/>
        <testcase name="test_destroy_as_standard_user_and_succeed_with_redirect_to_index_with_trash" file="/app/vendor/gammamatrix/playground-test/src/Feature/Http/Controllers/Resource/DestroyTrait.php" line="183" class="Tests\Feature\GammaMatrix\Playground\Matrix\Resource\Http\Controllers\VersionRouteTest" classname="Tests.Feature.GammaMatrix.Playground.Matrix.Resource.Http.Controllers.VersionRouteTest" assertions="5" time="0.118781"/>
        <testcase name="test_destroy_as_role_user_get_denied_and_no_force_delete_allowed" file="/app/vendor/gammamatrix/playground-test/src/Feature/Http/Controllers/Resource/DestroyTrait.php" line="239" class="Tests\Feature\GammaMatrix\Playground\Matrix\Resource\Http\Controllers\VersionRouteTest" classname="Tests.Feature.GammaMatrix.Playground.Matrix.Resource.Http.Controllers.VersionRouteTest" assertions="3" time="0.086689"/>
        <testcase name="test_destroy_as_role_admin_and_succeed" file="/app/vendor/gammamatrix/playground-test/src/Feature/Http/Controllers/Resource/DestroyTrait.php" line="286" class="Tests\Feature\GammaMatrix\Playground\Matrix\Resource\Http\Controllers\VersionRouteTest" classname="Tests.Feature.GammaMatrix.Playground.Matrix.Resource.Http.Controllers.VersionRouteTest" assertions="5" time="0.091245"/>
        <testcase name="test_destroy_as_role_admin_and_succeed_with_force_delete" file="/app/vendor/gammamatrix/playground-test/src/Feature/Http/Controllers/Resource/DestroyTrait.php" line="339" class="Tests\Feature\GammaMatrix\Playground\Matrix\Resource\Http\Controllers\VersionRouteTest" classname="Tests.Feature.GammaMatrix.Playground.Matrix.Resource.Http.Controllers.VersionRouteTest" assertions="4" time="0.088319"/>
      </testsuite>
    </testsuite>
  </testsuite>
</testsuites>
