<?xml version="1.0" encoding="UTF-8"?>
<testsuites>
  <testsuite name="/app/phpunit.xml.dist" tests="246" assertions="921" errors="0" failures="0" skipped="0" time="24.365117">
    <testsuite name="Unit" tests="6" assertions="6" errors="0" failures="0" skipped="0" time="0.211314">
      <testsuite name="Tests\Unit\GammaMatrix\Playground\Matrix\Resource\Http\Requests\Backlog\CreateRequestTest" file="/app/tests/Unit/Http/Requests/Backlog/CreateRequestTest.php" tests="1" assertions="1" errors="0" failures="0" skipped="0" time="0.185225">
        <testcase name="test_request_instance" file="/app/vendor/gammamatrix/playground-test/src/Unit/Http/Requests/RequestCase.php" line="42" class="Tests\Unit\GammaMatrix\Playground\Matrix\Resource\Http\Requests\Backlog\CreateRequestTest" classname="Tests.Unit.GammaMatrix.Playground.Matrix.Resource.Http.Requests.Backlog.CreateRequestTest" assertions="1" time="0.185225"/>
      </testsuite>
      <testsuite name="Tests\Unit\GammaMatrix\Playground\Matrix\Resource\Policies\BacklogPolicy\PolicyTest" file="/app/tests/Unit/Policies/BacklogPolicy/PolicyTest.php" tests="1" assertions="1" errors="0" failures="0" skipped="0" time="0.007917">
        <testcase name="test_policy_instance" file="/app/tests/Unit/Policies/BacklogPolicy/PolicyTest.php" line="19" class="Tests\Unit\GammaMatrix\Playground\Matrix\Resource\Policies\BacklogPolicy\PolicyTest" classname="Tests.Unit.GammaMatrix.Playground.Matrix.Resource.Policies.BacklogPolicy.PolicyTest" assertions="1" time="0.007917"/>
      </testsuite>
      <testsuite name="Tests\Unit\GammaMatrix\Playground\Matrix\Resource\ServiceProviderTrait\TraitTest" file="/app/tests/Unit/ServiceProviderTrait/TraitTest.php" tests="4" assertions="4" errors="0" failures="0" skipped="0" time="0.018172">
        <testcase name="test_setPolicyNamespace_with_invalid_value" file="/app/tests/Unit/ServiceProviderTrait/TraitTest.php" line="44" class="Tests\Unit\GammaMatrix\Playground\Matrix\Resource\ServiceProviderTrait\TraitTest" classname="Tests.Unit.GammaMatrix.Playground.Matrix.Resource.ServiceProviderTrait.TraitTest" assertions="1" time="0.004534"/>
        <testcase name="test_setPolicyNamespace_with_app_namespace" file="/app/tests/Unit/ServiceProviderTrait/TraitTest.php" line="51" class="Tests\Unit\GammaMatrix\Playground\Matrix\Resource\ServiceProviderTrait\TraitTest" classname="Tests.Unit.GammaMatrix.Playground.Matrix.Resource.ServiceProviderTrait.TraitTest" assertions="1" time="0.004539"/>
        <testcase name="test_registerPolicies_getRegister_with_empty_policy_namespace" file="/app/tests/Unit/ServiceProviderTrait/TraitTest.php" line="62" class="Tests\Unit\GammaMatrix\Playground\Matrix\Resource\ServiceProviderTrait\TraitTest" classname="Tests.Unit.GammaMatrix.Playground.Matrix.Resource.ServiceProviderTrait.TraitTest" assertions="1" time="0.004477"/>
        <testcase name="test_registerPolicies_getRegister_with_app_policy_namespace" file="/app/tests/Unit/ServiceProviderTrait/TraitTest.php" line="73" class="Tests\Unit\GammaMatrix\Playground\Matrix\Resource\ServiceProviderTrait\TraitTest" classname="Tests.Unit.GammaMatrix.Playground.Matrix.Resource.ServiceProviderTrait.TraitTest" assertions="1" time="0.004621"/>
      </testsuite>
    </testsuite>
    <testsuite name="Feature" tests="240" assertions="915" errors="0" failures="0" skipped="0" time="24.153803">
      <testsuite name="Tests\Feature\GammaMatrix\Playground\Matrix\Resource\Http\Controllers\BacklogRouteTest" file="/app/tests/Feature/Http/Controllers/BacklogRouteTest.php" tests="16" assertions="61" errors="0" failures="0" skipped="0" time="1.710339">
        <testcase name="test_guest_cannot_render_create_view" file="/app/vendor/gammamatrix/playground-test/src/Feature/Http/Controllers/Resource/CreateTrait.php" line="17" class="Tests\Feature\GammaMatrix\Playground\Matrix\Resource\Http\Controllers\BacklogRouteTest" classname="Tests.Feature.GammaMatrix.Playground.Matrix.Resource.Http.Controllers.BacklogRouteTest" assertions="2" time="0.151705"/>
        <testcase name="test_user_can_render_create_view_with_return_url" file="/app/vendor/gammamatrix/playground-test/src/Feature/Http/Controllers/Resource/CreateTrait.php" line="28" class="Tests\Feature\GammaMatrix\Playground\Matrix\Resource\Http\Controllers\BacklogRouteTest" classname="Tests.Feature.GammaMatrix.Playground.Matrix.Resource.Http.Controllers.BacklogRouteTest" assertions="3" time="0.214467"/>
        <testcase name="test_create_with_user_using_json" file="/app/vendor/gammamatrix/playground-test/src/Feature/Http/Controllers/Resource/CreateTrait.php" line="53" class="Tests\Feature\GammaMatrix\Playground\Matrix\Resource\Http\Controllers\BacklogRouteTest" classname="Tests.Feature.GammaMatrix.Playground.Matrix.Resource.Http.Controllers.BacklogRouteTest" assertions="4" time="0.090954"/>
        <testcase name="test_user_can_render_create_view_with_invalid_parameter" file="/app/vendor/gammamatrix/playground-test/src/Feature/Http/Controllers/Resource/CreateTrait.php" line="74" class="Tests\Feature\GammaMatrix\Playground\Matrix\Resource\Http\Controllers\BacklogRouteTest" classname="Tests.Feature.GammaMatrix.Playground.Matrix.Resource.Http.Controllers.BacklogRouteTest" assertions="4" time="0.089174"/>
        <testcase name="test_guest_cannot_render_edit_view" file="/app/vendor/gammamatrix/playground-test/src/Feature/Http/Controllers/Resource/EditTrait.php" line="17" class="Tests\Feature\GammaMatrix\Playground\Matrix\Resource\Http\Controllers\BacklogRouteTest" classname="Tests.Feature.GammaMatrix.Playground.Matrix.Resource.Http.Controllers.BacklogRouteTest" assertions="2" time="0.098385"/>
        <testcase name="test_user_can_render_edit_view_with_return_url" file="/app/vendor/gammamatrix/playground-test/src/Feature/Http/Controllers/Resource/EditTrait.php" line="34" class="Tests\Feature\GammaMatrix\Playground\Matrix\Resource\Http\Controllers\BacklogRouteTest" classname="Tests.Feature.GammaMatrix.Playground.Matrix.Resource.Http.Controllers.BacklogRouteTest" assertions="3" time="0.129642"/>
        <testcase name="test_edit_with_user_using_json" file="/app/vendor/gammamatrix/playground-test/src/Feature/Http/Controllers/Resource/EditTrait.php" line="64" class="Tests\Feature\GammaMatrix\Playground\Matrix\Resource\Http\Controllers\BacklogRouteTest" classname="Tests.Feature.GammaMatrix.Playground.Matrix.Resource.Http.Controllers.BacklogRouteTest" assertions="4" time="0.108365"/>
        <testcase name="test_user_can_render_edit_view_with_invalid_parameter" file="/app/vendor/gammamatrix/playground-test/src/Feature/Http/Controllers/Resource/EditTrait.php" line="91" class="Tests\Feature\GammaMatrix\Playground\Matrix\Resource\Http\Controllers\BacklogRouteTest" classname="Tests.Feature.GammaMatrix.Playground.Matrix.Resource.Http.Controllers.BacklogRouteTest" assertions="4" time="0.095977"/>
        <testcase name="test_destroy_as_guest_and_fail_authorization" file="/app/vendor/gammamatrix/playground-test/src/Feature/Http/Controllers/Resource/DestroyTrait.php" line="17" class="Tests\Feature\GammaMatrix\Playground\Matrix\Resource\Http\Controllers\BacklogRouteTest" classname="Tests.Feature.GammaMatrix.Playground.Matrix.Resource.Http.Controllers.BacklogRouteTest" assertions="4" time="0.084169"/>
        <testcase name="test_destroy_as_standard_user_and_succeed" file="/app/vendor/gammamatrix/playground-test/src/Feature/Http/Controllers/Resource/DestroyTrait.php" line="59" class="Tests\Feature\GammaMatrix\Playground\Matrix\Resource\Http\Controllers\BacklogRouteTest" classname="Tests.Feature.GammaMatrix.Playground.Matrix.Resource.Http.Controllers.BacklogRouteTest" assertions="5" time="0.094713"/>
        <testcase name="test_destroy_as_standard_user_and_succeed_with_force_delete" file="/app/vendor/gammamatrix/playground-test/src/Feature/Http/Controllers/Resource/DestroyTrait.php" line="102" class="Tests\Feature\GammaMatrix\Playground\Matrix\Resource\Http\Controllers\BacklogRouteTest" classname="Tests.Feature.GammaMatrix.Playground.Matrix.Resource.Http.Controllers.BacklogRouteTest" assertions="4" time="0.094654"/>
        <testcase name="test_destroy_as_standard_user_using_json_and_succeed_with_no_content" file="/app/vendor/gammamatrix/playground-test/src/Feature/Http/Controllers/Resource/DestroyTrait.php" line="140" class="Tests\Feature\GammaMatrix\Playground\Matrix\Resource\Http\Controllers\BacklogRouteTest" classname="Tests.Feature.GammaMatrix.Playground.Matrix.Resource.Http.Controllers.BacklogRouteTest" assertions="5" time="0.090933"/>
        <testcase name="test_destroy_as_standard_user_and_succeed_with_redirect_to_index_with_trash" file="/app/vendor/gammamatrix/playground-test/src/Feature/Http/Controllers/Resource/DestroyTrait.php" line="183" class="Tests\Feature\GammaMatrix\Playground\Matrix\Resource\Http\Controllers\BacklogRouteTest" classname="Tests.Feature.GammaMatrix.Playground.Matrix.Resource.Http.Controllers.BacklogRouteTest" assertions="5" time="0.090290"/>
        <testcase name="test_destroy_as_role_user_get_denied_and_no_force_delete_allowed" file="/app/vendor/gammamatrix/playground-test/src/Feature/Http/Controllers/Resource/DestroyTrait.php" line="239" class="Tests\Feature\GammaMatrix\Playground\Matrix\Resource\Http\Controllers\BacklogRouteTest" classname="Tests.Feature.GammaMatrix.Playground.Matrix.Resource.Http.Controllers.BacklogRouteTest" assertions="3" time="0.091506"/>
        <testcase name="test_destroy_as_role_admin_and_succeed" file="/app/vendor/gammamatrix/playground-test/src/Feature/Http/Controllers/Resource/DestroyTrait.php" line="286" class="Tests\Feature\GammaMatrix\Playground\Matrix\Resource\Http\Controllers\BacklogRouteTest" classname="Tests.Feature.GammaMatrix.Playground.Matrix.Resource.Http.Controllers.BacklogRouteTest" assertions="5" time="0.095206"/>
        <testcase name="test_destroy_as_role_admin_and_succeed_with_force_delete" file="/app/vendor/gammamatrix/playground-test/src/Feature/Http/Controllers/Resource/DestroyTrait.php" line="339" class="Tests\Feature\GammaMatrix\Playground\Matrix\Resource\Http\Controllers\BacklogRouteTest" classname="Tests.Feature.GammaMatrix.Playground.Matrix.Resource.Http.Controllers.BacklogRouteTest" assertions="4" time="0.090199"/>
      </testsuite>
      <testsuite name="Tests\Feature\GammaMatrix\Playground\Matrix\Resource\Http\Controllers\BoardRouteTest" file="/app/tests/Feature/Http/Controllers/BoardRouteTest.php" tests="16" assertions="61" errors="0" failures="0" skipped="0" time="1.548898">
        <testcase name="test_guest_cannot_render_create_view" file="/app/vendor/gammamatrix/playground-test/src/Feature/Http/Controllers/Resource/CreateTrait.php" line="17" class="Tests\Feature\GammaMatrix\Playground\Matrix\Resource\Http\Controllers\BoardRouteTest" classname="Tests.Feature.GammaMatrix.Playground.Matrix.Resource.Http.Controllers.BoardRouteTest" assertions="2" time="0.119483"/>
        <testcase name="test_user_can_render_create_view_with_return_url" file="/app/vendor/gammamatrix/playground-test/src/Feature/Http/Controllers/Resource/CreateTrait.php" line="28" class="Tests\Feature\GammaMatrix\Playground\Matrix\Resource\Http\Controllers\BoardRouteTest" classname="Tests.Feature.GammaMatrix.Playground.Matrix.Resource.Http.Controllers.BoardRouteTest" assertions="3" time="0.147235"/>
        <testcase name="test_create_with_user_using_json" file="/app/vendor/gammamatrix/playground-test/src/Feature/Http/Controllers/Resource/CreateTrait.php" line="53" class="Tests\Feature\GammaMatrix\Playground\Matrix\Resource\Http\Controllers\BoardRouteTest" classname="Tests.Feature.GammaMatrix.Playground.Matrix.Resource.Http.Controllers.BoardRouteTest" assertions="4" time="0.088536"/>
        <testcase name="test_user_can_render_create_view_with_invalid_parameter" file="/app/vendor/gammamatrix/playground-test/src/Feature/Http/Controllers/Resource/CreateTrait.php" line="74" class="Tests\Feature\GammaMatrix\Playground\Matrix\Resource\Http\Controllers\BoardRouteTest" classname="Tests.Feature.GammaMatrix.Playground.Matrix.Resource.Http.Controllers.BoardRouteTest" assertions="4" time="0.086318"/>
        <testcase name="test_guest_cannot_render_edit_view" file="/app/vendor/gammamatrix/playground-test/src/Feature/Http/Controllers/Resource/EditTrait.php" line="17" class="Tests\Feature\GammaMatrix\Playground\Matrix\Resource\Http\Controllers\BoardRouteTest" classname="Tests.Feature.GammaMatrix.Playground.Matrix.Resource.Http.Controllers.BoardRouteTest" assertions="2" time="0.082159"/>
        <testcase name="test_user_can_render_edit_view_with_return_url" file="/app/vendor/gammamatrix/playground-test/src/Feature/Http/Controllers/Resource/EditTrait.php" line="34" class="Tests\Feature\GammaMatrix\Playground\Matrix\Resource\Http\Controllers\BoardRouteTest" classname="Tests.Feature.GammaMatrix.Playground.Matrix.Resource.Http.Controllers.BoardRouteTest" assertions="3" time="0.132243"/>
        <testcase name="test_edit_with_user_using_json" file="/app/vendor/gammamatrix/playground-test/src/Feature/Http/Controllers/Resource/EditTrait.php" line="64" class="Tests\Feature\GammaMatrix\Playground\Matrix\Resource\Http\Controllers\BoardRouteTest" classname="Tests.Feature.GammaMatrix.Playground.Matrix.Resource.Http.Controllers.BoardRouteTest" assertions="4" time="0.095071"/>
        <testcase name="test_user_can_render_edit_view_with_invalid_parameter" file="/app/vendor/gammamatrix/playground-test/src/Feature/Http/Controllers/Resource/EditTrait.php" line="91" class="Tests\Feature\GammaMatrix\Playground\Matrix\Resource\Http\Controllers\BoardRouteTest" classname="Tests.Feature.GammaMatrix.Playground.Matrix.Resource.Http.Controllers.BoardRouteTest" assertions="4" time="0.091904"/>
        <testcase name="test_destroy_as_guest_and_fail_authorization" file="/app/vendor/gammamatrix/playground-test/src/Feature/Http/Controllers/Resource/DestroyTrait.php" line="17" class="Tests\Feature\GammaMatrix\Playground\Matrix\Resource\Http\Controllers\BoardRouteTest" classname="Tests.Feature.GammaMatrix.Playground.Matrix.Resource.Http.Controllers.BoardRouteTest" assertions="4" time="0.085809"/>
        <testcase name="test_destroy_as_standard_user_and_succeed" file="/app/vendor/gammamatrix/playground-test/src/Feature/Http/Controllers/Resource/DestroyTrait.php" line="59" class="Tests\Feature\GammaMatrix\Playground\Matrix\Resource\Http\Controllers\BoardRouteTest" classname="Tests.Feature.GammaMatrix.Playground.Matrix.Resource.Http.Controllers.BoardRouteTest" assertions="5" time="0.091095"/>
        <testcase name="test_destroy_as_standard_user_and_succeed_with_force_delete" file="/app/vendor/gammamatrix/playground-test/src/Feature/Http/Controllers/Resource/DestroyTrait.php" line="102" class="Tests\Feature\GammaMatrix\Playground\Matrix\Resource\Http\Controllers\BoardRouteTest" classname="Tests.Feature.GammaMatrix.Playground.Matrix.Resource.Http.Controllers.BoardRouteTest" assertions="4" time="0.087317"/>
        <testcase name="test_destroy_as_standard_user_using_json_and_succeed_with_no_content" file="/app/vendor/gammamatrix/playground-test/src/Feature/Http/Controllers/Resource/DestroyTrait.php" line="140" class="Tests\Feature\GammaMatrix\Playground\Matrix\Resource\Http\Controllers\BoardRouteTest" classname="Tests.Feature.GammaMatrix.Playground.Matrix.Resource.Http.Controllers.BoardRouteTest" assertions="5" time="0.087921"/>
        <testcase name="test_destroy_as_standard_user_and_succeed_with_redirect_to_index_with_trash" file="/app/vendor/gammamatrix/playground-test/src/Feature/Http/Controllers/Resource/DestroyTrait.php" line="183" class="Tests\Feature\GammaMatrix\Playground\Matrix\Resource\Http\Controllers\BoardRouteTest" classname="Tests.Feature.GammaMatrix.Playground.Matrix.Resource.Http.Controllers.BoardRouteTest" assertions="5" time="0.091313"/>
        <testcase name="test_destroy_as_role_user_get_denied_and_no_force_delete_allowed" file="/app/vendor/gammamatrix/playground-test/src/Feature/Http/Controllers/Resource/DestroyTrait.php" line="239" class="Tests\Feature\GammaMatrix\Playground\Matrix\Resource\Http\Controllers\BoardRouteTest" classname="Tests.Feature.GammaMatrix.Playground.Matrix.Resource.Http.Controllers.BoardRouteTest" assertions="3" time="0.087422"/>
        <testcase name="test_destroy_as_role_admin_and_succeed" file="/app/vendor/gammamatrix/playground-test/src/Feature/Http/Controllers/Resource/DestroyTrait.php" line="286" class="Tests\Feature\GammaMatrix\Playground\Matrix\Resource\Http\Controllers\BoardRouteTest" classname="Tests.Feature.GammaMatrix.Playground.Matrix.Resource.Http.Controllers.BoardRouteTest" assertions="5" time="0.088372"/>
        <testcase name="test_destroy_as_role_admin_and_succeed_with_force_delete" file="/app/vendor/gammamatrix/playground-test/src/Feature/Http/Controllers/Resource/DestroyTrait.php" line="339" class="Tests\Feature\GammaMatrix\Playground\Matrix\Resource\Http\Controllers\BoardRouteTest" classname="Tests.Feature.GammaMatrix.Playground.Matrix.Resource.Http.Controllers.BoardRouteTest" assertions="4" time="0.086700"/>
      </testsuite>
      <testsuite name="Tests\Feature\GammaMatrix\Playground\Matrix\Resource\Http\Controllers\EpicRouteTest" file="/app/tests/Feature/Http/Controllers/EpicRouteTest.php" tests="16" assertions="61" errors="0" failures="0" skipped="0" time="1.548718">
        <testcase name="test_guest_cannot_render_create_view" file="/app/vendor/gammamatrix/playground-test/src/Feature/Http/Controllers/Resource/CreateTrait.php" line="17" class="Tests\Feature\GammaMatrix\Playground\Matrix\Resource\Http\Controllers\EpicRouteTest" classname="Tests.Feature.GammaMatrix.Playground.Matrix.Resource.Http.Controllers.EpicRouteTest" assertions="2" time="0.123483"/>
        <testcase name="test_user_can_render_create_view_with_return_url" file="/app/vendor/gammamatrix/playground-test/src/Feature/Http/Controllers/Resource/CreateTrait.php" line="28" class="Tests\Feature\GammaMatrix\Playground\Matrix\Resource\Http\Controllers\EpicRouteTest" classname="Tests.Feature.GammaMatrix.Playground.Matrix.Resource.Http.Controllers.EpicRouteTest" assertions="3" time="0.139271"/>
        <testcase name="test_create_with_user_using_json" file="/app/vendor/gammamatrix/playground-test/src/Feature/Http/Controllers/Resource/CreateTrait.php" line="53" class="Tests\Feature\GammaMatrix\Playground\Matrix\Resource\Http\Controllers\EpicRouteTest" classname="Tests.Feature.GammaMatrix.Playground.Matrix.Resource.Http.Controllers.EpicRouteTest" assertions="4" time="0.091939"/>
        <testcase name="test_user_can_render_create_view_with_invalid_parameter" file="/app/vendor/gammamatrix/playground-test/src/Feature/Http/Controllers/Resource/CreateTrait.php" line="74" class="Tests\Feature\GammaMatrix\Playground\Matrix\Resource\Http\Controllers\EpicRouteTest" classname="Tests.Feature.GammaMatrix.Playground.Matrix.Resource.Http.Controllers.EpicRouteTest" assertions="4" time="0.085735"/>
        <testcase name="test_guest_cannot_render_edit_view" file="/app/vendor/gammamatrix/playground-test/src/Feature/Http/Controllers/Resource/EditTrait.php" line="17" class="Tests\Feature\GammaMatrix\Playground\Matrix\Resource\Http\Controllers\EpicRouteTest" classname="Tests.Feature.GammaMatrix.Playground.Matrix.Resource.Http.Controllers.EpicRouteTest" assertions="2" time="0.080439"/>
        <testcase name="test_user_can_render_edit_view_with_return_url" file="/app/vendor/gammamatrix/playground-test/src/Feature/Http/Controllers/Resource/EditTrait.php" line="34" class="Tests\Feature\GammaMatrix\Playground\Matrix\Resource\Http\Controllers\EpicRouteTest" classname="Tests.Feature.GammaMatrix.Playground.Matrix.Resource.Http.Controllers.EpicRouteTest" assertions="3" time="0.123049"/>
        <testcase name="test_edit_with_user_using_json" file="/app/vendor/gammamatrix/playground-test/src/Feature/Http/Controllers/Resource/EditTrait.php" line="64" class="Tests\Feature\GammaMatrix\Playground\Matrix\Resource\Http\Controllers\EpicRouteTest" classname="Tests.Feature.GammaMatrix.Playground.Matrix.Resource.Http.Controllers.EpicRouteTest" assertions="4" time="0.094885"/>
        <testcase name="test_user_can_render_edit_view_with_invalid_parameter" file="/app/vendor/gammamatrix/playground-test/src/Feature/Http/Controllers/Resource/EditTrait.php" line="91" class="Tests\Feature\GammaMatrix\Playground\Matrix\Resource\Http\Controllers\EpicRouteTest" classname="Tests.Feature.GammaMatrix.Playground.Matrix.Resource.Http.Controllers.EpicRouteTest" assertions="4" time="0.098105"/>
        <testcase name="test_destroy_as_guest_and_fail_authorization" file="/app/vendor/gammamatrix/playground-test/src/Feature/Http/Controllers/Resource/DestroyTrait.php" line="17" class="Tests\Feature\GammaMatrix\Playground\Matrix\Resource\Http\Controllers\EpicRouteTest" classname="Tests.Feature.GammaMatrix.Playground.Matrix.Resource.Http.Controllers.EpicRouteTest" assertions="4" time="0.080330"/>
        <testcase name="test_destroy_as_standard_user_and_succeed" file="/app/vendor/gammamatrix/playground-test/src/Feature/Http/Controllers/Resource/DestroyTrait.php" line="59" class="Tests\Feature\GammaMatrix\Playground\Matrix\Resource\Http\Controllers\EpicRouteTest" classname="Tests.Feature.GammaMatrix.Playground.Matrix.Resource.Http.Controllers.EpicRouteTest" assertions="5" time="0.090774"/>
        <testcase name="test_destroy_as_standard_user_and_succeed_with_force_delete" file="/app/vendor/gammamatrix/playground-test/src/Feature/Http/Controllers/Resource/DestroyTrait.php" line="102" class="Tests\Feature\GammaMatrix\Playground\Matrix\Resource\Http\Controllers\EpicRouteTest" classname="Tests.Feature.GammaMatrix.Playground.Matrix.Resource.Http.Controllers.EpicRouteTest" assertions="4" time="0.087568"/>
        <testcase name="test_destroy_as_standard_user_using_json_and_succeed_with_no_content" file="/app/vendor/gammamatrix/playground-test/src/Feature/Http/Controllers/Resource/DestroyTrait.php" line="140" class="Tests\Feature\GammaMatrix\Playground\Matrix\Resource\Http\Controllers\EpicRouteTest" classname="Tests.Feature.GammaMatrix.Playground.Matrix.Resource.Http.Controllers.EpicRouteTest" assertions="5" time="0.087475"/>
        <testcase name="test_destroy_as_standard_user_and_succeed_with_redirect_to_index_with_trash" file="/app/vendor/gammamatrix/playground-test/src/Feature/Http/Controllers/Resource/DestroyTrait.php" line="183" class="Tests\Feature\GammaMatrix\Playground\Matrix\Resource\Http\Controllers\EpicRouteTest" classname="Tests.Feature.GammaMatrix.Playground.Matrix.Resource.Http.Controllers.EpicRouteTest" assertions="5" time="0.094021"/>
        <testcase name="test_destroy_as_role_user_get_denied_and_no_force_delete_allowed" file="/app/vendor/gammamatrix/playground-test/src/Feature/Http/Controllers/Resource/DestroyTrait.php" line="239" class="Tests\Feature\GammaMatrix\Playground\Matrix\Resource\Http\Controllers\EpicRouteTest" classname="Tests.Feature.GammaMatrix.Playground.Matrix.Resource.Http.Controllers.EpicRouteTest" assertions="3" time="0.086684"/>
        <testcase name="test_destroy_as_role_admin_and_succeed" file="/app/vendor/gammamatrix/playground-test/src/Feature/Http/Controllers/Resource/DestroyTrait.php" line="286" class="Tests\Feature\GammaMatrix\Playground\Matrix\Resource\Http\Controllers\EpicRouteTest" classname="Tests.Feature.GammaMatrix.Playground.Matrix.Resource.Http.Controllers.EpicRouteTest" assertions="5" time="0.091032"/>
        <testcase name="test_destroy_as_role_admin_and_succeed_with_force_delete" file="/app/vendor/gammamatrix/playground-test/src/Feature/Http/Controllers/Resource/DestroyTrait.php" line="339" class="Tests\Feature\GammaMatrix\Playground\Matrix\Resource\Http\Controllers\EpicRouteTest" classname="Tests.Feature.GammaMatrix.Playground.Matrix.Resource.Http.Controllers.EpicRouteTest" assertions="4" time="0.093928"/>
      </testsuite>
      <testsuite name="Tests\Feature\GammaMatrix\Playground\Matrix\Resource\Http\Controllers\FlowRouteTest" file="/app/tests/Feature/Http/Controllers/FlowRouteTest.php" tests="16" assertions="61" errors="0" failures="0" skipped="0" time="1.528128">
        <testcase name="test_guest_cannot_render_create_view" file="/app/vendor/gammamatrix/playground-test/src/Feature/Http/Controllers/Resource/CreateTrait.php" line="17" class="Tests\Feature\GammaMatrix\Playground\Matrix\Resource\Http\Controllers\FlowRouteTest" classname="Tests.Feature.GammaMatrix.Playground.Matrix.Resource.Http.Controllers.FlowRouteTest" assertions="2" time="0.123159"/>
        <testcase name="test_user_can_render_create_view_with_return_url" file="/app/vendor/gammamatrix/playground-test/src/Feature/Http/Controllers/Resource/CreateTrait.php" line="28" class="Tests\Feature\GammaMatrix\Playground\Matrix\Resource\Http\Controllers\FlowRouteTest" classname="Tests.Feature.GammaMatrix.Playground.Matrix.Resource.Http.Controllers.FlowRouteTest" assertions="3" time="0.139404"/>
        <testcase name="test_create_with_user_using_json" file="/app/vendor/gammamatrix/playground-test/src/Feature/Http/Controllers/Resource/CreateTrait.php" line="53" class="Tests\Feature\GammaMatrix\Playground\Matrix\Resource\Http\Controllers\FlowRouteTest" classname="Tests.Feature.GammaMatrix.Playground.Matrix.Resource.Http.Controllers.FlowRouteTest" assertions="4" time="0.085538"/>
        <testcase name="test_user_can_render_create_view_with_invalid_parameter" file="/app/vendor/gammamatrix/playground-test/src/Feature/Http/Controllers/Resource/CreateTrait.php" line="74" class="Tests\Feature\GammaMatrix\Playground\Matrix\Resource\Http\Controllers\FlowRouteTest" classname="Tests.Feature.GammaMatrix.Playground.Matrix.Resource.Http.Controllers.FlowRouteTest" assertions="4" time="0.084395"/>
        <testcase name="test_guest_cannot_render_edit_view" file="/app/vendor/gammamatrix/playground-test/src/Feature/Http/Controllers/Resource/EditTrait.php" line="17" class="Tests\Feature\GammaMatrix\Playground\Matrix\Resource\Http\Controllers\FlowRouteTest" classname="Tests.Feature.GammaMatrix.Playground.Matrix.Resource.Http.Controllers.FlowRouteTest" assertions="2" time="0.087180"/>
        <testcase name="test_user_can_render_edit_view_with_return_url" file="/app/vendor/gammamatrix/playground-test/src/Feature/Http/Controllers/Resource/EditTrait.php" line="34" class="Tests\Feature\GammaMatrix\Playground\Matrix\Resource\Http\Controllers\FlowRouteTest" classname="Tests.Feature.GammaMatrix.Playground.Matrix.Resource.Http.Controllers.FlowRouteTest" assertions="3" time="0.122408"/>
        <testcase name="test_edit_with_user_using_json" file="/app/vendor/gammamatrix/playground-test/src/Feature/Http/Controllers/Resource/EditTrait.php" line="64" class="Tests\Feature\GammaMatrix\Playground\Matrix\Resource\Http\Controllers\FlowRouteTest" classname="Tests.Feature.GammaMatrix.Playground.Matrix.Resource.Http.Controllers.FlowRouteTest" assertions="4" time="0.094834"/>
        <testcase name="test_user_can_render_edit_view_with_invalid_parameter" file="/app/vendor/gammamatrix/playground-test/src/Feature/Http/Controllers/Resource/EditTrait.php" line="91" class="Tests\Feature\GammaMatrix\Playground\Matrix\Resource\Http\Controllers\FlowRouteTest" classname="Tests.Feature.GammaMatrix.Playground.Matrix.Resource.Http.Controllers.FlowRouteTest" assertions="4" time="0.091393"/>
        <testcase name="test_destroy_as_guest_and_fail_authorization" file="/app/vendor/gammamatrix/playground-test/src/Feature/Http/Controllers/Resource/DestroyTrait.php" line="17" class="Tests\Feature\GammaMatrix\Playground\Matrix\Resource\Http\Controllers\FlowRouteTest" classname="Tests.Feature.GammaMatrix.Playground.Matrix.Resource.Http.Controllers.FlowRouteTest" assertions="4" time="0.081030"/>
        <testcase name="test_destroy_as_standard_user_and_succeed" file="/app/vendor/gammamatrix/playground-test/src/Feature/Http/Controllers/Resource/DestroyTrait.php" line="59" class="Tests\Feature\GammaMatrix\Playground\Matrix\Resource\Http\Controllers\FlowRouteTest" classname="Tests.Feature.GammaMatrix.Playground.Matrix.Resource.Http.Controllers.FlowRouteTest" assertions="5" time="0.094968"/>
        <testcase name="test_destroy_as_standard_user_and_succeed_with_force_delete" file="/app/vendor/gammamatrix/playground-test/src/Feature/Http/Controllers/Resource/DestroyTrait.php" line="102" class="Tests\Feature\GammaMatrix\Playground\Matrix\Resource\Http\Controllers\FlowRouteTest" classname="Tests.Feature.GammaMatrix.Playground.Matrix.Resource.Http.Controllers.FlowRouteTest" assertions="4" time="0.087517"/>
        <testcase name="test_destroy_as_standard_user_using_json_and_succeed_with_no_content" file="/app/vendor/gammamatrix/playground-test/src/Feature/Http/Controllers/Resource/DestroyTrait.php" line="140" class="Tests\Feature\GammaMatrix\Playground\Matrix\Resource\Http\Controllers\FlowRouteTest" classname="Tests.Feature.GammaMatrix.Playground.Matrix.Resource.Http.Controllers.FlowRouteTest" assertions="5" time="0.087416"/>
        <testcase name="test_destroy_as_standard_user_and_succeed_with_redirect_to_index_with_trash" file="/app/vendor/gammamatrix/playground-test/src/Feature/Http/Controllers/Resource/DestroyTrait.php" line="183" class="Tests\Feature\GammaMatrix\Playground\Matrix\Resource\Http\Controllers\FlowRouteTest" classname="Tests.Feature.GammaMatrix.Playground.Matrix.Resource.Http.Controllers.FlowRouteTest" assertions="5" time="0.086254"/>
        <testcase name="test_destroy_as_role_user_get_denied_and_no_force_delete_allowed" file="/app/vendor/gammamatrix/playground-test/src/Feature/Http/Controllers/Resource/DestroyTrait.php" line="239" class="Tests\Feature\GammaMatrix\Playground\Matrix\Resource\Http\Controllers\FlowRouteTest" classname="Tests.Feature.GammaMatrix.Playground.Matrix.Resource.Http.Controllers.FlowRouteTest" assertions="3" time="0.088670"/>
        <testcase name="test_destroy_as_role_admin_and_succeed" file="/app/vendor/gammamatrix/playground-test/src/Feature/Http/Controllers/Resource/DestroyTrait.php" line="286" class="Tests\Feature\GammaMatrix\Playground\Matrix\Resource\Http\Controllers\FlowRouteTest" classname="Tests.Feature.GammaMatrix.Playground.Matrix.Resource.Http.Controllers.FlowRouteTest" assertions="5" time="0.087272"/>
        <testcase name="test_destroy_as_role_admin_and_succeed_with_force_delete" file="/app/vendor/gammamatrix/playground-test/src/Feature/Http/Controllers/Resource/DestroyTrait.php" line="339" class="Tests\Feature\GammaMatrix\Playground\Matrix\Resource\Http\Controllers\FlowRouteTest" classname="Tests.Feature.GammaMatrix.Playground.Matrix.Resource.Http.Controllers.FlowRouteTest" assertions="4" time="0.086691"/>
      </testsuite>
      <testsuite name="Tests\Feature\GammaMatrix\Playground\Matrix\Resource\Http\Controllers\MilestoneRouteTest" file="/app/tests/Feature/Http/Controllers/MilestoneRouteTest.php" tests="16" assertions="61" errors="0" failures="0" skipped="0" time="1.555973">
        <testcase name="test_guest_cannot_render_create_view" file="/app/vendor/gammamatrix/playground-test/src/Feature/Http/Controllers/Resource/CreateTrait.php" line="17" class="Tests\Feature\GammaMatrix\Playground\Matrix\Resource\Http\Controllers\MilestoneRouteTest" classname="Tests.Feature.GammaMatrix.Playground.Matrix.Resource.Http.Controllers.MilestoneRouteTest" assertions="2" time="0.120396"/>
        <testcase name="test_user_can_render_create_view_with_return_url" file="/app/vendor/gammamatrix/playground-test/src/Feature/Http/Controllers/Resource/CreateTrait.php" line="28" class="Tests\Feature\GammaMatrix\Playground\Matrix\Resource\Http\Controllers\MilestoneRouteTest" classname="Tests.Feature.GammaMatrix.Playground.Matrix.Resource.Http.Controllers.MilestoneRouteTest" assertions="3" time="0.145500"/>
        <testcase name="test_create_with_user_using_json" file="/app/vendor/gammamatrix/playground-test/src/Feature/Http/Controllers/Resource/CreateTrait.php" line="53" class="Tests\Feature\GammaMatrix\Playground\Matrix\Resource\Http\Controllers\MilestoneRouteTest" classname="Tests.Feature.GammaMatrix.Playground.Matrix.Resource.Http.Controllers.MilestoneRouteTest" assertions="4" time="0.087735"/>
        <testcase name="test_user_can_render_create_view_with_invalid_parameter" file="/app/vendor/gammamatrix/playground-test/src/Feature/Http/Controllers/Resource/CreateTrait.php" line="74" class="Tests\Feature\GammaMatrix\Playground\Matrix\Resource\Http\Controllers\MilestoneRouteTest" classname="Tests.Feature.GammaMatrix.Playground.Matrix.Resource.Http.Controllers.MilestoneRouteTest" assertions="4" time="0.089523"/>
        <testcase name="test_guest_cannot_render_edit_view" file="/app/vendor/gammamatrix/playground-test/src/Feature/Http/Controllers/Resource/EditTrait.php" line="17" class="Tests\Feature\GammaMatrix\Playground\Matrix\Resource\Http\Controllers\MilestoneRouteTest" classname="Tests.Feature.GammaMatrix.Playground.Matrix.Resource.Http.Controllers.MilestoneRouteTest" assertions="2" time="0.082259"/>
        <testcase name="test_user_can_render_edit_view_with_return_url" file="/app/vendor/gammamatrix/playground-test/src/Feature/Http/Controllers/Resource/EditTrait.php" line="34" class="Tests\Feature\GammaMatrix\Playground\Matrix\Resource\Http\Controllers\MilestoneRouteTest" classname="Tests.Feature.GammaMatrix.Playground.Matrix.Resource.Http.Controllers.MilestoneRouteTest" assertions="3" time="0.124569"/>
        <testcase name="test_edit_with_user_using_json" file="/app/vendor/gammamatrix/playground-test/src/Feature/Http/Controllers/Resource/EditTrait.php" line="64" class="Tests\Feature\GammaMatrix\Playground\Matrix\Resource\Http\Controllers\MilestoneRouteTest" classname="Tests.Feature.GammaMatrix.Playground.Matrix.Resource.Http.Controllers.MilestoneRouteTest" assertions="4" time="0.099046"/>
        <testcase name="test_user_can_render_edit_view_with_invalid_parameter" file="/app/vendor/gammamatrix/playground-test/src/Feature/Http/Controllers/Resource/EditTrait.php" line="91" class="Tests\Feature\GammaMatrix\Playground\Matrix\Resource\Http\Controllers\MilestoneRouteTest" classname="Tests.Feature.GammaMatrix.Playground.Matrix.Resource.Http.Controllers.MilestoneRouteTest" assertions="4" time="0.096297"/>
        <testcase name="test_destroy_as_guest_and_fail_authorization" file="/app/vendor/gammamatrix/playground-test/src/Feature/Http/Controllers/Resource/DestroyTrait.php" line="17" class="Tests\Feature\GammaMatrix\Playground\Matrix\Resource\Http\Controllers\MilestoneRouteTest" classname="Tests.Feature.GammaMatrix.Playground.Matrix.Resource.Http.Controllers.MilestoneRouteTest" assertions="4" time="0.080323"/>
        <testcase name="test_destroy_as_standard_user_and_succeed" file="/app/vendor/gammamatrix/playground-test/src/Feature/Http/Controllers/Resource/DestroyTrait.php" line="59" class="Tests\Feature\GammaMatrix\Playground\Matrix\Resource\Http\Controllers\MilestoneRouteTest" classname="Tests.Feature.GammaMatrix.Playground.Matrix.Resource.Http.Controllers.MilestoneRouteTest" assertions="5" time="0.090394"/>
        <testcase name="test_destroy_as_standard_user_and_succeed_with_force_delete" file="/app/vendor/gammamatrix/playground-test/src/Feature/Http/Controllers/Resource/DestroyTrait.php" line="102" class="Tests\Feature\GammaMatrix\Playground\Matrix\Resource\Http\Controllers\MilestoneRouteTest" classname="Tests.Feature.GammaMatrix.Playground.Matrix.Resource.Http.Controllers.MilestoneRouteTest" assertions="4" time="0.086915"/>
        <testcase name="test_destroy_as_standard_user_using_json_and_succeed_with_no_content" file="/app/vendor/gammamatrix/playground-test/src/Feature/Http/Controllers/Resource/DestroyTrait.php" line="140" class="Tests\Feature\GammaMatrix\Playground\Matrix\Resource\Http\Controllers\MilestoneRouteTest" classname="Tests.Feature.GammaMatrix.Playground.Matrix.Resource.Http.Controllers.MilestoneRouteTest" assertions="5" time="0.091646"/>
        <testcase name="test_destroy_as_standard_user_and_succeed_with_redirect_to_index_with_trash" file="/app/vendor/gammamatrix/playground-test/src/Feature/Http/Controllers/Resource/DestroyTrait.php" line="183" class="Tests\Feature\GammaMatrix\Playground\Matrix\Resource\Http\Controllers\MilestoneRouteTest" classname="Tests.Feature.GammaMatrix.Playground.Matrix.Resource.Http.Controllers.MilestoneRouteTest" assertions="5" time="0.093313"/>
        <testcase name="test_destroy_as_role_user_get_denied_and_no_force_delete_allowed" file="/app/vendor/gammamatrix/playground-test/src/Feature/Http/Controllers/Resource/DestroyTrait.php" line="239" class="Tests\Feature\GammaMatrix\Playground\Matrix\Resource\Http\Controllers\MilestoneRouteTest" classname="Tests.Feature.GammaMatrix.Playground.Matrix.Resource.Http.Controllers.MilestoneRouteTest" assertions="3" time="0.086752"/>
        <testcase name="test_destroy_as_role_admin_and_succeed" file="/app/vendor/gammamatrix/playground-test/src/Feature/Http/Controllers/Resource/DestroyTrait.php" line="286" class="Tests\Feature\GammaMatrix\Playground\Matrix\Resource\Http\Controllers\MilestoneRouteTest" classname="Tests.Feature.GammaMatrix.Playground.Matrix.Resource.Http.Controllers.MilestoneRouteTest" assertions="5" time="0.089023"/>
        <testcase name="test_destroy_as_role_admin_and_succeed_with_force_delete" file="/app/vendor/gammamatrix/playground-test/src/Feature/Http/Controllers/Resource/DestroyTrait.php" line="339" class="Tests\Feature\GammaMatrix\Playground\Matrix\Resource\Http\Controllers\MilestoneRouteTest" classname="Tests.Feature.GammaMatrix.Playground.Matrix.Resource.Http.Controllers.MilestoneRouteTest" assertions="4" time="0.092283"/>
      </testsuite>
      <testsuite name="Tests\Feature\GammaMatrix\Playground\Matrix\Resource\Http\Controllers\NoteRouteTest" file="/app/tests/Feature/Http/Controllers/NoteRouteTest.php" tests="16" assertions="61" errors="0" failures="0" skipped="0" time="1.554728">
        <testcase name="test_guest_cannot_render_create_view" file="/app/vendor/gammamatrix/playground-test/src/Feature/Http/Controllers/Resource/CreateTrait.php" line="17" class="Tests\Feature\GammaMatrix\Playground\Matrix\Resource\Http\Controllers\NoteRouteTest" classname="Tests.Feature.GammaMatrix.Playground.Matrix.Resource.Http.Controllers.NoteRouteTest" assertions="2" time="0.125539"/>
        <testcase name="test_user_can_render_create_view_with_return_url" file="/app/vendor/gammamatrix/playground-test/src/Feature/Http/Controllers/Resource/CreateTrait.php" line="28" class="Tests\Feature\GammaMatrix\Playground\Matrix\Resource\Http\Controllers\NoteRouteTest" classname="Tests.Feature.GammaMatrix.Playground.Matrix.Resource.Http.Controllers.NoteRouteTest" assertions="3" time="0.136146"/>
        <testcase name="test_create_with_user_using_json" file="/app/vendor/gammamatrix/playground-test/src/Feature/Http/Controllers/Resource/CreateTrait.php" line="53" class="Tests\Feature\GammaMatrix\Playground\Matrix\Resource\Http\Controllers\NoteRouteTest" classname="Tests.Feature.GammaMatrix.Playground.Matrix.Resource.Http.Controllers.NoteRouteTest" assertions="4" time="0.086953"/>
        <testcase name="test_user_can_render_create_view_with_invalid_parameter" file="/app/vendor/gammamatrix/playground-test/src/Feature/Http/Controllers/Resource/CreateTrait.php" line="74" class="Tests\Feature\GammaMatrix\Playground\Matrix\Resource\Http\Controllers\NoteRouteTest" classname="Tests.Feature.GammaMatrix.Playground.Matrix.Resource.Http.Controllers.NoteRouteTest" assertions="4" time="0.085423"/>
        <testcase name="test_guest_cannot_render_edit_view" file="/app/vendor/gammamatrix/playground-test/src/Feature/Http/Controllers/Resource/EditTrait.php" line="17" class="Tests\Feature\GammaMatrix\Playground\Matrix\Resource\Http\Controllers\NoteRouteTest" classname="Tests.Feature.GammaMatrix.Playground.Matrix.Resource.Http.Controllers.NoteRouteTest" assertions="2" time="0.081699"/>
        <testcase name="test_user_can_render_edit_view_with_return_url" file="/app/vendor/gammamatrix/playground-test/src/Feature/Http/Controllers/Resource/EditTrait.php" line="34" class="Tests\Feature\GammaMatrix\Playground\Matrix\Resource\Http\Controllers\NoteRouteTest" classname="Tests.Feature.GammaMatrix.Playground.Matrix.Resource.Http.Controllers.NoteRouteTest" assertions="3" time="0.121376"/>
        <testcase name="test_edit_with_user_using_json" file="/app/vendor/gammamatrix/playground-test/src/Feature/Http/Controllers/Resource/EditTrait.php" line="64" class="Tests\Feature\GammaMatrix\Playground\Matrix\Resource\Http\Controllers\NoteRouteTest" classname="Tests.Feature.GammaMatrix.Playground.Matrix.Resource.Http.Controllers.NoteRouteTest" assertions="4" time="0.095895"/>
        <testcase name="test_user_can_render_edit_view_with_invalid_parameter" file="/app/vendor/gammamatrix/playground-test/src/Feature/Http/Controllers/Resource/EditTrait.php" line="91" class="Tests\Feature\GammaMatrix\Playground\Matrix\Resource\Http\Controllers\NoteRouteTest" classname="Tests.Feature.GammaMatrix.Playground.Matrix.Resource.Http.Controllers.NoteRouteTest" assertions="4" time="0.104795"/>
        <testcase name="test_destroy_as_guest_and_fail_authorization" file="/app/vendor/gammamatrix/playground-test/src/Feature/Http/Controllers/Resource/DestroyTrait.php" line="17" class="Tests\Feature\GammaMatrix\Playground\Matrix\Resource\Http\Controllers\NoteRouteTest" classname="Tests.Feature.GammaMatrix.Playground.Matrix.Resource.Http.Controllers.NoteRouteTest" assertions="4" time="0.080434"/>
        <testcase name="test_destroy_as_standard_user_and_succeed" file="/app/vendor/gammamatrix/playground-test/src/Feature/Http/Controllers/Resource/DestroyTrait.php" line="59" class="Tests\Feature\GammaMatrix\Playground\Matrix\Resource\Http\Controllers\NoteRouteTest" classname="Tests.Feature.GammaMatrix.Playground.Matrix.Resource.Http.Controllers.NoteRouteTest" assertions="5" time="0.091166"/>
        <testcase name="test_destroy_as_standard_user_and_succeed_with_force_delete" file="/app/vendor/gammamatrix/playground-test/src/Feature/Http/Controllers/Resource/DestroyTrait.php" line="102" class="Tests\Feature\GammaMatrix\Playground\Matrix\Resource\Http\Controllers\NoteRouteTest" classname="Tests.Feature.GammaMatrix.Playground.Matrix.Resource.Http.Controllers.NoteRouteTest" assertions="4" time="0.100631"/>
        <testcase name="test_destroy_as_standard_user_using_json_and_succeed_with_no_content" file="/app/vendor/gammamatrix/playground-test/src/Feature/Http/Controllers/Resource/DestroyTrait.php" line="140" class="Tests\Feature\GammaMatrix\Playground\Matrix\Resource\Http\Controllers\NoteRouteTest" classname="Tests.Feature.GammaMatrix.Playground.Matrix.Resource.Http.Controllers.NoteRouteTest" assertions="5" time="0.089678"/>
        <testcase name="test_destroy_as_standard_user_and_succeed_with_redirect_to_index_with_trash" file="/app/vendor/gammamatrix/playground-test/src/Feature/Http/Controllers/Resource/DestroyTrait.php" line="183" class="Tests\Feature\GammaMatrix\Playground\Matrix\Resource\Http\Controllers\NoteRouteTest" classname="Tests.Feature.GammaMatrix.Playground.Matrix.Resource.Http.Controllers.NoteRouteTest" assertions="5" time="0.086934"/>
        <testcase name="test_destroy_as_role_user_get_denied_and_no_force_delete_allowed" file="/app/vendor/gammamatrix/playground-test/src/Feature/Http/Controllers/Resource/DestroyTrait.php" line="239" class="Tests\Feature\GammaMatrix\Playground\Matrix\Resource\Http\Controllers\NoteRouteTest" classname="Tests.Feature.GammaMatrix.Playground.Matrix.Resource.Http.Controllers.NoteRouteTest" assertions="3" time="0.089371"/>
        <testcase name="test_destroy_as_role_admin_and_succeed" file="/app/vendor/gammamatrix/playground-test/src/Feature/Http/Controllers/Resource/DestroyTrait.php" line="286" class="Tests\Feature\GammaMatrix\Playground\Matrix\Resource\Http\Controllers\NoteRouteTest" classname="Tests.Feature.GammaMatrix.Playground.Matrix.Resource.Http.Controllers.NoteRouteTest" assertions="5" time="0.089645"/>
        <testcase name="test_destroy_as_role_admin_and_succeed_with_force_delete" file="/app/vendor/gammamatrix/playground-test/src/Feature/Http/Controllers/Resource/DestroyTrait.php" line="339" class="Tests\Feature\GammaMatrix\Playground\Matrix\Resource\Http\Controllers\NoteRouteTest" classname="Tests.Feature.GammaMatrix.Playground.Matrix.Resource.Http.Controllers.NoteRouteTest" assertions="4" time="0.089043"/>
      </testsuite>
      <testsuite name="Tests\Feature\GammaMatrix\Playground\Matrix\Resource\Http\Controllers\ProjectRouteTest" file="/app/tests/Feature/Http/Controllers/ProjectRouteTest.php" tests="16" assertions="61" errors="0" failures="0" skipped="0" time="1.609568">
        <testcase name="test_guest_cannot_render_create_view" file="/app/vendor/gammamatrix/playground-test/src/Feature/Http/Controllers/Resource/CreateTrait.php" line="17" class="Tests\Feature\GammaMatrix\Playground\Matrix\Resource\Http\Controllers\ProjectRouteTest" classname="Tests.Feature.GammaMatrix.Playground.Matrix.Resource.Http.Controllers.ProjectRouteTest" assertions="2" time="0.126085"/>
        <testcase name="test_user_can_render_create_view_with_return_url" file="/app/vendor/gammamatrix/playground-test/src/Feature/Http/Controllers/Resource/CreateTrait.php" line="28" class="Tests\Feature\GammaMatrix\Playground\Matrix\Resource\Http\Controllers\ProjectRouteTest" classname="Tests.Feature.GammaMatrix.Playground.Matrix.Resource.Http.Controllers.ProjectRouteTest" assertions="3" time="0.143116"/>
        <testcase name="test_create_with_user_using_json" file="/app/vendor/gammamatrix/playground-test/src/Feature/Http/Controllers/Resource/CreateTrait.php" line="53" class="Tests\Feature\GammaMatrix\Playground\Matrix\Resource\Http\Controllers\ProjectRouteTest" classname="Tests.Feature.GammaMatrix.Playground.Matrix.Resource.Http.Controllers.ProjectRouteTest" assertions="4" time="0.094615"/>
        <testcase name="test_user_can_render_create_view_with_invalid_parameter" file="/app/vendor/gammamatrix/playground-test/src/Feature/Http/Controllers/Resource/CreateTrait.php" line="74" class="Tests\Feature\GammaMatrix\Playground\Matrix\Resource\Http\Controllers\ProjectRouteTest" classname="Tests.Feature.GammaMatrix.Playground.Matrix.Resource.Http.Controllers.ProjectRouteTest" assertions="4" time="0.089848"/>
        <testcase name="test_guest_cannot_render_edit_view" file="/app/vendor/gammamatrix/playground-test/src/Feature/Http/Controllers/Resource/EditTrait.php" line="17" class="Tests\Feature\GammaMatrix\Playground\Matrix\Resource\Http\Controllers\ProjectRouteTest" classname="Tests.Feature.GammaMatrix.Playground.Matrix.Resource.Http.Controllers.ProjectRouteTest" assertions="2" time="0.086683"/>
        <testcase name="test_user_can_render_edit_view_with_return_url" file="/app/vendor/gammamatrix/playground-test/src/Feature/Http/Controllers/Resource/EditTrait.php" line="34" class="Tests\Feature\GammaMatrix\Playground\Matrix\Resource\Http\Controllers\ProjectRouteTest" classname="Tests.Feature.GammaMatrix.Playground.Matrix.Resource.Http.Controllers.ProjectRouteTest" assertions="3" time="0.139730"/>
        <testcase name="test_edit_with_user_using_json" file="/app/vendor/gammamatrix/playground-test/src/Feature/Http/Controllers/Resource/EditTrait.php" line="64" class="Tests\Feature\GammaMatrix\Playground\Matrix\Resource\Http\Controllers\ProjectRouteTest" classname="Tests.Feature.GammaMatrix.Playground.Matrix.Resource.Http.Controllers.ProjectRouteTest" assertions="4" time="0.098750"/>
        <testcase name="test_user_can_render_edit_view_with_invalid_parameter" file="/app/vendor/gammamatrix/playground-test/src/Feature/Http/Controllers/Resource/EditTrait.php" line="91" class="Tests\Feature\GammaMatrix\Playground\Matrix\Resource\Http\Controllers\ProjectRouteTest" classname="Tests.Feature.GammaMatrix.Playground.Matrix.Resource.Http.Controllers.ProjectRouteTest" assertions="4" time="0.095605"/>
        <testcase name="test_destroy_as_guest_and_fail_authorization" file="/app/vendor/gammamatrix/playground-test/src/Feature/Http/Controllers/Resource/DestroyTrait.php" line="17" class="Tests\Feature\GammaMatrix\Playground\Matrix\Resource\Http\Controllers\ProjectRouteTest" classname="Tests.Feature.GammaMatrix.Playground.Matrix.Resource.Http.Controllers.ProjectRouteTest" assertions="4" time="0.092736"/>
        <testcase name="test_destroy_as_standard_user_and_succeed" file="/app/vendor/gammamatrix/playground-test/src/Feature/Http/Controllers/Resource/DestroyTrait.php" line="59" class="Tests\Feature\GammaMatrix\Playground\Matrix\Resource\Http\Controllers\ProjectRouteTest" classname="Tests.Feature.GammaMatrix.Playground.Matrix.Resource.Http.Controllers.ProjectRouteTest" assertions="5" time="0.095378"/>
        <testcase name="test_destroy_as_standard_user_and_succeed_with_force_delete" file="/app/vendor/gammamatrix/playground-test/src/Feature/Http/Controllers/Resource/DestroyTrait.php" line="102" class="Tests\Feature\GammaMatrix\Playground\Matrix\Resource\Http\Controllers\ProjectRouteTest" classname="Tests.Feature.GammaMatrix.Playground.Matrix.Resource.Http.Controllers.ProjectRouteTest" assertions="4" time="0.088981"/>
        <testcase name="test_destroy_as_standard_user_using_json_and_succeed_with_no_content" file="/app/vendor/gammamatrix/playground-test/src/Feature/Http/Controllers/Resource/DestroyTrait.php" line="140" class="Tests\Feature\GammaMatrix\Playground\Matrix\Resource\Http\Controllers\ProjectRouteTest" classname="Tests.Feature.GammaMatrix.Playground.Matrix.Resource.Http.Controllers.ProjectRouteTest" assertions="5" time="0.090395"/>
        <testcase name="test_destroy_as_standard_user_and_succeed_with_redirect_to_index_with_trash" file="/app/vendor/gammamatrix/playground-test/src/Feature/Http/Controllers/Resource/DestroyTrait.php" line="183" class="Tests\Feature\GammaMatrix\Playground\Matrix\Resource\Http\Controllers\ProjectRouteTest" classname="Tests.Feature.GammaMatrix.Playground.Matrix.Resource.Http.Controllers.ProjectRouteTest" assertions="5" time="0.093748"/>
        <testcase name="test_destroy_as_role_user_get_denied_and_no_force_delete_allowed" file="/app/vendor/gammamatrix/playground-test/src/Feature/Http/Controllers/Resource/DestroyTrait.php" line="239" class="Tests\Feature\GammaMatrix\Playground\Matrix\Resource\Http\Controllers\ProjectRouteTest" classname="Tests.Feature.GammaMatrix.Playground.Matrix.Resource.Http.Controllers.ProjectRouteTest" assertions="3" time="0.090301"/>
        <testcase name="test_destroy_as_role_admin_and_succeed" file="/app/vendor/gammamatrix/playground-test/src/Feature/Http/Controllers/Resource/DestroyTrait.php" line="286" class="Tests\Feature\GammaMatrix\Playground\Matrix\Resource\Http\Controllers\ProjectRouteTest" classname="Tests.Feature.GammaMatrix.Playground.Matrix.Resource.Http.Controllers.ProjectRouteTest" assertions="5" time="0.091409"/>
        <testcase name="test_destroy_as_role_admin_and_succeed_with_force_delete" file="/app/vendor/gammamatrix/playground-test/src/Feature/Http/Controllers/Resource/DestroyTrait.php" line="339" class="Tests\Feature\GammaMatrix\Playground\Matrix\Resource\Http\Controllers\ProjectRouteTest" classname="Tests.Feature.GammaMatrix.Playground.Matrix.Resource.Http.Controllers.ProjectRouteTest" assertions="4" time="0.092189"/>
      </testsuite>
      <testsuite name="Tests\Feature\GammaMatrix\Playground\Matrix\Resource\Http\Controllers\ReleaseRouteTest" file="/app/tests/Feature/Http/Controllers/ReleaseRouteTest.php" tests="16" assertions="61" errors="0" failures="0" skipped="0" time="1.586610">
        <testcase name="test_guest_cannot_render_create_view" file="/app/vendor/gammamatrix/playground-test/src/Feature/Http/Controllers/Resource/CreateTrait.php" line="17" class="Tests\Feature\GammaMatrix\Playground\Matrix\Resource\Http\Controllers\ReleaseRouteTest" classname="Tests.Feature.GammaMatrix.Playground.Matrix.Resource.Http.Controllers.ReleaseRouteTest" assertions="2" time="0.122701"/>
        <testcase name="test_user_can_render_create_view_with_return_url" file="/app/vendor/gammamatrix/playground-test/src/Feature/Http/Controllers/Resource/CreateTrait.php" line="28" class="Tests\Feature\GammaMatrix\Playground\Matrix\Resource\Http\Controllers\ReleaseRouteTest" classname="Tests.Feature.GammaMatrix.Playground.Matrix.Resource.Http.Controllers.ReleaseRouteTest" assertions="3" time="0.149229"/>
        <testcase name="test_create_with_user_using_json" file="/app/vendor/gammamatrix/playground-test/src/Feature/Http/Controllers/Resource/CreateTrait.php" line="53" class="Tests\Feature\GammaMatrix\Playground\Matrix\Resource\Http\Controllers\ReleaseRouteTest" classname="Tests.Feature.GammaMatrix.Playground.Matrix.Resource.Http.Controllers.ReleaseRouteTest" assertions="4" time="0.093063"/>
        <testcase name="test_user_can_render_create_view_with_invalid_parameter" file="/app/vendor/gammamatrix/playground-test/src/Feature/Http/Controllers/Resource/CreateTrait.php" line="74" class="Tests\Feature\GammaMatrix\Playground\Matrix\Resource\Http\Controllers\ReleaseRouteTest" classname="Tests.Feature.GammaMatrix.Playground.Matrix.Resource.Http.Controllers.ReleaseRouteTest" assertions="4" time="0.104226"/>
        <testcase name="test_guest_cannot_render_edit_view" file="/app/vendor/gammamatrix/playground-test/src/Feature/Http/Controllers/Resource/EditTrait.php" line="17" class="Tests\Feature\GammaMatrix\Playground\Matrix\Resource\Http\Controllers\ReleaseRouteTest" classname="Tests.Feature.GammaMatrix.Playground.Matrix.Resource.Http.Controllers.ReleaseRouteTest" assertions="2" time="0.082777"/>
        <testcase name="test_user_can_render_edit_view_with_return_url" file="/app/vendor/gammamatrix/playground-test/src/Feature/Http/Controllers/Resource/EditTrait.php" line="34" class="Tests\Feature\GammaMatrix\Playground\Matrix\Resource\Http\Controllers\ReleaseRouteTest" classname="Tests.Feature.GammaMatrix.Playground.Matrix.Resource.Http.Controllers.ReleaseRouteTest" assertions="3" time="0.126839"/>
        <testcase name="test_edit_with_user_using_json" file="/app/vendor/gammamatrix/playground-test/src/Feature/Http/Controllers/Resource/EditTrait.php" line="64" class="Tests\Feature\GammaMatrix\Playground\Matrix\Resource\Http\Controllers\ReleaseRouteTest" classname="Tests.Feature.GammaMatrix.Playground.Matrix.Resource.Http.Controllers.ReleaseRouteTest" assertions="4" time="0.100485"/>
        <testcase name="test_user_can_render_edit_view_with_invalid_parameter" file="/app/vendor/gammamatrix/playground-test/src/Feature/Http/Controllers/Resource/EditTrait.php" line="91" class="Tests\Feature\GammaMatrix\Playground\Matrix\Resource\Http\Controllers\ReleaseRouteTest" classname="Tests.Feature.GammaMatrix.Playground.Matrix.Resource.Http.Controllers.ReleaseRouteTest" assertions="4" time="0.092653"/>
        <testcase name="test_destroy_as_guest_and_fail_authorization" file="/app/vendor/gammamatrix/playground-test/src/Feature/Http/Controllers/Resource/DestroyTrait.php" line="17" class="Tests\Feature\GammaMatrix\Playground\Matrix\Resource\Http\Controllers\ReleaseRouteTest" classname="Tests.Feature.GammaMatrix.Playground.Matrix.Resource.Http.Controllers.ReleaseRouteTest" assertions="4" time="0.082118"/>
        <testcase name="test_destroy_as_standard_user_and_succeed" file="/app/vendor/gammamatrix/playground-test/src/Feature/Http/Controllers/Resource/DestroyTrait.php" line="59" class="Tests\Feature\GammaMatrix\Playground\Matrix\Resource\Http\Controllers\ReleaseRouteTest" classname="Tests.Feature.GammaMatrix.Playground.Matrix.Resource.Http.Controllers.ReleaseRouteTest" assertions="5" time="0.091628"/>
        <testcase name="test_destroy_as_standard_user_and_succeed_with_force_delete" file="/app/vendor/gammamatrix/playground-test/src/Feature/Http/Controllers/Resource/DestroyTrait.php" line="102" class="Tests\Feature\GammaMatrix\Playground\Matrix\Resource\Http\Controllers\ReleaseRouteTest" classname="Tests.Feature.GammaMatrix.Playground.Matrix.Resource.Http.Controllers.ReleaseRouteTest" assertions="4" time="0.090484"/>
        <testcase name="test_destroy_as_standard_user_using_json_and_succeed_with_no_content" file="/app/vendor/gammamatrix/playground-test/src/Feature/Http/Controllers/Resource/DestroyTrait.php" line="140" class="Tests\Feature\GammaMatrix\Playground\Matrix\Resource\Http\Controllers\ReleaseRouteTest" classname="Tests.Feature.GammaMatrix.Playground.Matrix.Resource.Http.Controllers.ReleaseRouteTest" assertions="5" time="0.089322"/>
        <testcase name="test_destroy_as_standard_user_and_succeed_with_redirect_to_index_with_trash" file="/app/vendor/gammamatrix/playground-test/src/Feature/Http/Controllers/Resource/DestroyTrait.php" line="183" class="Tests\Feature\GammaMatrix\Playground\Matrix\Resource\Http\Controllers\ReleaseRouteTest" classname="Tests.Feature.GammaMatrix.Playground.Matrix.Resource.Http.Controllers.ReleaseRouteTest" assertions="5" time="0.088327"/>
        <testcase name="test_destroy_as_role_user_get_denied_and_no_force_delete_allowed" file="/app/vendor/gammamatrix/playground-test/src/Feature/Http/Controllers/Resource/DestroyTrait.php" line="239" class="Tests\Feature\GammaMatrix\Playground\Matrix\Resource\Http\Controllers\ReleaseRouteTest" classname="Tests.Feature.GammaMatrix.Playground.Matrix.Resource.Http.Controllers.ReleaseRouteTest" assertions="3" time="0.088479"/>
        <testcase name="test_destroy_as_role_admin_and_succeed" file="/app/vendor/gammamatrix/playground-test/src/Feature/Http/Controllers/Resource/DestroyTrait.php" line="286" class="Tests\Feature\GammaMatrix\Playground\Matrix\Resource\Http\Controllers\ReleaseRouteTest" classname="Tests.Feature.GammaMatrix.Playground.Matrix.Resource.Http.Controllers.ReleaseRouteTest" assertions="5" time="0.094398"/>
        <testcase name="test_destroy_as_role_admin_and_succeed_with_force_delete" file="/app/vendor/gammamatrix/playground-test/src/Feature/Http/Controllers/Resource/DestroyTrait.php" line="339" class="Tests\Feature\GammaMatrix\Playground\Matrix\Resource\Http\Controllers\ReleaseRouteTest" classname="Tests.Feature.GammaMatrix.Playground.Matrix.Resource.Http.Controllers.ReleaseRouteTest" assertions="4" time="0.089883"/>
      </testsuite>
      <testsuite name="Tests\Feature\GammaMatrix\Playground\Matrix\Resource\Http\Controllers\RoadmapRouteTest" file="/app/tests/Feature/Http/Controllers/RoadmapRouteTest.php" tests="16" assertions="61" errors="0" failures="0" skipped="0" time="1.628204">
        <testcase name="test_guest_cannot_render_create_view" file="/app/vendor/gammamatrix/playground-test/src/Feature/Http/Controllers/Resource/CreateTrait.php" line="17" class="Tests\Feature\GammaMatrix\Playground\Matrix\Resource\Http\Controllers\RoadmapRouteTest" classname="Tests.Feature.GammaMatrix.Playground.Matrix.Resource.Http.Controllers.RoadmapRouteTest" assertions="2" time="0.126771"/>
        <testcase name="test_user_can_render_create_view_with_return_url" file="/app/vendor/gammamatrix/playground-test/src/Feature/Http/Controllers/Resource/CreateTrait.php" line="28" class="Tests\Feature\GammaMatrix\Playground\Matrix\Resource\Http\Controllers\RoadmapRouteTest" classname="Tests.Feature.GammaMatrix.Playground.Matrix.Resource.Http.Controllers.RoadmapRouteTest" assertions="3" time="0.145789"/>
        <testcase name="test_create_with_user_using_json" file="/app/vendor/gammamatrix/playground-test/src/Feature/Http/Controllers/Resource/CreateTrait.php" line="53" class="Tests\Feature\GammaMatrix\Playground\Matrix\Resource\Http\Controllers\RoadmapRouteTest" classname="Tests.Feature.GammaMatrix.Playground.Matrix.Resource.Http.Controllers.RoadmapRouteTest" assertions="4" time="0.093910"/>
        <testcase name="test_user_can_render_create_view_with_invalid_parameter" file="/app/vendor/gammamatrix/playground-test/src/Feature/Http/Controllers/Resource/CreateTrait.php" line="74" class="Tests\Feature\GammaMatrix\Playground\Matrix\Resource\Http\Controllers\RoadmapRouteTest" classname="Tests.Feature.GammaMatrix.Playground.Matrix.Resource.Http.Controllers.RoadmapRouteTest" assertions="4" time="0.088024"/>
        <testcase name="test_guest_cannot_render_edit_view" file="/app/vendor/gammamatrix/playground-test/src/Feature/Http/Controllers/Resource/EditTrait.php" line="17" class="Tests\Feature\GammaMatrix\Playground\Matrix\Resource\Http\Controllers\RoadmapRouteTest" classname="Tests.Feature.GammaMatrix.Playground.Matrix.Resource.Http.Controllers.RoadmapRouteTest" assertions="2" time="0.101386"/>
        <testcase name="test_user_can_render_edit_view_with_return_url" file="/app/vendor/gammamatrix/playground-test/src/Feature/Http/Controllers/Resource/EditTrait.php" line="34" class="Tests\Feature\GammaMatrix\Playground\Matrix\Resource\Http\Controllers\RoadmapRouteTest" classname="Tests.Feature.GammaMatrix.Playground.Matrix.Resource.Http.Controllers.RoadmapRouteTest" assertions="3" time="0.129215"/>
        <testcase name="test_edit_with_user_using_json" file="/app/vendor/gammamatrix/playground-test/src/Feature/Http/Controllers/Resource/EditTrait.php" line="64" class="Tests\Feature\GammaMatrix\Playground\Matrix\Resource\Http\Controllers\RoadmapRouteTest" classname="Tests.Feature.GammaMatrix.Playground.Matrix.Resource.Http.Controllers.RoadmapRouteTest" assertions="4" time="0.105014"/>
        <testcase name="test_user_can_render_edit_view_with_invalid_parameter" file="/app/vendor/gammamatrix/playground-test/src/Feature/Http/Controllers/Resource/EditTrait.php" line="91" class="Tests\Feature\GammaMatrix\Playground\Matrix\Resource\Http\Controllers\RoadmapRouteTest" classname="Tests.Feature.GammaMatrix.Playground.Matrix.Resource.Http.Controllers.RoadmapRouteTest" assertions="4" time="0.096874"/>
        <testcase name="test_destroy_as_guest_and_fail_authorization" file="/app/vendor/gammamatrix/playground-test/src/Feature/Http/Controllers/Resource/DestroyTrait.php" line="17" class="Tests\Feature\GammaMatrix\Playground\Matrix\Resource\Http\Controllers\RoadmapRouteTest" classname="Tests.Feature.GammaMatrix.Playground.Matrix.Resource.Http.Controllers.RoadmapRouteTest" assertions="4" time="0.083028"/>
        <testcase name="test_destroy_as_standard_user_and_succeed" file="/app/vendor/gammamatrix/playground-test/src/Feature/Http/Controllers/Resource/DestroyTrait.php" line="59" class="Tests\Feature\GammaMatrix\Playground\Matrix\Resource\Http\Controllers\RoadmapRouteTest" classname="Tests.Feature.GammaMatrix.Playground.Matrix.Resource.Http.Controllers.RoadmapRouteTest" assertions="5" time="0.095156"/>
        <testcase name="test_destroy_as_standard_user_and_succeed_with_force_delete" file="/app/vendor/gammamatrix/playground-test/src/Feature/Http/Controllers/Resource/DestroyTrait.php" line="102" class="Tests\Feature\GammaMatrix\Playground\Matrix\Resource\Http\Controllers\RoadmapRouteTest" classname="Tests.Feature.GammaMatrix.Playground.Matrix.Resource.Http.Controllers.RoadmapRouteTest" assertions="4" time="0.092709"/>
        <testcase name="test_destroy_as_standard_user_using_json_and_succeed_with_no_content" file="/app/vendor/gammamatrix/playground-test/src/Feature/Http/Controllers/Resource/DestroyTrait.php" line="140" class="Tests\Feature\GammaMatrix\Playground\Matrix\Resource\Http\Controllers\RoadmapRouteTest" classname="Tests.Feature.GammaMatrix.Playground.Matrix.Resource.Http.Controllers.RoadmapRouteTest" assertions="5" time="0.092145"/>
        <testcase name="test_destroy_as_standard_user_and_succeed_with_redirect_to_index_with_trash" file="/app/vendor/gammamatrix/playground-test/src/Feature/Http/Controllers/Resource/DestroyTrait.php" line="183" class="Tests\Feature\GammaMatrix\Playground\Matrix\Resource\Http\Controllers\RoadmapRouteTest" classname="Tests.Feature.GammaMatrix.Playground.Matrix.Resource.Http.Controllers.RoadmapRouteTest" assertions="5" time="0.090402"/>
        <testcase name="test_destroy_as_role_user_get_denied_and_no_force_delete_allowed" file="/app/vendor/gammamatrix/playground-test/src/Feature/Http/Controllers/Resource/DestroyTrait.php" line="239" class="Tests\Feature\GammaMatrix\Playground\Matrix\Resource\Http\Controllers\RoadmapRouteTest" classname="Tests.Feature.GammaMatrix.Playground.Matrix.Resource.Http.Controllers.RoadmapRouteTest" assertions="3" time="0.093117"/>
        <testcase name="test_destroy_as_role_admin_and_succeed" file="/app/vendor/gammamatrix/playground-test/src/Feature/Http/Controllers/Resource/DestroyTrait.php" line="286" class="Tests\Feature\GammaMatrix\Playground\Matrix\Resource\Http\Controllers\RoadmapRouteTest" classname="Tests.Feature.GammaMatrix.Playground.Matrix.Resource.Http.Controllers.RoadmapRouteTest" assertions="5" time="0.092804"/>
        <testcase name="test_destroy_as_role_admin_and_succeed_with_force_delete" file="/app/vendor/gammamatrix/playground-test/src/Feature/Http/Controllers/Resource/DestroyTrait.php" line="339" class="Tests\Feature\GammaMatrix\Playground\Matrix\Resource\Http\Controllers\RoadmapRouteTest" classname="Tests.Feature.GammaMatrix.Playground.Matrix.Resource.Http.Controllers.RoadmapRouteTest" assertions="4" time="0.101861"/>
      </testsuite>
      <testsuite name="Tests\Feature\GammaMatrix\Playground\Matrix\Resource\Http\Controllers\SourceRouteTest" file="/app/tests/Feature/Http/Controllers/SourceRouteTest.php" tests="16" assertions="61" errors="0" failures="0" skipped="0" time="1.661489">
        <testcase name="test_guest_cannot_render_create_view" file="/app/vendor/gammamatrix/playground-test/src/Feature/Http/Controllers/Resource/CreateTrait.php" line="17" class="Tests\Feature\GammaMatrix\Playground\Matrix\Resource\Http\Controllers\SourceRouteTest" classname="Tests.Feature.GammaMatrix.Playground.Matrix.Resource.Http.Controllers.SourceRouteTest" assertions="2" time="0.131070"/>
        <testcase name="test_user_can_render_create_view_with_return_url" file="/app/vendor/gammamatrix/playground-test/src/Feature/Http/Controllers/Resource/CreateTrait.php" line="28" class="Tests\Feature\GammaMatrix\Playground\Matrix\Resource\Http\Controllers\SourceRouteTest" classname="Tests.Feature.GammaMatrix.Playground.Matrix.Resource.Http.Controllers.SourceRouteTest" assertions="3" time="0.151006"/>
        <testcase name="test_create_with_user_using_json" file="/app/vendor/gammamatrix/playground-test/src/Feature/Http/Controllers/Resource/CreateTrait.php" line="53" class="Tests\Feature\GammaMatrix\Playground\Matrix\Resource\Http\Controllers\SourceRouteTest" classname="Tests.Feature.GammaMatrix.Playground.Matrix.Resource.Http.Controllers.SourceRouteTest" assertions="4" time="0.093504"/>
        <testcase name="test_user_can_render_create_view_with_invalid_parameter" file="/app/vendor/gammamatrix/playground-test/src/Feature/Http/Controllers/Resource/CreateTrait.php" line="74" class="Tests\Feature\GammaMatrix\Playground\Matrix\Resource\Http\Controllers\SourceRouteTest" classname="Tests.Feature.GammaMatrix.Playground.Matrix.Resource.Http.Controllers.SourceRouteTest" assertions="4" time="0.094934"/>
        <testcase name="test_guest_cannot_render_edit_view" file="/app/vendor/gammamatrix/playground-test/src/Feature/Http/Controllers/Resource/EditTrait.php" line="17" class="Tests\Feature\GammaMatrix\Playground\Matrix\Resource\Http\Controllers\SourceRouteTest" classname="Tests.Feature.GammaMatrix.Playground.Matrix.Resource.Http.Controllers.SourceRouteTest" assertions="2" time="0.084762"/>
        <testcase name="test_user_can_render_edit_view_with_return_url" file="/app/vendor/gammamatrix/playground-test/src/Feature/Http/Controllers/Resource/EditTrait.php" line="34" class="Tests\Feature\GammaMatrix\Playground\Matrix\Resource\Http\Controllers\SourceRouteTest" classname="Tests.Feature.GammaMatrix.Playground.Matrix.Resource.Http.Controllers.SourceRouteTest" assertions="3" time="0.131918"/>
        <testcase name="test_edit_with_user_using_json" file="/app/vendor/gammamatrix/playground-test/src/Feature/Http/Controllers/Resource/EditTrait.php" line="64" class="Tests\Feature\GammaMatrix\Playground\Matrix\Resource\Http\Controllers\SourceRouteTest" classname="Tests.Feature.GammaMatrix.Playground.Matrix.Resource.Http.Controllers.SourceRouteTest" assertions="4" time="0.099759"/>
        <testcase name="test_user_can_render_edit_view_with_invalid_parameter" file="/app/vendor/gammamatrix/playground-test/src/Feature/Http/Controllers/Resource/EditTrait.php" line="91" class="Tests\Feature\GammaMatrix\Playground\Matrix\Resource\Http\Controllers\SourceRouteTest" classname="Tests.Feature.GammaMatrix.Playground.Matrix.Resource.Http.Controllers.SourceRouteTest" assertions="4" time="0.123795"/>
        <testcase name="test_destroy_as_guest_and_fail_authorization" file="/app/vendor/gammamatrix/playground-test/src/Feature/Http/Controllers/Resource/DestroyTrait.php" line="17" class="Tests\Feature\GammaMatrix\Playground\Matrix\Resource\Http\Controllers\SourceRouteTest" classname="Tests.Feature.GammaMatrix.Playground.Matrix.Resource.Http.Controllers.SourceRouteTest" assertions="4" time="0.083916"/>
        <testcase name="test_destroy_as_standard_user_and_succeed" file="/app/vendor/gammamatrix/playground-test/src/Feature/Http/Controllers/Resource/DestroyTrait.php" line="59" class="Tests\Feature\GammaMatrix\Playground\Matrix\Resource\Http\Controllers\SourceRouteTest" classname="Tests.Feature.GammaMatrix.Playground.Matrix.Resource.Http.Controllers.SourceRouteTest" assertions="5" time="0.095632"/>
        <testcase name="test_destroy_as_standard_user_and_succeed_with_force_delete" file="/app/vendor/gammamatrix/playground-test/src/Feature/Http/Controllers/Resource/DestroyTrait.php" line="102" class="Tests\Feature\GammaMatrix\Playground\Matrix\Resource\Http\Controllers\SourceRouteTest" classname="Tests.Feature.GammaMatrix.Playground.Matrix.Resource.Http.Controllers.SourceRouteTest" assertions="4" time="0.096023"/>
        <testcase name="test_destroy_as_standard_user_using_json_and_succeed_with_no_content" file="/app/vendor/gammamatrix/playground-test/src/Feature/Http/Controllers/Resource/DestroyTrait.php" line="140" class="Tests\Feature\GammaMatrix\Playground\Matrix\Resource\Http\Controllers\SourceRouteTest" classname="Tests.Feature.GammaMatrix.Playground.Matrix.Resource.Http.Controllers.SourceRouteTest" assertions="5" time="0.095352"/>
        <testcase name="test_destroy_as_standard_user_and_succeed_with_redirect_to_index_with_trash" file="/app/vendor/gammamatrix/playground-test/src/Feature/Http/Controllers/Resource/DestroyTrait.php" line="183" class="Tests\Feature\GammaMatrix\Playground\Matrix\Resource\Http\Controllers\SourceRouteTest" classname="Tests.Feature.GammaMatrix.Playground.Matrix.Resource.Http.Controllers.SourceRouteTest" assertions="5" time="0.092956"/>
        <testcase name="test_destroy_as_role_user_get_denied_and_no_force_delete_allowed" file="/app/vendor/gammamatrix/playground-test/src/Feature/Http/Controllers/Resource/DestroyTrait.php" line="239" class="Tests\Feature\GammaMatrix\Playground\Matrix\Resource\Http\Controllers\SourceRouteTest" classname="Tests.Feature.GammaMatrix.Playground.Matrix.Resource.Http.Controllers.SourceRouteTest" assertions="3" time="0.098739"/>
        <testcase name="test_destroy_as_role_admin_and_succeed" file="/app/vendor/gammamatrix/playground-test/src/Feature/Http/Controllers/Resource/DestroyTrait.php" line="286" class="Tests\Feature\GammaMatrix\Playground\Matrix\Resource\Http\Controllers\SourceRouteTest" classname="Tests.Feature.GammaMatrix.Playground.Matrix.Resource.Http.Controllers.SourceRouteTest" assertions="5" time="0.094127"/>
        <testcase name="test_destroy_as_role_admin_and_succeed_with_force_delete" file="/app/vendor/gammamatrix/playground-test/src/Feature/Http/Controllers/Resource/DestroyTrait.php" line="339" class="Tests\Feature\GammaMatrix\Playground\Matrix\Resource\Http\Controllers\SourceRouteTest" classname="Tests.Feature.GammaMatrix.Playground.Matrix.Resource.Http.Controllers.SourceRouteTest" assertions="4" time="0.093997"/>
      </testsuite>
      <testsuite name="Tests\Feature\GammaMatrix\Playground\Matrix\Resource\Http\Controllers\SprintRouteTest" file="/app/tests/Feature/Http/Controllers/SprintRouteTest.php" tests="16" assertions="61" errors="0" failures="0" skipped="0" time="1.646173">
        <testcase name="test_guest_cannot_render_create_view" file="/app/vendor/gammamatrix/playground-test/src/Feature/Http/Controllers/Resource/CreateTrait.php" line="17" class="Tests\Feature\GammaMatrix\Playground\Matrix\Resource\Http\Controllers\SprintRouteTest" classname="Tests.Feature.GammaMatrix.Playground.Matrix.Resource.Http.Controllers.SprintRouteTest" assertions="2" time="0.128574"/>
        <testcase name="test_user_can_render_create_view_with_return_url" file="/app/vendor/gammamatrix/playground-test/src/Feature/Http/Controllers/Resource/CreateTrait.php" line="28" class="Tests\Feature\GammaMatrix\Playground\Matrix\Resource\Http\Controllers\SprintRouteTest" classname="Tests.Feature.GammaMatrix.Playground.Matrix.Resource.Http.Controllers.SprintRouteTest" assertions="3" time="0.152701"/>
        <testcase name="test_create_with_user_using_json" file="/app/vendor/gammamatrix/playground-test/src/Feature/Http/Controllers/Resource/CreateTrait.php" line="53" class="Tests\Feature\GammaMatrix\Playground\Matrix\Resource\Http\Controllers\SprintRouteTest" classname="Tests.Feature.GammaMatrix.Playground.Matrix.Resource.Http.Controllers.SprintRouteTest" assertions="4" time="0.092601"/>
        <testcase name="test_user_can_render_create_view_with_invalid_parameter" file="/app/vendor/gammamatrix/playground-test/src/Feature/Http/Controllers/Resource/CreateTrait.php" line="74" class="Tests\Feature\GammaMatrix\Playground\Matrix\Resource\Http\Controllers\SprintRouteTest" classname="Tests.Feature.GammaMatrix.Playground.Matrix.Resource.Http.Controllers.SprintRouteTest" assertions="4" time="0.098081"/>
        <testcase name="test_guest_cannot_render_edit_view" file="/app/vendor/gammamatrix/playground-test/src/Feature/Http/Controllers/Resource/EditTrait.php" line="17" class="Tests\Feature\GammaMatrix\Playground\Matrix\Resource\Http\Controllers\SprintRouteTest" classname="Tests.Feature.GammaMatrix.Playground.Matrix.Resource.Http.Controllers.SprintRouteTest" assertions="2" time="0.085902"/>
        <testcase name="test_user_can_render_edit_view_with_return_url" file="/app/vendor/gammamatrix/playground-test/src/Feature/Http/Controllers/Resource/EditTrait.php" line="34" class="Tests\Feature\GammaMatrix\Playground\Matrix\Resource\Http\Controllers\SprintRouteTest" classname="Tests.Feature.GammaMatrix.Playground.Matrix.Resource.Http.Controllers.SprintRouteTest" assertions="3" time="0.160993"/>
        <testcase name="test_edit_with_user_using_json" file="/app/vendor/gammamatrix/playground-test/src/Feature/Http/Controllers/Resource/EditTrait.php" line="64" class="Tests\Feature\GammaMatrix\Playground\Matrix\Resource\Http\Controllers\SprintRouteTest" classname="Tests.Feature.GammaMatrix.Playground.Matrix.Resource.Http.Controllers.SprintRouteTest" assertions="4" time="0.102140"/>
        <testcase name="test_user_can_render_edit_view_with_invalid_parameter" file="/app/vendor/gammamatrix/playground-test/src/Feature/Http/Controllers/Resource/EditTrait.php" line="91" class="Tests\Feature\GammaMatrix\Playground\Matrix\Resource\Http\Controllers\SprintRouteTest" classname="Tests.Feature.GammaMatrix.Playground.Matrix.Resource.Http.Controllers.SprintRouteTest" assertions="4" time="0.097470"/>
        <testcase name="test_destroy_as_guest_and_fail_authorization" file="/app/vendor/gammamatrix/playground-test/src/Feature/Http/Controllers/Resource/DestroyTrait.php" line="17" class="Tests\Feature\GammaMatrix\Playground\Matrix\Resource\Http\Controllers\SprintRouteTest" classname="Tests.Feature.GammaMatrix.Playground.Matrix.Resource.Http.Controllers.SprintRouteTest" assertions="4" time="0.085996"/>
        <testcase name="test_destroy_as_standard_user_and_succeed" file="/app/vendor/gammamatrix/playground-test/src/Feature/Http/Controllers/Resource/DestroyTrait.php" line="59" class="Tests\Feature\GammaMatrix\Playground\Matrix\Resource\Http\Controllers\SprintRouteTest" classname="Tests.Feature.GammaMatrix.Playground.Matrix.Resource.Http.Controllers.SprintRouteTest" assertions="5" time="0.097751"/>
        <testcase name="test_destroy_as_standard_user_and_succeed_with_force_delete" file="/app/vendor/gammamatrix/playground-test/src/Feature/Http/Controllers/Resource/DestroyTrait.php" line="102" class="Tests\Feature\GammaMatrix\Playground\Matrix\Resource\Http\Controllers\SprintRouteTest" classname="Tests.Feature.GammaMatrix.Playground.Matrix.Resource.Http.Controllers.SprintRouteTest" assertions="4" time="0.089946"/>
        <testcase name="test_destroy_as_standard_user_using_json_and_succeed_with_no_content" file="/app/vendor/gammamatrix/playground-test/src/Feature/Http/Controllers/Resource/DestroyTrait.php" line="140" class="Tests\Feature\GammaMatrix\Playground\Matrix\Resource\Http\Controllers\SprintRouteTest" classname="Tests.Feature.GammaMatrix.Playground.Matrix.Resource.Http.Controllers.SprintRouteTest" assertions="5" time="0.089923"/>
        <testcase name="test_destroy_as_standard_user_and_succeed_with_redirect_to_index_with_trash" file="/app/vendor/gammamatrix/playground-test/src/Feature/Http/Controllers/Resource/DestroyTrait.php" line="183" class="Tests\Feature\GammaMatrix\Playground\Matrix\Resource\Http\Controllers\SprintRouteTest" classname="Tests.Feature.GammaMatrix.Playground.Matrix.Resource.Http.Controllers.SprintRouteTest" assertions="5" time="0.091227"/>
        <testcase name="test_destroy_as_role_user_get_denied_and_no_force_delete_allowed" file="/app/vendor/gammamatrix/playground-test/src/Feature/Http/Controllers/Resource/DestroyTrait.php" line="239" class="Tests\Feature\GammaMatrix\Playground\Matrix\Resource\Http\Controllers\SprintRouteTest" classname="Tests.Feature.GammaMatrix.Playground.Matrix.Resource.Http.Controllers.SprintRouteTest" assertions="3" time="0.094175"/>
        <testcase name="test_destroy_as_role_admin_and_succeed" file="/app/vendor/gammamatrix/playground-test/src/Feature/Http/Controllers/Resource/DestroyTrait.php" line="286" class="Tests\Feature\GammaMatrix\Playground\Matrix\Resource\Http\Controllers\SprintRouteTest" classname="Tests.Feature.GammaMatrix.Playground.Matrix.Resource.Http.Controllers.SprintRouteTest" assertions="5" time="0.089880"/>
        <testcase name="test_destroy_as_role_admin_and_succeed_with_force_delete" file="/app/vendor/gammamatrix/playground-test/src/Feature/Http/Controllers/Resource/DestroyTrait.php" line="339" class="Tests\Feature\GammaMatrix\Playground\Matrix\Resource\Http\Controllers\SprintRouteTest" classname="Tests.Feature.GammaMatrix.Playground.Matrix.Resource.Http.Controllers.SprintRouteTest" assertions="4" time="0.088813"/>
      </testsuite>
      <testsuite name="Tests\Feature\GammaMatrix\Playground\Matrix\Resource\Http\Controllers\TagRouteTest" file="/app/tests/Feature/Http/Controllers/TagRouteTest.php" tests="16" assertions="61" errors="0" failures="0" skipped="0" time="1.626618">
        <testcase name="test_guest_cannot_render_create_view" file="/app/vendor/gammamatrix/playground-test/src/Feature/Http/Controllers/Resource/CreateTrait.php" line="17" class="Tests\Feature\GammaMatrix\Playground\Matrix\Resource\Http\Controllers\TagRouteTest" classname="Tests.Feature.GammaMatrix.Playground.Matrix.Resource.Http.Controllers.TagRouteTest" assertions="2" time="0.127084"/>
        <testcase name="test_user_can_render_create_view_with_return_url" file="/app/vendor/gammamatrix/playground-test/src/Feature/Http/Controllers/Resource/CreateTrait.php" line="28" class="Tests\Feature\GammaMatrix\Playground\Matrix\Resource\Http\Controllers\TagRouteTest" classname="Tests.Feature.GammaMatrix.Playground.Matrix.Resource.Http.Controllers.TagRouteTest" assertions="3" time="0.143234"/>
        <testcase name="test_create_with_user_using_json" file="/app/vendor/gammamatrix/playground-test/src/Feature/Http/Controllers/Resource/CreateTrait.php" line="53" class="Tests\Feature\GammaMatrix\Playground\Matrix\Resource\Http\Controllers\TagRouteTest" classname="Tests.Feature.GammaMatrix.Playground.Matrix.Resource.Http.Controllers.TagRouteTest" assertions="4" time="0.090687"/>
        <testcase name="test_user_can_render_create_view_with_invalid_parameter" file="/app/vendor/gammamatrix/playground-test/src/Feature/Http/Controllers/Resource/CreateTrait.php" line="74" class="Tests\Feature\GammaMatrix\Playground\Matrix\Resource\Http\Controllers\TagRouteTest" classname="Tests.Feature.GammaMatrix.Playground.Matrix.Resource.Http.Controllers.TagRouteTest" assertions="4" time="0.115178"/>
        <testcase name="test_guest_cannot_render_edit_view" file="/app/vendor/gammamatrix/playground-test/src/Feature/Http/Controllers/Resource/EditTrait.php" line="17" class="Tests\Feature\GammaMatrix\Playground\Matrix\Resource\Http\Controllers\TagRouteTest" classname="Tests.Feature.GammaMatrix.Playground.Matrix.Resource.Http.Controllers.TagRouteTest" assertions="2" time="0.087336"/>
        <testcase name="test_user_can_render_edit_view_with_return_url" file="/app/vendor/gammamatrix/playground-test/src/Feature/Http/Controllers/Resource/EditTrait.php" line="34" class="Tests\Feature\GammaMatrix\Playground\Matrix\Resource\Http\Controllers\TagRouteTest" classname="Tests.Feature.GammaMatrix.Playground.Matrix.Resource.Http.Controllers.TagRouteTest" assertions="3" time="0.129895"/>
        <testcase name="test_edit_with_user_using_json" file="/app/vendor/gammamatrix/playground-test/src/Feature/Http/Controllers/Resource/EditTrait.php" line="64" class="Tests\Feature\GammaMatrix\Playground\Matrix\Resource\Http\Controllers\TagRouteTest" classname="Tests.Feature.GammaMatrix.Playground.Matrix.Resource.Http.Controllers.TagRouteTest" assertions="4" time="0.098702"/>
        <testcase name="test_user_can_render_edit_view_with_invalid_parameter" file="/app/vendor/gammamatrix/playground-test/src/Feature/Http/Controllers/Resource/EditTrait.php" line="91" class="Tests\Feature\GammaMatrix\Playground\Matrix\Resource\Http\Controllers\TagRouteTest" classname="Tests.Feature.GammaMatrix.Playground.Matrix.Resource.Http.Controllers.TagRouteTest" assertions="4" time="0.099409"/>
        <testcase name="test_destroy_as_guest_and_fail_authorization" file="/app/vendor/gammamatrix/playground-test/src/Feature/Http/Controllers/Resource/DestroyTrait.php" line="17" class="Tests\Feature\GammaMatrix\Playground\Matrix\Resource\Http\Controllers\TagRouteTest" classname="Tests.Feature.GammaMatrix.Playground.Matrix.Resource.Http.Controllers.TagRouteTest" assertions="4" time="0.089547"/>
        <testcase name="test_destroy_as_standard_user_and_succeed" file="/app/vendor/gammamatrix/playground-test/src/Feature/Http/Controllers/Resource/DestroyTrait.php" line="59" class="Tests\Feature\GammaMatrix\Playground\Matrix\Resource\Http\Controllers\TagRouteTest" classname="Tests.Feature.GammaMatrix.Playground.Matrix.Resource.Http.Controllers.TagRouteTest" assertions="5" time="0.091841"/>
        <testcase name="test_destroy_as_standard_user_and_succeed_with_force_delete" file="/app/vendor/gammamatrix/playground-test/src/Feature/Http/Controllers/Resource/DestroyTrait.php" line="102" class="Tests\Feature\GammaMatrix\Playground\Matrix\Resource\Http\Controllers\TagRouteTest" classname="Tests.Feature.GammaMatrix.Playground.Matrix.Resource.Http.Controllers.TagRouteTest" assertions="4" time="0.088684"/>
        <testcase name="test_destroy_as_standard_user_using_json_and_succeed_with_no_content" file="/app/vendor/gammamatrix/playground-test/src/Feature/Http/Controllers/Resource/DestroyTrait.php" line="140" class="Tests\Feature\GammaMatrix\Playground\Matrix\Resource\Http\Controllers\TagRouteTest" classname="Tests.Feature.GammaMatrix.Playground.Matrix.Resource.Http.Controllers.TagRouteTest" assertions="5" time="0.091483"/>
        <testcase name="test_destroy_as_standard_user_and_succeed_with_redirect_to_index_with_trash" file="/app/vendor/gammamatrix/playground-test/src/Feature/Http/Controllers/Resource/DestroyTrait.php" line="183" class="Tests\Feature\GammaMatrix\Playground\Matrix\Resource\Http\Controllers\TagRouteTest" classname="Tests.Feature.GammaMatrix.Playground.Matrix.Resource.Http.Controllers.TagRouteTest" assertions="5" time="0.091177"/>
        <testcase name="test_destroy_as_role_user_get_denied_and_no_force_delete_allowed" file="/app/vendor/gammamatrix/playground-test/src/Feature/Http/Controllers/Resource/DestroyTrait.php" line="239" class="Tests\Feature\GammaMatrix\Playground\Matrix\Resource\Http\Controllers\TagRouteTest" classname="Tests.Feature.GammaMatrix.Playground.Matrix.Resource.Http.Controllers.TagRouteTest" assertions="3" time="0.089982"/>
        <testcase name="test_destroy_as_role_admin_and_succeed" file="/app/vendor/gammamatrix/playground-test/src/Feature/Http/Controllers/Resource/DestroyTrait.php" line="286" class="Tests\Feature\GammaMatrix\Playground\Matrix\Resource\Http\Controllers\TagRouteTest" classname="Tests.Feature.GammaMatrix.Playground.Matrix.Resource.Http.Controllers.TagRouteTest" assertions="5" time="0.101386"/>
        <testcase name="test_destroy_as_role_admin_and_succeed_with_force_delete" file="/app/vendor/gammamatrix/playground-test/src/Feature/Http/Controllers/Resource/DestroyTrait.php" line="339" class="Tests\Feature\GammaMatrix\Playground\Matrix\Resource\Http\Controllers\TagRouteTest" classname="Tests.Feature.GammaMatrix.Playground.Matrix.Resource.Http.Controllers.TagRouteTest" assertions="4" time="0.090992"/>
      </testsuite>
      <testsuite name="Tests\Feature\GammaMatrix\Playground\Matrix\Resource\Http\Controllers\TeamRouteTest" file="/app/tests/Feature/Http/Controllers/TeamRouteTest.php" tests="16" assertions="61" errors="0" failures="0" skipped="0" time="1.608700">
        <testcase name="test_guest_cannot_render_create_view" file="/app/vendor/gammamatrix/playground-test/src/Feature/Http/Controllers/Resource/CreateTrait.php" line="17" class="Tests\Feature\GammaMatrix\Playground\Matrix\Resource\Http\Controllers\TeamRouteTest" classname="Tests.Feature.GammaMatrix.Playground.Matrix.Resource.Http.Controllers.TeamRouteTest" assertions="2" time="0.124566"/>
        <testcase name="test_user_can_render_create_view_with_return_url" file="/app/vendor/gammamatrix/playground-test/src/Feature/Http/Controllers/Resource/CreateTrait.php" line="28" class="Tests\Feature\GammaMatrix\Playground\Matrix\Resource\Http\Controllers\TeamRouteTest" classname="Tests.Feature.GammaMatrix.Playground.Matrix.Resource.Http.Controllers.TeamRouteTest" assertions="3" time="0.168921"/>
        <testcase name="test_create_with_user_using_json" file="/app/vendor/gammamatrix/playground-test/src/Feature/Http/Controllers/Resource/CreateTrait.php" line="53" class="Tests\Feature\GammaMatrix\Playground\Matrix\Resource\Http\Controllers\TeamRouteTest" classname="Tests.Feature.GammaMatrix.Playground.Matrix.Resource.Http.Controllers.TeamRouteTest" assertions="4" time="0.093871"/>
        <testcase name="test_user_can_render_create_view_with_invalid_parameter" file="/app/vendor/gammamatrix/playground-test/src/Feature/Http/Controllers/Resource/CreateTrait.php" line="74" class="Tests\Feature\GammaMatrix\Playground\Matrix\Resource\Http\Controllers\TeamRouteTest" classname="Tests.Feature.GammaMatrix.Playground.Matrix.Resource.Http.Controllers.TeamRouteTest" assertions="4" time="0.091275"/>
        <testcase name="test_guest_cannot_render_edit_view" file="/app/vendor/gammamatrix/playground-test/src/Feature/Http/Controllers/Resource/EditTrait.php" line="17" class="Tests\Feature\GammaMatrix\Playground\Matrix\Resource\Http\Controllers\TeamRouteTest" classname="Tests.Feature.GammaMatrix.Playground.Matrix.Resource.Http.Controllers.TeamRouteTest" assertions="2" time="0.085059"/>
        <testcase name="test_user_can_render_edit_view_with_return_url" file="/app/vendor/gammamatrix/playground-test/src/Feature/Http/Controllers/Resource/EditTrait.php" line="34" class="Tests\Feature\GammaMatrix\Playground\Matrix\Resource\Http\Controllers\TeamRouteTest" classname="Tests.Feature.GammaMatrix.Playground.Matrix.Resource.Http.Controllers.TeamRouteTest" assertions="3" time="0.127913"/>
        <testcase name="test_edit_with_user_using_json" file="/app/vendor/gammamatrix/playground-test/src/Feature/Http/Controllers/Resource/EditTrait.php" line="64" class="Tests\Feature\GammaMatrix\Playground\Matrix\Resource\Http\Controllers\TeamRouteTest" classname="Tests.Feature.GammaMatrix.Playground.Matrix.Resource.Http.Controllers.TeamRouteTest" assertions="4" time="0.102423"/>
        <testcase name="test_user_can_render_edit_view_with_invalid_parameter" file="/app/vendor/gammamatrix/playground-test/src/Feature/Http/Controllers/Resource/EditTrait.php" line="91" class="Tests\Feature\GammaMatrix\Playground\Matrix\Resource\Http\Controllers\TeamRouteTest" classname="Tests.Feature.GammaMatrix.Playground.Matrix.Resource.Http.Controllers.TeamRouteTest" assertions="4" time="0.098228"/>
        <testcase name="test_destroy_as_guest_and_fail_authorization" file="/app/vendor/gammamatrix/playground-test/src/Feature/Http/Controllers/Resource/DestroyTrait.php" line="17" class="Tests\Feature\GammaMatrix\Playground\Matrix\Resource\Http\Controllers\TeamRouteTest" classname="Tests.Feature.GammaMatrix.Playground.Matrix.Resource.Http.Controllers.TeamRouteTest" assertions="4" time="0.080991"/>
        <testcase name="test_destroy_as_standard_user_and_succeed" file="/app/vendor/gammamatrix/playground-test/src/Feature/Http/Controllers/Resource/DestroyTrait.php" line="59" class="Tests\Feature\GammaMatrix\Playground\Matrix\Resource\Http\Controllers\TeamRouteTest" classname="Tests.Feature.GammaMatrix.Playground.Matrix.Resource.Http.Controllers.TeamRouteTest" assertions="5" time="0.093024"/>
        <testcase name="test_destroy_as_standard_user_and_succeed_with_force_delete" file="/app/vendor/gammamatrix/playground-test/src/Feature/Http/Controllers/Resource/DestroyTrait.php" line="102" class="Tests\Feature\GammaMatrix\Playground\Matrix\Resource\Http\Controllers\TeamRouteTest" classname="Tests.Feature.GammaMatrix.Playground.Matrix.Resource.Http.Controllers.TeamRouteTest" assertions="4" time="0.089072"/>
        <testcase name="test_destroy_as_standard_user_using_json_and_succeed_with_no_content" file="/app/vendor/gammamatrix/playground-test/src/Feature/Http/Controllers/Resource/DestroyTrait.php" line="140" class="Tests\Feature\GammaMatrix\Playground\Matrix\Resource\Http\Controllers\TeamRouteTest" classname="Tests.Feature.GammaMatrix.Playground.Matrix.Resource.Http.Controllers.TeamRouteTest" assertions="5" time="0.089374"/>
        <testcase name="test_destroy_as_standard_user_and_succeed_with_redirect_to_index_with_trash" file="/app/vendor/gammamatrix/playground-test/src/Feature/Http/Controllers/Resource/DestroyTrait.php" line="183" class="Tests\Feature\GammaMatrix\Playground\Matrix\Resource\Http\Controllers\TeamRouteTest" classname="Tests.Feature.GammaMatrix.Playground.Matrix.Resource.Http.Controllers.TeamRouteTest" assertions="5" time="0.089602"/>
        <testcase name="test_destroy_as_role_user_get_denied_and_no_force_delete_allowed" file="/app/vendor/gammamatrix/playground-test/src/Feature/Http/Controllers/Resource/DestroyTrait.php" line="239" class="Tests\Feature\GammaMatrix\Playground\Matrix\Resource\Http\Controllers\TeamRouteTest" classname="Tests.Feature.GammaMatrix.Playground.Matrix.Resource.Http.Controllers.TeamRouteTest" assertions="3" time="0.090852"/>
        <testcase name="test_destroy_as_role_admin_and_succeed" file="/app/vendor/gammamatrix/playground-test/src/Feature/Http/Controllers/Resource/DestroyTrait.php" line="286" class="Tests\Feature\GammaMatrix\Playground\Matrix\Resource\Http\Controllers\TeamRouteTest" classname="Tests.Feature.GammaMatrix.Playground.Matrix.Resource.Http.Controllers.TeamRouteTest" assertions="5" time="0.092835"/>
        <testcase name="test_destroy_as_role_admin_and_succeed_with_force_delete" file="/app/vendor/gammamatrix/playground-test/src/Feature/Http/Controllers/Resource/DestroyTrait.php" line="339" class="Tests\Feature\GammaMatrix\Playground\Matrix\Resource\Http\Controllers\TeamRouteTest" classname="Tests.Feature.GammaMatrix.Playground.Matrix.Resource.Http.Controllers.TeamRouteTest" assertions="4" time="0.090694"/>
      </testsuite>
      <testsuite name="Tests\Feature\GammaMatrix\Playground\Matrix\Resource\Http\Controllers\TicketRouteTest" file="/app/tests/Feature/Http/Controllers/TicketRouteTest.php" tests="16" assertions="61" errors="0" failures="0" skipped="0" time="1.701998">
        <testcase name="test_guest_cannot_render_create_view" file="/app/vendor/gammamatrix/playground-test/src/Feature/Http/Controllers/Resource/CreateTrait.php" line="17" class="Tests\Feature\GammaMatrix\Playground\Matrix\Resource\Http\Controllers\TicketRouteTest" classname="Tests.Feature.GammaMatrix.Playground.Matrix.Resource.Http.Controllers.TicketRouteTest" assertions="2" time="0.128631"/>
        <testcase name="test_user_can_render_create_view_with_return_url" file="/app/vendor/gammamatrix/playground-test/src/Feature/Http/Controllers/Resource/CreateTrait.php" line="28" class="Tests\Feature\GammaMatrix\Playground\Matrix\Resource\Http\Controllers\TicketRouteTest" classname="Tests.Feature.GammaMatrix.Playground.Matrix.Resource.Http.Controllers.TicketRouteTest" assertions="3" time="0.157465"/>
        <testcase name="test_create_with_user_using_json" file="/app/vendor/gammamatrix/playground-test/src/Feature/Http/Controllers/Resource/CreateTrait.php" line="53" class="Tests\Feature\GammaMatrix\Playground\Matrix\Resource\Http\Controllers\TicketRouteTest" classname="Tests.Feature.GammaMatrix.Playground.Matrix.Resource.Http.Controllers.TicketRouteTest" assertions="4" time="0.093041"/>
        <testcase name="test_user_can_render_create_view_with_invalid_parameter" file="/app/vendor/gammamatrix/playground-test/src/Feature/Http/Controllers/Resource/CreateTrait.php" line="74" class="Tests\Feature\GammaMatrix\Playground\Matrix\Resource\Http\Controllers\TicketRouteTest" classname="Tests.Feature.GammaMatrix.Playground.Matrix.Resource.Http.Controllers.TicketRouteTest" assertions="4" time="0.092227"/>
        <testcase name="test_guest_cannot_render_edit_view" file="/app/vendor/gammamatrix/playground-test/src/Feature/Http/Controllers/Resource/EditTrait.php" line="17" class="Tests\Feature\GammaMatrix\Playground\Matrix\Resource\Http\Controllers\TicketRouteTest" classname="Tests.Feature.GammaMatrix.Playground.Matrix.Resource.Http.Controllers.TicketRouteTest" assertions="2" time="0.092571"/>
        <testcase name="test_user_can_render_edit_view_with_return_url" file="/app/vendor/gammamatrix/playground-test/src/Feature/Http/Controllers/Resource/EditTrait.php" line="34" class="Tests\Feature\GammaMatrix\Playground\Matrix\Resource\Http\Controllers\TicketRouteTest" classname="Tests.Feature.GammaMatrix.Playground.Matrix.Resource.Http.Controllers.TicketRouteTest" assertions="3" time="0.142681"/>
        <testcase name="test_edit_with_user_using_json" file="/app/vendor/gammamatrix/playground-test/src/Feature/Http/Controllers/Resource/EditTrait.php" line="64" class="Tests\Feature\GammaMatrix\Playground\Matrix\Resource\Http\Controllers\TicketRouteTest" classname="Tests.Feature.GammaMatrix.Playground.Matrix.Resource.Http.Controllers.TicketRouteTest" assertions="4" time="0.103669"/>
        <testcase name="test_user_can_render_edit_view_with_invalid_parameter" file="/app/vendor/gammamatrix/playground-test/src/Feature/Http/Controllers/Resource/EditTrait.php" line="91" class="Tests\Feature\GammaMatrix\Playground\Matrix\Resource\Http\Controllers\TicketRouteTest" classname="Tests.Feature.GammaMatrix.Playground.Matrix.Resource.Http.Controllers.TicketRouteTest" assertions="4" time="0.101829"/>
        <testcase name="test_destroy_as_guest_and_fail_authorization" file="/app/vendor/gammamatrix/playground-test/src/Feature/Http/Controllers/Resource/DestroyTrait.php" line="17" class="Tests\Feature\GammaMatrix\Playground\Matrix\Resource\Http\Controllers\TicketRouteTest" classname="Tests.Feature.GammaMatrix.Playground.Matrix.Resource.Http.Controllers.TicketRouteTest" assertions="4" time="0.089518"/>
        <testcase name="test_destroy_as_standard_user_and_succeed" file="/app/vendor/gammamatrix/playground-test/src/Feature/Http/Controllers/Resource/DestroyTrait.php" line="59" class="Tests\Feature\GammaMatrix\Playground\Matrix\Resource\Http\Controllers\TicketRouteTest" classname="Tests.Feature.GammaMatrix.Playground.Matrix.Resource.Http.Controllers.TicketRouteTest" assertions="5" time="0.095841"/>
        <testcase name="test_destroy_as_standard_user_and_succeed_with_force_delete" file="/app/vendor/gammamatrix/playground-test/src/Feature/Http/Controllers/Resource/DestroyTrait.php" line="102" class="Tests\Feature\GammaMatrix\Playground\Matrix\Resource\Http\Controllers\TicketRouteTest" classname="Tests.Feature.GammaMatrix.Playground.Matrix.Resource.Http.Controllers.TicketRouteTest" assertions="4" time="0.109876"/>
        <testcase name="test_destroy_as_standard_user_using_json_and_succeed_with_no_content" file="/app/vendor/gammamatrix/playground-test/src/Feature/Http/Controllers/Resource/DestroyTrait.php" line="140" class="Tests\Feature\GammaMatrix\Playground\Matrix\Resource\Http\Controllers\TicketRouteTest" classname="Tests.Feature.GammaMatrix.Playground.Matrix.Resource.Http.Controllers.TicketRouteTest" assertions="5" time="0.091674"/>
        <testcase name="test_destroy_as_standard_user_and_succeed_with_redirect_to_index_with_trash" file="/app/vendor/gammamatrix/playground-test/src/Feature/Http/Controllers/Resource/DestroyTrait.php" line="183" class="Tests\Feature\GammaMatrix\Playground\Matrix\Resource\Http\Controllers\TicketRouteTest" classname="Tests.Feature.GammaMatrix.Playground.Matrix.Resource.Http.Controllers.TicketRouteTest" assertions="5" time="0.093976"/>
        <testcase name="test_destroy_as_role_user_get_denied_and_no_force_delete_allowed" file="/app/vendor/gammamatrix/playground-test/src/Feature/Http/Controllers/Resource/DestroyTrait.php" line="239" class="Tests\Feature\GammaMatrix\Playground\Matrix\Resource\Http\Controllers\TicketRouteTest" classname="Tests.Feature.GammaMatrix.Playground.Matrix.Resource.Http.Controllers.TicketRouteTest" assertions="3" time="0.123117"/>
        <testcase name="test_destroy_as_role_admin_and_succeed" file="/app/vendor/gammamatrix/playground-test/src/Feature/Http/Controllers/Resource/DestroyTrait.php" line="286" class="Tests\Feature\GammaMatrix\Playground\Matrix\Resource\Http\Controllers\TicketRouteTest" classname="Tests.Feature.GammaMatrix.Playground.Matrix.Resource.Http.Controllers.TicketRouteTest" assertions="5" time="0.094536"/>
        <testcase name="test_destroy_as_role_admin_and_succeed_with_force_delete" file="/app/vendor/gammamatrix/playground-test/src/Feature/Http/Controllers/Resource/DestroyTrait.php" line="339" class="Tests\Feature\GammaMatrix\Playground\Matrix\Resource\Http\Controllers\TicketRouteTest" classname="Tests.Feature.GammaMatrix.Playground.Matrix.Resource.Http.Controllers.TicketRouteTest" assertions="4" time="0.091346"/>
      </testsuite>
      <testsuite name="Tests\Feature\GammaMatrix\Playground\Matrix\Resource\Http\Controllers\VersionRouteTest" file="/app/tests/Feature/Http/Controllers/VersionRouteTest.php" tests="16" assertions="61" errors="0" failures="0" skipped="0" time="1.637660">
        <testcase name="test_guest_cannot_render_create_view" file="/app/vendor/gammamatrix/playground-test/src/Feature/Http/Controllers/Resource/CreateTrait.php" line="17" class="Tests\Feature\GammaMatrix\Playground\Matrix\Resource\Http\Controllers\VersionRouteTest" classname="Tests.Feature.GammaMatrix.Playground.Matrix.Resource.Http.Controllers.VersionRouteTest" assertions="2" time="0.124549"/>
        <testcase name="test_user_can_render_create_view_with_return_url" file="/app/vendor/gammamatrix/playground-test/src/Feature/Http/Controllers/Resource/CreateTrait.php" line="28" class="Tests\Feature\GammaMatrix\Playground\Matrix\Resource\Http\Controllers\VersionRouteTest" classname="Tests.Feature.GammaMatrix.Playground.Matrix.Resource.Http.Controllers.VersionRouteTest" assertions="3" time="0.148976"/>
        <testcase name="test_create_with_user_using_json" file="/app/vendor/gammamatrix/playground-test/src/Feature/Http/Controllers/Resource/CreateTrait.php" line="53" class="Tests\Feature\GammaMatrix\Playground\Matrix\Resource\Http\Controllers\VersionRouteTest" classname="Tests.Feature.GammaMatrix.Playground.Matrix.Resource.Http.Controllers.VersionRouteTest" assertions="4" time="0.090886"/>
        <testcase name="test_user_can_render_create_view_with_invalid_parameter" file="/app/vendor/gammamatrix/playground-test/src/Feature/Http/Controllers/Resource/CreateTrait.php" line="74" class="Tests\Feature\GammaMatrix\Playground\Matrix\Resource\Http\Controllers\VersionRouteTest" classname="Tests.Feature.GammaMatrix.Playground.Matrix.Resource.Http.Controllers.VersionRouteTest" assertions="4" time="0.089132"/>
        <testcase name="test_guest_cannot_render_edit_view" file="/app/vendor/gammamatrix/playground-test/src/Feature/Http/Controllers/Resource/EditTrait.php" line="17" class="Tests\Feature\GammaMatrix\Playground\Matrix\Resource\Http\Controllers\VersionRouteTest" classname="Tests.Feature.GammaMatrix.Playground.Matrix.Resource.Http.Controllers.VersionRouteTest" assertions="2" time="0.083332"/>
        <testcase name="test_user_can_render_edit_view_with_return_url" file="/app/vendor/gammamatrix/playground-test/src/Feature/Http/Controllers/Resource/EditTrait.php" line="34" class="Tests\Feature\GammaMatrix\Playground\Matrix\Resource\Http\Controllers\VersionRouteTest" classname="Tests.Feature.GammaMatrix.Playground.Matrix.Resource.Http.Controllers.VersionRouteTest" assertions="3" time="0.132728"/>
        <testcase name="test_edit_with_user_using_json" file="/app/vendor/gammamatrix/playground-test/src/Feature/Http/Controllers/Resource/EditTrait.php" line="64" class="Tests\Feature\GammaMatrix\Playground\Matrix\Resource\Http\Controllers\VersionRouteTest" classname="Tests.Feature.GammaMatrix.Playground.Matrix.Resource.Http.Controllers.VersionRouteTest" assertions="4" time="0.104494"/>
        <testcase name="test_user_can_render_edit_view_with_invalid_parameter" file="/app/vendor/gammamatrix/playground-test/src/Feature/Http/Controllers/Resource/EditTrait.php" line="91" class="Tests\Feature\GammaMatrix\Playground\Matrix\Resource\Http\Controllers\VersionRouteTest" classname="Tests.Feature.GammaMatrix.Playground.Matrix.Resource.Http.Controllers.VersionRouteTest" assertions="4" time="0.094555"/>
        <testcase name="test_destroy_as_guest_and_fail_authorization" file="/app/vendor/gammamatrix/playground-test/src/Feature/Http/Controllers/Resource/DestroyTrait.php" line="17" class="Tests\Feature\GammaMatrix\Playground\Matrix\Resource\Http\Controllers\VersionRouteTest" classname="Tests.Feature.GammaMatrix.Playground.Matrix.Resource.Http.Controllers.VersionRouteTest" assertions="4" time="0.081711"/>
        <testcase name="test_destroy_as_standard_user_and_succeed" file="/app/vendor/gammamatrix/playground-test/src/Feature/Http/Controllers/Resource/DestroyTrait.php" line="59" class="Tests\Feature\GammaMatrix\Playground\Matrix\Resource\Http\Controllers\VersionRouteTest" classname="Tests.Feature.GammaMatrix.Playground.Matrix.Resource.Http.Controllers.VersionRouteTest" assertions="5" time="0.092131"/>
        <testcase name="test_destroy_as_standard_user_and_succeed_with_force_delete" file="/app/vendor/gammamatrix/playground-test/src/Feature/Http/Controllers/Resource/DestroyTrait.php" line="102" class="Tests\Feature\GammaMatrix\Playground\Matrix\Resource\Http\Controllers\VersionRouteTest" classname="Tests.Feature.GammaMatrix.Playground.Matrix.Resource.Http.Controllers.VersionRouteTest" assertions="4" time="0.090053"/>
        <testcase name="test_destroy_as_standard_user_using_json_and_succeed_with_no_content" file="/app/vendor/gammamatrix/playground-test/src/Feature/Http/Controllers/Resource/DestroyTrait.php" line="140" class="Tests\Feature\GammaMatrix\Playground\Matrix\Resource\Http\Controllers\VersionRouteTest" classname="Tests.Feature.GammaMatrix.Playground.Matrix.Resource.Http.Controllers.VersionRouteTest" assertions="5" time="0.120549"/>
        <testcase name="test_destroy_as_standard_user_and_succeed_with_redirect_to_index_with_trash" file="/app/vendor/gammamatrix/playground-test/src/Feature/Http/Controllers/Resource/DestroyTrait.php" line="183" class="Tests\Feature\GammaMatrix\Playground\Matrix\Resource\Http\Controllers\VersionRouteTest" classname="Tests.Feature.GammaMatrix.Playground.Matrix.Resource.Http.Controllers.VersionRouteTest" assertions="5" time="0.088844"/>
        <testcase name="test_destroy_as_role_user_get_denied_and_no_force_delete_allowed" file="/app/vendor/gammamatrix/playground-test/src/Feature/Http/Controllers/Resource/DestroyTrait.php" line="239" class="Tests\Feature\GammaMatrix\Playground\Matrix\Resource\Http\Controllers\VersionRouteTest" classname="Tests.Feature.GammaMatrix.Playground.Matrix.Resource.Http.Controllers.VersionRouteTest" assertions="3" time="0.087472"/>
        <testcase name="test_destroy_as_role_admin_and_succeed" file="/app/vendor/gammamatrix/playground-test/src/Feature/Http/Controllers/Resource/DestroyTrait.php" line="286" class="Tests\Feature\GammaMatrix\Playground\Matrix\Resource\Http\Controllers\VersionRouteTest" classname="Tests.Feature.GammaMatrix.Playground.Matrix.Resource.Http.Controllers.VersionRouteTest" assertions="5" time="0.118845"/>
        <testcase name="test_destroy_as_role_admin_and_succeed_with_force_delete" file="/app/vendor/gammamatrix/playground-test/src/Feature/Http/Controllers/Resource/DestroyTrait.php" line="339" class="Tests\Feature\GammaMatrix\Playground\Matrix\Resource\Http\Controllers\VersionRouteTest" classname="Tests.Feature.GammaMatrix.Playground.Matrix.Resource.Http.Controllers.VersionRouteTest" assertions="4" time="0.089402"/>
      </testsuite>
    </testsuite>
  </testsuite>
</testsuites>
