<?xml version="1.0" encoding="UTF-8"?>
<testsuites>
  <testsuite name="/app/phpunit.xml.dist" tests="351" assertions="2691" errors="0" failures="0" skipped="0" time="34.215679">
    <testsuite name="Unit" tests="6" assertions="6" errors="0" failures="0" skipped="0" time="0.211663">
      <testsuite name="Tests\Unit\GammaMatrix\Playground\Matrix\Resource\Http\Requests\Backlog\CreateRequestTest" file="/app/tests/Unit/Http/Requests/Backlog/CreateRequestTest.php" tests="1" assertions="1" errors="0" failures="0" skipped="0" time="0.187070">
        <testcase name="test_request_instance" file="/app/vendor/gammamatrix/playground-test/src/Unit/Http/Requests/RequestCase.php" line="42" class="Tests\Unit\GammaMatrix\Playground\Matrix\Resource\Http\Requests\Backlog\CreateRequestTest" classname="Tests.Unit.GammaMatrix.Playground.Matrix.Resource.Http.Requests.Backlog.CreateRequestTest" assertions="1" time="0.187070"/>
      </testsuite>
      <testsuite name="Tests\Unit\GammaMatrix\Playground\Matrix\Resource\Policies\BacklogPolicy\PolicyTest" file="/app/tests/Unit/Policies/BacklogPolicy/PolicyTest.php" tests="1" assertions="1" errors="0" failures="0" skipped="0" time="0.007441">
        <testcase name="test_policy_instance" file="/app/tests/Unit/Policies/BacklogPolicy/PolicyTest.php" line="19" class="Tests\Unit\GammaMatrix\Playground\Matrix\Resource\Policies\BacklogPolicy\PolicyTest" classname="Tests.Unit.GammaMatrix.Playground.Matrix.Resource.Policies.BacklogPolicy.PolicyTest" assertions="1" time="0.007441"/>
      </testsuite>
      <testsuite name="Tests\Unit\GammaMatrix\Playground\Matrix\Resource\ServiceProviderTrait\TraitTest" file="/app/tests/Unit/ServiceProviderTrait/TraitTest.php" tests="4" assertions="4" errors="0" failures="0" skipped="0" time="0.017153">
        <testcase name="test_setPolicyNamespace_with_invalid_value" file="/app/tests/Unit/ServiceProviderTrait/TraitTest.php" line="44" class="Tests\Unit\GammaMatrix\Playground\Matrix\Resource\ServiceProviderTrait\TraitTest" classname="Tests.Unit.GammaMatrix.Playground.Matrix.Resource.ServiceProviderTrait.TraitTest" assertions="1" time="0.004389"/>
        <testcase name="test_setPolicyNamespace_with_app_namespace" file="/app/tests/Unit/ServiceProviderTrait/TraitTest.php" line="51" class="Tests\Unit\GammaMatrix\Playground\Matrix\Resource\ServiceProviderTrait\TraitTest" classname="Tests.Unit.GammaMatrix.Playground.Matrix.Resource.ServiceProviderTrait.TraitTest" assertions="1" time="0.004226"/>
        <testcase name="test_registerPolicies_getRegister_with_empty_policy_namespace" file="/app/tests/Unit/ServiceProviderTrait/TraitTest.php" line="62" class="Tests\Unit\GammaMatrix\Playground\Matrix\Resource\ServiceProviderTrait\TraitTest" classname="Tests.Unit.GammaMatrix.Playground.Matrix.Resource.ServiceProviderTrait.TraitTest" assertions="1" time="0.004262"/>
        <testcase name="test_registerPolicies_getRegister_with_app_policy_namespace" file="/app/tests/Unit/ServiceProviderTrait/TraitTest.php" line="73" class="Tests\Unit\GammaMatrix\Playground\Matrix\Resource\ServiceProviderTrait\TraitTest" classname="Tests.Unit.GammaMatrix.Playground.Matrix.Resource.ServiceProviderTrait.TraitTest" assertions="1" time="0.004276"/>
      </testsuite>
    </testsuite>
    <testsuite name="Feature" tests="345" assertions="2685" errors="0" failures="0" skipped="0" time="34.004015">
      <testsuite name="Tests\Feature\GammaMatrix\Playground\Matrix\Resource\Http\Controllers\BacklogRouteTest" file="/app/tests/Feature/Http/Controllers/BacklogRouteTest.php" tests="23" assertions="181" errors="0" failures="0" skipped="0" time="2.362077">
        <testcase name="test_guest_cannot_render_create_view" file="/app/vendor/gammamatrix/playground-test/src/Feature/Http/Controllers/Resource/CreateTrait.php" line="17" class="Tests\Feature\GammaMatrix\Playground\Matrix\Resource\Http\Controllers\BacklogRouteTest" classname="Tests.Feature.GammaMatrix.Playground.Matrix.Resource.Http.Controllers.BacklogRouteTest" assertions="2" time="0.146409"/>
        <testcase name="test_create_view_rendered_by_user_with_return_url" file="/app/vendor/gammamatrix/playground-test/src/Feature/Http/Controllers/Resource/CreateTrait.php" line="28" class="Tests\Feature\GammaMatrix\Playground\Matrix\Resource\Http\Controllers\BacklogRouteTest" classname="Tests.Feature.GammaMatrix.Playground.Matrix.Resource.Http.Controllers.BacklogRouteTest" assertions="3" time="0.210444"/>
        <testcase name="test_create_info_with_user_using_json" file="/app/vendor/gammamatrix/playground-test/src/Feature/Http/Controllers/Resource/CreateTrait.php" line="53" class="Tests\Feature\GammaMatrix\Playground\Matrix\Resource\Http\Controllers\BacklogRouteTest" classname="Tests.Feature.GammaMatrix.Playground.Matrix.Resource.Http.Controllers.BacklogRouteTest" assertions="4" time="0.090162"/>
        <testcase name="test_create_view_rendered_by_user_with_invalid_parameter" file="/app/vendor/gammamatrix/playground-test/src/Feature/Http/Controllers/Resource/CreateTrait.php" line="74" class="Tests\Feature\GammaMatrix\Playground\Matrix\Resource\Http\Controllers\BacklogRouteTest" classname="Tests.Feature.GammaMatrix.Playground.Matrix.Resource.Http.Controllers.BacklogRouteTest" assertions="5" time="0.092474"/>
        <testcase name="test_guest_cannot_render_edit_view" file="/app/vendor/gammamatrix/playground-test/src/Feature/Http/Controllers/Resource/EditTrait.php" line="17" class="Tests\Feature\GammaMatrix\Playground\Matrix\Resource\Http\Controllers\BacklogRouteTest" classname="Tests.Feature.GammaMatrix.Playground.Matrix.Resource.Http.Controllers.BacklogRouteTest" assertions="2" time="0.096503"/>
        <testcase name="test_edit_view_rendered_by_user_with_return_url" file="/app/vendor/gammamatrix/playground-test/src/Feature/Http/Controllers/Resource/EditTrait.php" line="34" class="Tests\Feature\GammaMatrix\Playground\Matrix\Resource\Http\Controllers\BacklogRouteTest" classname="Tests.Feature.GammaMatrix.Playground.Matrix.Resource.Http.Controllers.BacklogRouteTest" assertions="3" time="0.126266"/>
        <testcase name="test_edit_info_with_user_using_json" file="/app/vendor/gammamatrix/playground-test/src/Feature/Http/Controllers/Resource/EditTrait.php" line="64" class="Tests\Feature\GammaMatrix\Playground\Matrix\Resource\Http\Controllers\BacklogRouteTest" classname="Tests.Feature.GammaMatrix.Playground.Matrix.Resource.Http.Controllers.BacklogRouteTest" assertions="4" time="0.106049"/>
        <testcase name="test_edit_view_rendered_by_user_with_invalid_parameter" file="/app/vendor/gammamatrix/playground-test/src/Feature/Http/Controllers/Resource/EditTrait.php" line="91" class="Tests\Feature\GammaMatrix\Playground\Matrix\Resource\Http\Controllers\BacklogRouteTest" classname="Tests.Feature.GammaMatrix.Playground.Matrix.Resource.Http.Controllers.BacklogRouteTest" assertions="4" time="0.093521"/>
        <testcase name="test_guest_cannot_destroy" file="/app/vendor/gammamatrix/playground-test/src/Feature/Http/Controllers/Resource/DestroyTrait.php" line="17" class="Tests\Feature\GammaMatrix\Playground\Matrix\Resource\Http\Controllers\BacklogRouteTest" classname="Tests.Feature.GammaMatrix.Playground.Matrix.Resource.Http.Controllers.BacklogRouteTest" assertions="4" time="0.099511"/>
        <testcase name="test_destroy_as_standard_user_and_succeed" file="/app/vendor/gammamatrix/playground-test/src/Feature/Http/Controllers/Resource/DestroyTrait.php" line="59" class="Tests\Feature\GammaMatrix\Playground\Matrix\Resource\Http\Controllers\BacklogRouteTest" classname="Tests.Feature.GammaMatrix.Playground.Matrix.Resource.Http.Controllers.BacklogRouteTest" assertions="5" time="0.092501"/>
        <testcase name="test_destroy_as_standard_user_and_succeed_with_force_delete" file="/app/vendor/gammamatrix/playground-test/src/Feature/Http/Controllers/Resource/DestroyTrait.php" line="102" class="Tests\Feature\GammaMatrix\Playground\Matrix\Resource\Http\Controllers\BacklogRouteTest" classname="Tests.Feature.GammaMatrix.Playground.Matrix.Resource.Http.Controllers.BacklogRouteTest" assertions="4" time="0.094608"/>
        <testcase name="test_destroy_as_standard_user_using_json_and_succeed_with_no_content" file="/app/vendor/gammamatrix/playground-test/src/Feature/Http/Controllers/Resource/DestroyTrait.php" line="140" class="Tests\Feature\GammaMatrix\Playground\Matrix\Resource\Http\Controllers\BacklogRouteTest" classname="Tests.Feature.GammaMatrix.Playground.Matrix.Resource.Http.Controllers.BacklogRouteTest" assertions="5" time="0.088571"/>
        <testcase name="test_destroy_as_standard_user_and_succeed_with_redirect_to_index_with_trash" file="/app/vendor/gammamatrix/playground-test/src/Feature/Http/Controllers/Resource/DestroyTrait.php" line="183" class="Tests\Feature\GammaMatrix\Playground\Matrix\Resource\Http\Controllers\BacklogRouteTest" classname="Tests.Feature.GammaMatrix.Playground.Matrix.Resource.Http.Controllers.BacklogRouteTest" assertions="5" time="0.088544"/>
        <testcase name="test_destroy_with_user_role_and_get_denied_and_no_force_delete_allowed" file="/app/vendor/gammamatrix/playground-test/src/Feature/Http/Controllers/Resource/DestroyTrait.php" line="239" class="Tests\Feature\GammaMatrix\Playground\Matrix\Resource\Http\Controllers\BacklogRouteTest" classname="Tests.Feature.GammaMatrix.Playground.Matrix.Resource.Http.Controllers.BacklogRouteTest" assertions="3" time="0.089822"/>
        <testcase name="test_destroy_with_admin_role_and_succeed" file="/app/vendor/gammamatrix/playground-test/src/Feature/Http/Controllers/Resource/DestroyTrait.php" line="286" class="Tests\Feature\GammaMatrix\Playground\Matrix\Resource\Http\Controllers\BacklogRouteTest" classname="Tests.Feature.GammaMatrix.Playground.Matrix.Resource.Http.Controllers.BacklogRouteTest" assertions="5" time="0.099514"/>
        <testcase name="test_destroy_with_admin_role_and_succeed_with_force_delete" file="/app/vendor/gammamatrix/playground-test/src/Feature/Http/Controllers/Resource/DestroyTrait.php" line="339" class="Tests\Feature\GammaMatrix\Playground\Matrix\Resource\Http\Controllers\BacklogRouteTest" classname="Tests.Feature.GammaMatrix.Playground.Matrix.Resource.Http.Controllers.BacklogRouteTest" assertions="4" time="0.088437"/>
        <testcase name="test_guest_cannot_lock" file="/app/vendor/gammamatrix/playground-test/src/Feature/Http/Controllers/Resource/LockTrait.php" line="17" class="Tests\Feature\GammaMatrix\Playground\Matrix\Resource\Http\Controllers\BacklogRouteTest" classname="Tests.Feature.GammaMatrix.Playground.Matrix.Resource.Http.Controllers.BacklogRouteTest" assertions="4" time="0.080850"/>
        <testcase name="test_lock_as_standard_user_and_succeed" file="/app/vendor/gammamatrix/playground-test/src/Feature/Http/Controllers/Resource/LockTrait.php" line="59" class="Tests\Feature\GammaMatrix\Playground\Matrix\Resource\Http\Controllers\BacklogRouteTest" classname="Tests.Feature.GammaMatrix.Playground.Matrix.Resource.Http.Controllers.BacklogRouteTest" assertions="4" time="0.094133"/>
        <testcase name="test_lock_as_standard_user_using_json_and_succeed" file="/app/vendor/gammamatrix/playground-test/src/Feature/Http/Controllers/Resource/LockTrait.php" line="100" class="Tests\Feature\GammaMatrix\Playground\Matrix\Resource\Http\Controllers\BacklogRouteTest" classname="Tests.Feature.GammaMatrix.Playground.Matrix.Resource.Http.Controllers.BacklogRouteTest" assertions="3" time="0.101092"/>
        <testcase name="test_lock_as_standard_user_and_succeed_with_redirect_to_index_with_sorted_by_locked_desc" file="/app/vendor/gammamatrix/playground-test/src/Feature/Http/Controllers/Resource/LockTrait.php" line="139" class="Tests\Feature\GammaMatrix\Playground\Matrix\Resource\Http\Controllers\BacklogRouteTest" classname="Tests.Feature.GammaMatrix.Playground.Matrix.Resource.Http.Controllers.BacklogRouteTest" assertions="4" time="0.090368"/>
        <testcase name="test_lock_with_user_role_and_get_denied" file="/app/vendor/gammamatrix/playground-test/src/Feature/Http/Controllers/Resource/LockTrait.php" line="189" class="Tests\Feature\GammaMatrix\Playground\Matrix\Resource\Http\Controllers\BacklogRouteTest" classname="Tests.Feature.GammaMatrix.Playground.Matrix.Resource.Http.Controllers.BacklogRouteTest" assertions="3" time="0.087368"/>
        <testcase name="test_lock_with_admin_role_and_succeed" file="/app/vendor/gammamatrix/playground-test/src/Feature/Http/Controllers/Resource/LockTrait.php" line="235" class="Tests\Feature\GammaMatrix\Playground\Matrix\Resource\Http\Controllers\BacklogRouteTest" classname="Tests.Feature.GammaMatrix.Playground.Matrix.Resource.Http.Controllers.BacklogRouteTest" assertions="4" time="0.098682"/>
        <testcase name="test_lock_with_admin_role_and_succeed_with_json" file="/app/vendor/gammamatrix/playground-test/src/Feature/Http/Controllers/Resource/LockTrait.php" line="286" class="Tests\Feature\GammaMatrix\Playground\Matrix\Resource\Http\Controllers\BacklogRouteTest" classname="Tests.Feature.GammaMatrix.Playground.Matrix.Resource.Http.Controllers.BacklogRouteTest" assertions="97" time="0.106250"/>
      </testsuite>
      <testsuite name="Tests\Feature\GammaMatrix\Playground\Matrix\Resource\Http\Controllers\BoardRouteTest" file="/app/tests/Feature/Http/Controllers/BoardRouteTest.php" tests="23" assertions="181" errors="0" failures="0" skipped="0" time="2.172577">
        <testcase name="test_guest_cannot_render_create_view" file="/app/vendor/gammamatrix/playground-test/src/Feature/Http/Controllers/Resource/CreateTrait.php" line="17" class="Tests\Feature\GammaMatrix\Playground\Matrix\Resource\Http\Controllers\BoardRouteTest" classname="Tests.Feature.GammaMatrix.Playground.Matrix.Resource.Http.Controllers.BoardRouteTest" assertions="2" time="0.123171"/>
        <testcase name="test_create_view_rendered_by_user_with_return_url" file="/app/vendor/gammamatrix/playground-test/src/Feature/Http/Controllers/Resource/CreateTrait.php" line="28" class="Tests\Feature\GammaMatrix\Playground\Matrix\Resource\Http\Controllers\BoardRouteTest" classname="Tests.Feature.GammaMatrix.Playground.Matrix.Resource.Http.Controllers.BoardRouteTest" assertions="3" time="0.142139"/>
        <testcase name="test_create_info_with_user_using_json" file="/app/vendor/gammamatrix/playground-test/src/Feature/Http/Controllers/Resource/CreateTrait.php" line="53" class="Tests\Feature\GammaMatrix\Playground\Matrix\Resource\Http\Controllers\BoardRouteTest" classname="Tests.Feature.GammaMatrix.Playground.Matrix.Resource.Http.Controllers.BoardRouteTest" assertions="4" time="0.085881"/>
        <testcase name="test_create_view_rendered_by_user_with_invalid_parameter" file="/app/vendor/gammamatrix/playground-test/src/Feature/Http/Controllers/Resource/CreateTrait.php" line="74" class="Tests\Feature\GammaMatrix\Playground\Matrix\Resource\Http\Controllers\BoardRouteTest" classname="Tests.Feature.GammaMatrix.Playground.Matrix.Resource.Http.Controllers.BoardRouteTest" assertions="5" time="0.085527"/>
        <testcase name="test_guest_cannot_render_edit_view" file="/app/vendor/gammamatrix/playground-test/src/Feature/Http/Controllers/Resource/EditTrait.php" line="17" class="Tests\Feature\GammaMatrix\Playground\Matrix\Resource\Http\Controllers\BoardRouteTest" classname="Tests.Feature.GammaMatrix.Playground.Matrix.Resource.Http.Controllers.BoardRouteTest" assertions="2" time="0.079497"/>
        <testcase name="test_edit_view_rendered_by_user_with_return_url" file="/app/vendor/gammamatrix/playground-test/src/Feature/Http/Controllers/Resource/EditTrait.php" line="34" class="Tests\Feature\GammaMatrix\Playground\Matrix\Resource\Http\Controllers\BoardRouteTest" classname="Tests.Feature.GammaMatrix.Playground.Matrix.Resource.Http.Controllers.BoardRouteTest" assertions="3" time="0.125965"/>
        <testcase name="test_edit_info_with_user_using_json" file="/app/vendor/gammamatrix/playground-test/src/Feature/Http/Controllers/Resource/EditTrait.php" line="64" class="Tests\Feature\GammaMatrix\Playground\Matrix\Resource\Http\Controllers\BoardRouteTest" classname="Tests.Feature.GammaMatrix.Playground.Matrix.Resource.Http.Controllers.BoardRouteTest" assertions="4" time="0.092911"/>
        <testcase name="test_edit_view_rendered_by_user_with_invalid_parameter" file="/app/vendor/gammamatrix/playground-test/src/Feature/Http/Controllers/Resource/EditTrait.php" line="91" class="Tests\Feature\GammaMatrix\Playground\Matrix\Resource\Http\Controllers\BoardRouteTest" classname="Tests.Feature.GammaMatrix.Playground.Matrix.Resource.Http.Controllers.BoardRouteTest" assertions="4" time="0.090442"/>
        <testcase name="test_guest_cannot_destroy" file="/app/vendor/gammamatrix/playground-test/src/Feature/Http/Controllers/Resource/DestroyTrait.php" line="17" class="Tests\Feature\GammaMatrix\Playground\Matrix\Resource\Http\Controllers\BoardRouteTest" classname="Tests.Feature.GammaMatrix.Playground.Matrix.Resource.Http.Controllers.BoardRouteTest" assertions="4" time="0.079420"/>
        <testcase name="test_destroy_as_standard_user_and_succeed" file="/app/vendor/gammamatrix/playground-test/src/Feature/Http/Controllers/Resource/DestroyTrait.php" line="59" class="Tests\Feature\GammaMatrix\Playground\Matrix\Resource\Http\Controllers\BoardRouteTest" classname="Tests.Feature.GammaMatrix.Playground.Matrix.Resource.Http.Controllers.BoardRouteTest" assertions="5" time="0.092693"/>
        <testcase name="test_destroy_as_standard_user_and_succeed_with_force_delete" file="/app/vendor/gammamatrix/playground-test/src/Feature/Http/Controllers/Resource/DestroyTrait.php" line="102" class="Tests\Feature\GammaMatrix\Playground\Matrix\Resource\Http\Controllers\BoardRouteTest" classname="Tests.Feature.GammaMatrix.Playground.Matrix.Resource.Http.Controllers.BoardRouteTest" assertions="4" time="0.090489"/>
        <testcase name="test_destroy_as_standard_user_using_json_and_succeed_with_no_content" file="/app/vendor/gammamatrix/playground-test/src/Feature/Http/Controllers/Resource/DestroyTrait.php" line="140" class="Tests\Feature\GammaMatrix\Playground\Matrix\Resource\Http\Controllers\BoardRouteTest" classname="Tests.Feature.GammaMatrix.Playground.Matrix.Resource.Http.Controllers.BoardRouteTest" assertions="5" time="0.086140"/>
        <testcase name="test_destroy_as_standard_user_and_succeed_with_redirect_to_index_with_trash" file="/app/vendor/gammamatrix/playground-test/src/Feature/Http/Controllers/Resource/DestroyTrait.php" line="183" class="Tests\Feature\GammaMatrix\Playground\Matrix\Resource\Http\Controllers\BoardRouteTest" classname="Tests.Feature.GammaMatrix.Playground.Matrix.Resource.Http.Controllers.BoardRouteTest" assertions="5" time="0.086145"/>
        <testcase name="test_destroy_with_user_role_and_get_denied_and_no_force_delete_allowed" file="/app/vendor/gammamatrix/playground-test/src/Feature/Http/Controllers/Resource/DestroyTrait.php" line="239" class="Tests\Feature\GammaMatrix\Playground\Matrix\Resource\Http\Controllers\BoardRouteTest" classname="Tests.Feature.GammaMatrix.Playground.Matrix.Resource.Http.Controllers.BoardRouteTest" assertions="3" time="0.088611"/>
        <testcase name="test_destroy_with_admin_role_and_succeed" file="/app/vendor/gammamatrix/playground-test/src/Feature/Http/Controllers/Resource/DestroyTrait.php" line="286" class="Tests\Feature\GammaMatrix\Playground\Matrix\Resource\Http\Controllers\BoardRouteTest" classname="Tests.Feature.GammaMatrix.Playground.Matrix.Resource.Http.Controllers.BoardRouteTest" assertions="5" time="0.087643"/>
        <testcase name="test_destroy_with_admin_role_and_succeed_with_force_delete" file="/app/vendor/gammamatrix/playground-test/src/Feature/Http/Controllers/Resource/DestroyTrait.php" line="339" class="Tests\Feature\GammaMatrix\Playground\Matrix\Resource\Http\Controllers\BoardRouteTest" classname="Tests.Feature.GammaMatrix.Playground.Matrix.Resource.Http.Controllers.BoardRouteTest" assertions="4" time="0.092166"/>
        <testcase name="test_guest_cannot_lock" file="/app/vendor/gammamatrix/playground-test/src/Feature/Http/Controllers/Resource/LockTrait.php" line="17" class="Tests\Feature\GammaMatrix\Playground\Matrix\Resource\Http\Controllers\BoardRouteTest" classname="Tests.Feature.GammaMatrix.Playground.Matrix.Resource.Http.Controllers.BoardRouteTest" assertions="4" time="0.080000"/>
        <testcase name="test_lock_as_standard_user_and_succeed" file="/app/vendor/gammamatrix/playground-test/src/Feature/Http/Controllers/Resource/LockTrait.php" line="59" class="Tests\Feature\GammaMatrix\Playground\Matrix\Resource\Http\Controllers\BoardRouteTest" classname="Tests.Feature.GammaMatrix.Playground.Matrix.Resource.Http.Controllers.BoardRouteTest" assertions="4" time="0.092123"/>
        <testcase name="test_lock_as_standard_user_using_json_and_succeed" file="/app/vendor/gammamatrix/playground-test/src/Feature/Http/Controllers/Resource/LockTrait.php" line="100" class="Tests\Feature\GammaMatrix\Playground\Matrix\Resource\Http\Controllers\BoardRouteTest" classname="Tests.Feature.GammaMatrix.Playground.Matrix.Resource.Http.Controllers.BoardRouteTest" assertions="3" time="0.095798"/>
        <testcase name="test_lock_as_standard_user_and_succeed_with_redirect_to_index_with_sorted_by_locked_desc" file="/app/vendor/gammamatrix/playground-test/src/Feature/Http/Controllers/Resource/LockTrait.php" line="139" class="Tests\Feature\GammaMatrix\Playground\Matrix\Resource\Http\Controllers\BoardRouteTest" classname="Tests.Feature.GammaMatrix.Playground.Matrix.Resource.Http.Controllers.BoardRouteTest" assertions="4" time="0.088751"/>
        <testcase name="test_lock_with_user_role_and_get_denied" file="/app/vendor/gammamatrix/playground-test/src/Feature/Http/Controllers/Resource/LockTrait.php" line="189" class="Tests\Feature\GammaMatrix\Playground\Matrix\Resource\Http\Controllers\BoardRouteTest" classname="Tests.Feature.GammaMatrix.Playground.Matrix.Resource.Http.Controllers.BoardRouteTest" assertions="3" time="0.087044"/>
        <testcase name="test_lock_with_admin_role_and_succeed" file="/app/vendor/gammamatrix/playground-test/src/Feature/Http/Controllers/Resource/LockTrait.php" line="235" class="Tests\Feature\GammaMatrix\Playground\Matrix\Resource\Http\Controllers\BoardRouteTest" classname="Tests.Feature.GammaMatrix.Playground.Matrix.Resource.Http.Controllers.BoardRouteTest" assertions="4" time="0.095880"/>
        <testcase name="test_lock_with_admin_role_and_succeed_with_json" file="/app/vendor/gammamatrix/playground-test/src/Feature/Http/Controllers/Resource/LockTrait.php" line="286" class="Tests\Feature\GammaMatrix\Playground\Matrix\Resource\Http\Controllers\BoardRouteTest" classname="Tests.Feature.GammaMatrix.Playground.Matrix.Resource.Http.Controllers.BoardRouteTest" assertions="97" time="0.104142"/>
      </testsuite>
      <testsuite name="Tests\Feature\GammaMatrix\Playground\Matrix\Resource\Http\Controllers\EpicRouteTest" file="/app/tests/Feature/Http/Controllers/EpicRouteTest.php" tests="23" assertions="181" errors="0" failures="0" skipped="0" time="2.167457">
        <testcase name="test_guest_cannot_render_create_view" file="/app/vendor/gammamatrix/playground-test/src/Feature/Http/Controllers/Resource/CreateTrait.php" line="17" class="Tests\Feature\GammaMatrix\Playground\Matrix\Resource\Http\Controllers\EpicRouteTest" classname="Tests.Feature.GammaMatrix.Playground.Matrix.Resource.Http.Controllers.EpicRouteTest" assertions="2" time="0.119338"/>
        <testcase name="test_create_view_rendered_by_user_with_return_url" file="/app/vendor/gammamatrix/playground-test/src/Feature/Http/Controllers/Resource/CreateTrait.php" line="28" class="Tests\Feature\GammaMatrix\Playground\Matrix\Resource\Http\Controllers\EpicRouteTest" classname="Tests.Feature.GammaMatrix.Playground.Matrix.Resource.Http.Controllers.EpicRouteTest" assertions="3" time="0.140770"/>
        <testcase name="test_create_info_with_user_using_json" file="/app/vendor/gammamatrix/playground-test/src/Feature/Http/Controllers/Resource/CreateTrait.php" line="53" class="Tests\Feature\GammaMatrix\Playground\Matrix\Resource\Http\Controllers\EpicRouteTest" classname="Tests.Feature.GammaMatrix.Playground.Matrix.Resource.Http.Controllers.EpicRouteTest" assertions="4" time="0.085382"/>
        <testcase name="test_create_view_rendered_by_user_with_invalid_parameter" file="/app/vendor/gammamatrix/playground-test/src/Feature/Http/Controllers/Resource/CreateTrait.php" line="74" class="Tests\Feature\GammaMatrix\Playground\Matrix\Resource\Http\Controllers\EpicRouteTest" classname="Tests.Feature.GammaMatrix.Playground.Matrix.Resource.Http.Controllers.EpicRouteTest" assertions="5" time="0.084906"/>
        <testcase name="test_guest_cannot_render_edit_view" file="/app/vendor/gammamatrix/playground-test/src/Feature/Http/Controllers/Resource/EditTrait.php" line="17" class="Tests\Feature\GammaMatrix\Playground\Matrix\Resource\Http\Controllers\EpicRouteTest" classname="Tests.Feature.GammaMatrix.Playground.Matrix.Resource.Http.Controllers.EpicRouteTest" assertions="2" time="0.083038"/>
        <testcase name="test_edit_view_rendered_by_user_with_return_url" file="/app/vendor/gammamatrix/playground-test/src/Feature/Http/Controllers/Resource/EditTrait.php" line="34" class="Tests\Feature\GammaMatrix\Playground\Matrix\Resource\Http\Controllers\EpicRouteTest" classname="Tests.Feature.GammaMatrix.Playground.Matrix.Resource.Http.Controllers.EpicRouteTest" assertions="3" time="0.127338"/>
        <testcase name="test_edit_info_with_user_using_json" file="/app/vendor/gammamatrix/playground-test/src/Feature/Http/Controllers/Resource/EditTrait.php" line="64" class="Tests\Feature\GammaMatrix\Playground\Matrix\Resource\Http\Controllers\EpicRouteTest" classname="Tests.Feature.GammaMatrix.Playground.Matrix.Resource.Http.Controllers.EpicRouteTest" assertions="4" time="0.093881"/>
        <testcase name="test_edit_view_rendered_by_user_with_invalid_parameter" file="/app/vendor/gammamatrix/playground-test/src/Feature/Http/Controllers/Resource/EditTrait.php" line="91" class="Tests\Feature\GammaMatrix\Playground\Matrix\Resource\Http\Controllers\EpicRouteTest" classname="Tests.Feature.GammaMatrix.Playground.Matrix.Resource.Http.Controllers.EpicRouteTest" assertions="4" time="0.090095"/>
        <testcase name="test_guest_cannot_destroy" file="/app/vendor/gammamatrix/playground-test/src/Feature/Http/Controllers/Resource/DestroyTrait.php" line="17" class="Tests\Feature\GammaMatrix\Playground\Matrix\Resource\Http\Controllers\EpicRouteTest" classname="Tests.Feature.GammaMatrix.Playground.Matrix.Resource.Http.Controllers.EpicRouteTest" assertions="4" time="0.082742"/>
        <testcase name="test_destroy_as_standard_user_and_succeed" file="/app/vendor/gammamatrix/playground-test/src/Feature/Http/Controllers/Resource/DestroyTrait.php" line="59" class="Tests\Feature\GammaMatrix\Playground\Matrix\Resource\Http\Controllers\EpicRouteTest" classname="Tests.Feature.GammaMatrix.Playground.Matrix.Resource.Http.Controllers.EpicRouteTest" assertions="5" time="0.090690"/>
        <testcase name="test_destroy_as_standard_user_and_succeed_with_force_delete" file="/app/vendor/gammamatrix/playground-test/src/Feature/Http/Controllers/Resource/DestroyTrait.php" line="102" class="Tests\Feature\GammaMatrix\Playground\Matrix\Resource\Http\Controllers\EpicRouteTest" classname="Tests.Feature.GammaMatrix.Playground.Matrix.Resource.Http.Controllers.EpicRouteTest" assertions="4" time="0.091196"/>
        <testcase name="test_destroy_as_standard_user_using_json_and_succeed_with_no_content" file="/app/vendor/gammamatrix/playground-test/src/Feature/Http/Controllers/Resource/DestroyTrait.php" line="140" class="Tests\Feature\GammaMatrix\Playground\Matrix\Resource\Http\Controllers\EpicRouteTest" classname="Tests.Feature.GammaMatrix.Playground.Matrix.Resource.Http.Controllers.EpicRouteTest" assertions="5" time="0.086403"/>
        <testcase name="test_destroy_as_standard_user_and_succeed_with_redirect_to_index_with_trash" file="/app/vendor/gammamatrix/playground-test/src/Feature/Http/Controllers/Resource/DestroyTrait.php" line="183" class="Tests\Feature\GammaMatrix\Playground\Matrix\Resource\Http\Controllers\EpicRouteTest" classname="Tests.Feature.GammaMatrix.Playground.Matrix.Resource.Http.Controllers.EpicRouteTest" assertions="5" time="0.089563"/>
        <testcase name="test_destroy_with_user_role_and_get_denied_and_no_force_delete_allowed" file="/app/vendor/gammamatrix/playground-test/src/Feature/Http/Controllers/Resource/DestroyTrait.php" line="239" class="Tests\Feature\GammaMatrix\Playground\Matrix\Resource\Http\Controllers\EpicRouteTest" classname="Tests.Feature.GammaMatrix.Playground.Matrix.Resource.Http.Controllers.EpicRouteTest" assertions="3" time="0.086332"/>
        <testcase name="test_destroy_with_admin_role_and_succeed" file="/app/vendor/gammamatrix/playground-test/src/Feature/Http/Controllers/Resource/DestroyTrait.php" line="286" class="Tests\Feature\GammaMatrix\Playground\Matrix\Resource\Http\Controllers\EpicRouteTest" classname="Tests.Feature.GammaMatrix.Playground.Matrix.Resource.Http.Controllers.EpicRouteTest" assertions="5" time="0.087194"/>
        <testcase name="test_destroy_with_admin_role_and_succeed_with_force_delete" file="/app/vendor/gammamatrix/playground-test/src/Feature/Http/Controllers/Resource/DestroyTrait.php" line="339" class="Tests\Feature\GammaMatrix\Playground\Matrix\Resource\Http\Controllers\EpicRouteTest" classname="Tests.Feature.GammaMatrix.Playground.Matrix.Resource.Http.Controllers.EpicRouteTest" assertions="4" time="0.086087"/>
        <testcase name="test_guest_cannot_lock" file="/app/vendor/gammamatrix/playground-test/src/Feature/Http/Controllers/Resource/LockTrait.php" line="17" class="Tests\Feature\GammaMatrix\Playground\Matrix\Resource\Http\Controllers\EpicRouteTest" classname="Tests.Feature.GammaMatrix.Playground.Matrix.Resource.Http.Controllers.EpicRouteTest" assertions="4" time="0.081259"/>
        <testcase name="test_lock_as_standard_user_and_succeed" file="/app/vendor/gammamatrix/playground-test/src/Feature/Http/Controllers/Resource/LockTrait.php" line="59" class="Tests\Feature\GammaMatrix\Playground\Matrix\Resource\Http\Controllers\EpicRouteTest" classname="Tests.Feature.GammaMatrix.Playground.Matrix.Resource.Http.Controllers.EpicRouteTest" assertions="4" time="0.091607"/>
        <testcase name="test_lock_as_standard_user_using_json_and_succeed" file="/app/vendor/gammamatrix/playground-test/src/Feature/Http/Controllers/Resource/LockTrait.php" line="100" class="Tests\Feature\GammaMatrix\Playground\Matrix\Resource\Http\Controllers\EpicRouteTest" classname="Tests.Feature.GammaMatrix.Playground.Matrix.Resource.Http.Controllers.EpicRouteTest" assertions="3" time="0.095428"/>
        <testcase name="test_lock_as_standard_user_and_succeed_with_redirect_to_index_with_sorted_by_locked_desc" file="/app/vendor/gammamatrix/playground-test/src/Feature/Http/Controllers/Resource/LockTrait.php" line="139" class="Tests\Feature\GammaMatrix\Playground\Matrix\Resource\Http\Controllers\EpicRouteTest" classname="Tests.Feature.GammaMatrix.Playground.Matrix.Resource.Http.Controllers.EpicRouteTest" assertions="4" time="0.090132"/>
        <testcase name="test_lock_with_user_role_and_get_denied" file="/app/vendor/gammamatrix/playground-test/src/Feature/Http/Controllers/Resource/LockTrait.php" line="189" class="Tests\Feature\GammaMatrix\Playground\Matrix\Resource\Http\Controllers\EpicRouteTest" classname="Tests.Feature.GammaMatrix.Playground.Matrix.Resource.Http.Controllers.EpicRouteTest" assertions="3" time="0.088421"/>
        <testcase name="test_lock_with_admin_role_and_succeed" file="/app/vendor/gammamatrix/playground-test/src/Feature/Http/Controllers/Resource/LockTrait.php" line="235" class="Tests\Feature\GammaMatrix\Playground\Matrix\Resource\Http\Controllers\EpicRouteTest" classname="Tests.Feature.GammaMatrix.Playground.Matrix.Resource.Http.Controllers.EpicRouteTest" assertions="4" time="0.090906"/>
        <testcase name="test_lock_with_admin_role_and_succeed_with_json" file="/app/vendor/gammamatrix/playground-test/src/Feature/Http/Controllers/Resource/LockTrait.php" line="286" class="Tests\Feature\GammaMatrix\Playground\Matrix\Resource\Http\Controllers\EpicRouteTest" classname="Tests.Feature.GammaMatrix.Playground.Matrix.Resource.Http.Controllers.EpicRouteTest" assertions="97" time="0.104749"/>
      </testsuite>
      <testsuite name="Tests\Feature\GammaMatrix\Playground\Matrix\Resource\Http\Controllers\FlowRouteTest" file="/app/tests/Feature/Http/Controllers/FlowRouteTest.php" tests="23" assertions="165" errors="0" failures="0" skipped="0" time="2.212814">
        <testcase name="test_guest_cannot_render_create_view" file="/app/vendor/gammamatrix/playground-test/src/Feature/Http/Controllers/Resource/CreateTrait.php" line="17" class="Tests\Feature\GammaMatrix\Playground\Matrix\Resource\Http\Controllers\FlowRouteTest" classname="Tests.Feature.GammaMatrix.Playground.Matrix.Resource.Http.Controllers.FlowRouteTest" assertions="2" time="0.118748"/>
        <testcase name="test_create_view_rendered_by_user_with_return_url" file="/app/vendor/gammamatrix/playground-test/src/Feature/Http/Controllers/Resource/CreateTrait.php" line="28" class="Tests\Feature\GammaMatrix\Playground\Matrix\Resource\Http\Controllers\FlowRouteTest" classname="Tests.Feature.GammaMatrix.Playground.Matrix.Resource.Http.Controllers.FlowRouteTest" assertions="3" time="0.137234"/>
        <testcase name="test_create_info_with_user_using_json" file="/app/vendor/gammamatrix/playground-test/src/Feature/Http/Controllers/Resource/CreateTrait.php" line="53" class="Tests\Feature\GammaMatrix\Playground\Matrix\Resource\Http\Controllers\FlowRouteTest" classname="Tests.Feature.GammaMatrix.Playground.Matrix.Resource.Http.Controllers.FlowRouteTest" assertions="4" time="0.085263"/>
        <testcase name="test_create_view_rendered_by_user_with_invalid_parameter" file="/app/vendor/gammamatrix/playground-test/src/Feature/Http/Controllers/Resource/CreateTrait.php" line="74" class="Tests\Feature\GammaMatrix\Playground\Matrix\Resource\Http\Controllers\FlowRouteTest" classname="Tests.Feature.GammaMatrix.Playground.Matrix.Resource.Http.Controllers.FlowRouteTest" assertions="5" time="0.112783"/>
        <testcase name="test_guest_cannot_render_edit_view" file="/app/vendor/gammamatrix/playground-test/src/Feature/Http/Controllers/Resource/EditTrait.php" line="17" class="Tests\Feature\GammaMatrix\Playground\Matrix\Resource\Http\Controllers\FlowRouteTest" classname="Tests.Feature.GammaMatrix.Playground.Matrix.Resource.Http.Controllers.FlowRouteTest" assertions="2" time="0.086050"/>
        <testcase name="test_edit_view_rendered_by_user_with_return_url" file="/app/vendor/gammamatrix/playground-test/src/Feature/Http/Controllers/Resource/EditTrait.php" line="34" class="Tests\Feature\GammaMatrix\Playground\Matrix\Resource\Http\Controllers\FlowRouteTest" classname="Tests.Feature.GammaMatrix.Playground.Matrix.Resource.Http.Controllers.FlowRouteTest" assertions="3" time="0.116828"/>
        <testcase name="test_edit_info_with_user_using_json" file="/app/vendor/gammamatrix/playground-test/src/Feature/Http/Controllers/Resource/EditTrait.php" line="64" class="Tests\Feature\GammaMatrix\Playground\Matrix\Resource\Http\Controllers\FlowRouteTest" classname="Tests.Feature.GammaMatrix.Playground.Matrix.Resource.Http.Controllers.FlowRouteTest" assertions="4" time="0.098931"/>
        <testcase name="test_edit_view_rendered_by_user_with_invalid_parameter" file="/app/vendor/gammamatrix/playground-test/src/Feature/Http/Controllers/Resource/EditTrait.php" line="91" class="Tests\Feature\GammaMatrix\Playground\Matrix\Resource\Http\Controllers\FlowRouteTest" classname="Tests.Feature.GammaMatrix.Playground.Matrix.Resource.Http.Controllers.FlowRouteTest" assertions="4" time="0.098055"/>
        <testcase name="test_guest_cannot_destroy" file="/app/vendor/gammamatrix/playground-test/src/Feature/Http/Controllers/Resource/DestroyTrait.php" line="17" class="Tests\Feature\GammaMatrix\Playground\Matrix\Resource\Http\Controllers\FlowRouteTest" classname="Tests.Feature.GammaMatrix.Playground.Matrix.Resource.Http.Controllers.FlowRouteTest" assertions="4" time="0.080428"/>
        <testcase name="test_destroy_as_standard_user_and_succeed" file="/app/vendor/gammamatrix/playground-test/src/Feature/Http/Controllers/Resource/DestroyTrait.php" line="59" class="Tests\Feature\GammaMatrix\Playground\Matrix\Resource\Http\Controllers\FlowRouteTest" classname="Tests.Feature.GammaMatrix.Playground.Matrix.Resource.Http.Controllers.FlowRouteTest" assertions="5" time="0.089635"/>
        <testcase name="test_destroy_as_standard_user_and_succeed_with_force_delete" file="/app/vendor/gammamatrix/playground-test/src/Feature/Http/Controllers/Resource/DestroyTrait.php" line="102" class="Tests\Feature\GammaMatrix\Playground\Matrix\Resource\Http\Controllers\FlowRouteTest" classname="Tests.Feature.GammaMatrix.Playground.Matrix.Resource.Http.Controllers.FlowRouteTest" assertions="4" time="0.094788"/>
        <testcase name="test_destroy_as_standard_user_using_json_and_succeed_with_no_content" file="/app/vendor/gammamatrix/playground-test/src/Feature/Http/Controllers/Resource/DestroyTrait.php" line="140" class="Tests\Feature\GammaMatrix\Playground\Matrix\Resource\Http\Controllers\FlowRouteTest" classname="Tests.Feature.GammaMatrix.Playground.Matrix.Resource.Http.Controllers.FlowRouteTest" assertions="5" time="0.091037"/>
        <testcase name="test_destroy_as_standard_user_and_succeed_with_redirect_to_index_with_trash" file="/app/vendor/gammamatrix/playground-test/src/Feature/Http/Controllers/Resource/DestroyTrait.php" line="183" class="Tests\Feature\GammaMatrix\Playground\Matrix\Resource\Http\Controllers\FlowRouteTest" classname="Tests.Feature.GammaMatrix.Playground.Matrix.Resource.Http.Controllers.FlowRouteTest" assertions="5" time="0.085440"/>
        <testcase name="test_destroy_with_user_role_and_get_denied_and_no_force_delete_allowed" file="/app/vendor/gammamatrix/playground-test/src/Feature/Http/Controllers/Resource/DestroyTrait.php" line="239" class="Tests\Feature\GammaMatrix\Playground\Matrix\Resource\Http\Controllers\FlowRouteTest" classname="Tests.Feature.GammaMatrix.Playground.Matrix.Resource.Http.Controllers.FlowRouteTest" assertions="3" time="0.092628"/>
        <testcase name="test_destroy_with_admin_role_and_succeed" file="/app/vendor/gammamatrix/playground-test/src/Feature/Http/Controllers/Resource/DestroyTrait.php" line="286" class="Tests\Feature\GammaMatrix\Playground\Matrix\Resource\Http\Controllers\FlowRouteTest" classname="Tests.Feature.GammaMatrix.Playground.Matrix.Resource.Http.Controllers.FlowRouteTest" assertions="5" time="0.086886"/>
        <testcase name="test_destroy_with_admin_role_and_succeed_with_force_delete" file="/app/vendor/gammamatrix/playground-test/src/Feature/Http/Controllers/Resource/DestroyTrait.php" line="339" class="Tests\Feature\GammaMatrix\Playground\Matrix\Resource\Http\Controllers\FlowRouteTest" classname="Tests.Feature.GammaMatrix.Playground.Matrix.Resource.Http.Controllers.FlowRouteTest" assertions="4" time="0.088797"/>
        <testcase name="test_guest_cannot_lock" file="/app/vendor/gammamatrix/playground-test/src/Feature/Http/Controllers/Resource/LockTrait.php" line="17" class="Tests\Feature\GammaMatrix\Playground\Matrix\Resource\Http\Controllers\FlowRouteTest" classname="Tests.Feature.GammaMatrix.Playground.Matrix.Resource.Http.Controllers.FlowRouteTest" assertions="4" time="0.096442"/>
        <testcase name="test_lock_as_standard_user_and_succeed" file="/app/vendor/gammamatrix/playground-test/src/Feature/Http/Controllers/Resource/LockTrait.php" line="59" class="Tests\Feature\GammaMatrix\Playground\Matrix\Resource\Http\Controllers\FlowRouteTest" classname="Tests.Feature.GammaMatrix.Playground.Matrix.Resource.Http.Controllers.FlowRouteTest" assertions="4" time="0.089852"/>
        <testcase name="test_lock_as_standard_user_using_json_and_succeed" file="/app/vendor/gammamatrix/playground-test/src/Feature/Http/Controllers/Resource/LockTrait.php" line="100" class="Tests\Feature\GammaMatrix\Playground\Matrix\Resource\Http\Controllers\FlowRouteTest" classname="Tests.Feature.GammaMatrix.Playground.Matrix.Resource.Http.Controllers.FlowRouteTest" assertions="3" time="0.095067"/>
        <testcase name="test_lock_as_standard_user_and_succeed_with_redirect_to_index_with_sorted_by_locked_desc" file="/app/vendor/gammamatrix/playground-test/src/Feature/Http/Controllers/Resource/LockTrait.php" line="139" class="Tests\Feature\GammaMatrix\Playground\Matrix\Resource\Http\Controllers\FlowRouteTest" classname="Tests.Feature.GammaMatrix.Playground.Matrix.Resource.Http.Controllers.FlowRouteTest" assertions="4" time="0.091181"/>
        <testcase name="test_lock_with_user_role_and_get_denied" file="/app/vendor/gammamatrix/playground-test/src/Feature/Http/Controllers/Resource/LockTrait.php" line="189" class="Tests\Feature\GammaMatrix\Playground\Matrix\Resource\Http\Controllers\FlowRouteTest" classname="Tests.Feature.GammaMatrix.Playground.Matrix.Resource.Http.Controllers.FlowRouteTest" assertions="3" time="0.084674"/>
        <testcase name="test_lock_with_admin_role_and_succeed" file="/app/vendor/gammamatrix/playground-test/src/Feature/Http/Controllers/Resource/LockTrait.php" line="235" class="Tests\Feature\GammaMatrix\Playground\Matrix\Resource\Http\Controllers\FlowRouteTest" classname="Tests.Feature.GammaMatrix.Playground.Matrix.Resource.Http.Controllers.FlowRouteTest" assertions="4" time="0.088201"/>
        <testcase name="test_lock_with_admin_role_and_succeed_with_json" file="/app/vendor/gammamatrix/playground-test/src/Feature/Http/Controllers/Resource/LockTrait.php" line="286" class="Tests\Feature\GammaMatrix\Playground\Matrix\Resource\Http\Controllers\FlowRouteTest" classname="Tests.Feature.GammaMatrix.Playground.Matrix.Resource.Http.Controllers.FlowRouteTest" assertions="81" time="0.103865"/>
      </testsuite>
      <testsuite name="Tests\Feature\GammaMatrix\Playground\Matrix\Resource\Http\Controllers\MilestoneRouteTest" file="/app/tests/Feature/Http/Controllers/MilestoneRouteTest.php" tests="23" assertions="181" errors="0" failures="0" skipped="0" time="2.223870">
        <testcase name="test_guest_cannot_render_create_view" file="/app/vendor/gammamatrix/playground-test/src/Feature/Http/Controllers/Resource/CreateTrait.php" line="17" class="Tests\Feature\GammaMatrix\Playground\Matrix\Resource\Http\Controllers\MilestoneRouteTest" classname="Tests.Feature.GammaMatrix.Playground.Matrix.Resource.Http.Controllers.MilestoneRouteTest" assertions="2" time="0.125615"/>
        <testcase name="test_create_view_rendered_by_user_with_return_url" file="/app/vendor/gammamatrix/playground-test/src/Feature/Http/Controllers/Resource/CreateTrait.php" line="28" class="Tests\Feature\GammaMatrix\Playground\Matrix\Resource\Http\Controllers\MilestoneRouteTest" classname="Tests.Feature.GammaMatrix.Playground.Matrix.Resource.Http.Controllers.MilestoneRouteTest" assertions="3" time="0.138364"/>
        <testcase name="test_create_info_with_user_using_json" file="/app/vendor/gammamatrix/playground-test/src/Feature/Http/Controllers/Resource/CreateTrait.php" line="53" class="Tests\Feature\GammaMatrix\Playground\Matrix\Resource\Http\Controllers\MilestoneRouteTest" classname="Tests.Feature.GammaMatrix.Playground.Matrix.Resource.Http.Controllers.MilestoneRouteTest" assertions="4" time="0.088579"/>
        <testcase name="test_create_view_rendered_by_user_with_invalid_parameter" file="/app/vendor/gammamatrix/playground-test/src/Feature/Http/Controllers/Resource/CreateTrait.php" line="74" class="Tests\Feature\GammaMatrix\Playground\Matrix\Resource\Http\Controllers\MilestoneRouteTest" classname="Tests.Feature.GammaMatrix.Playground.Matrix.Resource.Http.Controllers.MilestoneRouteTest" assertions="5" time="0.085437"/>
        <testcase name="test_guest_cannot_render_edit_view" file="/app/vendor/gammamatrix/playground-test/src/Feature/Http/Controllers/Resource/EditTrait.php" line="17" class="Tests\Feature\GammaMatrix\Playground\Matrix\Resource\Http\Controllers\MilestoneRouteTest" classname="Tests.Feature.GammaMatrix.Playground.Matrix.Resource.Http.Controllers.MilestoneRouteTest" assertions="2" time="0.079117"/>
        <testcase name="test_edit_view_rendered_by_user_with_return_url" file="/app/vendor/gammamatrix/playground-test/src/Feature/Http/Controllers/Resource/EditTrait.php" line="34" class="Tests\Feature\GammaMatrix\Playground\Matrix\Resource\Http\Controllers\MilestoneRouteTest" classname="Tests.Feature.GammaMatrix.Playground.Matrix.Resource.Http.Controllers.MilestoneRouteTest" assertions="3" time="0.124055"/>
        <testcase name="test_edit_info_with_user_using_json" file="/app/vendor/gammamatrix/playground-test/src/Feature/Http/Controllers/Resource/EditTrait.php" line="64" class="Tests\Feature\GammaMatrix\Playground\Matrix\Resource\Http\Controllers\MilestoneRouteTest" classname="Tests.Feature.GammaMatrix.Playground.Matrix.Resource.Http.Controllers.MilestoneRouteTest" assertions="4" time="0.097996"/>
        <testcase name="test_edit_view_rendered_by_user_with_invalid_parameter" file="/app/vendor/gammamatrix/playground-test/src/Feature/Http/Controllers/Resource/EditTrait.php" line="91" class="Tests\Feature\GammaMatrix\Playground\Matrix\Resource\Http\Controllers\MilestoneRouteTest" classname="Tests.Feature.GammaMatrix.Playground.Matrix.Resource.Http.Controllers.MilestoneRouteTest" assertions="4" time="0.097120"/>
        <testcase name="test_guest_cannot_destroy" file="/app/vendor/gammamatrix/playground-test/src/Feature/Http/Controllers/Resource/DestroyTrait.php" line="17" class="Tests\Feature\GammaMatrix\Playground\Matrix\Resource\Http\Controllers\MilestoneRouteTest" classname="Tests.Feature.GammaMatrix.Playground.Matrix.Resource.Http.Controllers.MilestoneRouteTest" assertions="4" time="0.080363"/>
        <testcase name="test_destroy_as_standard_user_and_succeed" file="/app/vendor/gammamatrix/playground-test/src/Feature/Http/Controllers/Resource/DestroyTrait.php" line="59" class="Tests\Feature\GammaMatrix\Playground\Matrix\Resource\Http\Controllers\MilestoneRouteTest" classname="Tests.Feature.GammaMatrix.Playground.Matrix.Resource.Http.Controllers.MilestoneRouteTest" assertions="5" time="0.089750"/>
        <testcase name="test_destroy_as_standard_user_and_succeed_with_force_delete" file="/app/vendor/gammamatrix/playground-test/src/Feature/Http/Controllers/Resource/DestroyTrait.php" line="102" class="Tests\Feature\GammaMatrix\Playground\Matrix\Resource\Http\Controllers\MilestoneRouteTest" classname="Tests.Feature.GammaMatrix.Playground.Matrix.Resource.Http.Controllers.MilestoneRouteTest" assertions="4" time="0.097681"/>
        <testcase name="test_destroy_as_standard_user_using_json_and_succeed_with_no_content" file="/app/vendor/gammamatrix/playground-test/src/Feature/Http/Controllers/Resource/DestroyTrait.php" line="140" class="Tests\Feature\GammaMatrix\Playground\Matrix\Resource\Http\Controllers\MilestoneRouteTest" classname="Tests.Feature.GammaMatrix.Playground.Matrix.Resource.Http.Controllers.MilestoneRouteTest" assertions="5" time="0.087507"/>
        <testcase name="test_destroy_as_standard_user_and_succeed_with_redirect_to_index_with_trash" file="/app/vendor/gammamatrix/playground-test/src/Feature/Http/Controllers/Resource/DestroyTrait.php" line="183" class="Tests\Feature\GammaMatrix\Playground\Matrix\Resource\Http\Controllers\MilestoneRouteTest" classname="Tests.Feature.GammaMatrix.Playground.Matrix.Resource.Http.Controllers.MilestoneRouteTest" assertions="5" time="0.086960"/>
        <testcase name="test_destroy_with_user_role_and_get_denied_and_no_force_delete_allowed" file="/app/vendor/gammamatrix/playground-test/src/Feature/Http/Controllers/Resource/DestroyTrait.php" line="239" class="Tests\Feature\GammaMatrix\Playground\Matrix\Resource\Http\Controllers\MilestoneRouteTest" classname="Tests.Feature.GammaMatrix.Playground.Matrix.Resource.Http.Controllers.MilestoneRouteTest" assertions="3" time="0.095967"/>
        <testcase name="test_destroy_with_admin_role_and_succeed" file="/app/vendor/gammamatrix/playground-test/src/Feature/Http/Controllers/Resource/DestroyTrait.php" line="286" class="Tests\Feature\GammaMatrix\Playground\Matrix\Resource\Http\Controllers\MilestoneRouteTest" classname="Tests.Feature.GammaMatrix.Playground.Matrix.Resource.Http.Controllers.MilestoneRouteTest" assertions="5" time="0.091213"/>
        <testcase name="test_destroy_with_admin_role_and_succeed_with_force_delete" file="/app/vendor/gammamatrix/playground-test/src/Feature/Http/Controllers/Resource/DestroyTrait.php" line="339" class="Tests\Feature\GammaMatrix\Playground\Matrix\Resource\Http\Controllers\MilestoneRouteTest" classname="Tests.Feature.GammaMatrix.Playground.Matrix.Resource.Http.Controllers.MilestoneRouteTest" assertions="4" time="0.086859"/>
        <testcase name="test_guest_cannot_lock" file="/app/vendor/gammamatrix/playground-test/src/Feature/Http/Controllers/Resource/LockTrait.php" line="17" class="Tests\Feature\GammaMatrix\Playground\Matrix\Resource\Http\Controllers\MilestoneRouteTest" classname="Tests.Feature.GammaMatrix.Playground.Matrix.Resource.Http.Controllers.MilestoneRouteTest" assertions="4" time="0.087366"/>
        <testcase name="test_lock_as_standard_user_and_succeed" file="/app/vendor/gammamatrix/playground-test/src/Feature/Http/Controllers/Resource/LockTrait.php" line="59" class="Tests\Feature\GammaMatrix\Playground\Matrix\Resource\Http\Controllers\MilestoneRouteTest" classname="Tests.Feature.GammaMatrix.Playground.Matrix.Resource.Http.Controllers.MilestoneRouteTest" assertions="4" time="0.091624"/>
        <testcase name="test_lock_as_standard_user_using_json_and_succeed" file="/app/vendor/gammamatrix/playground-test/src/Feature/Http/Controllers/Resource/LockTrait.php" line="100" class="Tests\Feature\GammaMatrix\Playground\Matrix\Resource\Http\Controllers\MilestoneRouteTest" classname="Tests.Feature.GammaMatrix.Playground.Matrix.Resource.Http.Controllers.MilestoneRouteTest" assertions="3" time="0.099232"/>
        <testcase name="test_lock_as_standard_user_and_succeed_with_redirect_to_index_with_sorted_by_locked_desc" file="/app/vendor/gammamatrix/playground-test/src/Feature/Http/Controllers/Resource/LockTrait.php" line="139" class="Tests\Feature\GammaMatrix\Playground\Matrix\Resource\Http\Controllers\MilestoneRouteTest" classname="Tests.Feature.GammaMatrix.Playground.Matrix.Resource.Http.Controllers.MilestoneRouteTest" assertions="4" time="0.098158"/>
        <testcase name="test_lock_with_user_role_and_get_denied" file="/app/vendor/gammamatrix/playground-test/src/Feature/Http/Controllers/Resource/LockTrait.php" line="189" class="Tests\Feature\GammaMatrix\Playground\Matrix\Resource\Http\Controllers\MilestoneRouteTest" classname="Tests.Feature.GammaMatrix.Playground.Matrix.Resource.Http.Controllers.MilestoneRouteTest" assertions="3" time="0.087708"/>
        <testcase name="test_lock_with_admin_role_and_succeed" file="/app/vendor/gammamatrix/playground-test/src/Feature/Http/Controllers/Resource/LockTrait.php" line="235" class="Tests\Feature\GammaMatrix\Playground\Matrix\Resource\Http\Controllers\MilestoneRouteTest" classname="Tests.Feature.GammaMatrix.Playground.Matrix.Resource.Http.Controllers.MilestoneRouteTest" assertions="4" time="0.093108"/>
        <testcase name="test_lock_with_admin_role_and_succeed_with_json" file="/app/vendor/gammamatrix/playground-test/src/Feature/Http/Controllers/Resource/LockTrait.php" line="286" class="Tests\Feature\GammaMatrix\Playground\Matrix\Resource\Http\Controllers\MilestoneRouteTest" classname="Tests.Feature.GammaMatrix.Playground.Matrix.Resource.Http.Controllers.MilestoneRouteTest" assertions="97" time="0.114093"/>
      </testsuite>
      <testsuite name="Tests\Feature\GammaMatrix\Playground\Matrix\Resource\Http\Controllers\NoteRouteTest" file="/app/tests/Feature/Http/Controllers/NoteRouteTest.php" tests="23" assertions="167" errors="0" failures="0" skipped="0" time="2.282038">
        <testcase name="test_guest_cannot_render_create_view" file="/app/vendor/gammamatrix/playground-test/src/Feature/Http/Controllers/Resource/CreateTrait.php" line="17" class="Tests\Feature\GammaMatrix\Playground\Matrix\Resource\Http\Controllers\NoteRouteTest" classname="Tests.Feature.GammaMatrix.Playground.Matrix.Resource.Http.Controllers.NoteRouteTest" assertions="2" time="0.124993"/>
        <testcase name="test_create_view_rendered_by_user_with_return_url" file="/app/vendor/gammamatrix/playground-test/src/Feature/Http/Controllers/Resource/CreateTrait.php" line="28" class="Tests\Feature\GammaMatrix\Playground\Matrix\Resource\Http\Controllers\NoteRouteTest" classname="Tests.Feature.GammaMatrix.Playground.Matrix.Resource.Http.Controllers.NoteRouteTest" assertions="3" time="0.139778"/>
        <testcase name="test_create_info_with_user_using_json" file="/app/vendor/gammamatrix/playground-test/src/Feature/Http/Controllers/Resource/CreateTrait.php" line="53" class="Tests\Feature\GammaMatrix\Playground\Matrix\Resource\Http\Controllers\NoteRouteTest" classname="Tests.Feature.GammaMatrix.Playground.Matrix.Resource.Http.Controllers.NoteRouteTest" assertions="4" time="0.098207"/>
        <testcase name="test_create_view_rendered_by_user_with_invalid_parameter" file="/app/vendor/gammamatrix/playground-test/src/Feature/Http/Controllers/Resource/CreateTrait.php" line="74" class="Tests\Feature\GammaMatrix\Playground\Matrix\Resource\Http\Controllers\NoteRouteTest" classname="Tests.Feature.GammaMatrix.Playground.Matrix.Resource.Http.Controllers.NoteRouteTest" assertions="5" time="0.088696"/>
        <testcase name="test_guest_cannot_render_edit_view" file="/app/vendor/gammamatrix/playground-test/src/Feature/Http/Controllers/Resource/EditTrait.php" line="17" class="Tests\Feature\GammaMatrix\Playground\Matrix\Resource\Http\Controllers\NoteRouteTest" classname="Tests.Feature.GammaMatrix.Playground.Matrix.Resource.Http.Controllers.NoteRouteTest" assertions="2" time="0.082795"/>
        <testcase name="test_edit_view_rendered_by_user_with_return_url" file="/app/vendor/gammamatrix/playground-test/src/Feature/Http/Controllers/Resource/EditTrait.php" line="34" class="Tests\Feature\GammaMatrix\Playground\Matrix\Resource\Http\Controllers\NoteRouteTest" classname="Tests.Feature.GammaMatrix.Playground.Matrix.Resource.Http.Controllers.NoteRouteTest" assertions="3" time="0.129100"/>
        <testcase name="test_edit_info_with_user_using_json" file="/app/vendor/gammamatrix/playground-test/src/Feature/Http/Controllers/Resource/EditTrait.php" line="64" class="Tests\Feature\GammaMatrix\Playground\Matrix\Resource\Http\Controllers\NoteRouteTest" classname="Tests.Feature.GammaMatrix.Playground.Matrix.Resource.Http.Controllers.NoteRouteTest" assertions="4" time="0.100216"/>
        <testcase name="test_edit_view_rendered_by_user_with_invalid_parameter" file="/app/vendor/gammamatrix/playground-test/src/Feature/Http/Controllers/Resource/EditTrait.php" line="91" class="Tests\Feature\GammaMatrix\Playground\Matrix\Resource\Http\Controllers\NoteRouteTest" classname="Tests.Feature.GammaMatrix.Playground.Matrix.Resource.Http.Controllers.NoteRouteTest" assertions="4" time="0.109652"/>
        <testcase name="test_guest_cannot_destroy" file="/app/vendor/gammamatrix/playground-test/src/Feature/Http/Controllers/Resource/DestroyTrait.php" line="17" class="Tests\Feature\GammaMatrix\Playground\Matrix\Resource\Http\Controllers\NoteRouteTest" classname="Tests.Feature.GammaMatrix.Playground.Matrix.Resource.Http.Controllers.NoteRouteTest" assertions="4" time="0.084624"/>
        <testcase name="test_destroy_as_standard_user_and_succeed" file="/app/vendor/gammamatrix/playground-test/src/Feature/Http/Controllers/Resource/DestroyTrait.php" line="59" class="Tests\Feature\GammaMatrix\Playground\Matrix\Resource\Http\Controllers\NoteRouteTest" classname="Tests.Feature.GammaMatrix.Playground.Matrix.Resource.Http.Controllers.NoteRouteTest" assertions="5" time="0.096515"/>
        <testcase name="test_destroy_as_standard_user_and_succeed_with_force_delete" file="/app/vendor/gammamatrix/playground-test/src/Feature/Http/Controllers/Resource/DestroyTrait.php" line="102" class="Tests\Feature\GammaMatrix\Playground\Matrix\Resource\Http\Controllers\NoteRouteTest" classname="Tests.Feature.GammaMatrix.Playground.Matrix.Resource.Http.Controllers.NoteRouteTest" assertions="4" time="0.089410"/>
        <testcase name="test_destroy_as_standard_user_using_json_and_succeed_with_no_content" file="/app/vendor/gammamatrix/playground-test/src/Feature/Http/Controllers/Resource/DestroyTrait.php" line="140" class="Tests\Feature\GammaMatrix\Playground\Matrix\Resource\Http\Controllers\NoteRouteTest" classname="Tests.Feature.GammaMatrix.Playground.Matrix.Resource.Http.Controllers.NoteRouteTest" assertions="5" time="0.091655"/>
        <testcase name="test_destroy_as_standard_user_and_succeed_with_redirect_to_index_with_trash" file="/app/vendor/gammamatrix/playground-test/src/Feature/Http/Controllers/Resource/DestroyTrait.php" line="183" class="Tests\Feature\GammaMatrix\Playground\Matrix\Resource\Http\Controllers\NoteRouteTest" classname="Tests.Feature.GammaMatrix.Playground.Matrix.Resource.Http.Controllers.NoteRouteTest" assertions="5" time="0.091106"/>
        <testcase name="test_destroy_with_user_role_and_get_denied_and_no_force_delete_allowed" file="/app/vendor/gammamatrix/playground-test/src/Feature/Http/Controllers/Resource/DestroyTrait.php" line="239" class="Tests\Feature\GammaMatrix\Playground\Matrix\Resource\Http\Controllers\NoteRouteTest" classname="Tests.Feature.GammaMatrix.Playground.Matrix.Resource.Http.Controllers.NoteRouteTest" assertions="3" time="0.098733"/>
        <testcase name="test_destroy_with_admin_role_and_succeed" file="/app/vendor/gammamatrix/playground-test/src/Feature/Http/Controllers/Resource/DestroyTrait.php" line="286" class="Tests\Feature\GammaMatrix\Playground\Matrix\Resource\Http\Controllers\NoteRouteTest" classname="Tests.Feature.GammaMatrix.Playground.Matrix.Resource.Http.Controllers.NoteRouteTest" assertions="5" time="0.091478"/>
        <testcase name="test_destroy_with_admin_role_and_succeed_with_force_delete" file="/app/vendor/gammamatrix/playground-test/src/Feature/Http/Controllers/Resource/DestroyTrait.php" line="339" class="Tests\Feature\GammaMatrix\Playground\Matrix\Resource\Http\Controllers\NoteRouteTest" classname="Tests.Feature.GammaMatrix.Playground.Matrix.Resource.Http.Controllers.NoteRouteTest" assertions="4" time="0.089583"/>
        <testcase name="test_guest_cannot_lock" file="/app/vendor/gammamatrix/playground-test/src/Feature/Http/Controllers/Resource/LockTrait.php" line="17" class="Tests\Feature\GammaMatrix\Playground\Matrix\Resource\Http\Controllers\NoteRouteTest" classname="Tests.Feature.GammaMatrix.Playground.Matrix.Resource.Http.Controllers.NoteRouteTest" assertions="4" time="0.084828"/>
        <testcase name="test_lock_as_standard_user_and_succeed" file="/app/vendor/gammamatrix/playground-test/src/Feature/Http/Controllers/Resource/LockTrait.php" line="59" class="Tests\Feature\GammaMatrix\Playground\Matrix\Resource\Http\Controllers\NoteRouteTest" classname="Tests.Feature.GammaMatrix.Playground.Matrix.Resource.Http.Controllers.NoteRouteTest" assertions="4" time="0.098353"/>
        <testcase name="test_lock_as_standard_user_using_json_and_succeed" file="/app/vendor/gammamatrix/playground-test/src/Feature/Http/Controllers/Resource/LockTrait.php" line="100" class="Tests\Feature\GammaMatrix\Playground\Matrix\Resource\Http\Controllers\NoteRouteTest" classname="Tests.Feature.GammaMatrix.Playground.Matrix.Resource.Http.Controllers.NoteRouteTest" assertions="3" time="0.100693"/>
        <testcase name="test_lock_as_standard_user_and_succeed_with_redirect_to_index_with_sorted_by_locked_desc" file="/app/vendor/gammamatrix/playground-test/src/Feature/Http/Controllers/Resource/LockTrait.php" line="139" class="Tests\Feature\GammaMatrix\Playground\Matrix\Resource\Http\Controllers\NoteRouteTest" classname="Tests.Feature.GammaMatrix.Playground.Matrix.Resource.Http.Controllers.NoteRouteTest" assertions="4" time="0.099062"/>
        <testcase name="test_lock_with_user_role_and_get_denied" file="/app/vendor/gammamatrix/playground-test/src/Feature/Http/Controllers/Resource/LockTrait.php" line="189" class="Tests\Feature\GammaMatrix\Playground\Matrix\Resource\Http\Controllers\NoteRouteTest" classname="Tests.Feature.GammaMatrix.Playground.Matrix.Resource.Http.Controllers.NoteRouteTest" assertions="3" time="0.088973"/>
        <testcase name="test_lock_with_admin_role_and_succeed" file="/app/vendor/gammamatrix/playground-test/src/Feature/Http/Controllers/Resource/LockTrait.php" line="235" class="Tests\Feature\GammaMatrix\Playground\Matrix\Resource\Http\Controllers\NoteRouteTest" classname="Tests.Feature.GammaMatrix.Playground.Matrix.Resource.Http.Controllers.NoteRouteTest" assertions="4" time="0.095959"/>
        <testcase name="test_lock_with_admin_role_and_succeed_with_json" file="/app/vendor/gammamatrix/playground-test/src/Feature/Http/Controllers/Resource/LockTrait.php" line="286" class="Tests\Feature\GammaMatrix\Playground\Matrix\Resource\Http\Controllers\NoteRouteTest" classname="Tests.Feature.GammaMatrix.Playground.Matrix.Resource.Http.Controllers.NoteRouteTest" assertions="83" time="0.107629"/>
      </testsuite>
      <testsuite name="Tests\Feature\GammaMatrix\Playground\Matrix\Resource\Http\Controllers\ProjectRouteTest" file="/app/tests/Feature/Http/Controllers/ProjectRouteTest.php" tests="23" assertions="181" errors="0" failures="0" skipped="0" time="2.213246">
        <testcase name="test_guest_cannot_render_create_view" file="/app/vendor/gammamatrix/playground-test/src/Feature/Http/Controllers/Resource/CreateTrait.php" line="17" class="Tests\Feature\GammaMatrix\Playground\Matrix\Resource\Http\Controllers\ProjectRouteTest" classname="Tests.Feature.GammaMatrix.Playground.Matrix.Resource.Http.Controllers.ProjectRouteTest" assertions="2" time="0.125177"/>
        <testcase name="test_create_view_rendered_by_user_with_return_url" file="/app/vendor/gammamatrix/playground-test/src/Feature/Http/Controllers/Resource/CreateTrait.php" line="28" class="Tests\Feature\GammaMatrix\Playground\Matrix\Resource\Http\Controllers\ProjectRouteTest" classname="Tests.Feature.GammaMatrix.Playground.Matrix.Resource.Http.Controllers.ProjectRouteTest" assertions="3" time="0.155724"/>
        <testcase name="test_create_info_with_user_using_json" file="/app/vendor/gammamatrix/playground-test/src/Feature/Http/Controllers/Resource/CreateTrait.php" line="53" class="Tests\Feature\GammaMatrix\Playground\Matrix\Resource\Http\Controllers\ProjectRouteTest" classname="Tests.Feature.GammaMatrix.Playground.Matrix.Resource.Http.Controllers.ProjectRouteTest" assertions="4" time="0.092057"/>
        <testcase name="test_create_view_rendered_by_user_with_invalid_parameter" file="/app/vendor/gammamatrix/playground-test/src/Feature/Http/Controllers/Resource/CreateTrait.php" line="74" class="Tests\Feature\GammaMatrix\Playground\Matrix\Resource\Http\Controllers\ProjectRouteTest" classname="Tests.Feature.GammaMatrix.Playground.Matrix.Resource.Http.Controllers.ProjectRouteTest" assertions="5" time="0.085758"/>
        <testcase name="test_guest_cannot_render_edit_view" file="/app/vendor/gammamatrix/playground-test/src/Feature/Http/Controllers/Resource/EditTrait.php" line="17" class="Tests\Feature\GammaMatrix\Playground\Matrix\Resource\Http\Controllers\ProjectRouteTest" classname="Tests.Feature.GammaMatrix.Playground.Matrix.Resource.Http.Controllers.ProjectRouteTest" assertions="2" time="0.081294"/>
        <testcase name="test_edit_view_rendered_by_user_with_return_url" file="/app/vendor/gammamatrix/playground-test/src/Feature/Http/Controllers/Resource/EditTrait.php" line="34" class="Tests\Feature\GammaMatrix\Playground\Matrix\Resource\Http\Controllers\ProjectRouteTest" classname="Tests.Feature.GammaMatrix.Playground.Matrix.Resource.Http.Controllers.ProjectRouteTest" assertions="3" time="0.123238"/>
        <testcase name="test_edit_info_with_user_using_json" file="/app/vendor/gammamatrix/playground-test/src/Feature/Http/Controllers/Resource/EditTrait.php" line="64" class="Tests\Feature\GammaMatrix\Playground\Matrix\Resource\Http\Controllers\ProjectRouteTest" classname="Tests.Feature.GammaMatrix.Playground.Matrix.Resource.Http.Controllers.ProjectRouteTest" assertions="4" time="0.093330"/>
        <testcase name="test_edit_view_rendered_by_user_with_invalid_parameter" file="/app/vendor/gammamatrix/playground-test/src/Feature/Http/Controllers/Resource/EditTrait.php" line="91" class="Tests\Feature\GammaMatrix\Playground\Matrix\Resource\Http\Controllers\ProjectRouteTest" classname="Tests.Feature.GammaMatrix.Playground.Matrix.Resource.Http.Controllers.ProjectRouteTest" assertions="4" time="0.097752"/>
        <testcase name="test_guest_cannot_destroy" file="/app/vendor/gammamatrix/playground-test/src/Feature/Http/Controllers/Resource/DestroyTrait.php" line="17" class="Tests\Feature\GammaMatrix\Playground\Matrix\Resource\Http\Controllers\ProjectRouteTest" classname="Tests.Feature.GammaMatrix.Playground.Matrix.Resource.Http.Controllers.ProjectRouteTest" assertions="4" time="0.081500"/>
        <testcase name="test_destroy_as_standard_user_and_succeed" file="/app/vendor/gammamatrix/playground-test/src/Feature/Http/Controllers/Resource/DestroyTrait.php" line="59" class="Tests\Feature\GammaMatrix\Playground\Matrix\Resource\Http\Controllers\ProjectRouteTest" classname="Tests.Feature.GammaMatrix.Playground.Matrix.Resource.Http.Controllers.ProjectRouteTest" assertions="5" time="0.090361"/>
        <testcase name="test_destroy_as_standard_user_and_succeed_with_force_delete" file="/app/vendor/gammamatrix/playground-test/src/Feature/Http/Controllers/Resource/DestroyTrait.php" line="102" class="Tests\Feature\GammaMatrix\Playground\Matrix\Resource\Http\Controllers\ProjectRouteTest" classname="Tests.Feature.GammaMatrix.Playground.Matrix.Resource.Http.Controllers.ProjectRouteTest" assertions="4" time="0.085939"/>
        <testcase name="test_destroy_as_standard_user_using_json_and_succeed_with_no_content" file="/app/vendor/gammamatrix/playground-test/src/Feature/Http/Controllers/Resource/DestroyTrait.php" line="140" class="Tests\Feature\GammaMatrix\Playground\Matrix\Resource\Http\Controllers\ProjectRouteTest" classname="Tests.Feature.GammaMatrix.Playground.Matrix.Resource.Http.Controllers.ProjectRouteTest" assertions="5" time="0.087701"/>
        <testcase name="test_destroy_as_standard_user_and_succeed_with_redirect_to_index_with_trash" file="/app/vendor/gammamatrix/playground-test/src/Feature/Http/Controllers/Resource/DestroyTrait.php" line="183" class="Tests\Feature\GammaMatrix\Playground\Matrix\Resource\Http\Controllers\ProjectRouteTest" classname="Tests.Feature.GammaMatrix.Playground.Matrix.Resource.Http.Controllers.ProjectRouteTest" assertions="5" time="0.091687"/>
        <testcase name="test_destroy_with_user_role_and_get_denied_and_no_force_delete_allowed" file="/app/vendor/gammamatrix/playground-test/src/Feature/Http/Controllers/Resource/DestroyTrait.php" line="239" class="Tests\Feature\GammaMatrix\Playground\Matrix\Resource\Http\Controllers\ProjectRouteTest" classname="Tests.Feature.GammaMatrix.Playground.Matrix.Resource.Http.Controllers.ProjectRouteTest" assertions="3" time="0.101123"/>
        <testcase name="test_destroy_with_admin_role_and_succeed" file="/app/vendor/gammamatrix/playground-test/src/Feature/Http/Controllers/Resource/DestroyTrait.php" line="286" class="Tests\Feature\GammaMatrix\Playground\Matrix\Resource\Http\Controllers\ProjectRouteTest" classname="Tests.Feature.GammaMatrix.Playground.Matrix.Resource.Http.Controllers.ProjectRouteTest" assertions="5" time="0.087734"/>
        <testcase name="test_destroy_with_admin_role_and_succeed_with_force_delete" file="/app/vendor/gammamatrix/playground-test/src/Feature/Http/Controllers/Resource/DestroyTrait.php" line="339" class="Tests\Feature\GammaMatrix\Playground\Matrix\Resource\Http\Controllers\ProjectRouteTest" classname="Tests.Feature.GammaMatrix.Playground.Matrix.Resource.Http.Controllers.ProjectRouteTest" assertions="4" time="0.087375"/>
        <testcase name="test_guest_cannot_lock" file="/app/vendor/gammamatrix/playground-test/src/Feature/Http/Controllers/Resource/LockTrait.php" line="17" class="Tests\Feature\GammaMatrix\Playground\Matrix\Resource\Http\Controllers\ProjectRouteTest" classname="Tests.Feature.GammaMatrix.Playground.Matrix.Resource.Http.Controllers.ProjectRouteTest" assertions="4" time="0.082783"/>
        <testcase name="test_lock_as_standard_user_and_succeed" file="/app/vendor/gammamatrix/playground-test/src/Feature/Http/Controllers/Resource/LockTrait.php" line="59" class="Tests\Feature\GammaMatrix\Playground\Matrix\Resource\Http\Controllers\ProjectRouteTest" classname="Tests.Feature.GammaMatrix.Playground.Matrix.Resource.Http.Controllers.ProjectRouteTest" assertions="4" time="0.091824"/>
        <testcase name="test_lock_as_standard_user_using_json_and_succeed" file="/app/vendor/gammamatrix/playground-test/src/Feature/Http/Controllers/Resource/LockTrait.php" line="100" class="Tests\Feature\GammaMatrix\Playground\Matrix\Resource\Http\Controllers\ProjectRouteTest" classname="Tests.Feature.GammaMatrix.Playground.Matrix.Resource.Http.Controllers.ProjectRouteTest" assertions="3" time="0.095849"/>
        <testcase name="test_lock_as_standard_user_and_succeed_with_redirect_to_index_with_sorted_by_locked_desc" file="/app/vendor/gammamatrix/playground-test/src/Feature/Http/Controllers/Resource/LockTrait.php" line="139" class="Tests\Feature\GammaMatrix\Playground\Matrix\Resource\Http\Controllers\ProjectRouteTest" classname="Tests.Feature.GammaMatrix.Playground.Matrix.Resource.Http.Controllers.ProjectRouteTest" assertions="4" time="0.090622"/>
        <testcase name="test_lock_with_user_role_and_get_denied" file="/app/vendor/gammamatrix/playground-test/src/Feature/Http/Controllers/Resource/LockTrait.php" line="189" class="Tests\Feature\GammaMatrix\Playground\Matrix\Resource\Http\Controllers\ProjectRouteTest" classname="Tests.Feature.GammaMatrix.Playground.Matrix.Resource.Http.Controllers.ProjectRouteTest" assertions="3" time="0.089547"/>
        <testcase name="test_lock_with_admin_role_and_succeed" file="/app/vendor/gammamatrix/playground-test/src/Feature/Http/Controllers/Resource/LockTrait.php" line="235" class="Tests\Feature\GammaMatrix\Playground\Matrix\Resource\Http\Controllers\ProjectRouteTest" classname="Tests.Feature.GammaMatrix.Playground.Matrix.Resource.Http.Controllers.ProjectRouteTest" assertions="4" time="0.089782"/>
        <testcase name="test_lock_with_admin_role_and_succeed_with_json" file="/app/vendor/gammamatrix/playground-test/src/Feature/Http/Controllers/Resource/LockTrait.php" line="286" class="Tests\Feature\GammaMatrix\Playground\Matrix\Resource\Http\Controllers\ProjectRouteTest" classname="Tests.Feature.GammaMatrix.Playground.Matrix.Resource.Http.Controllers.ProjectRouteTest" assertions="97" time="0.105090"/>
      </testsuite>
      <testsuite name="Tests\Feature\GammaMatrix\Playground\Matrix\Resource\Http\Controllers\ReleaseRouteTest" file="/app/tests/Feature/Http/Controllers/ReleaseRouteTest.php" tests="23" assertions="181" errors="0" failures="0" skipped="0" time="2.199784">
        <testcase name="test_guest_cannot_render_create_view" file="/app/vendor/gammamatrix/playground-test/src/Feature/Http/Controllers/Resource/CreateTrait.php" line="17" class="Tests\Feature\GammaMatrix\Playground\Matrix\Resource\Http\Controllers\ReleaseRouteTest" classname="Tests.Feature.GammaMatrix.Playground.Matrix.Resource.Http.Controllers.ReleaseRouteTest" assertions="2" time="0.124496"/>
        <testcase name="test_create_view_rendered_by_user_with_return_url" file="/app/vendor/gammamatrix/playground-test/src/Feature/Http/Controllers/Resource/CreateTrait.php" line="28" class="Tests\Feature\GammaMatrix\Playground\Matrix\Resource\Http\Controllers\ReleaseRouteTest" classname="Tests.Feature.GammaMatrix.Playground.Matrix.Resource.Http.Controllers.ReleaseRouteTest" assertions="3" time="0.150339"/>
        <testcase name="test_create_info_with_user_using_json" file="/app/vendor/gammamatrix/playground-test/src/Feature/Http/Controllers/Resource/CreateTrait.php" line="53" class="Tests\Feature\GammaMatrix\Playground\Matrix\Resource\Http\Controllers\ReleaseRouteTest" classname="Tests.Feature.GammaMatrix.Playground.Matrix.Resource.Http.Controllers.ReleaseRouteTest" assertions="4" time="0.087034"/>
        <testcase name="test_create_view_rendered_by_user_with_invalid_parameter" file="/app/vendor/gammamatrix/playground-test/src/Feature/Http/Controllers/Resource/CreateTrait.php" line="74" class="Tests\Feature\GammaMatrix\Playground\Matrix\Resource\Http\Controllers\ReleaseRouteTest" classname="Tests.Feature.GammaMatrix.Playground.Matrix.Resource.Http.Controllers.ReleaseRouteTest" assertions="5" time="0.086703"/>
        <testcase name="test_guest_cannot_render_edit_view" file="/app/vendor/gammamatrix/playground-test/src/Feature/Http/Controllers/Resource/EditTrait.php" line="17" class="Tests\Feature\GammaMatrix\Playground\Matrix\Resource\Http\Controllers\ReleaseRouteTest" classname="Tests.Feature.GammaMatrix.Playground.Matrix.Resource.Http.Controllers.ReleaseRouteTest" assertions="2" time="0.083136"/>
        <testcase name="test_edit_view_rendered_by_user_with_return_url" file="/app/vendor/gammamatrix/playground-test/src/Feature/Http/Controllers/Resource/EditTrait.php" line="34" class="Tests\Feature\GammaMatrix\Playground\Matrix\Resource\Http\Controllers\ReleaseRouteTest" classname="Tests.Feature.GammaMatrix.Playground.Matrix.Resource.Http.Controllers.ReleaseRouteTest" assertions="3" time="0.122919"/>
        <testcase name="test_edit_info_with_user_using_json" file="/app/vendor/gammamatrix/playground-test/src/Feature/Http/Controllers/Resource/EditTrait.php" line="64" class="Tests\Feature\GammaMatrix\Playground\Matrix\Resource\Http\Controllers\ReleaseRouteTest" classname="Tests.Feature.GammaMatrix.Playground.Matrix.Resource.Http.Controllers.ReleaseRouteTest" assertions="4" time="0.095534"/>
        <testcase name="test_edit_view_rendered_by_user_with_invalid_parameter" file="/app/vendor/gammamatrix/playground-test/src/Feature/Http/Controllers/Resource/EditTrait.php" line="91" class="Tests\Feature\GammaMatrix\Playground\Matrix\Resource\Http\Controllers\ReleaseRouteTest" classname="Tests.Feature.GammaMatrix.Playground.Matrix.Resource.Http.Controllers.ReleaseRouteTest" assertions="4" time="0.093321"/>
        <testcase name="test_guest_cannot_destroy" file="/app/vendor/gammamatrix/playground-test/src/Feature/Http/Controllers/Resource/DestroyTrait.php" line="17" class="Tests\Feature\GammaMatrix\Playground\Matrix\Resource\Http\Controllers\ReleaseRouteTest" classname="Tests.Feature.GammaMatrix.Playground.Matrix.Resource.Http.Controllers.ReleaseRouteTest" assertions="4" time="0.081454"/>
        <testcase name="test_destroy_as_standard_user_and_succeed" file="/app/vendor/gammamatrix/playground-test/src/Feature/Http/Controllers/Resource/DestroyTrait.php" line="59" class="Tests\Feature\GammaMatrix\Playground\Matrix\Resource\Http\Controllers\ReleaseRouteTest" classname="Tests.Feature.GammaMatrix.Playground.Matrix.Resource.Http.Controllers.ReleaseRouteTest" assertions="5" time="0.091355"/>
        <testcase name="test_destroy_as_standard_user_and_succeed_with_force_delete" file="/app/vendor/gammamatrix/playground-test/src/Feature/Http/Controllers/Resource/DestroyTrait.php" line="102" class="Tests\Feature\GammaMatrix\Playground\Matrix\Resource\Http\Controllers\ReleaseRouteTest" classname="Tests.Feature.GammaMatrix.Playground.Matrix.Resource.Http.Controllers.ReleaseRouteTest" assertions="4" time="0.087428"/>
        <testcase name="test_destroy_as_standard_user_using_json_and_succeed_with_no_content" file="/app/vendor/gammamatrix/playground-test/src/Feature/Http/Controllers/Resource/DestroyTrait.php" line="140" class="Tests\Feature\GammaMatrix\Playground\Matrix\Resource\Http\Controllers\ReleaseRouteTest" classname="Tests.Feature.GammaMatrix.Playground.Matrix.Resource.Http.Controllers.ReleaseRouteTest" assertions="5" time="0.092581"/>
        <testcase name="test_destroy_as_standard_user_and_succeed_with_redirect_to_index_with_trash" file="/app/vendor/gammamatrix/playground-test/src/Feature/Http/Controllers/Resource/DestroyTrait.php" line="183" class="Tests\Feature\GammaMatrix\Playground\Matrix\Resource\Http\Controllers\ReleaseRouteTest" classname="Tests.Feature.GammaMatrix.Playground.Matrix.Resource.Http.Controllers.ReleaseRouteTest" assertions="5" time="0.088327"/>
        <testcase name="test_destroy_with_user_role_and_get_denied_and_no_force_delete_allowed" file="/app/vendor/gammamatrix/playground-test/src/Feature/Http/Controllers/Resource/DestroyTrait.php" line="239" class="Tests\Feature\GammaMatrix\Playground\Matrix\Resource\Http\Controllers\ReleaseRouteTest" classname="Tests.Feature.GammaMatrix.Playground.Matrix.Resource.Http.Controllers.ReleaseRouteTest" assertions="3" time="0.087599"/>
        <testcase name="test_destroy_with_admin_role_and_succeed" file="/app/vendor/gammamatrix/playground-test/src/Feature/Http/Controllers/Resource/DestroyTrait.php" line="286" class="Tests\Feature\GammaMatrix\Playground\Matrix\Resource\Http\Controllers\ReleaseRouteTest" classname="Tests.Feature.GammaMatrix.Playground.Matrix.Resource.Http.Controllers.ReleaseRouteTest" assertions="5" time="0.088618"/>
        <testcase name="test_destroy_with_admin_role_and_succeed_with_force_delete" file="/app/vendor/gammamatrix/playground-test/src/Feature/Http/Controllers/Resource/DestroyTrait.php" line="339" class="Tests\Feature\GammaMatrix\Playground\Matrix\Resource\Http\Controllers\ReleaseRouteTest" classname="Tests.Feature.GammaMatrix.Playground.Matrix.Resource.Http.Controllers.ReleaseRouteTest" assertions="4" time="0.090031"/>
        <testcase name="test_guest_cannot_lock" file="/app/vendor/gammamatrix/playground-test/src/Feature/Http/Controllers/Resource/LockTrait.php" line="17" class="Tests\Feature\GammaMatrix\Playground\Matrix\Resource\Http\Controllers\ReleaseRouteTest" classname="Tests.Feature.GammaMatrix.Playground.Matrix.Resource.Http.Controllers.ReleaseRouteTest" assertions="4" time="0.081648"/>
        <testcase name="test_lock_as_standard_user_and_succeed" file="/app/vendor/gammamatrix/playground-test/src/Feature/Http/Controllers/Resource/LockTrait.php" line="59" class="Tests\Feature\GammaMatrix\Playground\Matrix\Resource\Http\Controllers\ReleaseRouteTest" classname="Tests.Feature.GammaMatrix.Playground.Matrix.Resource.Http.Controllers.ReleaseRouteTest" assertions="4" time="0.093296"/>
        <testcase name="test_lock_as_standard_user_using_json_and_succeed" file="/app/vendor/gammamatrix/playground-test/src/Feature/Http/Controllers/Resource/LockTrait.php" line="100" class="Tests\Feature\GammaMatrix\Playground\Matrix\Resource\Http\Controllers\ReleaseRouteTest" classname="Tests.Feature.GammaMatrix.Playground.Matrix.Resource.Http.Controllers.ReleaseRouteTest" assertions="3" time="0.097559"/>
        <testcase name="test_lock_as_standard_user_and_succeed_with_redirect_to_index_with_sorted_by_locked_desc" file="/app/vendor/gammamatrix/playground-test/src/Feature/Http/Controllers/Resource/LockTrait.php" line="139" class="Tests\Feature\GammaMatrix\Playground\Matrix\Resource\Http\Controllers\ReleaseRouteTest" classname="Tests.Feature.GammaMatrix.Playground.Matrix.Resource.Http.Controllers.ReleaseRouteTest" assertions="4" time="0.093892"/>
        <testcase name="test_lock_with_user_role_and_get_denied" file="/app/vendor/gammamatrix/playground-test/src/Feature/Http/Controllers/Resource/LockTrait.php" line="189" class="Tests\Feature\GammaMatrix\Playground\Matrix\Resource\Http\Controllers\ReleaseRouteTest" classname="Tests.Feature.GammaMatrix.Playground.Matrix.Resource.Http.Controllers.ReleaseRouteTest" assertions="3" time="0.087097"/>
        <testcase name="test_lock_with_admin_role_and_succeed" file="/app/vendor/gammamatrix/playground-test/src/Feature/Http/Controllers/Resource/LockTrait.php" line="235" class="Tests\Feature\GammaMatrix\Playground\Matrix\Resource\Http\Controllers\ReleaseRouteTest" classname="Tests.Feature.GammaMatrix.Playground.Matrix.Resource.Http.Controllers.ReleaseRouteTest" assertions="4" time="0.090062"/>
        <testcase name="test_lock_with_admin_role_and_succeed_with_json" file="/app/vendor/gammamatrix/playground-test/src/Feature/Http/Controllers/Resource/LockTrait.php" line="286" class="Tests\Feature\GammaMatrix\Playground\Matrix\Resource\Http\Controllers\ReleaseRouteTest" classname="Tests.Feature.GammaMatrix.Playground.Matrix.Resource.Http.Controllers.ReleaseRouteTest" assertions="97" time="0.105353"/>
      </testsuite>
      <testsuite name="Tests\Feature\GammaMatrix\Playground\Matrix\Resource\Http\Controllers\RoadmapRouteTest" file="/app/tests/Feature/Http/Controllers/RoadmapRouteTest.php" tests="23" assertions="181" errors="0" failures="0" skipped="0" time="2.226776">
        <testcase name="test_guest_cannot_render_create_view" file="/app/vendor/gammamatrix/playground-test/src/Feature/Http/Controllers/Resource/CreateTrait.php" line="17" class="Tests\Feature\GammaMatrix\Playground\Matrix\Resource\Http\Controllers\RoadmapRouteTest" classname="Tests.Feature.GammaMatrix.Playground.Matrix.Resource.Http.Controllers.RoadmapRouteTest" assertions="2" time="0.125378"/>
        <testcase name="test_create_view_rendered_by_user_with_return_url" file="/app/vendor/gammamatrix/playground-test/src/Feature/Http/Controllers/Resource/CreateTrait.php" line="28" class="Tests\Feature\GammaMatrix\Playground\Matrix\Resource\Http\Controllers\RoadmapRouteTest" classname="Tests.Feature.GammaMatrix.Playground.Matrix.Resource.Http.Controllers.RoadmapRouteTest" assertions="3" time="0.156987"/>
        <testcase name="test_create_info_with_user_using_json" file="/app/vendor/gammamatrix/playground-test/src/Feature/Http/Controllers/Resource/CreateTrait.php" line="53" class="Tests\Feature\GammaMatrix\Playground\Matrix\Resource\Http\Controllers\RoadmapRouteTest" classname="Tests.Feature.GammaMatrix.Playground.Matrix.Resource.Http.Controllers.RoadmapRouteTest" assertions="4" time="0.086996"/>
        <testcase name="test_create_view_rendered_by_user_with_invalid_parameter" file="/app/vendor/gammamatrix/playground-test/src/Feature/Http/Controllers/Resource/CreateTrait.php" line="74" class="Tests\Feature\GammaMatrix\Playground\Matrix\Resource\Http\Controllers\RoadmapRouteTest" classname="Tests.Feature.GammaMatrix.Playground.Matrix.Resource.Http.Controllers.RoadmapRouteTest" assertions="5" time="0.087429"/>
        <testcase name="test_guest_cannot_render_edit_view" file="/app/vendor/gammamatrix/playground-test/src/Feature/Http/Controllers/Resource/EditTrait.php" line="17" class="Tests\Feature\GammaMatrix\Playground\Matrix\Resource\Http\Controllers\RoadmapRouteTest" classname="Tests.Feature.GammaMatrix.Playground.Matrix.Resource.Http.Controllers.RoadmapRouteTest" assertions="2" time="0.098764"/>
        <testcase name="test_edit_view_rendered_by_user_with_return_url" file="/app/vendor/gammamatrix/playground-test/src/Feature/Http/Controllers/Resource/EditTrait.php" line="34" class="Tests\Feature\GammaMatrix\Playground\Matrix\Resource\Http\Controllers\RoadmapRouteTest" classname="Tests.Feature.GammaMatrix.Playground.Matrix.Resource.Http.Controllers.RoadmapRouteTest" assertions="3" time="0.123971"/>
        <testcase name="test_edit_info_with_user_using_json" file="/app/vendor/gammamatrix/playground-test/src/Feature/Http/Controllers/Resource/EditTrait.php" line="64" class="Tests\Feature\GammaMatrix\Playground\Matrix\Resource\Http\Controllers\RoadmapRouteTest" classname="Tests.Feature.GammaMatrix.Playground.Matrix.Resource.Http.Controllers.RoadmapRouteTest" assertions="4" time="0.094261"/>
        <testcase name="test_edit_view_rendered_by_user_with_invalid_parameter" file="/app/vendor/gammamatrix/playground-test/src/Feature/Http/Controllers/Resource/EditTrait.php" line="91" class="Tests\Feature\GammaMatrix\Playground\Matrix\Resource\Http\Controllers\RoadmapRouteTest" classname="Tests.Feature.GammaMatrix.Playground.Matrix.Resource.Http.Controllers.RoadmapRouteTest" assertions="4" time="0.094711"/>
        <testcase name="test_guest_cannot_destroy" file="/app/vendor/gammamatrix/playground-test/src/Feature/Http/Controllers/Resource/DestroyTrait.php" line="17" class="Tests\Feature\GammaMatrix\Playground\Matrix\Resource\Http\Controllers\RoadmapRouteTest" classname="Tests.Feature.GammaMatrix.Playground.Matrix.Resource.Http.Controllers.RoadmapRouteTest" assertions="4" time="0.081671"/>
        <testcase name="test_destroy_as_standard_user_and_succeed" file="/app/vendor/gammamatrix/playground-test/src/Feature/Http/Controllers/Resource/DestroyTrait.php" line="59" class="Tests\Feature\GammaMatrix\Playground\Matrix\Resource\Http\Controllers\RoadmapRouteTest" classname="Tests.Feature.GammaMatrix.Playground.Matrix.Resource.Http.Controllers.RoadmapRouteTest" assertions="5" time="0.090779"/>
        <testcase name="test_destroy_as_standard_user_and_succeed_with_force_delete" file="/app/vendor/gammamatrix/playground-test/src/Feature/Http/Controllers/Resource/DestroyTrait.php" line="102" class="Tests\Feature\GammaMatrix\Playground\Matrix\Resource\Http\Controllers\RoadmapRouteTest" classname="Tests.Feature.GammaMatrix.Playground.Matrix.Resource.Http.Controllers.RoadmapRouteTest" assertions="4" time="0.087971"/>
        <testcase name="test_destroy_as_standard_user_using_json_and_succeed_with_no_content" file="/app/vendor/gammamatrix/playground-test/src/Feature/Http/Controllers/Resource/DestroyTrait.php" line="140" class="Tests\Feature\GammaMatrix\Playground\Matrix\Resource\Http\Controllers\RoadmapRouteTest" classname="Tests.Feature.GammaMatrix.Playground.Matrix.Resource.Http.Controllers.RoadmapRouteTest" assertions="5" time="0.088127"/>
        <testcase name="test_destroy_as_standard_user_and_succeed_with_redirect_to_index_with_trash" file="/app/vendor/gammamatrix/playground-test/src/Feature/Http/Controllers/Resource/DestroyTrait.php" line="183" class="Tests\Feature\GammaMatrix\Playground\Matrix\Resource\Http\Controllers\RoadmapRouteTest" classname="Tests.Feature.GammaMatrix.Playground.Matrix.Resource.Http.Controllers.RoadmapRouteTest" assertions="5" time="0.087461"/>
        <testcase name="test_destroy_with_user_role_and_get_denied_and_no_force_delete_allowed" file="/app/vendor/gammamatrix/playground-test/src/Feature/Http/Controllers/Resource/DestroyTrait.php" line="239" class="Tests\Feature\GammaMatrix\Playground\Matrix\Resource\Http\Controllers\RoadmapRouteTest" classname="Tests.Feature.GammaMatrix.Playground.Matrix.Resource.Http.Controllers.RoadmapRouteTest" assertions="3" time="0.086698"/>
        <testcase name="test_destroy_with_admin_role_and_succeed" file="/app/vendor/gammamatrix/playground-test/src/Feature/Http/Controllers/Resource/DestroyTrait.php" line="286" class="Tests\Feature\GammaMatrix\Playground\Matrix\Resource\Http\Controllers\RoadmapRouteTest" classname="Tests.Feature.GammaMatrix.Playground.Matrix.Resource.Http.Controllers.RoadmapRouteTest" assertions="5" time="0.092733"/>
        <testcase name="test_destroy_with_admin_role_and_succeed_with_force_delete" file="/app/vendor/gammamatrix/playground-test/src/Feature/Http/Controllers/Resource/DestroyTrait.php" line="339" class="Tests\Feature\GammaMatrix\Playground\Matrix\Resource\Http\Controllers\RoadmapRouteTest" classname="Tests.Feature.GammaMatrix.Playground.Matrix.Resource.Http.Controllers.RoadmapRouteTest" assertions="4" time="0.086920"/>
        <testcase name="test_guest_cannot_lock" file="/app/vendor/gammamatrix/playground-test/src/Feature/Http/Controllers/Resource/LockTrait.php" line="17" class="Tests\Feature\GammaMatrix\Playground\Matrix\Resource\Http\Controllers\RoadmapRouteTest" classname="Tests.Feature.GammaMatrix.Playground.Matrix.Resource.Http.Controllers.RoadmapRouteTest" assertions="4" time="0.080847"/>
        <testcase name="test_lock_as_standard_user_and_succeed" file="/app/vendor/gammamatrix/playground-test/src/Feature/Http/Controllers/Resource/LockTrait.php" line="59" class="Tests\Feature\GammaMatrix\Playground\Matrix\Resource\Http\Controllers\RoadmapRouteTest" classname="Tests.Feature.GammaMatrix.Playground.Matrix.Resource.Http.Controllers.RoadmapRouteTest" assertions="4" time="0.092121"/>
        <testcase name="test_lock_as_standard_user_using_json_and_succeed" file="/app/vendor/gammamatrix/playground-test/src/Feature/Http/Controllers/Resource/LockTrait.php" line="100" class="Tests\Feature\GammaMatrix\Playground\Matrix\Resource\Http\Controllers\RoadmapRouteTest" classname="Tests.Feature.GammaMatrix.Playground.Matrix.Resource.Http.Controllers.RoadmapRouteTest" assertions="3" time="0.103611"/>
        <testcase name="test_lock_as_standard_user_and_succeed_with_redirect_to_index_with_sorted_by_locked_desc" file="/app/vendor/gammamatrix/playground-test/src/Feature/Http/Controllers/Resource/LockTrait.php" line="139" class="Tests\Feature\GammaMatrix\Playground\Matrix\Resource\Http\Controllers\RoadmapRouteTest" classname="Tests.Feature.GammaMatrix.Playground.Matrix.Resource.Http.Controllers.RoadmapRouteTest" assertions="4" time="0.089940"/>
        <testcase name="test_lock_with_user_role_and_get_denied" file="/app/vendor/gammamatrix/playground-test/src/Feature/Http/Controllers/Resource/LockTrait.php" line="189" class="Tests\Feature\GammaMatrix\Playground\Matrix\Resource\Http\Controllers\RoadmapRouteTest" classname="Tests.Feature.GammaMatrix.Playground.Matrix.Resource.Http.Controllers.RoadmapRouteTest" assertions="3" time="0.086714"/>
        <testcase name="test_lock_with_admin_role_and_succeed" file="/app/vendor/gammamatrix/playground-test/src/Feature/Http/Controllers/Resource/LockTrait.php" line="235" class="Tests\Feature\GammaMatrix\Playground\Matrix\Resource\Http\Controllers\RoadmapRouteTest" classname="Tests.Feature.GammaMatrix.Playground.Matrix.Resource.Http.Controllers.RoadmapRouteTest" assertions="4" time="0.090253"/>
        <testcase name="test_lock_with_admin_role_and_succeed_with_json" file="/app/vendor/gammamatrix/playground-test/src/Feature/Http/Controllers/Resource/LockTrait.php" line="286" class="Tests\Feature\GammaMatrix\Playground\Matrix\Resource\Http\Controllers\RoadmapRouteTest" classname="Tests.Feature.GammaMatrix.Playground.Matrix.Resource.Http.Controllers.RoadmapRouteTest" assertions="97" time="0.112432"/>
      </testsuite>
      <testsuite name="Tests\Feature\GammaMatrix\Playground\Matrix\Resource\Http\Controllers\SourceRouteTest" file="/app/tests/Feature/Http/Controllers/SourceRouteTest.php" tests="23" assertions="181" errors="0" failures="0" skipped="0" time="2.292389">
        <testcase name="test_guest_cannot_render_create_view" file="/app/vendor/gammamatrix/playground-test/src/Feature/Http/Controllers/Resource/CreateTrait.php" line="17" class="Tests\Feature\GammaMatrix\Playground\Matrix\Resource\Http\Controllers\SourceRouteTest" classname="Tests.Feature.GammaMatrix.Playground.Matrix.Resource.Http.Controllers.SourceRouteTest" assertions="2" time="0.125268"/>
        <testcase name="test_create_view_rendered_by_user_with_return_url" file="/app/vendor/gammamatrix/playground-test/src/Feature/Http/Controllers/Resource/CreateTrait.php" line="28" class="Tests\Feature\GammaMatrix\Playground\Matrix\Resource\Http\Controllers\SourceRouteTest" classname="Tests.Feature.GammaMatrix.Playground.Matrix.Resource.Http.Controllers.SourceRouteTest" assertions="3" time="0.139703"/>
        <testcase name="test_create_info_with_user_using_json" file="/app/vendor/gammamatrix/playground-test/src/Feature/Http/Controllers/Resource/CreateTrait.php" line="53" class="Tests\Feature\GammaMatrix\Playground\Matrix\Resource\Http\Controllers\SourceRouteTest" classname="Tests.Feature.GammaMatrix.Playground.Matrix.Resource.Http.Controllers.SourceRouteTest" assertions="4" time="0.088281"/>
        <testcase name="test_create_view_rendered_by_user_with_invalid_parameter" file="/app/vendor/gammamatrix/playground-test/src/Feature/Http/Controllers/Resource/CreateTrait.php" line="74" class="Tests\Feature\GammaMatrix\Playground\Matrix\Resource\Http\Controllers\SourceRouteTest" classname="Tests.Feature.GammaMatrix.Playground.Matrix.Resource.Http.Controllers.SourceRouteTest" assertions="5" time="0.085810"/>
        <testcase name="test_guest_cannot_render_edit_view" file="/app/vendor/gammamatrix/playground-test/src/Feature/Http/Controllers/Resource/EditTrait.php" line="17" class="Tests\Feature\GammaMatrix\Playground\Matrix\Resource\Http\Controllers\SourceRouteTest" classname="Tests.Feature.GammaMatrix.Playground.Matrix.Resource.Http.Controllers.SourceRouteTest" assertions="2" time="0.081109"/>
        <testcase name="test_edit_view_rendered_by_user_with_return_url" file="/app/vendor/gammamatrix/playground-test/src/Feature/Http/Controllers/Resource/EditTrait.php" line="34" class="Tests\Feature\GammaMatrix\Playground\Matrix\Resource\Http\Controllers\SourceRouteTest" classname="Tests.Feature.GammaMatrix.Playground.Matrix.Resource.Http.Controllers.SourceRouteTest" assertions="3" time="0.123308"/>
        <testcase name="test_edit_info_with_user_using_json" file="/app/vendor/gammamatrix/playground-test/src/Feature/Http/Controllers/Resource/EditTrait.php" line="64" class="Tests\Feature\GammaMatrix\Playground\Matrix\Resource\Http\Controllers\SourceRouteTest" classname="Tests.Feature.GammaMatrix.Playground.Matrix.Resource.Http.Controllers.SourceRouteTest" assertions="4" time="0.097940"/>
        <testcase name="test_edit_view_rendered_by_user_with_invalid_parameter" file="/app/vendor/gammamatrix/playground-test/src/Feature/Http/Controllers/Resource/EditTrait.php" line="91" class="Tests\Feature\GammaMatrix\Playground\Matrix\Resource\Http\Controllers\SourceRouteTest" classname="Tests.Feature.GammaMatrix.Playground.Matrix.Resource.Http.Controllers.SourceRouteTest" assertions="4" time="0.107315"/>
        <testcase name="test_guest_cannot_destroy" file="/app/vendor/gammamatrix/playground-test/src/Feature/Http/Controllers/Resource/DestroyTrait.php" line="17" class="Tests\Feature\GammaMatrix\Playground\Matrix\Resource\Http\Controllers\SourceRouteTest" classname="Tests.Feature.GammaMatrix.Playground.Matrix.Resource.Http.Controllers.SourceRouteTest" assertions="4" time="0.080551"/>
        <testcase name="test_destroy_as_standard_user_and_succeed" file="/app/vendor/gammamatrix/playground-test/src/Feature/Http/Controllers/Resource/DestroyTrait.php" line="59" class="Tests\Feature\GammaMatrix\Playground\Matrix\Resource\Http\Controllers\SourceRouteTest" classname="Tests.Feature.GammaMatrix.Playground.Matrix.Resource.Http.Controllers.SourceRouteTest" assertions="5" time="0.092168"/>
        <testcase name="test_destroy_as_standard_user_and_succeed_with_force_delete" file="/app/vendor/gammamatrix/playground-test/src/Feature/Http/Controllers/Resource/DestroyTrait.php" line="102" class="Tests\Feature\GammaMatrix\Playground\Matrix\Resource\Http\Controllers\SourceRouteTest" classname="Tests.Feature.GammaMatrix.Playground.Matrix.Resource.Http.Controllers.SourceRouteTest" assertions="4" time="0.114488"/>
        <testcase name="test_destroy_as_standard_user_using_json_and_succeed_with_no_content" file="/app/vendor/gammamatrix/playground-test/src/Feature/Http/Controllers/Resource/DestroyTrait.php" line="140" class="Tests\Feature\GammaMatrix\Playground\Matrix\Resource\Http\Controllers\SourceRouteTest" classname="Tests.Feature.GammaMatrix.Playground.Matrix.Resource.Http.Controllers.SourceRouteTest" assertions="5" time="0.086693"/>
        <testcase name="test_destroy_as_standard_user_and_succeed_with_redirect_to_index_with_trash" file="/app/vendor/gammamatrix/playground-test/src/Feature/Http/Controllers/Resource/DestroyTrait.php" line="183" class="Tests\Feature\GammaMatrix\Playground\Matrix\Resource\Http\Controllers\SourceRouteTest" classname="Tests.Feature.GammaMatrix.Playground.Matrix.Resource.Http.Controllers.SourceRouteTest" assertions="5" time="0.094571"/>
        <testcase name="test_destroy_with_user_role_and_get_denied_and_no_force_delete_allowed" file="/app/vendor/gammamatrix/playground-test/src/Feature/Http/Controllers/Resource/DestroyTrait.php" line="239" class="Tests\Feature\GammaMatrix\Playground\Matrix\Resource\Http\Controllers\SourceRouteTest" classname="Tests.Feature.GammaMatrix.Playground.Matrix.Resource.Http.Controllers.SourceRouteTest" assertions="3" time="0.112996"/>
        <testcase name="test_destroy_with_admin_role_and_succeed" file="/app/vendor/gammamatrix/playground-test/src/Feature/Http/Controllers/Resource/DestroyTrait.php" line="286" class="Tests\Feature\GammaMatrix\Playground\Matrix\Resource\Http\Controllers\SourceRouteTest" classname="Tests.Feature.GammaMatrix.Playground.Matrix.Resource.Http.Controllers.SourceRouteTest" assertions="5" time="0.088512"/>
        <testcase name="test_destroy_with_admin_role_and_succeed_with_force_delete" file="/app/vendor/gammamatrix/playground-test/src/Feature/Http/Controllers/Resource/DestroyTrait.php" line="339" class="Tests\Feature\GammaMatrix\Playground\Matrix\Resource\Http\Controllers\SourceRouteTest" classname="Tests.Feature.GammaMatrix.Playground.Matrix.Resource.Http.Controllers.SourceRouteTest" assertions="4" time="0.088581"/>
        <testcase name="test_guest_cannot_lock" file="/app/vendor/gammamatrix/playground-test/src/Feature/Http/Controllers/Resource/LockTrait.php" line="17" class="Tests\Feature\GammaMatrix\Playground\Matrix\Resource\Http\Controllers\SourceRouteTest" classname="Tests.Feature.GammaMatrix.Playground.Matrix.Resource.Http.Controllers.SourceRouteTest" assertions="4" time="0.105072"/>
        <testcase name="test_lock_as_standard_user_and_succeed" file="/app/vendor/gammamatrix/playground-test/src/Feature/Http/Controllers/Resource/LockTrait.php" line="59" class="Tests\Feature\GammaMatrix\Playground\Matrix\Resource\Http\Controllers\SourceRouteTest" classname="Tests.Feature.GammaMatrix.Playground.Matrix.Resource.Http.Controllers.SourceRouteTest" assertions="4" time="0.096273"/>
        <testcase name="test_lock_as_standard_user_using_json_and_succeed" file="/app/vendor/gammamatrix/playground-test/src/Feature/Http/Controllers/Resource/LockTrait.php" line="100" class="Tests\Feature\GammaMatrix\Playground\Matrix\Resource\Http\Controllers\SourceRouteTest" classname="Tests.Feature.GammaMatrix.Playground.Matrix.Resource.Http.Controllers.SourceRouteTest" assertions="3" time="0.104582"/>
        <testcase name="test_lock_as_standard_user_and_succeed_with_redirect_to_index_with_sorted_by_locked_desc" file="/app/vendor/gammamatrix/playground-test/src/Feature/Http/Controllers/Resource/LockTrait.php" line="139" class="Tests\Feature\GammaMatrix\Playground\Matrix\Resource\Http\Controllers\SourceRouteTest" classname="Tests.Feature.GammaMatrix.Playground.Matrix.Resource.Http.Controllers.SourceRouteTest" assertions="4" time="0.091116"/>
        <testcase name="test_lock_with_user_role_and_get_denied" file="/app/vendor/gammamatrix/playground-test/src/Feature/Http/Controllers/Resource/LockTrait.php" line="189" class="Tests\Feature\GammaMatrix\Playground\Matrix\Resource\Http\Controllers\SourceRouteTest" classname="Tests.Feature.GammaMatrix.Playground.Matrix.Resource.Http.Controllers.SourceRouteTest" assertions="3" time="0.087298"/>
        <testcase name="test_lock_with_admin_role_and_succeed" file="/app/vendor/gammamatrix/playground-test/src/Feature/Http/Controllers/Resource/LockTrait.php" line="235" class="Tests\Feature\GammaMatrix\Playground\Matrix\Resource\Http\Controllers\SourceRouteTest" classname="Tests.Feature.GammaMatrix.Playground.Matrix.Resource.Http.Controllers.SourceRouteTest" assertions="4" time="0.094563"/>
        <testcase name="test_lock_with_admin_role_and_succeed_with_json" file="/app/vendor/gammamatrix/playground-test/src/Feature/Http/Controllers/Resource/LockTrait.php" line="286" class="Tests\Feature\GammaMatrix\Playground\Matrix\Resource\Http\Controllers\SourceRouteTest" classname="Tests.Feature.GammaMatrix.Playground.Matrix.Resource.Http.Controllers.SourceRouteTest" assertions="97" time="0.106192"/>
      </testsuite>
      <testsuite name="Tests\Feature\GammaMatrix\Playground\Matrix\Resource\Http\Controllers\SprintRouteTest" file="/app/tests/Feature/Http/Controllers/SprintRouteTest.php" tests="23" assertions="181" errors="0" failures="0" skipped="0" time="2.320469">
        <testcase name="test_guest_cannot_render_create_view" file="/app/vendor/gammamatrix/playground-test/src/Feature/Http/Controllers/Resource/CreateTrait.php" line="17" class="Tests\Feature\GammaMatrix\Playground\Matrix\Resource\Http\Controllers\SprintRouteTest" classname="Tests.Feature.GammaMatrix.Playground.Matrix.Resource.Http.Controllers.SprintRouteTest" assertions="2" time="0.128354"/>
        <testcase name="test_create_view_rendered_by_user_with_return_url" file="/app/vendor/gammamatrix/playground-test/src/Feature/Http/Controllers/Resource/CreateTrait.php" line="28" class="Tests\Feature\GammaMatrix\Playground\Matrix\Resource\Http\Controllers\SprintRouteTest" classname="Tests.Feature.GammaMatrix.Playground.Matrix.Resource.Http.Controllers.SprintRouteTest" assertions="3" time="0.141551"/>
        <testcase name="test_create_info_with_user_using_json" file="/app/vendor/gammamatrix/playground-test/src/Feature/Http/Controllers/Resource/CreateTrait.php" line="53" class="Tests\Feature\GammaMatrix\Playground\Matrix\Resource\Http\Controllers\SprintRouteTest" classname="Tests.Feature.GammaMatrix.Playground.Matrix.Resource.Http.Controllers.SprintRouteTest" assertions="4" time="0.087625"/>
        <testcase name="test_create_view_rendered_by_user_with_invalid_parameter" file="/app/vendor/gammamatrix/playground-test/src/Feature/Http/Controllers/Resource/CreateTrait.php" line="74" class="Tests\Feature\GammaMatrix\Playground\Matrix\Resource\Http\Controllers\SprintRouteTest" classname="Tests.Feature.GammaMatrix.Playground.Matrix.Resource.Http.Controllers.SprintRouteTest" assertions="5" time="0.087925"/>
        <testcase name="test_guest_cannot_render_edit_view" file="/app/vendor/gammamatrix/playground-test/src/Feature/Http/Controllers/Resource/EditTrait.php" line="17" class="Tests\Feature\GammaMatrix\Playground\Matrix\Resource\Http\Controllers\SprintRouteTest" classname="Tests.Feature.GammaMatrix.Playground.Matrix.Resource.Http.Controllers.SprintRouteTest" assertions="2" time="0.081821"/>
        <testcase name="test_edit_view_rendered_by_user_with_return_url" file="/app/vendor/gammamatrix/playground-test/src/Feature/Http/Controllers/Resource/EditTrait.php" line="34" class="Tests\Feature\GammaMatrix\Playground\Matrix\Resource\Http\Controllers\SprintRouteTest" classname="Tests.Feature.GammaMatrix.Playground.Matrix.Resource.Http.Controllers.SprintRouteTest" assertions="3" time="0.127404"/>
        <testcase name="test_edit_info_with_user_using_json" file="/app/vendor/gammamatrix/playground-test/src/Feature/Http/Controllers/Resource/EditTrait.php" line="64" class="Tests\Feature\GammaMatrix\Playground\Matrix\Resource\Http\Controllers\SprintRouteTest" classname="Tests.Feature.GammaMatrix.Playground.Matrix.Resource.Http.Controllers.SprintRouteTest" assertions="4" time="0.101272"/>
        <testcase name="test_edit_view_rendered_by_user_with_invalid_parameter" file="/app/vendor/gammamatrix/playground-test/src/Feature/Http/Controllers/Resource/EditTrait.php" line="91" class="Tests\Feature\GammaMatrix\Playground\Matrix\Resource\Http\Controllers\SprintRouteTest" classname="Tests.Feature.GammaMatrix.Playground.Matrix.Resource.Http.Controllers.SprintRouteTest" assertions="4" time="0.109691"/>
        <testcase name="test_guest_cannot_destroy" file="/app/vendor/gammamatrix/playground-test/src/Feature/Http/Controllers/Resource/DestroyTrait.php" line="17" class="Tests\Feature\GammaMatrix\Playground\Matrix\Resource\Http\Controllers\SprintRouteTest" classname="Tests.Feature.GammaMatrix.Playground.Matrix.Resource.Http.Controllers.SprintRouteTest" assertions="4" time="0.081815"/>
        <testcase name="test_destroy_as_standard_user_and_succeed" file="/app/vendor/gammamatrix/playground-test/src/Feature/Http/Controllers/Resource/DestroyTrait.php" line="59" class="Tests\Feature\GammaMatrix\Playground\Matrix\Resource\Http\Controllers\SprintRouteTest" classname="Tests.Feature.GammaMatrix.Playground.Matrix.Resource.Http.Controllers.SprintRouteTest" assertions="5" time="0.093859"/>
        <testcase name="test_destroy_as_standard_user_and_succeed_with_force_delete" file="/app/vendor/gammamatrix/playground-test/src/Feature/Http/Controllers/Resource/DestroyTrait.php" line="102" class="Tests\Feature\GammaMatrix\Playground\Matrix\Resource\Http\Controllers\SprintRouteTest" classname="Tests.Feature.GammaMatrix.Playground.Matrix.Resource.Http.Controllers.SprintRouteTest" assertions="4" time="0.099498"/>
        <testcase name="test_destroy_as_standard_user_using_json_and_succeed_with_no_content" file="/app/vendor/gammamatrix/playground-test/src/Feature/Http/Controllers/Resource/DestroyTrait.php" line="140" class="Tests\Feature\GammaMatrix\Playground\Matrix\Resource\Http\Controllers\SprintRouteTest" classname="Tests.Feature.GammaMatrix.Playground.Matrix.Resource.Http.Controllers.SprintRouteTest" assertions="5" time="0.088102"/>
        <testcase name="test_destroy_as_standard_user_and_succeed_with_redirect_to_index_with_trash" file="/app/vendor/gammamatrix/playground-test/src/Feature/Http/Controllers/Resource/DestroyTrait.php" line="183" class="Tests\Feature\GammaMatrix\Playground\Matrix\Resource\Http\Controllers\SprintRouteTest" classname="Tests.Feature.GammaMatrix.Playground.Matrix.Resource.Http.Controllers.SprintRouteTest" assertions="5" time="0.088398"/>
        <testcase name="test_destroy_with_user_role_and_get_denied_and_no_force_delete_allowed" file="/app/vendor/gammamatrix/playground-test/src/Feature/Http/Controllers/Resource/DestroyTrait.php" line="239" class="Tests\Feature\GammaMatrix\Playground\Matrix\Resource\Http\Controllers\SprintRouteTest" classname="Tests.Feature.GammaMatrix.Playground.Matrix.Resource.Http.Controllers.SprintRouteTest" assertions="3" time="0.102139"/>
        <testcase name="test_destroy_with_admin_role_and_succeed" file="/app/vendor/gammamatrix/playground-test/src/Feature/Http/Controllers/Resource/DestroyTrait.php" line="286" class="Tests\Feature\GammaMatrix\Playground\Matrix\Resource\Http\Controllers\SprintRouteTest" classname="Tests.Feature.GammaMatrix.Playground.Matrix.Resource.Http.Controllers.SprintRouteTest" assertions="5" time="0.089741"/>
        <testcase name="test_destroy_with_admin_role_and_succeed_with_force_delete" file="/app/vendor/gammamatrix/playground-test/src/Feature/Http/Controllers/Resource/DestroyTrait.php" line="339" class="Tests\Feature\GammaMatrix\Playground\Matrix\Resource\Http\Controllers\SprintRouteTest" classname="Tests.Feature.GammaMatrix.Playground.Matrix.Resource.Http.Controllers.SprintRouteTest" assertions="4" time="0.088065"/>
        <testcase name="test_guest_cannot_lock" file="/app/vendor/gammamatrix/playground-test/src/Feature/Http/Controllers/Resource/LockTrait.php" line="17" class="Tests\Feature\GammaMatrix\Playground\Matrix\Resource\Http\Controllers\SprintRouteTest" classname="Tests.Feature.GammaMatrix.Playground.Matrix.Resource.Http.Controllers.SprintRouteTest" assertions="4" time="0.111081"/>
        <testcase name="test_lock_as_standard_user_and_succeed" file="/app/vendor/gammamatrix/playground-test/src/Feature/Http/Controllers/Resource/LockTrait.php" line="59" class="Tests\Feature\GammaMatrix\Playground\Matrix\Resource\Http\Controllers\SprintRouteTest" classname="Tests.Feature.GammaMatrix.Playground.Matrix.Resource.Http.Controllers.SprintRouteTest" assertions="4" time="0.092468"/>
        <testcase name="test_lock_as_standard_user_using_json_and_succeed" file="/app/vendor/gammamatrix/playground-test/src/Feature/Http/Controllers/Resource/LockTrait.php" line="100" class="Tests\Feature\GammaMatrix\Playground\Matrix\Resource\Http\Controllers\SprintRouteTest" classname="Tests.Feature.GammaMatrix.Playground.Matrix.Resource.Http.Controllers.SprintRouteTest" assertions="3" time="0.096807"/>
        <testcase name="test_lock_as_standard_user_and_succeed_with_redirect_to_index_with_sorted_by_locked_desc" file="/app/vendor/gammamatrix/playground-test/src/Feature/Http/Controllers/Resource/LockTrait.php" line="139" class="Tests\Feature\GammaMatrix\Playground\Matrix\Resource\Http\Controllers\SprintRouteTest" classname="Tests.Feature.GammaMatrix.Playground.Matrix.Resource.Http.Controllers.SprintRouteTest" assertions="4" time="0.108448"/>
        <testcase name="test_lock_with_user_role_and_get_denied" file="/app/vendor/gammamatrix/playground-test/src/Feature/Http/Controllers/Resource/LockTrait.php" line="189" class="Tests\Feature\GammaMatrix\Playground\Matrix\Resource\Http\Controllers\SprintRouteTest" classname="Tests.Feature.GammaMatrix.Playground.Matrix.Resource.Http.Controllers.SprintRouteTest" assertions="3" time="0.088561"/>
        <testcase name="test_lock_with_admin_role_and_succeed" file="/app/vendor/gammamatrix/playground-test/src/Feature/Http/Controllers/Resource/LockTrait.php" line="235" class="Tests\Feature\GammaMatrix\Playground\Matrix\Resource\Http\Controllers\SprintRouteTest" classname="Tests.Feature.GammaMatrix.Playground.Matrix.Resource.Http.Controllers.SprintRouteTest" assertions="4" time="0.090712"/>
        <testcase name="test_lock_with_admin_role_and_succeed_with_json" file="/app/vendor/gammamatrix/playground-test/src/Feature/Http/Controllers/Resource/LockTrait.php" line="286" class="Tests\Feature\GammaMatrix\Playground\Matrix\Resource\Http\Controllers\SprintRouteTest" classname="Tests.Feature.GammaMatrix.Playground.Matrix.Resource.Http.Controllers.SprintRouteTest" assertions="97" time="0.135131"/>
      </testsuite>
      <testsuite name="Tests\Feature\GammaMatrix\Playground\Matrix\Resource\Http\Controllers\TagRouteTest" file="/app/tests/Feature/Http/Controllers/TagRouteTest.php" tests="23" assertions="181" errors="0" failures="0" skipped="0" time="2.313193">
        <testcase name="test_guest_cannot_render_create_view" file="/app/vendor/gammamatrix/playground-test/src/Feature/Http/Controllers/Resource/CreateTrait.php" line="17" class="Tests\Feature\GammaMatrix\Playground\Matrix\Resource\Http\Controllers\TagRouteTest" classname="Tests.Feature.GammaMatrix.Playground.Matrix.Resource.Http.Controllers.TagRouteTest" assertions="2" time="0.121731"/>
        <testcase name="test_create_view_rendered_by_user_with_return_url" file="/app/vendor/gammamatrix/playground-test/src/Feature/Http/Controllers/Resource/CreateTrait.php" line="28" class="Tests\Feature\GammaMatrix\Playground\Matrix\Resource\Http\Controllers\TagRouteTest" classname="Tests.Feature.GammaMatrix.Playground.Matrix.Resource.Http.Controllers.TagRouteTest" assertions="3" time="0.144798"/>
        <testcase name="test_create_info_with_user_using_json" file="/app/vendor/gammamatrix/playground-test/src/Feature/Http/Controllers/Resource/CreateTrait.php" line="53" class="Tests\Feature\GammaMatrix\Playground\Matrix\Resource\Http\Controllers\TagRouteTest" classname="Tests.Feature.GammaMatrix.Playground.Matrix.Resource.Http.Controllers.TagRouteTest" assertions="4" time="0.087887"/>
        <testcase name="test_create_view_rendered_by_user_with_invalid_parameter" file="/app/vendor/gammamatrix/playground-test/src/Feature/Http/Controllers/Resource/CreateTrait.php" line="74" class="Tests\Feature\GammaMatrix\Playground\Matrix\Resource\Http\Controllers\TagRouteTest" classname="Tests.Feature.GammaMatrix.Playground.Matrix.Resource.Http.Controllers.TagRouteTest" assertions="5" time="0.086633"/>
        <testcase name="test_guest_cannot_render_edit_view" file="/app/vendor/gammamatrix/playground-test/src/Feature/Http/Controllers/Resource/EditTrait.php" line="17" class="Tests\Feature\GammaMatrix\Playground\Matrix\Resource\Http\Controllers\TagRouteTest" classname="Tests.Feature.GammaMatrix.Playground.Matrix.Resource.Http.Controllers.TagRouteTest" assertions="2" time="0.083986"/>
        <testcase name="test_edit_view_rendered_by_user_with_return_url" file="/app/vendor/gammamatrix/playground-test/src/Feature/Http/Controllers/Resource/EditTrait.php" line="34" class="Tests\Feature\GammaMatrix\Playground\Matrix\Resource\Http\Controllers\TagRouteTest" classname="Tests.Feature.GammaMatrix.Playground.Matrix.Resource.Http.Controllers.TagRouteTest" assertions="3" time="0.123716"/>
        <testcase name="test_edit_info_with_user_using_json" file="/app/vendor/gammamatrix/playground-test/src/Feature/Http/Controllers/Resource/EditTrait.php" line="64" class="Tests\Feature\GammaMatrix\Playground\Matrix\Resource\Http\Controllers\TagRouteTest" classname="Tests.Feature.GammaMatrix.Playground.Matrix.Resource.Http.Controllers.TagRouteTest" assertions="4" time="0.095045"/>
        <testcase name="test_edit_view_rendered_by_user_with_invalid_parameter" file="/app/vendor/gammamatrix/playground-test/src/Feature/Http/Controllers/Resource/EditTrait.php" line="91" class="Tests\Feature\GammaMatrix\Playground\Matrix\Resource\Http\Controllers\TagRouteTest" classname="Tests.Feature.GammaMatrix.Playground.Matrix.Resource.Http.Controllers.TagRouteTest" assertions="4" time="0.092200"/>
        <testcase name="test_guest_cannot_destroy" file="/app/vendor/gammamatrix/playground-test/src/Feature/Http/Controllers/Resource/DestroyTrait.php" line="17" class="Tests\Feature\GammaMatrix\Playground\Matrix\Resource\Http\Controllers\TagRouteTest" classname="Tests.Feature.GammaMatrix.Playground.Matrix.Resource.Http.Controllers.TagRouteTest" assertions="4" time="0.083224"/>
        <testcase name="test_destroy_as_standard_user_and_succeed" file="/app/vendor/gammamatrix/playground-test/src/Feature/Http/Controllers/Resource/DestroyTrait.php" line="59" class="Tests\Feature\GammaMatrix\Playground\Matrix\Resource\Http\Controllers\TagRouteTest" classname="Tests.Feature.GammaMatrix.Playground.Matrix.Resource.Http.Controllers.TagRouteTest" assertions="5" time="0.093660"/>
        <testcase name="test_destroy_as_standard_user_and_succeed_with_force_delete" file="/app/vendor/gammamatrix/playground-test/src/Feature/Http/Controllers/Resource/DestroyTrait.php" line="102" class="Tests\Feature\GammaMatrix\Playground\Matrix\Resource\Http\Controllers\TagRouteTest" classname="Tests.Feature.GammaMatrix.Playground.Matrix.Resource.Http.Controllers.TagRouteTest" assertions="4" time="0.090971"/>
        <testcase name="test_destroy_as_standard_user_using_json_and_succeed_with_no_content" file="/app/vendor/gammamatrix/playground-test/src/Feature/Http/Controllers/Resource/DestroyTrait.php" line="140" class="Tests\Feature\GammaMatrix\Playground\Matrix\Resource\Http\Controllers\TagRouteTest" classname="Tests.Feature.GammaMatrix.Playground.Matrix.Resource.Http.Controllers.TagRouteTest" assertions="5" time="0.096504"/>
        <testcase name="test_destroy_as_standard_user_and_succeed_with_redirect_to_index_with_trash" file="/app/vendor/gammamatrix/playground-test/src/Feature/Http/Controllers/Resource/DestroyTrait.php" line="183" class="Tests\Feature\GammaMatrix\Playground\Matrix\Resource\Http\Controllers\TagRouteTest" classname="Tests.Feature.GammaMatrix.Playground.Matrix.Resource.Http.Controllers.TagRouteTest" assertions="5" time="0.091112"/>
        <testcase name="test_destroy_with_user_role_and_get_denied_and_no_force_delete_allowed" file="/app/vendor/gammamatrix/playground-test/src/Feature/Http/Controllers/Resource/DestroyTrait.php" line="239" class="Tests\Feature\GammaMatrix\Playground\Matrix\Resource\Http\Controllers\TagRouteTest" classname="Tests.Feature.GammaMatrix.Playground.Matrix.Resource.Http.Controllers.TagRouteTest" assertions="3" time="0.119695"/>
        <testcase name="test_destroy_with_admin_role_and_succeed" file="/app/vendor/gammamatrix/playground-test/src/Feature/Http/Controllers/Resource/DestroyTrait.php" line="286" class="Tests\Feature\GammaMatrix\Playground\Matrix\Resource\Http\Controllers\TagRouteTest" classname="Tests.Feature.GammaMatrix.Playground.Matrix.Resource.Http.Controllers.TagRouteTest" assertions="5" time="0.090430"/>
        <testcase name="test_destroy_with_admin_role_and_succeed_with_force_delete" file="/app/vendor/gammamatrix/playground-test/src/Feature/Http/Controllers/Resource/DestroyTrait.php" line="339" class="Tests\Feature\GammaMatrix\Playground\Matrix\Resource\Http\Controllers\TagRouteTest" classname="Tests.Feature.GammaMatrix.Playground.Matrix.Resource.Http.Controllers.TagRouteTest" assertions="4" time="0.088850"/>
        <testcase name="test_guest_cannot_lock" file="/app/vendor/gammamatrix/playground-test/src/Feature/Http/Controllers/Resource/LockTrait.php" line="17" class="Tests\Feature\GammaMatrix\Playground\Matrix\Resource\Http\Controllers\TagRouteTest" classname="Tests.Feature.GammaMatrix.Playground.Matrix.Resource.Http.Controllers.TagRouteTest" assertions="4" time="0.103242"/>
        <testcase name="test_lock_as_standard_user_and_succeed" file="/app/vendor/gammamatrix/playground-test/src/Feature/Http/Controllers/Resource/LockTrait.php" line="59" class="Tests\Feature\GammaMatrix\Playground\Matrix\Resource\Http\Controllers\TagRouteTest" classname="Tests.Feature.GammaMatrix.Playground.Matrix.Resource.Http.Controllers.TagRouteTest" assertions="4" time="0.099021"/>
        <testcase name="test_lock_as_standard_user_using_json_and_succeed" file="/app/vendor/gammamatrix/playground-test/src/Feature/Http/Controllers/Resource/LockTrait.php" line="100" class="Tests\Feature\GammaMatrix\Playground\Matrix\Resource\Http\Controllers\TagRouteTest" classname="Tests.Feature.GammaMatrix.Playground.Matrix.Resource.Http.Controllers.TagRouteTest" assertions="3" time="0.096908"/>
        <testcase name="test_lock_as_standard_user_and_succeed_with_redirect_to_index_with_sorted_by_locked_desc" file="/app/vendor/gammamatrix/playground-test/src/Feature/Http/Controllers/Resource/LockTrait.php" line="139" class="Tests\Feature\GammaMatrix\Playground\Matrix\Resource\Http\Controllers\TagRouteTest" classname="Tests.Feature.GammaMatrix.Playground.Matrix.Resource.Http.Controllers.TagRouteTest" assertions="4" time="0.111387"/>
        <testcase name="test_lock_with_user_role_and_get_denied" file="/app/vendor/gammamatrix/playground-test/src/Feature/Http/Controllers/Resource/LockTrait.php" line="189" class="Tests\Feature\GammaMatrix\Playground\Matrix\Resource\Http\Controllers\TagRouteTest" classname="Tests.Feature.GammaMatrix.Playground.Matrix.Resource.Http.Controllers.TagRouteTest" assertions="3" time="0.087614"/>
        <testcase name="test_lock_with_admin_role_and_succeed" file="/app/vendor/gammamatrix/playground-test/src/Feature/Http/Controllers/Resource/LockTrait.php" line="235" class="Tests\Feature\GammaMatrix\Playground\Matrix\Resource\Http\Controllers\TagRouteTest" classname="Tests.Feature.GammaMatrix.Playground.Matrix.Resource.Http.Controllers.TagRouteTest" assertions="4" time="0.091218"/>
        <testcase name="test_lock_with_admin_role_and_succeed_with_json" file="/app/vendor/gammamatrix/playground-test/src/Feature/Http/Controllers/Resource/LockTrait.php" line="286" class="Tests\Feature\GammaMatrix\Playground\Matrix\Resource\Http\Controllers\TagRouteTest" classname="Tests.Feature.GammaMatrix.Playground.Matrix.Resource.Http.Controllers.TagRouteTest" assertions="97" time="0.133360"/>
      </testsuite>
      <testsuite name="Tests\Feature\GammaMatrix\Playground\Matrix\Resource\Http\Controllers\TeamRouteTest" file="/app/tests/Feature/Http/Controllers/TeamRouteTest.php" tests="23" assertions="181" errors="0" failures="0" skipped="0" time="2.280306">
        <testcase name="test_guest_cannot_render_create_view" file="/app/vendor/gammamatrix/playground-test/src/Feature/Http/Controllers/Resource/CreateTrait.php" line="17" class="Tests\Feature\GammaMatrix\Playground\Matrix\Resource\Http\Controllers\TeamRouteTest" classname="Tests.Feature.GammaMatrix.Playground.Matrix.Resource.Http.Controllers.TeamRouteTest" assertions="2" time="0.121384"/>
        <testcase name="test_create_view_rendered_by_user_with_return_url" file="/app/vendor/gammamatrix/playground-test/src/Feature/Http/Controllers/Resource/CreateTrait.php" line="28" class="Tests\Feature\GammaMatrix\Playground\Matrix\Resource\Http\Controllers\TeamRouteTest" classname="Tests.Feature.GammaMatrix.Playground.Matrix.Resource.Http.Controllers.TeamRouteTest" assertions="3" time="0.145648"/>
        <testcase name="test_create_info_with_user_using_json" file="/app/vendor/gammamatrix/playground-test/src/Feature/Http/Controllers/Resource/CreateTrait.php" line="53" class="Tests\Feature\GammaMatrix\Playground\Matrix\Resource\Http\Controllers\TeamRouteTest" classname="Tests.Feature.GammaMatrix.Playground.Matrix.Resource.Http.Controllers.TeamRouteTest" assertions="4" time="0.089773"/>
        <testcase name="test_create_view_rendered_by_user_with_invalid_parameter" file="/app/vendor/gammamatrix/playground-test/src/Feature/Http/Controllers/Resource/CreateTrait.php" line="74" class="Tests\Feature\GammaMatrix\Playground\Matrix\Resource\Http\Controllers\TeamRouteTest" classname="Tests.Feature.GammaMatrix.Playground.Matrix.Resource.Http.Controllers.TeamRouteTest" assertions="5" time="0.088931"/>
        <testcase name="test_guest_cannot_render_edit_view" file="/app/vendor/gammamatrix/playground-test/src/Feature/Http/Controllers/Resource/EditTrait.php" line="17" class="Tests\Feature\GammaMatrix\Playground\Matrix\Resource\Http\Controllers\TeamRouteTest" classname="Tests.Feature.GammaMatrix.Playground.Matrix.Resource.Http.Controllers.TeamRouteTest" assertions="2" time="0.081603"/>
        <testcase name="test_edit_view_rendered_by_user_with_return_url" file="/app/vendor/gammamatrix/playground-test/src/Feature/Http/Controllers/Resource/EditTrait.php" line="34" class="Tests\Feature\GammaMatrix\Playground\Matrix\Resource\Http\Controllers\TeamRouteTest" classname="Tests.Feature.GammaMatrix.Playground.Matrix.Resource.Http.Controllers.TeamRouteTest" assertions="3" time="0.131660"/>
        <testcase name="test_edit_info_with_user_using_json" file="/app/vendor/gammamatrix/playground-test/src/Feature/Http/Controllers/Resource/EditTrait.php" line="64" class="Tests\Feature\GammaMatrix\Playground\Matrix\Resource\Http\Controllers\TeamRouteTest" classname="Tests.Feature.GammaMatrix.Playground.Matrix.Resource.Http.Controllers.TeamRouteTest" assertions="4" time="0.096157"/>
        <testcase name="test_edit_view_rendered_by_user_with_invalid_parameter" file="/app/vendor/gammamatrix/playground-test/src/Feature/Http/Controllers/Resource/EditTrait.php" line="91" class="Tests\Feature\GammaMatrix\Playground\Matrix\Resource\Http\Controllers\TeamRouteTest" classname="Tests.Feature.GammaMatrix.Playground.Matrix.Resource.Http.Controllers.TeamRouteTest" assertions="4" time="0.095839"/>
        <testcase name="test_guest_cannot_destroy" file="/app/vendor/gammamatrix/playground-test/src/Feature/Http/Controllers/Resource/DestroyTrait.php" line="17" class="Tests\Feature\GammaMatrix\Playground\Matrix\Resource\Http\Controllers\TeamRouteTest" classname="Tests.Feature.GammaMatrix.Playground.Matrix.Resource.Http.Controllers.TeamRouteTest" assertions="4" time="0.081506"/>
        <testcase name="test_destroy_as_standard_user_and_succeed" file="/app/vendor/gammamatrix/playground-test/src/Feature/Http/Controllers/Resource/DestroyTrait.php" line="59" class="Tests\Feature\GammaMatrix\Playground\Matrix\Resource\Http\Controllers\TeamRouteTest" classname="Tests.Feature.GammaMatrix.Playground.Matrix.Resource.Http.Controllers.TeamRouteTest" assertions="5" time="0.091799"/>
        <testcase name="test_destroy_as_standard_user_and_succeed_with_force_delete" file="/app/vendor/gammamatrix/playground-test/src/Feature/Http/Controllers/Resource/DestroyTrait.php" line="102" class="Tests\Feature\GammaMatrix\Playground\Matrix\Resource\Http\Controllers\TeamRouteTest" classname="Tests.Feature.GammaMatrix.Playground.Matrix.Resource.Http.Controllers.TeamRouteTest" assertions="4" time="0.087218"/>
        <testcase name="test_destroy_as_standard_user_using_json_and_succeed_with_no_content" file="/app/vendor/gammamatrix/playground-test/src/Feature/Http/Controllers/Resource/DestroyTrait.php" line="140" class="Tests\Feature\GammaMatrix\Playground\Matrix\Resource\Http\Controllers\TeamRouteTest" classname="Tests.Feature.GammaMatrix.Playground.Matrix.Resource.Http.Controllers.TeamRouteTest" assertions="5" time="0.091348"/>
        <testcase name="test_destroy_as_standard_user_and_succeed_with_redirect_to_index_with_trash" file="/app/vendor/gammamatrix/playground-test/src/Feature/Http/Controllers/Resource/DestroyTrait.php" line="183" class="Tests\Feature\GammaMatrix\Playground\Matrix\Resource\Http\Controllers\TeamRouteTest" classname="Tests.Feature.GammaMatrix.Playground.Matrix.Resource.Http.Controllers.TeamRouteTest" assertions="5" time="0.088686"/>
        <testcase name="test_destroy_with_user_role_and_get_denied_and_no_force_delete_allowed" file="/app/vendor/gammamatrix/playground-test/src/Feature/Http/Controllers/Resource/DestroyTrait.php" line="239" class="Tests\Feature\GammaMatrix\Playground\Matrix\Resource\Http\Controllers\TeamRouteTest" classname="Tests.Feature.GammaMatrix.Playground.Matrix.Resource.Http.Controllers.TeamRouteTest" assertions="3" time="0.088635"/>
        <testcase name="test_destroy_with_admin_role_and_succeed" file="/app/vendor/gammamatrix/playground-test/src/Feature/Http/Controllers/Resource/DestroyTrait.php" line="286" class="Tests\Feature\GammaMatrix\Playground\Matrix\Resource\Http\Controllers\TeamRouteTest" classname="Tests.Feature.GammaMatrix.Playground.Matrix.Resource.Http.Controllers.TeamRouteTest" assertions="5" time="0.090163"/>
        <testcase name="test_destroy_with_admin_role_and_succeed_with_force_delete" file="/app/vendor/gammamatrix/playground-test/src/Feature/Http/Controllers/Resource/DestroyTrait.php" line="339" class="Tests\Feature\GammaMatrix\Playground\Matrix\Resource\Http\Controllers\TeamRouteTest" classname="Tests.Feature.GammaMatrix.Playground.Matrix.Resource.Http.Controllers.TeamRouteTest" assertions="4" time="0.090198"/>
        <testcase name="test_guest_cannot_lock" file="/app/vendor/gammamatrix/playground-test/src/Feature/Http/Controllers/Resource/LockTrait.php" line="17" class="Tests\Feature\GammaMatrix\Playground\Matrix\Resource\Http\Controllers\TeamRouteTest" classname="Tests.Feature.GammaMatrix.Playground.Matrix.Resource.Http.Controllers.TeamRouteTest" assertions="4" time="0.083681"/>
        <testcase name="test_lock_as_standard_user_and_succeed" file="/app/vendor/gammamatrix/playground-test/src/Feature/Http/Controllers/Resource/LockTrait.php" line="59" class="Tests\Feature\GammaMatrix\Playground\Matrix\Resource\Http\Controllers\TeamRouteTest" classname="Tests.Feature.GammaMatrix.Playground.Matrix.Resource.Http.Controllers.TeamRouteTest" assertions="4" time="0.094533"/>
        <testcase name="test_lock_as_standard_user_using_json_and_succeed" file="/app/vendor/gammamatrix/playground-test/src/Feature/Http/Controllers/Resource/LockTrait.php" line="100" class="Tests\Feature\GammaMatrix\Playground\Matrix\Resource\Http\Controllers\TeamRouteTest" classname="Tests.Feature.GammaMatrix.Playground.Matrix.Resource.Http.Controllers.TeamRouteTest" assertions="3" time="0.100356"/>
        <testcase name="test_lock_as_standard_user_and_succeed_with_redirect_to_index_with_sorted_by_locked_desc" file="/app/vendor/gammamatrix/playground-test/src/Feature/Http/Controllers/Resource/LockTrait.php" line="139" class="Tests\Feature\GammaMatrix\Playground\Matrix\Resource\Http\Controllers\TeamRouteTest" classname="Tests.Feature.GammaMatrix.Playground.Matrix.Resource.Http.Controllers.TeamRouteTest" assertions="4" time="0.121051"/>
        <testcase name="test_lock_with_user_role_and_get_denied" file="/app/vendor/gammamatrix/playground-test/src/Feature/Http/Controllers/Resource/LockTrait.php" line="189" class="Tests\Feature\GammaMatrix\Playground\Matrix\Resource\Http\Controllers\TeamRouteTest" classname="Tests.Feature.GammaMatrix.Playground.Matrix.Resource.Http.Controllers.TeamRouteTest" assertions="3" time="0.087354"/>
        <testcase name="test_lock_with_admin_role_and_succeed" file="/app/vendor/gammamatrix/playground-test/src/Feature/Http/Controllers/Resource/LockTrait.php" line="235" class="Tests\Feature\GammaMatrix\Playground\Matrix\Resource\Http\Controllers\TeamRouteTest" classname="Tests.Feature.GammaMatrix.Playground.Matrix.Resource.Http.Controllers.TeamRouteTest" assertions="4" time="0.098840"/>
        <testcase name="test_lock_with_admin_role_and_succeed_with_json" file="/app/vendor/gammamatrix/playground-test/src/Feature/Http/Controllers/Resource/LockTrait.php" line="286" class="Tests\Feature\GammaMatrix\Playground\Matrix\Resource\Http\Controllers\TeamRouteTest" classname="Tests.Feature.GammaMatrix.Playground.Matrix.Resource.Http.Controllers.TeamRouteTest" assertions="97" time="0.133945"/>
      </testsuite>
      <testsuite name="Tests\Feature\GammaMatrix\Playground\Matrix\Resource\Http\Controllers\TicketRouteTest" file="/app/tests/Feature/Http/Controllers/TicketRouteTest.php" tests="23" assertions="181" errors="0" failures="0" skipped="0" time="2.413011">
        <testcase name="test_guest_cannot_render_create_view" file="/app/vendor/gammamatrix/playground-test/src/Feature/Http/Controllers/Resource/CreateTrait.php" line="17" class="Tests\Feature\GammaMatrix\Playground\Matrix\Resource\Http\Controllers\TicketRouteTest" classname="Tests.Feature.GammaMatrix.Playground.Matrix.Resource.Http.Controllers.TicketRouteTest" assertions="2" time="0.125632"/>
        <testcase name="test_create_view_rendered_by_user_with_return_url" file="/app/vendor/gammamatrix/playground-test/src/Feature/Http/Controllers/Resource/CreateTrait.php" line="28" class="Tests\Feature\GammaMatrix\Playground\Matrix\Resource\Http\Controllers\TicketRouteTest" classname="Tests.Feature.GammaMatrix.Playground.Matrix.Resource.Http.Controllers.TicketRouteTest" assertions="3" time="0.148065"/>
        <testcase name="test_create_info_with_user_using_json" file="/app/vendor/gammamatrix/playground-test/src/Feature/Http/Controllers/Resource/CreateTrait.php" line="53" class="Tests\Feature\GammaMatrix\Playground\Matrix\Resource\Http\Controllers\TicketRouteTest" classname="Tests.Feature.GammaMatrix.Playground.Matrix.Resource.Http.Controllers.TicketRouteTest" assertions="4" time="0.096256"/>
        <testcase name="test_create_view_rendered_by_user_with_invalid_parameter" file="/app/vendor/gammamatrix/playground-test/src/Feature/Http/Controllers/Resource/CreateTrait.php" line="74" class="Tests\Feature\GammaMatrix\Playground\Matrix\Resource\Http\Controllers\TicketRouteTest" classname="Tests.Feature.GammaMatrix.Playground.Matrix.Resource.Http.Controllers.TicketRouteTest" assertions="5" time="0.089098"/>
        <testcase name="test_guest_cannot_render_edit_view" file="/app/vendor/gammamatrix/playground-test/src/Feature/Http/Controllers/Resource/EditTrait.php" line="17" class="Tests\Feature\GammaMatrix\Playground\Matrix\Resource\Http\Controllers\TicketRouteTest" classname="Tests.Feature.GammaMatrix.Playground.Matrix.Resource.Http.Controllers.TicketRouteTest" assertions="2" time="0.092335"/>
        <testcase name="test_edit_view_rendered_by_user_with_return_url" file="/app/vendor/gammamatrix/playground-test/src/Feature/Http/Controllers/Resource/EditTrait.php" line="34" class="Tests\Feature\GammaMatrix\Playground\Matrix\Resource\Http\Controllers\TicketRouteTest" classname="Tests.Feature.GammaMatrix.Playground.Matrix.Resource.Http.Controllers.TicketRouteTest" assertions="3" time="0.134318"/>
        <testcase name="test_edit_info_with_user_using_json" file="/app/vendor/gammamatrix/playground-test/src/Feature/Http/Controllers/Resource/EditTrait.php" line="64" class="Tests\Feature\GammaMatrix\Playground\Matrix\Resource\Http\Controllers\TicketRouteTest" classname="Tests.Feature.GammaMatrix.Playground.Matrix.Resource.Http.Controllers.TicketRouteTest" assertions="4" time="0.104820"/>
        <testcase name="test_edit_view_rendered_by_user_with_invalid_parameter" file="/app/vendor/gammamatrix/playground-test/src/Feature/Http/Controllers/Resource/EditTrait.php" line="91" class="Tests\Feature\GammaMatrix\Playground\Matrix\Resource\Http\Controllers\TicketRouteTest" classname="Tests.Feature.GammaMatrix.Playground.Matrix.Resource.Http.Controllers.TicketRouteTest" assertions="4" time="0.097603"/>
        <testcase name="test_guest_cannot_destroy" file="/app/vendor/gammamatrix/playground-test/src/Feature/Http/Controllers/Resource/DestroyTrait.php" line="17" class="Tests\Feature\GammaMatrix\Playground\Matrix\Resource\Http\Controllers\TicketRouteTest" classname="Tests.Feature.GammaMatrix.Playground.Matrix.Resource.Http.Controllers.TicketRouteTest" assertions="4" time="0.090318"/>
        <testcase name="test_destroy_as_standard_user_and_succeed" file="/app/vendor/gammamatrix/playground-test/src/Feature/Http/Controllers/Resource/DestroyTrait.php" line="59" class="Tests\Feature\GammaMatrix\Playground\Matrix\Resource\Http\Controllers\TicketRouteTest" classname="Tests.Feature.GammaMatrix.Playground.Matrix.Resource.Http.Controllers.TicketRouteTest" assertions="5" time="0.093933"/>
        <testcase name="test_destroy_as_standard_user_and_succeed_with_force_delete" file="/app/vendor/gammamatrix/playground-test/src/Feature/Http/Controllers/Resource/DestroyTrait.php" line="102" class="Tests\Feature\GammaMatrix\Playground\Matrix\Resource\Http\Controllers\TicketRouteTest" classname="Tests.Feature.GammaMatrix.Playground.Matrix.Resource.Http.Controllers.TicketRouteTest" assertions="4" time="0.115766"/>
        <testcase name="test_destroy_as_standard_user_using_json_and_succeed_with_no_content" file="/app/vendor/gammamatrix/playground-test/src/Feature/Http/Controllers/Resource/DestroyTrait.php" line="140" class="Tests\Feature\GammaMatrix\Playground\Matrix\Resource\Http\Controllers\TicketRouteTest" classname="Tests.Feature.GammaMatrix.Playground.Matrix.Resource.Http.Controllers.TicketRouteTest" assertions="5" time="0.094745"/>
        <testcase name="test_destroy_as_standard_user_and_succeed_with_redirect_to_index_with_trash" file="/app/vendor/gammamatrix/playground-test/src/Feature/Http/Controllers/Resource/DestroyTrait.php" line="183" class="Tests\Feature\GammaMatrix\Playground\Matrix\Resource\Http\Controllers\TicketRouteTest" classname="Tests.Feature.GammaMatrix.Playground.Matrix.Resource.Http.Controllers.TicketRouteTest" assertions="5" time="0.091226"/>
        <testcase name="test_destroy_with_user_role_and_get_denied_and_no_force_delete_allowed" file="/app/vendor/gammamatrix/playground-test/src/Feature/Http/Controllers/Resource/DestroyTrait.php" line="239" class="Tests\Feature\GammaMatrix\Playground\Matrix\Resource\Http\Controllers\TicketRouteTest" classname="Tests.Feature.GammaMatrix.Playground.Matrix.Resource.Http.Controllers.TicketRouteTest" assertions="3" time="0.120092"/>
        <testcase name="test_destroy_with_admin_role_and_succeed" file="/app/vendor/gammamatrix/playground-test/src/Feature/Http/Controllers/Resource/DestroyTrait.php" line="286" class="Tests\Feature\GammaMatrix\Playground\Matrix\Resource\Http\Controllers\TicketRouteTest" classname="Tests.Feature.GammaMatrix.Playground.Matrix.Resource.Http.Controllers.TicketRouteTest" assertions="5" time="0.095305"/>
        <testcase name="test_destroy_with_admin_role_and_succeed_with_force_delete" file="/app/vendor/gammamatrix/playground-test/src/Feature/Http/Controllers/Resource/DestroyTrait.php" line="339" class="Tests\Feature\GammaMatrix\Playground\Matrix\Resource\Http\Controllers\TicketRouteTest" classname="Tests.Feature.GammaMatrix.Playground.Matrix.Resource.Http.Controllers.TicketRouteTest" assertions="4" time="0.090484"/>
        <testcase name="test_guest_cannot_lock" file="/app/vendor/gammamatrix/playground-test/src/Feature/Http/Controllers/Resource/LockTrait.php" line="17" class="Tests\Feature\GammaMatrix\Playground\Matrix\Resource\Http\Controllers\TicketRouteTest" classname="Tests.Feature.GammaMatrix.Playground.Matrix.Resource.Http.Controllers.TicketRouteTest" assertions="4" time="0.121071"/>
        <testcase name="test_lock_as_standard_user_and_succeed" file="/app/vendor/gammamatrix/playground-test/src/Feature/Http/Controllers/Resource/LockTrait.php" line="59" class="Tests\Feature\GammaMatrix\Playground\Matrix\Resource\Http\Controllers\TicketRouteTest" classname="Tests.Feature.GammaMatrix.Playground.Matrix.Resource.Http.Controllers.TicketRouteTest" assertions="4" time="0.097405"/>
        <testcase name="test_lock_as_standard_user_using_json_and_succeed" file="/app/vendor/gammamatrix/playground-test/src/Feature/Http/Controllers/Resource/LockTrait.php" line="100" class="Tests\Feature\GammaMatrix\Playground\Matrix\Resource\Http\Controllers\TicketRouteTest" classname="Tests.Feature.GammaMatrix.Playground.Matrix.Resource.Http.Controllers.TicketRouteTest" assertions="3" time="0.101738"/>
        <testcase name="test_lock_as_standard_user_and_succeed_with_redirect_to_index_with_sorted_by_locked_desc" file="/app/vendor/gammamatrix/playground-test/src/Feature/Http/Controllers/Resource/LockTrait.php" line="139" class="Tests\Feature\GammaMatrix\Playground\Matrix\Resource\Http\Controllers\TicketRouteTest" classname="Tests.Feature.GammaMatrix.Playground.Matrix.Resource.Http.Controllers.TicketRouteTest" assertions="4" time="0.114848"/>
        <testcase name="test_lock_with_user_role_and_get_denied" file="/app/vendor/gammamatrix/playground-test/src/Feature/Http/Controllers/Resource/LockTrait.php" line="189" class="Tests\Feature\GammaMatrix\Playground\Matrix\Resource\Http\Controllers\TicketRouteTest" classname="Tests.Feature.GammaMatrix.Playground.Matrix.Resource.Http.Controllers.TicketRouteTest" assertions="3" time="0.089696"/>
        <testcase name="test_lock_with_admin_role_and_succeed" file="/app/vendor/gammamatrix/playground-test/src/Feature/Http/Controllers/Resource/LockTrait.php" line="235" class="Tests\Feature\GammaMatrix\Playground\Matrix\Resource\Http\Controllers\TicketRouteTest" classname="Tests.Feature.GammaMatrix.Playground.Matrix.Resource.Http.Controllers.TicketRouteTest" assertions="4" time="0.099443"/>
        <testcase name="test_lock_with_admin_role_and_succeed_with_json" file="/app/vendor/gammamatrix/playground-test/src/Feature/Http/Controllers/Resource/LockTrait.php" line="286" class="Tests\Feature\GammaMatrix\Playground\Matrix\Resource\Http\Controllers\TicketRouteTest" classname="Tests.Feature.GammaMatrix.Playground.Matrix.Resource.Http.Controllers.TicketRouteTest" assertions="97" time="0.108811"/>
      </testsuite>
      <testsuite name="Tests\Feature\GammaMatrix\Playground\Matrix\Resource\Http\Controllers\VersionRouteTest" file="/app/tests/Feature/Http/Controllers/VersionRouteTest.php" tests="23" assertions="181" errors="0" failures="0" skipped="0" time="2.324008">
        <testcase name="test_guest_cannot_render_create_view" file="/app/vendor/gammamatrix/playground-test/src/Feature/Http/Controllers/Resource/CreateTrait.php" line="17" class="Tests\Feature\GammaMatrix\Playground\Matrix\Resource\Http\Controllers\VersionRouteTest" classname="Tests.Feature.GammaMatrix.Playground.Matrix.Resource.Http.Controllers.VersionRouteTest" assertions="2" time="0.126990"/>
        <testcase name="test_create_view_rendered_by_user_with_return_url" file="/app/vendor/gammamatrix/playground-test/src/Feature/Http/Controllers/Resource/CreateTrait.php" line="28" class="Tests\Feature\GammaMatrix\Playground\Matrix\Resource\Http\Controllers\VersionRouteTest" classname="Tests.Feature.GammaMatrix.Playground.Matrix.Resource.Http.Controllers.VersionRouteTest" assertions="3" time="0.145759"/>
        <testcase name="test_create_info_with_user_using_json" file="/app/vendor/gammamatrix/playground-test/src/Feature/Http/Controllers/Resource/CreateTrait.php" line="53" class="Tests\Feature\GammaMatrix\Playground\Matrix\Resource\Http\Controllers\VersionRouteTest" classname="Tests.Feature.GammaMatrix.Playground.Matrix.Resource.Http.Controllers.VersionRouteTest" assertions="4" time="0.088232"/>
        <testcase name="test_create_view_rendered_by_user_with_invalid_parameter" file="/app/vendor/gammamatrix/playground-test/src/Feature/Http/Controllers/Resource/CreateTrait.php" line="74" class="Tests\Feature\GammaMatrix\Playground\Matrix\Resource\Http\Controllers\VersionRouteTest" classname="Tests.Feature.GammaMatrix.Playground.Matrix.Resource.Http.Controllers.VersionRouteTest" assertions="5" time="0.087904"/>
        <testcase name="test_guest_cannot_render_edit_view" file="/app/vendor/gammamatrix/playground-test/src/Feature/Http/Controllers/Resource/EditTrait.php" line="17" class="Tests\Feature\GammaMatrix\Playground\Matrix\Resource\Http\Controllers\VersionRouteTest" classname="Tests.Feature.GammaMatrix.Playground.Matrix.Resource.Http.Controllers.VersionRouteTest" assertions="2" time="0.082643"/>
        <testcase name="test_edit_view_rendered_by_user_with_return_url" file="/app/vendor/gammamatrix/playground-test/src/Feature/Http/Controllers/Resource/EditTrait.php" line="34" class="Tests\Feature\GammaMatrix\Playground\Matrix\Resource\Http\Controllers\VersionRouteTest" classname="Tests.Feature.GammaMatrix.Playground.Matrix.Resource.Http.Controllers.VersionRouteTest" assertions="3" time="0.132534"/>
        <testcase name="test_edit_info_with_user_using_json" file="/app/vendor/gammamatrix/playground-test/src/Feature/Http/Controllers/Resource/EditTrait.php" line="64" class="Tests\Feature\GammaMatrix\Playground\Matrix\Resource\Http\Controllers\VersionRouteTest" classname="Tests.Feature.GammaMatrix.Playground.Matrix.Resource.Http.Controllers.VersionRouteTest" assertions="4" time="0.104342"/>
        <testcase name="test_edit_view_rendered_by_user_with_invalid_parameter" file="/app/vendor/gammamatrix/playground-test/src/Feature/Http/Controllers/Resource/EditTrait.php" line="91" class="Tests\Feature\GammaMatrix\Playground\Matrix\Resource\Http\Controllers\VersionRouteTest" classname="Tests.Feature.GammaMatrix.Playground.Matrix.Resource.Http.Controllers.VersionRouteTest" assertions="4" time="0.128066"/>
        <testcase name="test_guest_cannot_destroy" file="/app/vendor/gammamatrix/playground-test/src/Feature/Http/Controllers/Resource/DestroyTrait.php" line="17" class="Tests\Feature\GammaMatrix\Playground\Matrix\Resource\Http\Controllers\VersionRouteTest" classname="Tests.Feature.GammaMatrix.Playground.Matrix.Resource.Http.Controllers.VersionRouteTest" assertions="4" time="0.083767"/>
        <testcase name="test_destroy_as_standard_user_and_succeed" file="/app/vendor/gammamatrix/playground-test/src/Feature/Http/Controllers/Resource/DestroyTrait.php" line="59" class="Tests\Feature\GammaMatrix\Playground\Matrix\Resource\Http\Controllers\VersionRouteTest" classname="Tests.Feature.GammaMatrix.Playground.Matrix.Resource.Http.Controllers.VersionRouteTest" assertions="5" time="0.095790"/>
        <testcase name="test_destroy_as_standard_user_and_succeed_with_force_delete" file="/app/vendor/gammamatrix/playground-test/src/Feature/Http/Controllers/Resource/DestroyTrait.php" line="102" class="Tests\Feature\GammaMatrix\Playground\Matrix\Resource\Http\Controllers\VersionRouteTest" classname="Tests.Feature.GammaMatrix.Playground.Matrix.Resource.Http.Controllers.VersionRouteTest" assertions="4" time="0.113348"/>
        <testcase name="test_destroy_as_standard_user_using_json_and_succeed_with_no_content" file="/app/vendor/gammamatrix/playground-test/src/Feature/Http/Controllers/Resource/DestroyTrait.php" line="140" class="Tests\Feature\GammaMatrix\Playground\Matrix\Resource\Http\Controllers\VersionRouteTest" classname="Tests.Feature.GammaMatrix.Playground.Matrix.Resource.Http.Controllers.VersionRouteTest" assertions="5" time="0.089782"/>
        <testcase name="test_destroy_as_standard_user_and_succeed_with_redirect_to_index_with_trash" file="/app/vendor/gammamatrix/playground-test/src/Feature/Http/Controllers/Resource/DestroyTrait.php" line="183" class="Tests\Feature\GammaMatrix\Playground\Matrix\Resource\Http\Controllers\VersionRouteTest" classname="Tests.Feature.GammaMatrix.Playground.Matrix.Resource.Http.Controllers.VersionRouteTest" assertions="5" time="0.088984"/>
        <testcase name="test_destroy_with_user_role_and_get_denied_and_no_force_delete_allowed" file="/app/vendor/gammamatrix/playground-test/src/Feature/Http/Controllers/Resource/DestroyTrait.php" line="239" class="Tests\Feature\GammaMatrix\Playground\Matrix\Resource\Http\Controllers\VersionRouteTest" classname="Tests.Feature.GammaMatrix.Playground.Matrix.Resource.Http.Controllers.VersionRouteTest" assertions="3" time="0.119042"/>
        <testcase name="test_destroy_with_admin_role_and_succeed" file="/app/vendor/gammamatrix/playground-test/src/Feature/Http/Controllers/Resource/DestroyTrait.php" line="286" class="Tests\Feature\GammaMatrix\Playground\Matrix\Resource\Http\Controllers\VersionRouteTest" classname="Tests.Feature.GammaMatrix.Playground.Matrix.Resource.Http.Controllers.VersionRouteTest" assertions="5" time="0.089553"/>
        <testcase name="test_destroy_with_admin_role_and_succeed_with_force_delete" file="/app/vendor/gammamatrix/playground-test/src/Feature/Http/Controllers/Resource/DestroyTrait.php" line="339" class="Tests\Feature\GammaMatrix\Playground\Matrix\Resource\Http\Controllers\VersionRouteTest" classname="Tests.Feature.GammaMatrix.Playground.Matrix.Resource.Http.Controllers.VersionRouteTest" assertions="4" time="0.088626"/>
        <testcase name="test_guest_cannot_lock" file="/app/vendor/gammamatrix/playground-test/src/Feature/Http/Controllers/Resource/LockTrait.php" line="17" class="Tests\Feature\GammaMatrix\Playground\Matrix\Resource\Http\Controllers\VersionRouteTest" classname="Tests.Feature.GammaMatrix.Playground.Matrix.Resource.Http.Controllers.VersionRouteTest" assertions="4" time="0.082045"/>
        <testcase name="test_lock_as_standard_user_and_succeed" file="/app/vendor/gammamatrix/playground-test/src/Feature/Http/Controllers/Resource/LockTrait.php" line="59" class="Tests\Feature\GammaMatrix\Playground\Matrix\Resource\Http\Controllers\VersionRouteTest" classname="Tests.Feature.GammaMatrix.Playground.Matrix.Resource.Http.Controllers.VersionRouteTest" assertions="4" time="0.095898"/>
        <testcase name="test_lock_as_standard_user_using_json_and_succeed" file="/app/vendor/gammamatrix/playground-test/src/Feature/Http/Controllers/Resource/LockTrait.php" line="100" class="Tests\Feature\GammaMatrix\Playground\Matrix\Resource\Http\Controllers\VersionRouteTest" classname="Tests.Feature.GammaMatrix.Playground.Matrix.Resource.Http.Controllers.VersionRouteTest" assertions="3" time="0.099352"/>
        <testcase name="test_lock_as_standard_user_and_succeed_with_redirect_to_index_with_sorted_by_locked_desc" file="/app/vendor/gammamatrix/playground-test/src/Feature/Http/Controllers/Resource/LockTrait.php" line="139" class="Tests\Feature\GammaMatrix\Playground\Matrix\Resource\Http\Controllers\VersionRouteTest" classname="Tests.Feature.GammaMatrix.Playground.Matrix.Resource.Http.Controllers.VersionRouteTest" assertions="4" time="0.091905"/>
        <testcase name="test_lock_with_user_role_and_get_denied" file="/app/vendor/gammamatrix/playground-test/src/Feature/Http/Controllers/Resource/LockTrait.php" line="189" class="Tests\Feature\GammaMatrix\Playground\Matrix\Resource\Http\Controllers\VersionRouteTest" classname="Tests.Feature.GammaMatrix.Playground.Matrix.Resource.Http.Controllers.VersionRouteTest" assertions="3" time="0.088016"/>
        <testcase name="test_lock_with_admin_role_and_succeed" file="/app/vendor/gammamatrix/playground-test/src/Feature/Http/Controllers/Resource/LockTrait.php" line="235" class="Tests\Feature\GammaMatrix\Playground\Matrix\Resource\Http\Controllers\VersionRouteTest" classname="Tests.Feature.GammaMatrix.Playground.Matrix.Resource.Http.Controllers.VersionRouteTest" assertions="4" time="0.094578"/>
        <testcase name="test_lock_with_admin_role_and_succeed_with_json" file="/app/vendor/gammamatrix/playground-test/src/Feature/Http/Controllers/Resource/LockTrait.php" line="286" class="Tests\Feature\GammaMatrix\Playground\Matrix\Resource\Http\Controllers\VersionRouteTest" classname="Tests.Feature.GammaMatrix.Playground.Matrix.Resource.Http.Controllers.VersionRouteTest" assertions="97" time="0.106853"/>
      </testsuite>
    </testsuite>
  </testsuite>
</testsuites>
