<?xml version="1.0" encoding="UTF-8"?>
<testsuites>
  <testsuite name="/app/phpunit.xml.dist" tests="636" assertions="5016" errors="0" failures="0" skipped="0" time="65.269871">
    <testsuite name="Unit" tests="6" assertions="6" errors="0" failures="0" skipped="0" time="0.219504">
      <testsuite name="Tests\Unit\GammaMatrix\Playground\Matrix\Resource\Http\Requests\Backlog\CreateRequestTest" file="/app/tests/Unit/Http/Requests/Backlog/CreateRequestTest.php" tests="1" assertions="1" errors="0" failures="0" skipped="0" time="0.193893">
        <testcase name="test_request_instance" file="/app/vendor/gammamatrix/playground-test/src/Unit/Http/Requests/RequestCase.php" line="42" class="Tests\Unit\GammaMatrix\Playground\Matrix\Resource\Http\Requests\Backlog\CreateRequestTest" classname="Tests.Unit.GammaMatrix.Playground.Matrix.Resource.Http.Requests.Backlog.CreateRequestTest" assertions="1" time="0.193893"/>
      </testsuite>
      <testsuite name="Tests\Unit\GammaMatrix\Playground\Matrix\Resource\Policies\BacklogPolicy\PolicyTest" file="/app/tests/Unit/Policies/BacklogPolicy/PolicyTest.php" tests="1" assertions="1" errors="0" failures="0" skipped="0" time="0.007796">
        <testcase name="test_policy_instance" file="/app/tests/Unit/Policies/BacklogPolicy/PolicyTest.php" line="19" class="Tests\Unit\GammaMatrix\Playground\Matrix\Resource\Policies\BacklogPolicy\PolicyTest" classname="Tests.Unit.GammaMatrix.Playground.Matrix.Resource.Policies.BacklogPolicy.PolicyTest" assertions="1" time="0.007796"/>
      </testsuite>
      <testsuite name="Tests\Unit\GammaMatrix\Playground\Matrix\Resource\ServiceProviderTrait\TraitTest" file="/app/tests/Unit/ServiceProviderTrait/TraitTest.php" tests="4" assertions="4" errors="0" failures="0" skipped="0" time="0.017815">
        <testcase name="test_setPolicyNamespace_with_invalid_value" file="/app/tests/Unit/ServiceProviderTrait/TraitTest.php" line="44" class="Tests\Unit\GammaMatrix\Playground\Matrix\Resource\ServiceProviderTrait\TraitTest" classname="Tests.Unit.GammaMatrix.Playground.Matrix.Resource.ServiceProviderTrait.TraitTest" assertions="1" time="0.004423"/>
        <testcase name="test_setPolicyNamespace_with_app_namespace" file="/app/tests/Unit/ServiceProviderTrait/TraitTest.php" line="51" class="Tests\Unit\GammaMatrix\Playground\Matrix\Resource\ServiceProviderTrait\TraitTest" classname="Tests.Unit.GammaMatrix.Playground.Matrix.Resource.ServiceProviderTrait.TraitTest" assertions="1" time="0.004533"/>
        <testcase name="test_registerPolicies_getRegister_with_empty_policy_namespace" file="/app/tests/Unit/ServiceProviderTrait/TraitTest.php" line="62" class="Tests\Unit\GammaMatrix\Playground\Matrix\Resource\ServiceProviderTrait\TraitTest" classname="Tests.Unit.GammaMatrix.Playground.Matrix.Resource.ServiceProviderTrait.TraitTest" assertions="1" time="0.004431"/>
        <testcase name="test_registerPolicies_getRegister_with_app_policy_namespace" file="/app/tests/Unit/ServiceProviderTrait/TraitTest.php" line="73" class="Tests\Unit\GammaMatrix\Playground\Matrix\Resource\ServiceProviderTrait\TraitTest" classname="Tests.Unit.GammaMatrix.Playground.Matrix.Resource.ServiceProviderTrait.TraitTest" assertions="1" time="0.004429"/>
      </testsuite>
    </testsuite>
    <testsuite name="Feature" tests="630" assertions="5010" errors="0" failures="0" skipped="0" time="65.050367">
      <testsuite name="Tests\Feature\GammaMatrix\Playground\Matrix\Resource\Http\Controllers\BacklogRouteTest" file="/app/tests/Feature/Http/Controllers/BacklogRouteTest.php" tests="42" assertions="338" errors="0" failures="0" skipped="0" time="4.581066">
        <testcase name="test_guest_cannot_render_create_view" file="/app/vendor/gammamatrix/playground-test/src/Feature/Http/Controllers/Resource/CreateTrait.php" line="17" class="Tests\Feature\GammaMatrix\Playground\Matrix\Resource\Http\Controllers\BacklogRouteTest" classname="Tests.Feature.GammaMatrix.Playground.Matrix.Resource.Http.Controllers.BacklogRouteTest" assertions="2" time="0.157650"/>
        <testcase name="test_create_view_rendered_by_user_with_return_url" file="/app/vendor/gammamatrix/playground-test/src/Feature/Http/Controllers/Resource/CreateTrait.php" line="28" class="Tests\Feature\GammaMatrix\Playground\Matrix\Resource\Http\Controllers\BacklogRouteTest" classname="Tests.Feature.GammaMatrix.Playground.Matrix.Resource.Http.Controllers.BacklogRouteTest" assertions="3" time="0.230233"/>
        <testcase name="test_create_info_with_user_using_json" file="/app/vendor/gammamatrix/playground-test/src/Feature/Http/Controllers/Resource/CreateTrait.php" line="53" class="Tests\Feature\GammaMatrix\Playground\Matrix\Resource\Http\Controllers\BacklogRouteTest" classname="Tests.Feature.GammaMatrix.Playground.Matrix.Resource.Http.Controllers.BacklogRouteTest" assertions="4" time="0.094469"/>
        <testcase name="test_create_view_rendered_by_user_with_invalid_parameter" file="/app/vendor/gammamatrix/playground-test/src/Feature/Http/Controllers/Resource/CreateTrait.php" line="74" class="Tests\Feature\GammaMatrix\Playground\Matrix\Resource\Http\Controllers\BacklogRouteTest" classname="Tests.Feature.GammaMatrix.Playground.Matrix.Resource.Http.Controllers.BacklogRouteTest" assertions="5" time="0.090540"/>
        <testcase name="test_guest_cannot_render_edit_view" file="/app/vendor/gammamatrix/playground-test/src/Feature/Http/Controllers/Resource/EditTrait.php" line="17" class="Tests\Feature\GammaMatrix\Playground\Matrix\Resource\Http\Controllers\BacklogRouteTest" classname="Tests.Feature.GammaMatrix.Playground.Matrix.Resource.Http.Controllers.BacklogRouteTest" assertions="2" time="0.101131"/>
        <testcase name="test_edit_view_rendered_by_user_with_return_url" file="/app/vendor/gammamatrix/playground-test/src/Feature/Http/Controllers/Resource/EditTrait.php" line="34" class="Tests\Feature\GammaMatrix\Playground\Matrix\Resource\Http\Controllers\BacklogRouteTest" classname="Tests.Feature.GammaMatrix.Playground.Matrix.Resource.Http.Controllers.BacklogRouteTest" assertions="3" time="0.136590"/>
        <testcase name="test_edit_info_with_user_using_json" file="/app/vendor/gammamatrix/playground-test/src/Feature/Http/Controllers/Resource/EditTrait.php" line="64" class="Tests\Feature\GammaMatrix\Playground\Matrix\Resource\Http\Controllers\BacklogRouteTest" classname="Tests.Feature.GammaMatrix.Playground.Matrix.Resource.Http.Controllers.BacklogRouteTest" assertions="4" time="0.106700"/>
        <testcase name="test_edit_view_rendered_by_user_with_invalid_parameter" file="/app/vendor/gammamatrix/playground-test/src/Feature/Http/Controllers/Resource/EditTrait.php" line="91" class="Tests\Feature\GammaMatrix\Playground\Matrix\Resource\Http\Controllers\BacklogRouteTest" classname="Tests.Feature.GammaMatrix.Playground.Matrix.Resource.Http.Controllers.BacklogRouteTest" assertions="4" time="0.100980"/>
        <testcase name="test_guest_cannot_destroy" file="/app/vendor/gammamatrix/playground-test/src/Feature/Http/Controllers/Resource/DestroyTrait.php" line="17" class="Tests\Feature\GammaMatrix\Playground\Matrix\Resource\Http\Controllers\BacklogRouteTest" classname="Tests.Feature.GammaMatrix.Playground.Matrix.Resource.Http.Controllers.BacklogRouteTest" assertions="4" time="0.088485"/>
        <testcase name="test_destroy_as_standard_user_and_succeed" file="/app/vendor/gammamatrix/playground-test/src/Feature/Http/Controllers/Resource/DestroyTrait.php" line="59" class="Tests\Feature\GammaMatrix\Playground\Matrix\Resource\Http\Controllers\BacklogRouteTest" classname="Tests.Feature.GammaMatrix.Playground.Matrix.Resource.Http.Controllers.BacklogRouteTest" assertions="5" time="0.101094"/>
        <testcase name="test_destroy_as_standard_user_and_succeed_with_force_delete" file="/app/vendor/gammamatrix/playground-test/src/Feature/Http/Controllers/Resource/DestroyTrait.php" line="102" class="Tests\Feature\GammaMatrix\Playground\Matrix\Resource\Http\Controllers\BacklogRouteTest" classname="Tests.Feature.GammaMatrix.Playground.Matrix.Resource.Http.Controllers.BacklogRouteTest" assertions="4" time="0.098278"/>
        <testcase name="test_destroy_as_standard_user_using_json_and_succeed_with_no_content" file="/app/vendor/gammamatrix/playground-test/src/Feature/Http/Controllers/Resource/DestroyTrait.php" line="140" class="Tests\Feature\GammaMatrix\Playground\Matrix\Resource\Http\Controllers\BacklogRouteTest" classname="Tests.Feature.GammaMatrix.Playground.Matrix.Resource.Http.Controllers.BacklogRouteTest" assertions="5" time="0.092552"/>
        <testcase name="test_destroy_as_standard_user_and_succeed_with_redirect_to_index_with_trash" file="/app/vendor/gammamatrix/playground-test/src/Feature/Http/Controllers/Resource/DestroyTrait.php" line="183" class="Tests\Feature\GammaMatrix\Playground\Matrix\Resource\Http\Controllers\BacklogRouteTest" classname="Tests.Feature.GammaMatrix.Playground.Matrix.Resource.Http.Controllers.BacklogRouteTest" assertions="5" time="0.092565"/>
        <testcase name="test_destroy_with_user_role_and_get_denied_and_no_force_delete_allowed" file="/app/vendor/gammamatrix/playground-test/src/Feature/Http/Controllers/Resource/DestroyTrait.php" line="239" class="Tests\Feature\GammaMatrix\Playground\Matrix\Resource\Http\Controllers\BacklogRouteTest" classname="Tests.Feature.GammaMatrix.Playground.Matrix.Resource.Http.Controllers.BacklogRouteTest" assertions="3" time="0.094286"/>
        <testcase name="test_destroy_with_admin_role_and_succeed" file="/app/vendor/gammamatrix/playground-test/src/Feature/Http/Controllers/Resource/DestroyTrait.php" line="286" class="Tests\Feature\GammaMatrix\Playground\Matrix\Resource\Http\Controllers\BacklogRouteTest" classname="Tests.Feature.GammaMatrix.Playground.Matrix.Resource.Http.Controllers.BacklogRouteTest" assertions="5" time="0.095372"/>
        <testcase name="test_destroy_with_admin_role_and_succeed_with_force_delete" file="/app/vendor/gammamatrix/playground-test/src/Feature/Http/Controllers/Resource/DestroyTrait.php" line="339" class="Tests\Feature\GammaMatrix\Playground\Matrix\Resource\Http\Controllers\BacklogRouteTest" classname="Tests.Feature.GammaMatrix.Playground.Matrix.Resource.Http.Controllers.BacklogRouteTest" assertions="4" time="0.092402"/>
        <testcase name="test_guest_cannot_render_index_view" file="/app/vendor/gammamatrix/playground-test/src/Feature/Http/Controllers/Resource/IndexTrait.php" line="18" class="Tests\Feature\GammaMatrix\Playground\Matrix\Resource\Http\Controllers\BacklogRouteTest" classname="Tests.Feature.GammaMatrix.Playground.Matrix.Resource.Http.Controllers.BacklogRouteTest" assertions="2" time="0.084215"/>
        <testcase name="test_index_view_rendered_by_user" file="/app/vendor/gammamatrix/playground-test/src/Feature/Http/Controllers/Resource/IndexTrait.php" line="32" class="Tests\Feature\GammaMatrix\Playground\Matrix\Resource\Http\Controllers\BacklogRouteTest" classname="Tests.Feature.GammaMatrix.Playground.Matrix.Resource.Http.Controllers.BacklogRouteTest" assertions="2" time="0.322372"/>
        <testcase name="test_index_info_with_user_using_json" file="/app/vendor/gammamatrix/playground-test/src/Feature/Http/Controllers/Resource/IndexTrait.php" line="51" class="Tests\Feature\GammaMatrix\Playground\Matrix\Resource\Http\Controllers\BacklogRouteTest" classname="Tests.Feature.GammaMatrix.Playground.Matrix.Resource.Http.Controllers.BacklogRouteTest" assertions="4" time="0.113862"/>
        <testcase name="test_guest_cannot_lock" file="/app/vendor/gammamatrix/playground-test/src/Feature/Http/Controllers/Resource/LockTrait.php" line="17" class="Tests\Feature\GammaMatrix\Playground\Matrix\Resource\Http\Controllers\BacklogRouteTest" classname="Tests.Feature.GammaMatrix.Playground.Matrix.Resource.Http.Controllers.BacklogRouteTest" assertions="4" time="0.084912"/>
        <testcase name="test_lock_as_standard_user_and_succeed" file="/app/vendor/gammamatrix/playground-test/src/Feature/Http/Controllers/Resource/LockTrait.php" line="59" class="Tests\Feature\GammaMatrix\Playground\Matrix\Resource\Http\Controllers\BacklogRouteTest" classname="Tests.Feature.GammaMatrix.Playground.Matrix.Resource.Http.Controllers.BacklogRouteTest" assertions="4" time="0.097515"/>
        <testcase name="test_lock_as_standard_user_using_json_and_succeed" file="/app/vendor/gammamatrix/playground-test/src/Feature/Http/Controllers/Resource/LockTrait.php" line="100" class="Tests\Feature\GammaMatrix\Playground\Matrix\Resource\Http\Controllers\BacklogRouteTest" classname="Tests.Feature.GammaMatrix.Playground.Matrix.Resource.Http.Controllers.BacklogRouteTest" assertions="3" time="0.099799"/>
        <testcase name="test_lock_as_standard_user_and_succeed_with_redirect_to_index_with_sorted_by_locked_desc" file="/app/vendor/gammamatrix/playground-test/src/Feature/Http/Controllers/Resource/LockTrait.php" line="139" class="Tests\Feature\GammaMatrix\Playground\Matrix\Resource\Http\Controllers\BacklogRouteTest" classname="Tests.Feature.GammaMatrix.Playground.Matrix.Resource.Http.Controllers.BacklogRouteTest" assertions="4" time="0.095456"/>
        <testcase name="test_lock_with_user_role_and_get_denied" file="/app/vendor/gammamatrix/playground-test/src/Feature/Http/Controllers/Resource/LockTrait.php" line="189" class="Tests\Feature\GammaMatrix\Playground\Matrix\Resource\Http\Controllers\BacklogRouteTest" classname="Tests.Feature.GammaMatrix.Playground.Matrix.Resource.Http.Controllers.BacklogRouteTest" assertions="3" time="0.096970"/>
        <testcase name="test_lock_with_admin_role_and_succeed" file="/app/vendor/gammamatrix/playground-test/src/Feature/Http/Controllers/Resource/LockTrait.php" line="235" class="Tests\Feature\GammaMatrix\Playground\Matrix\Resource\Http\Controllers\BacklogRouteTest" classname="Tests.Feature.GammaMatrix.Playground.Matrix.Resource.Http.Controllers.BacklogRouteTest" assertions="4" time="0.099693"/>
        <testcase name="test_lock_with_admin_role_and_succeed_with_json" file="/app/vendor/gammamatrix/playground-test/src/Feature/Http/Controllers/Resource/LockTrait.php" line="286" class="Tests\Feature\GammaMatrix\Playground\Matrix\Resource\Http\Controllers\BacklogRouteTest" classname="Tests.Feature.GammaMatrix.Playground.Matrix.Resource.Http.Controllers.BacklogRouteTest" assertions="97" time="0.112662"/>
        <testcase name="test_guest_cannot_restore" file="/app/vendor/gammamatrix/playground-test/src/Feature/Http/Controllers/Resource/RestoreTrait.php" line="18" class="Tests\Feature\GammaMatrix\Playground\Matrix\Resource\Http\Controllers\BacklogRouteTest" classname="Tests.Feature.GammaMatrix.Playground.Matrix.Resource.Http.Controllers.BacklogRouteTest" assertions="4" time="0.086131"/>
        <testcase name="test_restore_as_standard_user_and_succeed" file="/app/vendor/gammamatrix/playground-test/src/Feature/Http/Controllers/Resource/RestoreTrait.php" line="62" class="Tests\Feature\GammaMatrix\Playground\Matrix\Resource\Http\Controllers\BacklogRouteTest" classname="Tests.Feature.GammaMatrix.Playground.Matrix.Resource.Http.Controllers.BacklogRouteTest" assertions="4" time="0.104991"/>
        <testcase name="test_restore_as_standard_user_using_json_and_succeed" file="/app/vendor/gammamatrix/playground-test/src/Feature/Http/Controllers/Resource/RestoreTrait.php" line="104" class="Tests\Feature\GammaMatrix\Playground\Matrix\Resource\Http\Controllers\BacklogRouteTest" classname="Tests.Feature.GammaMatrix.Playground.Matrix.Resource.Http.Controllers.BacklogRouteTest" assertions="3" time="0.099102"/>
        <testcase name="test_restore_as_standard_user_and_succeed_with_redirect_to_index_with_only_trash" file="/app/vendor/gammamatrix/playground-test/src/Feature/Http/Controllers/Resource/RestoreTrait.php" line="144" class="Tests\Feature\GammaMatrix\Playground\Matrix\Resource\Http\Controllers\BacklogRouteTest" classname="Tests.Feature.GammaMatrix.Playground.Matrix.Resource.Http.Controllers.BacklogRouteTest" assertions="4" time="0.102521"/>
        <testcase name="test_restore_with_user_role_and_get_denied" file="/app/vendor/gammamatrix/playground-test/src/Feature/Http/Controllers/Resource/RestoreTrait.php" line="197" class="Tests\Feature\GammaMatrix\Playground\Matrix\Resource\Http\Controllers\BacklogRouteTest" classname="Tests.Feature.GammaMatrix.Playground.Matrix.Resource.Http.Controllers.BacklogRouteTest" assertions="3" time="0.092890"/>
        <testcase name="test_restore_with_admin_role_and_succeed" file="/app/vendor/gammamatrix/playground-test/src/Feature/Http/Controllers/Resource/RestoreTrait.php" line="244" class="Tests\Feature\GammaMatrix\Playground\Matrix\Resource\Http\Controllers\BacklogRouteTest" classname="Tests.Feature.GammaMatrix.Playground.Matrix.Resource.Http.Controllers.BacklogRouteTest" assertions="4" time="0.101090"/>
        <testcase name="test_guest_cannot_render_show_view" file="/app/vendor/gammamatrix/playground-test/src/Feature/Http/Controllers/Resource/ShowTrait.php" line="18" class="Tests\Feature\GammaMatrix\Playground\Matrix\Resource\Http\Controllers\BacklogRouteTest" classname="Tests.Feature.GammaMatrix.Playground.Matrix.Resource.Http.Controllers.BacklogRouteTest" assertions="2" time="0.085613"/>
        <testcase name="test_show_view_rendered_by_user" file="/app/vendor/gammamatrix/playground-test/src/Feature/Http/Controllers/Resource/ShowTrait.php" line="35" class="Tests\Feature\GammaMatrix\Playground\Matrix\Resource\Http\Controllers\BacklogRouteTest" classname="Tests.Feature.GammaMatrix.Playground.Matrix.Resource.Http.Controllers.BacklogRouteTest" assertions="2" time="0.115655"/>
        <testcase name="test_show_info_with_user_using_json" file="/app/vendor/gammamatrix/playground-test/src/Feature/Http/Controllers/Resource/ShowTrait.php" line="59" class="Tests\Feature\GammaMatrix\Playground\Matrix\Resource\Http\Controllers\BacklogRouteTest" classname="Tests.Feature.GammaMatrix.Playground.Matrix.Resource.Http.Controllers.BacklogRouteTest" assertions="4" time="0.098482"/>
        <testcase name="test_guest_cannot_unlock" file="/app/vendor/gammamatrix/playground-test/src/Feature/Http/Controllers/Resource/UnlockTrait.php" line="17" class="Tests\Feature\GammaMatrix\Playground\Matrix\Resource\Http\Controllers\BacklogRouteTest" classname="Tests.Feature.GammaMatrix.Playground.Matrix.Resource.Http.Controllers.BacklogRouteTest" assertions="4" time="0.090078"/>
        <testcase name="test_unlock_as_standard_user_and_succeed" file="/app/vendor/gammamatrix/playground-test/src/Feature/Http/Controllers/Resource/UnlockTrait.php" line="61" class="Tests\Feature\GammaMatrix\Playground\Matrix\Resource\Http\Controllers\BacklogRouteTest" classname="Tests.Feature.GammaMatrix.Playground.Matrix.Resource.Http.Controllers.BacklogRouteTest" assertions="4" time="0.099845"/>
        <testcase name="test_unlock_as_standard_user_using_json_and_succeed" file="/app/vendor/gammamatrix/playground-test/src/Feature/Http/Controllers/Resource/UnlockTrait.php" line="103" class="Tests\Feature\GammaMatrix\Playground\Matrix\Resource\Http\Controllers\BacklogRouteTest" classname="Tests.Feature.GammaMatrix.Playground.Matrix.Resource.Http.Controllers.BacklogRouteTest" assertions="3" time="0.104446"/>
        <testcase name="test_unlock_as_standard_user_and_succeed_with_redirect_to_index_with_sorted_by_unlocked_desc" file="/app/vendor/gammamatrix/playground-test/src/Feature/Http/Controllers/Resource/UnlockTrait.php" line="143" class="Tests\Feature\GammaMatrix\Playground\Matrix\Resource\Http\Controllers\BacklogRouteTest" classname="Tests.Feature.GammaMatrix.Playground.Matrix.Resource.Http.Controllers.BacklogRouteTest" assertions="4" time="0.103952"/>
        <testcase name="test_unlock_with_user_role_and_get_denied" file="/app/vendor/gammamatrix/playground-test/src/Feature/Http/Controllers/Resource/UnlockTrait.php" line="194" class="Tests\Feature\GammaMatrix\Playground\Matrix\Resource\Http\Controllers\BacklogRouteTest" classname="Tests.Feature.GammaMatrix.Playground.Matrix.Resource.Http.Controllers.BacklogRouteTest" assertions="3" time="0.097217"/>
        <testcase name="test_unlock_with_admin_role_and_succeed" file="/app/vendor/gammamatrix/playground-test/src/Feature/Http/Controllers/Resource/UnlockTrait.php" line="241" class="Tests\Feature\GammaMatrix\Playground\Matrix\Resource\Http\Controllers\BacklogRouteTest" classname="Tests.Feature.GammaMatrix.Playground.Matrix.Resource.Http.Controllers.BacklogRouteTest" assertions="4" time="0.100907"/>
        <testcase name="test_unlock_with_admin_role_and_succeed_with_json" file="/app/vendor/gammamatrix/playground-test/src/Feature/Http/Controllers/Resource/UnlockTrait.php" line="293" class="Tests\Feature\GammaMatrix\Playground\Matrix\Resource\Http\Controllers\BacklogRouteTest" classname="Tests.Feature.GammaMatrix.Playground.Matrix.Resource.Http.Controllers.BacklogRouteTest" assertions="97" time="0.117364"/>
      </testsuite>
      <testsuite name="Tests\Feature\GammaMatrix\Playground\Matrix\Resource\Http\Controllers\BoardRouteTest" file="/app/tests/Feature/Http/Controllers/BoardRouteTest.php" tests="42" assertions="338" errors="0" failures="0" skipped="0" time="4.136525">
        <testcase name="test_guest_cannot_render_create_view" file="/app/vendor/gammamatrix/playground-test/src/Feature/Http/Controllers/Resource/CreateTrait.php" line="17" class="Tests\Feature\GammaMatrix\Playground\Matrix\Resource\Http\Controllers\BoardRouteTest" classname="Tests.Feature.GammaMatrix.Playground.Matrix.Resource.Http.Controllers.BoardRouteTest" assertions="2" time="0.127648"/>
        <testcase name="test_create_view_rendered_by_user_with_return_url" file="/app/vendor/gammamatrix/playground-test/src/Feature/Http/Controllers/Resource/CreateTrait.php" line="28" class="Tests\Feature\GammaMatrix\Playground\Matrix\Resource\Http\Controllers\BoardRouteTest" classname="Tests.Feature.GammaMatrix.Playground.Matrix.Resource.Http.Controllers.BoardRouteTest" assertions="3" time="0.153135"/>
        <testcase name="test_create_info_with_user_using_json" file="/app/vendor/gammamatrix/playground-test/src/Feature/Http/Controllers/Resource/CreateTrait.php" line="53" class="Tests\Feature\GammaMatrix\Playground\Matrix\Resource\Http\Controllers\BoardRouteTest" classname="Tests.Feature.GammaMatrix.Playground.Matrix.Resource.Http.Controllers.BoardRouteTest" assertions="4" time="0.089186"/>
        <testcase name="test_create_view_rendered_by_user_with_invalid_parameter" file="/app/vendor/gammamatrix/playground-test/src/Feature/Http/Controllers/Resource/CreateTrait.php" line="74" class="Tests\Feature\GammaMatrix\Playground\Matrix\Resource\Http\Controllers\BoardRouteTest" classname="Tests.Feature.GammaMatrix.Playground.Matrix.Resource.Http.Controllers.BoardRouteTest" assertions="5" time="0.088831"/>
        <testcase name="test_guest_cannot_render_edit_view" file="/app/vendor/gammamatrix/playground-test/src/Feature/Http/Controllers/Resource/EditTrait.php" line="17" class="Tests\Feature\GammaMatrix\Playground\Matrix\Resource\Http\Controllers\BoardRouteTest" classname="Tests.Feature.GammaMatrix.Playground.Matrix.Resource.Http.Controllers.BoardRouteTest" assertions="2" time="0.087883"/>
        <testcase name="test_edit_view_rendered_by_user_with_return_url" file="/app/vendor/gammamatrix/playground-test/src/Feature/Http/Controllers/Resource/EditTrait.php" line="34" class="Tests\Feature\GammaMatrix\Playground\Matrix\Resource\Http\Controllers\BoardRouteTest" classname="Tests.Feature.GammaMatrix.Playground.Matrix.Resource.Http.Controllers.BoardRouteTest" assertions="3" time="0.134335"/>
        <testcase name="test_edit_info_with_user_using_json" file="/app/vendor/gammamatrix/playground-test/src/Feature/Http/Controllers/Resource/EditTrait.php" line="64" class="Tests\Feature\GammaMatrix\Playground\Matrix\Resource\Http\Controllers\BoardRouteTest" classname="Tests.Feature.GammaMatrix.Playground.Matrix.Resource.Http.Controllers.BoardRouteTest" assertions="4" time="0.098986"/>
        <testcase name="test_edit_view_rendered_by_user_with_invalid_parameter" file="/app/vendor/gammamatrix/playground-test/src/Feature/Http/Controllers/Resource/EditTrait.php" line="91" class="Tests\Feature\GammaMatrix\Playground\Matrix\Resource\Http\Controllers\BoardRouteTest" classname="Tests.Feature.GammaMatrix.Playground.Matrix.Resource.Http.Controllers.BoardRouteTest" assertions="4" time="0.098082"/>
        <testcase name="test_guest_cannot_destroy" file="/app/vendor/gammamatrix/playground-test/src/Feature/Http/Controllers/Resource/DestroyTrait.php" line="17" class="Tests\Feature\GammaMatrix\Playground\Matrix\Resource\Http\Controllers\BoardRouteTest" classname="Tests.Feature.GammaMatrix.Playground.Matrix.Resource.Http.Controllers.BoardRouteTest" assertions="4" time="0.088609"/>
        <testcase name="test_destroy_as_standard_user_and_succeed" file="/app/vendor/gammamatrix/playground-test/src/Feature/Http/Controllers/Resource/DestroyTrait.php" line="59" class="Tests\Feature\GammaMatrix\Playground\Matrix\Resource\Http\Controllers\BoardRouteTest" classname="Tests.Feature.GammaMatrix.Playground.Matrix.Resource.Http.Controllers.BoardRouteTest" assertions="5" time="0.094569"/>
        <testcase name="test_destroy_as_standard_user_and_succeed_with_force_delete" file="/app/vendor/gammamatrix/playground-test/src/Feature/Http/Controllers/Resource/DestroyTrait.php" line="102" class="Tests\Feature\GammaMatrix\Playground\Matrix\Resource\Http\Controllers\BoardRouteTest" classname="Tests.Feature.GammaMatrix.Playground.Matrix.Resource.Http.Controllers.BoardRouteTest" assertions="4" time="0.090045"/>
        <testcase name="test_destroy_as_standard_user_using_json_and_succeed_with_no_content" file="/app/vendor/gammamatrix/playground-test/src/Feature/Http/Controllers/Resource/DestroyTrait.php" line="140" class="Tests\Feature\GammaMatrix\Playground\Matrix\Resource\Http\Controllers\BoardRouteTest" classname="Tests.Feature.GammaMatrix.Playground.Matrix.Resource.Http.Controllers.BoardRouteTest" assertions="5" time="0.094465"/>
        <testcase name="test_destroy_as_standard_user_and_succeed_with_redirect_to_index_with_trash" file="/app/vendor/gammamatrix/playground-test/src/Feature/Http/Controllers/Resource/DestroyTrait.php" line="183" class="Tests\Feature\GammaMatrix\Playground\Matrix\Resource\Http\Controllers\BoardRouteTest" classname="Tests.Feature.GammaMatrix.Playground.Matrix.Resource.Http.Controllers.BoardRouteTest" assertions="5" time="0.090823"/>
        <testcase name="test_destroy_with_user_role_and_get_denied_and_no_force_delete_allowed" file="/app/vendor/gammamatrix/playground-test/src/Feature/Http/Controllers/Resource/DestroyTrait.php" line="239" class="Tests\Feature\GammaMatrix\Playground\Matrix\Resource\Http\Controllers\BoardRouteTest" classname="Tests.Feature.GammaMatrix.Playground.Matrix.Resource.Http.Controllers.BoardRouteTest" assertions="3" time="0.089013"/>
        <testcase name="test_destroy_with_admin_role_and_succeed" file="/app/vendor/gammamatrix/playground-test/src/Feature/Http/Controllers/Resource/DestroyTrait.php" line="286" class="Tests\Feature\GammaMatrix\Playground\Matrix\Resource\Http\Controllers\BoardRouteTest" classname="Tests.Feature.GammaMatrix.Playground.Matrix.Resource.Http.Controllers.BoardRouteTest" assertions="5" time="0.090854"/>
        <testcase name="test_destroy_with_admin_role_and_succeed_with_force_delete" file="/app/vendor/gammamatrix/playground-test/src/Feature/Http/Controllers/Resource/DestroyTrait.php" line="339" class="Tests\Feature\GammaMatrix\Playground\Matrix\Resource\Http\Controllers\BoardRouteTest" classname="Tests.Feature.GammaMatrix.Playground.Matrix.Resource.Http.Controllers.BoardRouteTest" assertions="4" time="0.092790"/>
        <testcase name="test_guest_cannot_render_index_view" file="/app/vendor/gammamatrix/playground-test/src/Feature/Http/Controllers/Resource/IndexTrait.php" line="18" class="Tests\Feature\GammaMatrix\Playground\Matrix\Resource\Http\Controllers\BoardRouteTest" classname="Tests.Feature.GammaMatrix.Playground.Matrix.Resource.Http.Controllers.BoardRouteTest" assertions="2" time="0.082466"/>
        <testcase name="test_index_view_rendered_by_user" file="/app/vendor/gammamatrix/playground-test/src/Feature/Http/Controllers/Resource/IndexTrait.php" line="32" class="Tests\Feature\GammaMatrix\Playground\Matrix\Resource\Http\Controllers\BoardRouteTest" classname="Tests.Feature.GammaMatrix.Playground.Matrix.Resource.Http.Controllers.BoardRouteTest" assertions="2" time="0.154354"/>
        <testcase name="test_index_info_with_user_using_json" file="/app/vendor/gammamatrix/playground-test/src/Feature/Http/Controllers/Resource/IndexTrait.php" line="51" class="Tests\Feature\GammaMatrix\Playground\Matrix\Resource\Http\Controllers\BoardRouteTest" classname="Tests.Feature.GammaMatrix.Playground.Matrix.Resource.Http.Controllers.BoardRouteTest" assertions="4" time="0.114076"/>
        <testcase name="test_guest_cannot_lock" file="/app/vendor/gammamatrix/playground-test/src/Feature/Http/Controllers/Resource/LockTrait.php" line="17" class="Tests\Feature\GammaMatrix\Playground\Matrix\Resource\Http\Controllers\BoardRouteTest" classname="Tests.Feature.GammaMatrix.Playground.Matrix.Resource.Http.Controllers.BoardRouteTest" assertions="4" time="0.082104"/>
        <testcase name="test_lock_as_standard_user_and_succeed" file="/app/vendor/gammamatrix/playground-test/src/Feature/Http/Controllers/Resource/LockTrait.php" line="59" class="Tests\Feature\GammaMatrix\Playground\Matrix\Resource\Http\Controllers\BoardRouteTest" classname="Tests.Feature.GammaMatrix.Playground.Matrix.Resource.Http.Controllers.BoardRouteTest" assertions="4" time="0.099945"/>
        <testcase name="test_lock_as_standard_user_using_json_and_succeed" file="/app/vendor/gammamatrix/playground-test/src/Feature/Http/Controllers/Resource/LockTrait.php" line="100" class="Tests\Feature\GammaMatrix\Playground\Matrix\Resource\Http\Controllers\BoardRouteTest" classname="Tests.Feature.GammaMatrix.Playground.Matrix.Resource.Http.Controllers.BoardRouteTest" assertions="3" time="0.096622"/>
        <testcase name="test_lock_as_standard_user_and_succeed_with_redirect_to_index_with_sorted_by_locked_desc" file="/app/vendor/gammamatrix/playground-test/src/Feature/Http/Controllers/Resource/LockTrait.php" line="139" class="Tests\Feature\GammaMatrix\Playground\Matrix\Resource\Http\Controllers\BoardRouteTest" classname="Tests.Feature.GammaMatrix.Playground.Matrix.Resource.Http.Controllers.BoardRouteTest" assertions="4" time="0.096164"/>
        <testcase name="test_lock_with_user_role_and_get_denied" file="/app/vendor/gammamatrix/playground-test/src/Feature/Http/Controllers/Resource/LockTrait.php" line="189" class="Tests\Feature\GammaMatrix\Playground\Matrix\Resource\Http\Controllers\BoardRouteTest" classname="Tests.Feature.GammaMatrix.Playground.Matrix.Resource.Http.Controllers.BoardRouteTest" assertions="3" time="0.089255"/>
        <testcase name="test_lock_with_admin_role_and_succeed" file="/app/vendor/gammamatrix/playground-test/src/Feature/Http/Controllers/Resource/LockTrait.php" line="235" class="Tests\Feature\GammaMatrix\Playground\Matrix\Resource\Http\Controllers\BoardRouteTest" classname="Tests.Feature.GammaMatrix.Playground.Matrix.Resource.Http.Controllers.BoardRouteTest" assertions="4" time="0.091638"/>
        <testcase name="test_lock_with_admin_role_and_succeed_with_json" file="/app/vendor/gammamatrix/playground-test/src/Feature/Http/Controllers/Resource/LockTrait.php" line="286" class="Tests\Feature\GammaMatrix\Playground\Matrix\Resource\Http\Controllers\BoardRouteTest" classname="Tests.Feature.GammaMatrix.Playground.Matrix.Resource.Http.Controllers.BoardRouteTest" assertions="97" time="0.109781"/>
        <testcase name="test_guest_cannot_restore" file="/app/vendor/gammamatrix/playground-test/src/Feature/Http/Controllers/Resource/RestoreTrait.php" line="18" class="Tests\Feature\GammaMatrix\Playground\Matrix\Resource\Http\Controllers\BoardRouteTest" classname="Tests.Feature.GammaMatrix.Playground.Matrix.Resource.Http.Controllers.BoardRouteTest" assertions="4" time="0.084699"/>
        <testcase name="test_restore_as_standard_user_and_succeed" file="/app/vendor/gammamatrix/playground-test/src/Feature/Http/Controllers/Resource/RestoreTrait.php" line="62" class="Tests\Feature\GammaMatrix\Playground\Matrix\Resource\Http\Controllers\BoardRouteTest" classname="Tests.Feature.GammaMatrix.Playground.Matrix.Resource.Http.Controllers.BoardRouteTest" assertions="4" time="0.095486"/>
        <testcase name="test_restore_as_standard_user_using_json_and_succeed" file="/app/vendor/gammamatrix/playground-test/src/Feature/Http/Controllers/Resource/RestoreTrait.php" line="104" class="Tests\Feature\GammaMatrix\Playground\Matrix\Resource\Http\Controllers\BoardRouteTest" classname="Tests.Feature.GammaMatrix.Playground.Matrix.Resource.Http.Controllers.BoardRouteTest" assertions="3" time="0.095240"/>
        <testcase name="test_restore_as_standard_user_and_succeed_with_redirect_to_index_with_only_trash" file="/app/vendor/gammamatrix/playground-test/src/Feature/Http/Controllers/Resource/RestoreTrait.php" line="144" class="Tests\Feature\GammaMatrix\Playground\Matrix\Resource\Http\Controllers\BoardRouteTest" classname="Tests.Feature.GammaMatrix.Playground.Matrix.Resource.Http.Controllers.BoardRouteTest" assertions="4" time="0.092049"/>
        <testcase name="test_restore_with_user_role_and_get_denied" file="/app/vendor/gammamatrix/playground-test/src/Feature/Http/Controllers/Resource/RestoreTrait.php" line="197" class="Tests\Feature\GammaMatrix\Playground\Matrix\Resource\Http\Controllers\BoardRouteTest" classname="Tests.Feature.GammaMatrix.Playground.Matrix.Resource.Http.Controllers.BoardRouteTest" assertions="3" time="0.097709"/>
        <testcase name="test_restore_with_admin_role_and_succeed" file="/app/vendor/gammamatrix/playground-test/src/Feature/Http/Controllers/Resource/RestoreTrait.php" line="244" class="Tests\Feature\GammaMatrix\Playground\Matrix\Resource\Http\Controllers\BoardRouteTest" classname="Tests.Feature.GammaMatrix.Playground.Matrix.Resource.Http.Controllers.BoardRouteTest" assertions="4" time="0.092122"/>
        <testcase name="test_guest_cannot_render_show_view" file="/app/vendor/gammamatrix/playground-test/src/Feature/Http/Controllers/Resource/ShowTrait.php" line="18" class="Tests\Feature\GammaMatrix\Playground\Matrix\Resource\Http\Controllers\BoardRouteTest" classname="Tests.Feature.GammaMatrix.Playground.Matrix.Resource.Http.Controllers.BoardRouteTest" assertions="2" time="0.081412"/>
        <testcase name="test_show_view_rendered_by_user" file="/app/vendor/gammamatrix/playground-test/src/Feature/Http/Controllers/Resource/ShowTrait.php" line="35" class="Tests\Feature\GammaMatrix\Playground\Matrix\Resource\Http\Controllers\BoardRouteTest" classname="Tests.Feature.GammaMatrix.Playground.Matrix.Resource.Http.Controllers.BoardRouteTest" assertions="2" time="0.097528"/>
        <testcase name="test_show_info_with_user_using_json" file="/app/vendor/gammamatrix/playground-test/src/Feature/Http/Controllers/Resource/ShowTrait.php" line="59" class="Tests\Feature\GammaMatrix\Playground\Matrix\Resource\Http\Controllers\BoardRouteTest" classname="Tests.Feature.GammaMatrix.Playground.Matrix.Resource.Http.Controllers.BoardRouteTest" assertions="4" time="0.095855"/>
        <testcase name="test_guest_cannot_unlock" file="/app/vendor/gammamatrix/playground-test/src/Feature/Http/Controllers/Resource/UnlockTrait.php" line="17" class="Tests\Feature\GammaMatrix\Playground\Matrix\Resource\Http\Controllers\BoardRouteTest" classname="Tests.Feature.GammaMatrix.Playground.Matrix.Resource.Http.Controllers.BoardRouteTest" assertions="4" time="0.082699"/>
        <testcase name="test_unlock_as_standard_user_and_succeed" file="/app/vendor/gammamatrix/playground-test/src/Feature/Http/Controllers/Resource/UnlockTrait.php" line="61" class="Tests\Feature\GammaMatrix\Playground\Matrix\Resource\Http\Controllers\BoardRouteTest" classname="Tests.Feature.GammaMatrix.Playground.Matrix.Resource.Http.Controllers.BoardRouteTest" assertions="4" time="0.095589"/>
        <testcase name="test_unlock_as_standard_user_using_json_and_succeed" file="/app/vendor/gammamatrix/playground-test/src/Feature/Http/Controllers/Resource/UnlockTrait.php" line="103" class="Tests\Feature\GammaMatrix\Playground\Matrix\Resource\Http\Controllers\BoardRouteTest" classname="Tests.Feature.GammaMatrix.Playground.Matrix.Resource.Http.Controllers.BoardRouteTest" assertions="3" time="0.095979"/>
        <testcase name="test_unlock_as_standard_user_and_succeed_with_redirect_to_index_with_sorted_by_unlocked_desc" file="/app/vendor/gammamatrix/playground-test/src/Feature/Http/Controllers/Resource/UnlockTrait.php" line="143" class="Tests\Feature\GammaMatrix\Playground\Matrix\Resource\Http\Controllers\BoardRouteTest" classname="Tests.Feature.GammaMatrix.Playground.Matrix.Resource.Http.Controllers.BoardRouteTest" assertions="4" time="0.095382"/>
        <testcase name="test_unlock_with_user_role_and_get_denied" file="/app/vendor/gammamatrix/playground-test/src/Feature/Http/Controllers/Resource/UnlockTrait.php" line="194" class="Tests\Feature\GammaMatrix\Playground\Matrix\Resource\Http\Controllers\BoardRouteTest" classname="Tests.Feature.GammaMatrix.Playground.Matrix.Resource.Http.Controllers.BoardRouteTest" assertions="3" time="0.096786"/>
        <testcase name="test_unlock_with_admin_role_and_succeed" file="/app/vendor/gammamatrix/playground-test/src/Feature/Http/Controllers/Resource/UnlockTrait.php" line="241" class="Tests\Feature\GammaMatrix\Playground\Matrix\Resource\Http\Controllers\BoardRouteTest" classname="Tests.Feature.GammaMatrix.Playground.Matrix.Resource.Http.Controllers.BoardRouteTest" assertions="4" time="0.094027"/>
        <testcase name="test_unlock_with_admin_role_and_succeed_with_json" file="/app/vendor/gammamatrix/playground-test/src/Feature/Http/Controllers/Resource/UnlockTrait.php" line="293" class="Tests\Feature\GammaMatrix\Playground\Matrix\Resource\Http\Controllers\BoardRouteTest" classname="Tests.Feature.GammaMatrix.Playground.Matrix.Resource.Http.Controllers.BoardRouteTest" assertions="97" time="0.118303"/>
      </testsuite>
      <testsuite name="Tests\Feature\GammaMatrix\Playground\Matrix\Resource\Http\Controllers\EpicRouteTest" file="/app/tests/Feature/Http/Controllers/EpicRouteTest.php" tests="42" assertions="338" errors="0" failures="0" skipped="0" time="4.133304">
        <testcase name="test_guest_cannot_render_create_view" file="/app/vendor/gammamatrix/playground-test/src/Feature/Http/Controllers/Resource/CreateTrait.php" line="17" class="Tests\Feature\GammaMatrix\Playground\Matrix\Resource\Http\Controllers\EpicRouteTest" classname="Tests.Feature.GammaMatrix.Playground.Matrix.Resource.Http.Controllers.EpicRouteTest" assertions="2" time="0.131914"/>
        <testcase name="test_create_view_rendered_by_user_with_return_url" file="/app/vendor/gammamatrix/playground-test/src/Feature/Http/Controllers/Resource/CreateTrait.php" line="28" class="Tests\Feature\GammaMatrix\Playground\Matrix\Resource\Http\Controllers\EpicRouteTest" classname="Tests.Feature.GammaMatrix.Playground.Matrix.Resource.Http.Controllers.EpicRouteTest" assertions="3" time="0.145261"/>
        <testcase name="test_create_info_with_user_using_json" file="/app/vendor/gammamatrix/playground-test/src/Feature/Http/Controllers/Resource/CreateTrait.php" line="53" class="Tests\Feature\GammaMatrix\Playground\Matrix\Resource\Http\Controllers\EpicRouteTest" classname="Tests.Feature.GammaMatrix.Playground.Matrix.Resource.Http.Controllers.EpicRouteTest" assertions="4" time="0.089993"/>
        <testcase name="test_create_view_rendered_by_user_with_invalid_parameter" file="/app/vendor/gammamatrix/playground-test/src/Feature/Http/Controllers/Resource/CreateTrait.php" line="74" class="Tests\Feature\GammaMatrix\Playground\Matrix\Resource\Http\Controllers\EpicRouteTest" classname="Tests.Feature.GammaMatrix.Playground.Matrix.Resource.Http.Controllers.EpicRouteTest" assertions="5" time="0.087818"/>
        <testcase name="test_guest_cannot_render_edit_view" file="/app/vendor/gammamatrix/playground-test/src/Feature/Http/Controllers/Resource/EditTrait.php" line="17" class="Tests\Feature\GammaMatrix\Playground\Matrix\Resource\Http\Controllers\EpicRouteTest" classname="Tests.Feature.GammaMatrix.Playground.Matrix.Resource.Http.Controllers.EpicRouteTest" assertions="2" time="0.083964"/>
        <testcase name="test_edit_view_rendered_by_user_with_return_url" file="/app/vendor/gammamatrix/playground-test/src/Feature/Http/Controllers/Resource/EditTrait.php" line="34" class="Tests\Feature\GammaMatrix\Playground\Matrix\Resource\Http\Controllers\EpicRouteTest" classname="Tests.Feature.GammaMatrix.Playground.Matrix.Resource.Http.Controllers.EpicRouteTest" assertions="3" time="0.129467"/>
        <testcase name="test_edit_info_with_user_using_json" file="/app/vendor/gammamatrix/playground-test/src/Feature/Http/Controllers/Resource/EditTrait.php" line="64" class="Tests\Feature\GammaMatrix\Playground\Matrix\Resource\Http\Controllers\EpicRouteTest" classname="Tests.Feature.GammaMatrix.Playground.Matrix.Resource.Http.Controllers.EpicRouteTest" assertions="4" time="0.103798"/>
        <testcase name="test_edit_view_rendered_by_user_with_invalid_parameter" file="/app/vendor/gammamatrix/playground-test/src/Feature/Http/Controllers/Resource/EditTrait.php" line="91" class="Tests\Feature\GammaMatrix\Playground\Matrix\Resource\Http\Controllers\EpicRouteTest" classname="Tests.Feature.GammaMatrix.Playground.Matrix.Resource.Http.Controllers.EpicRouteTest" assertions="4" time="0.100861"/>
        <testcase name="test_guest_cannot_destroy" file="/app/vendor/gammamatrix/playground-test/src/Feature/Http/Controllers/Resource/DestroyTrait.php" line="17" class="Tests\Feature\GammaMatrix\Playground\Matrix\Resource\Http\Controllers\EpicRouteTest" classname="Tests.Feature.GammaMatrix.Playground.Matrix.Resource.Http.Controllers.EpicRouteTest" assertions="4" time="0.083245"/>
        <testcase name="test_destroy_as_standard_user_and_succeed" file="/app/vendor/gammamatrix/playground-test/src/Feature/Http/Controllers/Resource/DestroyTrait.php" line="59" class="Tests\Feature\GammaMatrix\Playground\Matrix\Resource\Http\Controllers\EpicRouteTest" classname="Tests.Feature.GammaMatrix.Playground.Matrix.Resource.Http.Controllers.EpicRouteTest" assertions="5" time="0.094113"/>
        <testcase name="test_destroy_as_standard_user_and_succeed_with_force_delete" file="/app/vendor/gammamatrix/playground-test/src/Feature/Http/Controllers/Resource/DestroyTrait.php" line="102" class="Tests\Feature\GammaMatrix\Playground\Matrix\Resource\Http\Controllers\EpicRouteTest" classname="Tests.Feature.GammaMatrix.Playground.Matrix.Resource.Http.Controllers.EpicRouteTest" assertions="4" time="0.089689"/>
        <testcase name="test_destroy_as_standard_user_using_json_and_succeed_with_no_content" file="/app/vendor/gammamatrix/playground-test/src/Feature/Http/Controllers/Resource/DestroyTrait.php" line="140" class="Tests\Feature\GammaMatrix\Playground\Matrix\Resource\Http\Controllers\EpicRouteTest" classname="Tests.Feature.GammaMatrix.Playground.Matrix.Resource.Http.Controllers.EpicRouteTest" assertions="5" time="0.089798"/>
        <testcase name="test_destroy_as_standard_user_and_succeed_with_redirect_to_index_with_trash" file="/app/vendor/gammamatrix/playground-test/src/Feature/Http/Controllers/Resource/DestroyTrait.php" line="183" class="Tests\Feature\GammaMatrix\Playground\Matrix\Resource\Http\Controllers\EpicRouteTest" classname="Tests.Feature.GammaMatrix.Playground.Matrix.Resource.Http.Controllers.EpicRouteTest" assertions="5" time="0.090334"/>
        <testcase name="test_destroy_with_user_role_and_get_denied_and_no_force_delete_allowed" file="/app/vendor/gammamatrix/playground-test/src/Feature/Http/Controllers/Resource/DestroyTrait.php" line="239" class="Tests\Feature\GammaMatrix\Playground\Matrix\Resource\Http\Controllers\EpicRouteTest" classname="Tests.Feature.GammaMatrix.Playground.Matrix.Resource.Http.Controllers.EpicRouteTest" assertions="3" time="0.089503"/>
        <testcase name="test_destroy_with_admin_role_and_succeed" file="/app/vendor/gammamatrix/playground-test/src/Feature/Http/Controllers/Resource/DestroyTrait.php" line="286" class="Tests\Feature\GammaMatrix\Playground\Matrix\Resource\Http\Controllers\EpicRouteTest" classname="Tests.Feature.GammaMatrix.Playground.Matrix.Resource.Http.Controllers.EpicRouteTest" assertions="5" time="0.094050"/>
        <testcase name="test_destroy_with_admin_role_and_succeed_with_force_delete" file="/app/vendor/gammamatrix/playground-test/src/Feature/Http/Controllers/Resource/DestroyTrait.php" line="339" class="Tests\Feature\GammaMatrix\Playground\Matrix\Resource\Http\Controllers\EpicRouteTest" classname="Tests.Feature.GammaMatrix.Playground.Matrix.Resource.Http.Controllers.EpicRouteTest" assertions="4" time="0.089503"/>
        <testcase name="test_guest_cannot_render_index_view" file="/app/vendor/gammamatrix/playground-test/src/Feature/Http/Controllers/Resource/IndexTrait.php" line="18" class="Tests\Feature\GammaMatrix\Playground\Matrix\Resource\Http\Controllers\EpicRouteTest" classname="Tests.Feature.GammaMatrix.Playground.Matrix.Resource.Http.Controllers.EpicRouteTest" assertions="2" time="0.080503"/>
        <testcase name="test_index_view_rendered_by_user" file="/app/vendor/gammamatrix/playground-test/src/Feature/Http/Controllers/Resource/IndexTrait.php" line="32" class="Tests\Feature\GammaMatrix\Playground\Matrix\Resource\Http\Controllers\EpicRouteTest" classname="Tests.Feature.GammaMatrix.Playground.Matrix.Resource.Http.Controllers.EpicRouteTest" assertions="2" time="0.148598"/>
        <testcase name="test_index_info_with_user_using_json" file="/app/vendor/gammamatrix/playground-test/src/Feature/Http/Controllers/Resource/IndexTrait.php" line="51" class="Tests\Feature\GammaMatrix\Playground\Matrix\Resource\Http\Controllers\EpicRouteTest" classname="Tests.Feature.GammaMatrix.Playground.Matrix.Resource.Http.Controllers.EpicRouteTest" assertions="4" time="0.132118"/>
        <testcase name="test_guest_cannot_lock" file="/app/vendor/gammamatrix/playground-test/src/Feature/Http/Controllers/Resource/LockTrait.php" line="17" class="Tests\Feature\GammaMatrix\Playground\Matrix\Resource\Http\Controllers\EpicRouteTest" classname="Tests.Feature.GammaMatrix.Playground.Matrix.Resource.Http.Controllers.EpicRouteTest" assertions="4" time="0.082747"/>
        <testcase name="test_lock_as_standard_user_and_succeed" file="/app/vendor/gammamatrix/playground-test/src/Feature/Http/Controllers/Resource/LockTrait.php" line="59" class="Tests\Feature\GammaMatrix\Playground\Matrix\Resource\Http\Controllers\EpicRouteTest" classname="Tests.Feature.GammaMatrix.Playground.Matrix.Resource.Http.Controllers.EpicRouteTest" assertions="4" time="0.095311"/>
        <testcase name="test_lock_as_standard_user_using_json_and_succeed" file="/app/vendor/gammamatrix/playground-test/src/Feature/Http/Controllers/Resource/LockTrait.php" line="100" class="Tests\Feature\GammaMatrix\Playground\Matrix\Resource\Http\Controllers\EpicRouteTest" classname="Tests.Feature.GammaMatrix.Playground.Matrix.Resource.Http.Controllers.EpicRouteTest" assertions="3" time="0.097429"/>
        <testcase name="test_lock_as_standard_user_and_succeed_with_redirect_to_index_with_sorted_by_locked_desc" file="/app/vendor/gammamatrix/playground-test/src/Feature/Http/Controllers/Resource/LockTrait.php" line="139" class="Tests\Feature\GammaMatrix\Playground\Matrix\Resource\Http\Controllers\EpicRouteTest" classname="Tests.Feature.GammaMatrix.Playground.Matrix.Resource.Http.Controllers.EpicRouteTest" assertions="4" time="0.095674"/>
        <testcase name="test_lock_with_user_role_and_get_denied" file="/app/vendor/gammamatrix/playground-test/src/Feature/Http/Controllers/Resource/LockTrait.php" line="189" class="Tests\Feature\GammaMatrix\Playground\Matrix\Resource\Http\Controllers\EpicRouteTest" classname="Tests.Feature.GammaMatrix.Playground.Matrix.Resource.Http.Controllers.EpicRouteTest" assertions="3" time="0.089547"/>
        <testcase name="test_lock_with_admin_role_and_succeed" file="/app/vendor/gammamatrix/playground-test/src/Feature/Http/Controllers/Resource/LockTrait.php" line="235" class="Tests\Feature\GammaMatrix\Playground\Matrix\Resource\Http\Controllers\EpicRouteTest" classname="Tests.Feature.GammaMatrix.Playground.Matrix.Resource.Http.Controllers.EpicRouteTest" assertions="4" time="0.093935"/>
        <testcase name="test_lock_with_admin_role_and_succeed_with_json" file="/app/vendor/gammamatrix/playground-test/src/Feature/Http/Controllers/Resource/LockTrait.php" line="286" class="Tests\Feature\GammaMatrix\Playground\Matrix\Resource\Http\Controllers\EpicRouteTest" classname="Tests.Feature.GammaMatrix.Playground.Matrix.Resource.Http.Controllers.EpicRouteTest" assertions="97" time="0.110033"/>
        <testcase name="test_guest_cannot_restore" file="/app/vendor/gammamatrix/playground-test/src/Feature/Http/Controllers/Resource/RestoreTrait.php" line="18" class="Tests\Feature\GammaMatrix\Playground\Matrix\Resource\Http\Controllers\EpicRouteTest" classname="Tests.Feature.GammaMatrix.Playground.Matrix.Resource.Http.Controllers.EpicRouteTest" assertions="4" time="0.085995"/>
        <testcase name="test_restore_as_standard_user_and_succeed" file="/app/vendor/gammamatrix/playground-test/src/Feature/Http/Controllers/Resource/RestoreTrait.php" line="62" class="Tests\Feature\GammaMatrix\Playground\Matrix\Resource\Http\Controllers\EpicRouteTest" classname="Tests.Feature.GammaMatrix.Playground.Matrix.Resource.Http.Controllers.EpicRouteTest" assertions="4" time="0.095905"/>
        <testcase name="test_restore_as_standard_user_using_json_and_succeed" file="/app/vendor/gammamatrix/playground-test/src/Feature/Http/Controllers/Resource/RestoreTrait.php" line="104" class="Tests\Feature\GammaMatrix\Playground\Matrix\Resource\Http\Controllers\EpicRouteTest" classname="Tests.Feature.GammaMatrix.Playground.Matrix.Resource.Http.Controllers.EpicRouteTest" assertions="3" time="0.096921"/>
        <testcase name="test_restore_as_standard_user_and_succeed_with_redirect_to_index_with_only_trash" file="/app/vendor/gammamatrix/playground-test/src/Feature/Http/Controllers/Resource/RestoreTrait.php" line="144" class="Tests\Feature\GammaMatrix\Playground\Matrix\Resource\Http\Controllers\EpicRouteTest" classname="Tests.Feature.GammaMatrix.Playground.Matrix.Resource.Http.Controllers.EpicRouteTest" assertions="4" time="0.104352"/>
        <testcase name="test_restore_with_user_role_and_get_denied" file="/app/vendor/gammamatrix/playground-test/src/Feature/Http/Controllers/Resource/RestoreTrait.php" line="197" class="Tests\Feature\GammaMatrix\Playground\Matrix\Resource\Http\Controllers\EpicRouteTest" classname="Tests.Feature.GammaMatrix.Playground.Matrix.Resource.Http.Controllers.EpicRouteTest" assertions="3" time="0.089862"/>
        <testcase name="test_restore_with_admin_role_and_succeed" file="/app/vendor/gammamatrix/playground-test/src/Feature/Http/Controllers/Resource/RestoreTrait.php" line="244" class="Tests\Feature\GammaMatrix\Playground\Matrix\Resource\Http\Controllers\EpicRouteTest" classname="Tests.Feature.GammaMatrix.Playground.Matrix.Resource.Http.Controllers.EpicRouteTest" assertions="4" time="0.094483"/>
        <testcase name="test_guest_cannot_render_show_view" file="/app/vendor/gammamatrix/playground-test/src/Feature/Http/Controllers/Resource/ShowTrait.php" line="18" class="Tests\Feature\GammaMatrix\Playground\Matrix\Resource\Http\Controllers\EpicRouteTest" classname="Tests.Feature.GammaMatrix.Playground.Matrix.Resource.Http.Controllers.EpicRouteTest" assertions="2" time="0.081497"/>
        <testcase name="test_show_view_rendered_by_user" file="/app/vendor/gammamatrix/playground-test/src/Feature/Http/Controllers/Resource/ShowTrait.php" line="35" class="Tests\Feature\GammaMatrix\Playground\Matrix\Resource\Http\Controllers\EpicRouteTest" classname="Tests.Feature.GammaMatrix.Playground.Matrix.Resource.Http.Controllers.EpicRouteTest" assertions="2" time="0.099619"/>
        <testcase name="test_show_info_with_user_using_json" file="/app/vendor/gammamatrix/playground-test/src/Feature/Http/Controllers/Resource/ShowTrait.php" line="59" class="Tests\Feature\GammaMatrix\Playground\Matrix\Resource\Http\Controllers\EpicRouteTest" classname="Tests.Feature.GammaMatrix.Playground.Matrix.Resource.Http.Controllers.EpicRouteTest" assertions="4" time="0.092117"/>
        <testcase name="test_guest_cannot_unlock" file="/app/vendor/gammamatrix/playground-test/src/Feature/Http/Controllers/Resource/UnlockTrait.php" line="17" class="Tests\Feature\GammaMatrix\Playground\Matrix\Resource\Http\Controllers\EpicRouteTest" classname="Tests.Feature.GammaMatrix.Playground.Matrix.Resource.Http.Controllers.EpicRouteTest" assertions="4" time="0.083796"/>
        <testcase name="test_unlock_as_standard_user_and_succeed" file="/app/vendor/gammamatrix/playground-test/src/Feature/Http/Controllers/Resource/UnlockTrait.php" line="61" class="Tests\Feature\GammaMatrix\Playground\Matrix\Resource\Http\Controllers\EpicRouteTest" classname="Tests.Feature.GammaMatrix.Playground.Matrix.Resource.Http.Controllers.EpicRouteTest" assertions="4" time="0.096074"/>
        <testcase name="test_unlock_as_standard_user_using_json_and_succeed" file="/app/vendor/gammamatrix/playground-test/src/Feature/Http/Controllers/Resource/UnlockTrait.php" line="103" class="Tests\Feature\GammaMatrix\Playground\Matrix\Resource\Http\Controllers\EpicRouteTest" classname="Tests.Feature.GammaMatrix.Playground.Matrix.Resource.Http.Controllers.EpicRouteTest" assertions="3" time="0.102135"/>
        <testcase name="test_unlock_as_standard_user_and_succeed_with_redirect_to_index_with_sorted_by_unlocked_desc" file="/app/vendor/gammamatrix/playground-test/src/Feature/Http/Controllers/Resource/UnlockTrait.php" line="143" class="Tests\Feature\GammaMatrix\Playground\Matrix\Resource\Http\Controllers\EpicRouteTest" classname="Tests.Feature.GammaMatrix.Playground.Matrix.Resource.Http.Controllers.EpicRouteTest" assertions="4" time="0.092708"/>
        <testcase name="test_unlock_with_user_role_and_get_denied" file="/app/vendor/gammamatrix/playground-test/src/Feature/Http/Controllers/Resource/UnlockTrait.php" line="194" class="Tests\Feature\GammaMatrix\Playground\Matrix\Resource\Http\Controllers\EpicRouteTest" classname="Tests.Feature.GammaMatrix.Playground.Matrix.Resource.Http.Controllers.EpicRouteTest" assertions="3" time="0.089241"/>
        <testcase name="test_unlock_with_admin_role_and_succeed" file="/app/vendor/gammamatrix/playground-test/src/Feature/Http/Controllers/Resource/UnlockTrait.php" line="241" class="Tests\Feature\GammaMatrix\Playground\Matrix\Resource\Http\Controllers\EpicRouteTest" classname="Tests.Feature.GammaMatrix.Playground.Matrix.Resource.Http.Controllers.EpicRouteTest" assertions="4" time="0.093950"/>
        <testcase name="test_unlock_with_admin_role_and_succeed_with_json" file="/app/vendor/gammamatrix/playground-test/src/Feature/Http/Controllers/Resource/UnlockTrait.php" line="293" class="Tests\Feature\GammaMatrix\Playground\Matrix\Resource\Http\Controllers\EpicRouteTest" classname="Tests.Feature.GammaMatrix.Playground.Matrix.Resource.Http.Controllers.EpicRouteTest" assertions="97" time="0.115445"/>
      </testsuite>
      <testsuite name="Tests\Feature\GammaMatrix\Playground\Matrix\Resource\Http\Controllers\FlowRouteTest" file="/app/tests/Feature/Http/Controllers/FlowRouteTest.php" tests="42" assertions="306" errors="0" failures="0" skipped="0" time="4.081030">
        <testcase name="test_guest_cannot_render_create_view" file="/app/vendor/gammamatrix/playground-test/src/Feature/Http/Controllers/Resource/CreateTrait.php" line="17" class="Tests\Feature\GammaMatrix\Playground\Matrix\Resource\Http\Controllers\FlowRouteTest" classname="Tests.Feature.GammaMatrix.Playground.Matrix.Resource.Http.Controllers.FlowRouteTest" assertions="2" time="0.125882"/>
        <testcase name="test_create_view_rendered_by_user_with_return_url" file="/app/vendor/gammamatrix/playground-test/src/Feature/Http/Controllers/Resource/CreateTrait.php" line="28" class="Tests\Feature\GammaMatrix\Playground\Matrix\Resource\Http\Controllers\FlowRouteTest" classname="Tests.Feature.GammaMatrix.Playground.Matrix.Resource.Http.Controllers.FlowRouteTest" assertions="3" time="0.142463"/>
        <testcase name="test_create_info_with_user_using_json" file="/app/vendor/gammamatrix/playground-test/src/Feature/Http/Controllers/Resource/CreateTrait.php" line="53" class="Tests\Feature\GammaMatrix\Playground\Matrix\Resource\Http\Controllers\FlowRouteTest" classname="Tests.Feature.GammaMatrix.Playground.Matrix.Resource.Http.Controllers.FlowRouteTest" assertions="4" time="0.095358"/>
        <testcase name="test_create_view_rendered_by_user_with_invalid_parameter" file="/app/vendor/gammamatrix/playground-test/src/Feature/Http/Controllers/Resource/CreateTrait.php" line="74" class="Tests\Feature\GammaMatrix\Playground\Matrix\Resource\Http\Controllers\FlowRouteTest" classname="Tests.Feature.GammaMatrix.Playground.Matrix.Resource.Http.Controllers.FlowRouteTest" assertions="5" time="0.087265"/>
        <testcase name="test_guest_cannot_render_edit_view" file="/app/vendor/gammamatrix/playground-test/src/Feature/Http/Controllers/Resource/EditTrait.php" line="17" class="Tests\Feature\GammaMatrix\Playground\Matrix\Resource\Http\Controllers\FlowRouteTest" classname="Tests.Feature.GammaMatrix.Playground.Matrix.Resource.Http.Controllers.FlowRouteTest" assertions="2" time="0.082929"/>
        <testcase name="test_edit_view_rendered_by_user_with_return_url" file="/app/vendor/gammamatrix/playground-test/src/Feature/Http/Controllers/Resource/EditTrait.php" line="34" class="Tests\Feature\GammaMatrix\Playground\Matrix\Resource\Http\Controllers\FlowRouteTest" classname="Tests.Feature.GammaMatrix.Playground.Matrix.Resource.Http.Controllers.FlowRouteTest" assertions="3" time="0.123592"/>
        <testcase name="test_edit_info_with_user_using_json" file="/app/vendor/gammamatrix/playground-test/src/Feature/Http/Controllers/Resource/EditTrait.php" line="64" class="Tests\Feature\GammaMatrix\Playground\Matrix\Resource\Http\Controllers\FlowRouteTest" classname="Tests.Feature.GammaMatrix.Playground.Matrix.Resource.Http.Controllers.FlowRouteTest" assertions="4" time="0.093540"/>
        <testcase name="test_edit_view_rendered_by_user_with_invalid_parameter" file="/app/vendor/gammamatrix/playground-test/src/Feature/Http/Controllers/Resource/EditTrait.php" line="91" class="Tests\Feature\GammaMatrix\Playground\Matrix\Resource\Http\Controllers\FlowRouteTest" classname="Tests.Feature.GammaMatrix.Playground.Matrix.Resource.Http.Controllers.FlowRouteTest" assertions="4" time="0.090867"/>
        <testcase name="test_guest_cannot_destroy" file="/app/vendor/gammamatrix/playground-test/src/Feature/Http/Controllers/Resource/DestroyTrait.php" line="17" class="Tests\Feature\GammaMatrix\Playground\Matrix\Resource\Http\Controllers\FlowRouteTest" classname="Tests.Feature.GammaMatrix.Playground.Matrix.Resource.Http.Controllers.FlowRouteTest" assertions="4" time="0.081728"/>
        <testcase name="test_destroy_as_standard_user_and_succeed" file="/app/vendor/gammamatrix/playground-test/src/Feature/Http/Controllers/Resource/DestroyTrait.php" line="59" class="Tests\Feature\GammaMatrix\Playground\Matrix\Resource\Http\Controllers\FlowRouteTest" classname="Tests.Feature.GammaMatrix.Playground.Matrix.Resource.Http.Controllers.FlowRouteTest" assertions="5" time="0.104581"/>
        <testcase name="test_destroy_as_standard_user_and_succeed_with_force_delete" file="/app/vendor/gammamatrix/playground-test/src/Feature/Http/Controllers/Resource/DestroyTrait.php" line="102" class="Tests\Feature\GammaMatrix\Playground\Matrix\Resource\Http\Controllers\FlowRouteTest" classname="Tests.Feature.GammaMatrix.Playground.Matrix.Resource.Http.Controllers.FlowRouteTest" assertions="4" time="0.092072"/>
        <testcase name="test_destroy_as_standard_user_using_json_and_succeed_with_no_content" file="/app/vendor/gammamatrix/playground-test/src/Feature/Http/Controllers/Resource/DestroyTrait.php" line="140" class="Tests\Feature\GammaMatrix\Playground\Matrix\Resource\Http\Controllers\FlowRouteTest" classname="Tests.Feature.GammaMatrix.Playground.Matrix.Resource.Http.Controllers.FlowRouteTest" assertions="5" time="0.087924"/>
        <testcase name="test_destroy_as_standard_user_and_succeed_with_redirect_to_index_with_trash" file="/app/vendor/gammamatrix/playground-test/src/Feature/Http/Controllers/Resource/DestroyTrait.php" line="183" class="Tests\Feature\GammaMatrix\Playground\Matrix\Resource\Http\Controllers\FlowRouteTest" classname="Tests.Feature.GammaMatrix.Playground.Matrix.Resource.Http.Controllers.FlowRouteTest" assertions="5" time="0.091371"/>
        <testcase name="test_destroy_with_user_role_and_get_denied_and_no_force_delete_allowed" file="/app/vendor/gammamatrix/playground-test/src/Feature/Http/Controllers/Resource/DestroyTrait.php" line="239" class="Tests\Feature\GammaMatrix\Playground\Matrix\Resource\Http\Controllers\FlowRouteTest" classname="Tests.Feature.GammaMatrix.Playground.Matrix.Resource.Http.Controllers.FlowRouteTest" assertions="3" time="0.089640"/>
        <testcase name="test_destroy_with_admin_role_and_succeed" file="/app/vendor/gammamatrix/playground-test/src/Feature/Http/Controllers/Resource/DestroyTrait.php" line="286" class="Tests\Feature\GammaMatrix\Playground\Matrix\Resource\Http\Controllers\FlowRouteTest" classname="Tests.Feature.GammaMatrix.Playground.Matrix.Resource.Http.Controllers.FlowRouteTest" assertions="5" time="0.092917"/>
        <testcase name="test_destroy_with_admin_role_and_succeed_with_force_delete" file="/app/vendor/gammamatrix/playground-test/src/Feature/Http/Controllers/Resource/DestroyTrait.php" line="339" class="Tests\Feature\GammaMatrix\Playground\Matrix\Resource\Http\Controllers\FlowRouteTest" classname="Tests.Feature.GammaMatrix.Playground.Matrix.Resource.Http.Controllers.FlowRouteTest" assertions="4" time="0.090424"/>
        <testcase name="test_guest_cannot_render_index_view" file="/app/vendor/gammamatrix/playground-test/src/Feature/Http/Controllers/Resource/IndexTrait.php" line="18" class="Tests\Feature\GammaMatrix\Playground\Matrix\Resource\Http\Controllers\FlowRouteTest" classname="Tests.Feature.GammaMatrix.Playground.Matrix.Resource.Http.Controllers.FlowRouteTest" assertions="2" time="0.081295"/>
        <testcase name="test_index_view_rendered_by_user" file="/app/vendor/gammamatrix/playground-test/src/Feature/Http/Controllers/Resource/IndexTrait.php" line="32" class="Tests\Feature\GammaMatrix\Playground\Matrix\Resource\Http\Controllers\FlowRouteTest" classname="Tests.Feature.GammaMatrix.Playground.Matrix.Resource.Http.Controllers.FlowRouteTest" assertions="2" time="0.142998"/>
        <testcase name="test_index_info_with_user_using_json" file="/app/vendor/gammamatrix/playground-test/src/Feature/Http/Controllers/Resource/IndexTrait.php" line="51" class="Tests\Feature\GammaMatrix\Playground\Matrix\Resource\Http\Controllers\FlowRouteTest" classname="Tests.Feature.GammaMatrix.Playground.Matrix.Resource.Http.Controllers.FlowRouteTest" assertions="4" time="0.108358"/>
        <testcase name="test_guest_cannot_lock" file="/app/vendor/gammamatrix/playground-test/src/Feature/Http/Controllers/Resource/LockTrait.php" line="17" class="Tests\Feature\GammaMatrix\Playground\Matrix\Resource\Http\Controllers\FlowRouteTest" classname="Tests.Feature.GammaMatrix.Playground.Matrix.Resource.Http.Controllers.FlowRouteTest" assertions="4" time="0.081928"/>
        <testcase name="test_lock_as_standard_user_and_succeed" file="/app/vendor/gammamatrix/playground-test/src/Feature/Http/Controllers/Resource/LockTrait.php" line="59" class="Tests\Feature\GammaMatrix\Playground\Matrix\Resource\Http\Controllers\FlowRouteTest" classname="Tests.Feature.GammaMatrix.Playground.Matrix.Resource.Http.Controllers.FlowRouteTest" assertions="4" time="0.106331"/>
        <testcase name="test_lock_as_standard_user_using_json_and_succeed" file="/app/vendor/gammamatrix/playground-test/src/Feature/Http/Controllers/Resource/LockTrait.php" line="100" class="Tests\Feature\GammaMatrix\Playground\Matrix\Resource\Http\Controllers\FlowRouteTest" classname="Tests.Feature.GammaMatrix.Playground.Matrix.Resource.Http.Controllers.FlowRouteTest" assertions="3" time="0.100459"/>
        <testcase name="test_lock_as_standard_user_and_succeed_with_redirect_to_index_with_sorted_by_locked_desc" file="/app/vendor/gammamatrix/playground-test/src/Feature/Http/Controllers/Resource/LockTrait.php" line="139" class="Tests\Feature\GammaMatrix\Playground\Matrix\Resource\Http\Controllers\FlowRouteTest" classname="Tests.Feature.GammaMatrix.Playground.Matrix.Resource.Http.Controllers.FlowRouteTest" assertions="4" time="0.092035"/>
        <testcase name="test_lock_with_user_role_and_get_denied" file="/app/vendor/gammamatrix/playground-test/src/Feature/Http/Controllers/Resource/LockTrait.php" line="189" class="Tests\Feature\GammaMatrix\Playground\Matrix\Resource\Http\Controllers\FlowRouteTest" classname="Tests.Feature.GammaMatrix.Playground.Matrix.Resource.Http.Controllers.FlowRouteTest" assertions="3" time="0.089414"/>
        <testcase name="test_lock_with_admin_role_and_succeed" file="/app/vendor/gammamatrix/playground-test/src/Feature/Http/Controllers/Resource/LockTrait.php" line="235" class="Tests\Feature\GammaMatrix\Playground\Matrix\Resource\Http\Controllers\FlowRouteTest" classname="Tests.Feature.GammaMatrix.Playground.Matrix.Resource.Http.Controllers.FlowRouteTest" assertions="4" time="0.093330"/>
        <testcase name="test_lock_with_admin_role_and_succeed_with_json" file="/app/vendor/gammamatrix/playground-test/src/Feature/Http/Controllers/Resource/LockTrait.php" line="286" class="Tests\Feature\GammaMatrix\Playground\Matrix\Resource\Http\Controllers\FlowRouteTest" classname="Tests.Feature.GammaMatrix.Playground.Matrix.Resource.Http.Controllers.FlowRouteTest" assertions="81" time="0.115005"/>
        <testcase name="test_guest_cannot_restore" file="/app/vendor/gammamatrix/playground-test/src/Feature/Http/Controllers/Resource/RestoreTrait.php" line="18" class="Tests\Feature\GammaMatrix\Playground\Matrix\Resource\Http\Controllers\FlowRouteTest" classname="Tests.Feature.GammaMatrix.Playground.Matrix.Resource.Http.Controllers.FlowRouteTest" assertions="4" time="0.083593"/>
        <testcase name="test_restore_as_standard_user_and_succeed" file="/app/vendor/gammamatrix/playground-test/src/Feature/Http/Controllers/Resource/RestoreTrait.php" line="62" class="Tests\Feature\GammaMatrix\Playground\Matrix\Resource\Http\Controllers\FlowRouteTest" classname="Tests.Feature.GammaMatrix.Playground.Matrix.Resource.Http.Controllers.FlowRouteTest" assertions="4" time="0.093742"/>
        <testcase name="test_restore_as_standard_user_using_json_and_succeed" file="/app/vendor/gammamatrix/playground-test/src/Feature/Http/Controllers/Resource/RestoreTrait.php" line="104" class="Tests\Feature\GammaMatrix\Playground\Matrix\Resource\Http\Controllers\FlowRouteTest" classname="Tests.Feature.GammaMatrix.Playground.Matrix.Resource.Http.Controllers.FlowRouteTest" assertions="3" time="0.096267"/>
        <testcase name="test_restore_as_standard_user_and_succeed_with_redirect_to_index_with_only_trash" file="/app/vendor/gammamatrix/playground-test/src/Feature/Http/Controllers/Resource/RestoreTrait.php" line="144" class="Tests\Feature\GammaMatrix\Playground\Matrix\Resource\Http\Controllers\FlowRouteTest" classname="Tests.Feature.GammaMatrix.Playground.Matrix.Resource.Http.Controllers.FlowRouteTest" assertions="4" time="0.096183"/>
        <testcase name="test_restore_with_user_role_and_get_denied" file="/app/vendor/gammamatrix/playground-test/src/Feature/Http/Controllers/Resource/RestoreTrait.php" line="197" class="Tests\Feature\GammaMatrix\Playground\Matrix\Resource\Http\Controllers\FlowRouteTest" classname="Tests.Feature.GammaMatrix.Playground.Matrix.Resource.Http.Controllers.FlowRouteTest" assertions="3" time="0.089911"/>
        <testcase name="test_restore_with_admin_role_and_succeed" file="/app/vendor/gammamatrix/playground-test/src/Feature/Http/Controllers/Resource/RestoreTrait.php" line="244" class="Tests\Feature\GammaMatrix\Playground\Matrix\Resource\Http\Controllers\FlowRouteTest" classname="Tests.Feature.GammaMatrix.Playground.Matrix.Resource.Http.Controllers.FlowRouteTest" assertions="4" time="0.089620"/>
        <testcase name="test_guest_cannot_render_show_view" file="/app/vendor/gammamatrix/playground-test/src/Feature/Http/Controllers/Resource/ShowTrait.php" line="18" class="Tests\Feature\GammaMatrix\Playground\Matrix\Resource\Http\Controllers\FlowRouteTest" classname="Tests.Feature.GammaMatrix.Playground.Matrix.Resource.Http.Controllers.FlowRouteTest" assertions="2" time="0.081595"/>
        <testcase name="test_show_view_rendered_by_user" file="/app/vendor/gammamatrix/playground-test/src/Feature/Http/Controllers/Resource/ShowTrait.php" line="35" class="Tests\Feature\GammaMatrix\Playground\Matrix\Resource\Http\Controllers\FlowRouteTest" classname="Tests.Feature.GammaMatrix.Playground.Matrix.Resource.Http.Controllers.FlowRouteTest" assertions="2" time="0.099912"/>
        <testcase name="test_show_info_with_user_using_json" file="/app/vendor/gammamatrix/playground-test/src/Feature/Http/Controllers/Resource/ShowTrait.php" line="59" class="Tests\Feature\GammaMatrix\Playground\Matrix\Resource\Http\Controllers\FlowRouteTest" classname="Tests.Feature.GammaMatrix.Playground.Matrix.Resource.Http.Controllers.FlowRouteTest" assertions="4" time="0.109860"/>
        <testcase name="test_guest_cannot_unlock" file="/app/vendor/gammamatrix/playground-test/src/Feature/Http/Controllers/Resource/UnlockTrait.php" line="17" class="Tests\Feature\GammaMatrix\Playground\Matrix\Resource\Http\Controllers\FlowRouteTest" classname="Tests.Feature.GammaMatrix.Playground.Matrix.Resource.Http.Controllers.FlowRouteTest" assertions="4" time="0.082240"/>
        <testcase name="test_unlock_as_standard_user_and_succeed" file="/app/vendor/gammamatrix/playground-test/src/Feature/Http/Controllers/Resource/UnlockTrait.php" line="61" class="Tests\Feature\GammaMatrix\Playground\Matrix\Resource\Http\Controllers\FlowRouteTest" classname="Tests.Feature.GammaMatrix.Playground.Matrix.Resource.Http.Controllers.FlowRouteTest" assertions="4" time="0.094428"/>
        <testcase name="test_unlock_as_standard_user_using_json_and_succeed" file="/app/vendor/gammamatrix/playground-test/src/Feature/Http/Controllers/Resource/UnlockTrait.php" line="103" class="Tests\Feature\GammaMatrix\Playground\Matrix\Resource\Http\Controllers\FlowRouteTest" classname="Tests.Feature.GammaMatrix.Playground.Matrix.Resource.Http.Controllers.FlowRouteTest" assertions="3" time="0.098948"/>
        <testcase name="test_unlock_as_standard_user_and_succeed_with_redirect_to_index_with_sorted_by_unlocked_desc" file="/app/vendor/gammamatrix/playground-test/src/Feature/Http/Controllers/Resource/UnlockTrait.php" line="143" class="Tests\Feature\GammaMatrix\Playground\Matrix\Resource\Http\Controllers\FlowRouteTest" classname="Tests.Feature.GammaMatrix.Playground.Matrix.Resource.Http.Controllers.FlowRouteTest" assertions="4" time="0.091565"/>
        <testcase name="test_unlock_with_user_role_and_get_denied" file="/app/vendor/gammamatrix/playground-test/src/Feature/Http/Controllers/Resource/UnlockTrait.php" line="194" class="Tests\Feature\GammaMatrix\Playground\Matrix\Resource\Http\Controllers\FlowRouteTest" classname="Tests.Feature.GammaMatrix.Playground.Matrix.Resource.Http.Controllers.FlowRouteTest" assertions="3" time="0.089094"/>
        <testcase name="test_unlock_with_admin_role_and_succeed" file="/app/vendor/gammamatrix/playground-test/src/Feature/Http/Controllers/Resource/UnlockTrait.php" line="241" class="Tests\Feature\GammaMatrix\Playground\Matrix\Resource\Http\Controllers\FlowRouteTest" classname="Tests.Feature.GammaMatrix.Playground.Matrix.Resource.Http.Controllers.FlowRouteTest" assertions="4" time="0.092336"/>
        <testcase name="test_unlock_with_admin_role_and_succeed_with_json" file="/app/vendor/gammamatrix/playground-test/src/Feature/Http/Controllers/Resource/UnlockTrait.php" line="293" class="Tests\Feature\GammaMatrix\Playground\Matrix\Resource\Http\Controllers\FlowRouteTest" classname="Tests.Feature.GammaMatrix.Playground.Matrix.Resource.Http.Controllers.FlowRouteTest" assertions="81" time="0.108031"/>
      </testsuite>
      <testsuite name="Tests\Feature\GammaMatrix\Playground\Matrix\Resource\Http\Controllers\MilestoneRouteTest" file="/app/tests/Feature/Http/Controllers/MilestoneRouteTest.php" tests="42" assertions="338" errors="0" failures="0" skipped="0" time="4.199723">
        <testcase name="test_guest_cannot_render_create_view" file="/app/vendor/gammamatrix/playground-test/src/Feature/Http/Controllers/Resource/CreateTrait.php" line="17" class="Tests\Feature\GammaMatrix\Playground\Matrix\Resource\Http\Controllers\MilestoneRouteTest" classname="Tests.Feature.GammaMatrix.Playground.Matrix.Resource.Http.Controllers.MilestoneRouteTest" assertions="2" time="0.127309"/>
        <testcase name="test_create_view_rendered_by_user_with_return_url" file="/app/vendor/gammamatrix/playground-test/src/Feature/Http/Controllers/Resource/CreateTrait.php" line="28" class="Tests\Feature\GammaMatrix\Playground\Matrix\Resource\Http\Controllers\MilestoneRouteTest" classname="Tests.Feature.GammaMatrix.Playground.Matrix.Resource.Http.Controllers.MilestoneRouteTest" assertions="3" time="0.153672"/>
        <testcase name="test_create_info_with_user_using_json" file="/app/vendor/gammamatrix/playground-test/src/Feature/Http/Controllers/Resource/CreateTrait.php" line="53" class="Tests\Feature\GammaMatrix\Playground\Matrix\Resource\Http\Controllers\MilestoneRouteTest" classname="Tests.Feature.GammaMatrix.Playground.Matrix.Resource.Http.Controllers.MilestoneRouteTest" assertions="4" time="0.088705"/>
        <testcase name="test_create_view_rendered_by_user_with_invalid_parameter" file="/app/vendor/gammamatrix/playground-test/src/Feature/Http/Controllers/Resource/CreateTrait.php" line="74" class="Tests\Feature\GammaMatrix\Playground\Matrix\Resource\Http\Controllers\MilestoneRouteTest" classname="Tests.Feature.GammaMatrix.Playground.Matrix.Resource.Http.Controllers.MilestoneRouteTest" assertions="5" time="0.088549"/>
        <testcase name="test_guest_cannot_render_edit_view" file="/app/vendor/gammamatrix/playground-test/src/Feature/Http/Controllers/Resource/EditTrait.php" line="17" class="Tests\Feature\GammaMatrix\Playground\Matrix\Resource\Http\Controllers\MilestoneRouteTest" classname="Tests.Feature.GammaMatrix.Playground.Matrix.Resource.Http.Controllers.MilestoneRouteTest" assertions="2" time="0.081420"/>
        <testcase name="test_edit_view_rendered_by_user_with_return_url" file="/app/vendor/gammamatrix/playground-test/src/Feature/Http/Controllers/Resource/EditTrait.php" line="34" class="Tests\Feature\GammaMatrix\Playground\Matrix\Resource\Http\Controllers\MilestoneRouteTest" classname="Tests.Feature.GammaMatrix.Playground.Matrix.Resource.Http.Controllers.MilestoneRouteTest" assertions="3" time="0.136888"/>
        <testcase name="test_edit_info_with_user_using_json" file="/app/vendor/gammamatrix/playground-test/src/Feature/Http/Controllers/Resource/EditTrait.php" line="64" class="Tests\Feature\GammaMatrix\Playground\Matrix\Resource\Http\Controllers\MilestoneRouteTest" classname="Tests.Feature.GammaMatrix.Playground.Matrix.Resource.Http.Controllers.MilestoneRouteTest" assertions="4" time="0.107031"/>
        <testcase name="test_edit_view_rendered_by_user_with_invalid_parameter" file="/app/vendor/gammamatrix/playground-test/src/Feature/Http/Controllers/Resource/EditTrait.php" line="91" class="Tests\Feature\GammaMatrix\Playground\Matrix\Resource\Http\Controllers\MilestoneRouteTest" classname="Tests.Feature.GammaMatrix.Playground.Matrix.Resource.Http.Controllers.MilestoneRouteTest" assertions="4" time="0.094821"/>
        <testcase name="test_guest_cannot_destroy" file="/app/vendor/gammamatrix/playground-test/src/Feature/Http/Controllers/Resource/DestroyTrait.php" line="17" class="Tests\Feature\GammaMatrix\Playground\Matrix\Resource\Http\Controllers\MilestoneRouteTest" classname="Tests.Feature.GammaMatrix.Playground.Matrix.Resource.Http.Controllers.MilestoneRouteTest" assertions="4" time="0.079966"/>
        <testcase name="test_destroy_as_standard_user_and_succeed" file="/app/vendor/gammamatrix/playground-test/src/Feature/Http/Controllers/Resource/DestroyTrait.php" line="59" class="Tests\Feature\GammaMatrix\Playground\Matrix\Resource\Http\Controllers\MilestoneRouteTest" classname="Tests.Feature.GammaMatrix.Playground.Matrix.Resource.Http.Controllers.MilestoneRouteTest" assertions="5" time="0.095213"/>
        <testcase name="test_destroy_as_standard_user_and_succeed_with_force_delete" file="/app/vendor/gammamatrix/playground-test/src/Feature/Http/Controllers/Resource/DestroyTrait.php" line="102" class="Tests\Feature\GammaMatrix\Playground\Matrix\Resource\Http\Controllers\MilestoneRouteTest" classname="Tests.Feature.GammaMatrix.Playground.Matrix.Resource.Http.Controllers.MilestoneRouteTest" assertions="4" time="0.086704"/>
        <testcase name="test_destroy_as_standard_user_using_json_and_succeed_with_no_content" file="/app/vendor/gammamatrix/playground-test/src/Feature/Http/Controllers/Resource/DestroyTrait.php" line="140" class="Tests\Feature\GammaMatrix\Playground\Matrix\Resource\Http\Controllers\MilestoneRouteTest" classname="Tests.Feature.GammaMatrix.Playground.Matrix.Resource.Http.Controllers.MilestoneRouteTest" assertions="5" time="0.090160"/>
        <testcase name="test_destroy_as_standard_user_and_succeed_with_redirect_to_index_with_trash" file="/app/vendor/gammamatrix/playground-test/src/Feature/Http/Controllers/Resource/DestroyTrait.php" line="183" class="Tests\Feature\GammaMatrix\Playground\Matrix\Resource\Http\Controllers\MilestoneRouteTest" classname="Tests.Feature.GammaMatrix.Playground.Matrix.Resource.Http.Controllers.MilestoneRouteTest" assertions="5" time="0.096667"/>
        <testcase name="test_destroy_with_user_role_and_get_denied_and_no_force_delete_allowed" file="/app/vendor/gammamatrix/playground-test/src/Feature/Http/Controllers/Resource/DestroyTrait.php" line="239" class="Tests\Feature\GammaMatrix\Playground\Matrix\Resource\Http\Controllers\MilestoneRouteTest" classname="Tests.Feature.GammaMatrix.Playground.Matrix.Resource.Http.Controllers.MilestoneRouteTest" assertions="3" time="0.092759"/>
        <testcase name="test_destroy_with_admin_role_and_succeed" file="/app/vendor/gammamatrix/playground-test/src/Feature/Http/Controllers/Resource/DestroyTrait.php" line="286" class="Tests\Feature\GammaMatrix\Playground\Matrix\Resource\Http\Controllers\MilestoneRouteTest" classname="Tests.Feature.GammaMatrix.Playground.Matrix.Resource.Http.Controllers.MilestoneRouteTest" assertions="5" time="0.109235"/>
        <testcase name="test_destroy_with_admin_role_and_succeed_with_force_delete" file="/app/vendor/gammamatrix/playground-test/src/Feature/Http/Controllers/Resource/DestroyTrait.php" line="339" class="Tests\Feature\GammaMatrix\Playground\Matrix\Resource\Http\Controllers\MilestoneRouteTest" classname="Tests.Feature.GammaMatrix.Playground.Matrix.Resource.Http.Controllers.MilestoneRouteTest" assertions="4" time="0.090835"/>
        <testcase name="test_guest_cannot_render_index_view" file="/app/vendor/gammamatrix/playground-test/src/Feature/Http/Controllers/Resource/IndexTrait.php" line="18" class="Tests\Feature\GammaMatrix\Playground\Matrix\Resource\Http\Controllers\MilestoneRouteTest" classname="Tests.Feature.GammaMatrix.Playground.Matrix.Resource.Http.Controllers.MilestoneRouteTest" assertions="2" time="0.081870"/>
        <testcase name="test_index_view_rendered_by_user" file="/app/vendor/gammamatrix/playground-test/src/Feature/Http/Controllers/Resource/IndexTrait.php" line="32" class="Tests\Feature\GammaMatrix\Playground\Matrix\Resource\Http\Controllers\MilestoneRouteTest" classname="Tests.Feature.GammaMatrix.Playground.Matrix.Resource.Http.Controllers.MilestoneRouteTest" assertions="2" time="0.175549"/>
        <testcase name="test_index_info_with_user_using_json" file="/app/vendor/gammamatrix/playground-test/src/Feature/Http/Controllers/Resource/IndexTrait.php" line="51" class="Tests\Feature\GammaMatrix\Playground\Matrix\Resource\Http\Controllers\MilestoneRouteTest" classname="Tests.Feature.GammaMatrix.Playground.Matrix.Resource.Http.Controllers.MilestoneRouteTest" assertions="4" time="0.110765"/>
        <testcase name="test_guest_cannot_lock" file="/app/vendor/gammamatrix/playground-test/src/Feature/Http/Controllers/Resource/LockTrait.php" line="17" class="Tests\Feature\GammaMatrix\Playground\Matrix\Resource\Http\Controllers\MilestoneRouteTest" classname="Tests.Feature.GammaMatrix.Playground.Matrix.Resource.Http.Controllers.MilestoneRouteTest" assertions="4" time="0.083170"/>
        <testcase name="test_lock_as_standard_user_and_succeed" file="/app/vendor/gammamatrix/playground-test/src/Feature/Http/Controllers/Resource/LockTrait.php" line="59" class="Tests\Feature\GammaMatrix\Playground\Matrix\Resource\Http\Controllers\MilestoneRouteTest" classname="Tests.Feature.GammaMatrix.Playground.Matrix.Resource.Http.Controllers.MilestoneRouteTest" assertions="4" time="0.097404"/>
        <testcase name="test_lock_as_standard_user_using_json_and_succeed" file="/app/vendor/gammamatrix/playground-test/src/Feature/Http/Controllers/Resource/LockTrait.php" line="100" class="Tests\Feature\GammaMatrix\Playground\Matrix\Resource\Http\Controllers\MilestoneRouteTest" classname="Tests.Feature.GammaMatrix.Playground.Matrix.Resource.Http.Controllers.MilestoneRouteTest" assertions="3" time="0.100267"/>
        <testcase name="test_lock_as_standard_user_and_succeed_with_redirect_to_index_with_sorted_by_locked_desc" file="/app/vendor/gammamatrix/playground-test/src/Feature/Http/Controllers/Resource/LockTrait.php" line="139" class="Tests\Feature\GammaMatrix\Playground\Matrix\Resource\Http\Controllers\MilestoneRouteTest" classname="Tests.Feature.GammaMatrix.Playground.Matrix.Resource.Http.Controllers.MilestoneRouteTest" assertions="4" time="0.093852"/>
        <testcase name="test_lock_with_user_role_and_get_denied" file="/app/vendor/gammamatrix/playground-test/src/Feature/Http/Controllers/Resource/LockTrait.php" line="189" class="Tests\Feature\GammaMatrix\Playground\Matrix\Resource\Http\Controllers\MilestoneRouteTest" classname="Tests.Feature.GammaMatrix.Playground.Matrix.Resource.Http.Controllers.MilestoneRouteTest" assertions="3" time="0.090044"/>
        <testcase name="test_lock_with_admin_role_and_succeed" file="/app/vendor/gammamatrix/playground-test/src/Feature/Http/Controllers/Resource/LockTrait.php" line="235" class="Tests\Feature\GammaMatrix\Playground\Matrix\Resource\Http\Controllers\MilestoneRouteTest" classname="Tests.Feature.GammaMatrix.Playground.Matrix.Resource.Http.Controllers.MilestoneRouteTest" assertions="4" time="0.095802"/>
        <testcase name="test_lock_with_admin_role_and_succeed_with_json" file="/app/vendor/gammamatrix/playground-test/src/Feature/Http/Controllers/Resource/LockTrait.php" line="286" class="Tests\Feature\GammaMatrix\Playground\Matrix\Resource\Http\Controllers\MilestoneRouteTest" classname="Tests.Feature.GammaMatrix.Playground.Matrix.Resource.Http.Controllers.MilestoneRouteTest" assertions="97" time="0.130201"/>
        <testcase name="test_guest_cannot_restore" file="/app/vendor/gammamatrix/playground-test/src/Feature/Http/Controllers/Resource/RestoreTrait.php" line="18" class="Tests\Feature\GammaMatrix\Playground\Matrix\Resource\Http\Controllers\MilestoneRouteTest" classname="Tests.Feature.GammaMatrix.Playground.Matrix.Resource.Http.Controllers.MilestoneRouteTest" assertions="4" time="0.083320"/>
        <testcase name="test_restore_as_standard_user_and_succeed" file="/app/vendor/gammamatrix/playground-test/src/Feature/Http/Controllers/Resource/RestoreTrait.php" line="62" class="Tests\Feature\GammaMatrix\Playground\Matrix\Resource\Http\Controllers\MilestoneRouteTest" classname="Tests.Feature.GammaMatrix.Playground.Matrix.Resource.Http.Controllers.MilestoneRouteTest" assertions="4" time="0.095762"/>
        <testcase name="test_restore_as_standard_user_using_json_and_succeed" file="/app/vendor/gammamatrix/playground-test/src/Feature/Http/Controllers/Resource/RestoreTrait.php" line="104" class="Tests\Feature\GammaMatrix\Playground\Matrix\Resource\Http\Controllers\MilestoneRouteTest" classname="Tests.Feature.GammaMatrix.Playground.Matrix.Resource.Http.Controllers.MilestoneRouteTest" assertions="3" time="0.097819"/>
        <testcase name="test_restore_as_standard_user_and_succeed_with_redirect_to_index_with_only_trash" file="/app/vendor/gammamatrix/playground-test/src/Feature/Http/Controllers/Resource/RestoreTrait.php" line="144" class="Tests\Feature\GammaMatrix\Playground\Matrix\Resource\Http\Controllers\MilestoneRouteTest" classname="Tests.Feature.GammaMatrix.Playground.Matrix.Resource.Http.Controllers.MilestoneRouteTest" assertions="4" time="0.094763"/>
        <testcase name="test_restore_with_user_role_and_get_denied" file="/app/vendor/gammamatrix/playground-test/src/Feature/Http/Controllers/Resource/RestoreTrait.php" line="197" class="Tests\Feature\GammaMatrix\Playground\Matrix\Resource\Http\Controllers\MilestoneRouteTest" classname="Tests.Feature.GammaMatrix.Playground.Matrix.Resource.Http.Controllers.MilestoneRouteTest" assertions="3" time="0.091153"/>
        <testcase name="test_restore_with_admin_role_and_succeed" file="/app/vendor/gammamatrix/playground-test/src/Feature/Http/Controllers/Resource/RestoreTrait.php" line="244" class="Tests\Feature\GammaMatrix\Playground\Matrix\Resource\Http\Controllers\MilestoneRouteTest" classname="Tests.Feature.GammaMatrix.Playground.Matrix.Resource.Http.Controllers.MilestoneRouteTest" assertions="4" time="0.094108"/>
        <testcase name="test_guest_cannot_render_show_view" file="/app/vendor/gammamatrix/playground-test/src/Feature/Http/Controllers/Resource/ShowTrait.php" line="18" class="Tests\Feature\GammaMatrix\Playground\Matrix\Resource\Http\Controllers\MilestoneRouteTest" classname="Tests.Feature.GammaMatrix.Playground.Matrix.Resource.Http.Controllers.MilestoneRouteTest" assertions="2" time="0.082657"/>
        <testcase name="test_show_view_rendered_by_user" file="/app/vendor/gammamatrix/playground-test/src/Feature/Http/Controllers/Resource/ShowTrait.php" line="35" class="Tests\Feature\GammaMatrix\Playground\Matrix\Resource\Http\Controllers\MilestoneRouteTest" classname="Tests.Feature.GammaMatrix.Playground.Matrix.Resource.Http.Controllers.MilestoneRouteTest" assertions="2" time="0.098484"/>
        <testcase name="test_show_info_with_user_using_json" file="/app/vendor/gammamatrix/playground-test/src/Feature/Http/Controllers/Resource/ShowTrait.php" line="59" class="Tests\Feature\GammaMatrix\Playground\Matrix\Resource\Http\Controllers\MilestoneRouteTest" classname="Tests.Feature.GammaMatrix.Playground.Matrix.Resource.Http.Controllers.MilestoneRouteTest" assertions="4" time="0.092868"/>
        <testcase name="test_guest_cannot_unlock" file="/app/vendor/gammamatrix/playground-test/src/Feature/Http/Controllers/Resource/UnlockTrait.php" line="17" class="Tests\Feature\GammaMatrix\Playground\Matrix\Resource\Http\Controllers\MilestoneRouteTest" classname="Tests.Feature.GammaMatrix.Playground.Matrix.Resource.Http.Controllers.MilestoneRouteTest" assertions="4" time="0.083749"/>
        <testcase name="test_unlock_as_standard_user_and_succeed" file="/app/vendor/gammamatrix/playground-test/src/Feature/Http/Controllers/Resource/UnlockTrait.php" line="61" class="Tests\Feature\GammaMatrix\Playground\Matrix\Resource\Http\Controllers\MilestoneRouteTest" classname="Tests.Feature.GammaMatrix.Playground.Matrix.Resource.Http.Controllers.MilestoneRouteTest" assertions="4" time="0.117351"/>
        <testcase name="test_unlock_as_standard_user_using_json_and_succeed" file="/app/vendor/gammamatrix/playground-test/src/Feature/Http/Controllers/Resource/UnlockTrait.php" line="103" class="Tests\Feature\GammaMatrix\Playground\Matrix\Resource\Http\Controllers\MilestoneRouteTest" classname="Tests.Feature.GammaMatrix.Playground.Matrix.Resource.Http.Controllers.MilestoneRouteTest" assertions="3" time="0.097271"/>
        <testcase name="test_unlock_as_standard_user_and_succeed_with_redirect_to_index_with_sorted_by_unlocked_desc" file="/app/vendor/gammamatrix/playground-test/src/Feature/Http/Controllers/Resource/UnlockTrait.php" line="143" class="Tests\Feature\GammaMatrix\Playground\Matrix\Resource\Http\Controllers\MilestoneRouteTest" classname="Tests.Feature.GammaMatrix.Playground.Matrix.Resource.Http.Controllers.MilestoneRouteTest" assertions="4" time="0.093175"/>
        <testcase name="test_unlock_with_user_role_and_get_denied" file="/app/vendor/gammamatrix/playground-test/src/Feature/Http/Controllers/Resource/UnlockTrait.php" line="194" class="Tests\Feature\GammaMatrix\Playground\Matrix\Resource\Http\Controllers\MilestoneRouteTest" classname="Tests.Feature.GammaMatrix.Playground.Matrix.Resource.Http.Controllers.MilestoneRouteTest" assertions="3" time="0.091435"/>
        <testcase name="test_unlock_with_admin_role_and_succeed" file="/app/vendor/gammamatrix/playground-test/src/Feature/Http/Controllers/Resource/UnlockTrait.php" line="241" class="Tests\Feature\GammaMatrix\Playground\Matrix\Resource\Http\Controllers\MilestoneRouteTest" classname="Tests.Feature.GammaMatrix.Playground.Matrix.Resource.Http.Controllers.MilestoneRouteTest" assertions="4" time="0.097060"/>
        <testcase name="test_unlock_with_admin_role_and_succeed_with_json" file="/app/vendor/gammamatrix/playground-test/src/Feature/Http/Controllers/Resource/UnlockTrait.php" line="293" class="Tests\Feature\GammaMatrix\Playground\Matrix\Resource\Http\Controllers\MilestoneRouteTest" classname="Tests.Feature.GammaMatrix.Playground.Matrix.Resource.Http.Controllers.MilestoneRouteTest" assertions="97" time="0.109893"/>
      </testsuite>
      <testsuite name="Tests\Feature\GammaMatrix\Playground\Matrix\Resource\Http\Controllers\NoteRouteTest" file="/app/tests/Feature/Http/Controllers/NoteRouteTest.php" tests="42" assertions="310" errors="0" failures="0" skipped="0" time="4.215680">
        <testcase name="test_guest_cannot_render_create_view" file="/app/vendor/gammamatrix/playground-test/src/Feature/Http/Controllers/Resource/CreateTrait.php" line="17" class="Tests\Feature\GammaMatrix\Playground\Matrix\Resource\Http\Controllers\NoteRouteTest" classname="Tests.Feature.GammaMatrix.Playground.Matrix.Resource.Http.Controllers.NoteRouteTest" assertions="2" time="0.134198"/>
        <testcase name="test_create_view_rendered_by_user_with_return_url" file="/app/vendor/gammamatrix/playground-test/src/Feature/Http/Controllers/Resource/CreateTrait.php" line="28" class="Tests\Feature\GammaMatrix\Playground\Matrix\Resource\Http\Controllers\NoteRouteTest" classname="Tests.Feature.GammaMatrix.Playground.Matrix.Resource.Http.Controllers.NoteRouteTest" assertions="3" time="0.142636"/>
        <testcase name="test_create_info_with_user_using_json" file="/app/vendor/gammamatrix/playground-test/src/Feature/Http/Controllers/Resource/CreateTrait.php" line="53" class="Tests\Feature\GammaMatrix\Playground\Matrix\Resource\Http\Controllers\NoteRouteTest" classname="Tests.Feature.GammaMatrix.Playground.Matrix.Resource.Http.Controllers.NoteRouteTest" assertions="4" time="0.109277"/>
        <testcase name="test_create_view_rendered_by_user_with_invalid_parameter" file="/app/vendor/gammamatrix/playground-test/src/Feature/Http/Controllers/Resource/CreateTrait.php" line="74" class="Tests\Feature\GammaMatrix\Playground\Matrix\Resource\Http\Controllers\NoteRouteTest" classname="Tests.Feature.GammaMatrix.Playground.Matrix.Resource.Http.Controllers.NoteRouteTest" assertions="5" time="0.089697"/>
        <testcase name="test_guest_cannot_render_edit_view" file="/app/vendor/gammamatrix/playground-test/src/Feature/Http/Controllers/Resource/EditTrait.php" line="17" class="Tests\Feature\GammaMatrix\Playground\Matrix\Resource\Http\Controllers\NoteRouteTest" classname="Tests.Feature.GammaMatrix.Playground.Matrix.Resource.Http.Controllers.NoteRouteTest" assertions="2" time="0.080833"/>
        <testcase name="test_edit_view_rendered_by_user_with_return_url" file="/app/vendor/gammamatrix/playground-test/src/Feature/Http/Controllers/Resource/EditTrait.php" line="34" class="Tests\Feature\GammaMatrix\Playground\Matrix\Resource\Http\Controllers\NoteRouteTest" classname="Tests.Feature.GammaMatrix.Playground.Matrix.Resource.Http.Controllers.NoteRouteTest" assertions="3" time="0.146764"/>
        <testcase name="test_edit_info_with_user_using_json" file="/app/vendor/gammamatrix/playground-test/src/Feature/Http/Controllers/Resource/EditTrait.php" line="64" class="Tests\Feature\GammaMatrix\Playground\Matrix\Resource\Http\Controllers\NoteRouteTest" classname="Tests.Feature.GammaMatrix.Playground.Matrix.Resource.Http.Controllers.NoteRouteTest" assertions="4" time="0.097224"/>
        <testcase name="test_edit_view_rendered_by_user_with_invalid_parameter" file="/app/vendor/gammamatrix/playground-test/src/Feature/Http/Controllers/Resource/EditTrait.php" line="91" class="Tests\Feature\GammaMatrix\Playground\Matrix\Resource\Http\Controllers\NoteRouteTest" classname="Tests.Feature.GammaMatrix.Playground.Matrix.Resource.Http.Controllers.NoteRouteTest" assertions="4" time="0.093489"/>
        <testcase name="test_guest_cannot_destroy" file="/app/vendor/gammamatrix/playground-test/src/Feature/Http/Controllers/Resource/DestroyTrait.php" line="17" class="Tests\Feature\GammaMatrix\Playground\Matrix\Resource\Http\Controllers\NoteRouteTest" classname="Tests.Feature.GammaMatrix.Playground.Matrix.Resource.Http.Controllers.NoteRouteTest" assertions="4" time="0.091439"/>
        <testcase name="test_destroy_as_standard_user_and_succeed" file="/app/vendor/gammamatrix/playground-test/src/Feature/Http/Controllers/Resource/DestroyTrait.php" line="59" class="Tests\Feature\GammaMatrix\Playground\Matrix\Resource\Http\Controllers\NoteRouteTest" classname="Tests.Feature.GammaMatrix.Playground.Matrix.Resource.Http.Controllers.NoteRouteTest" assertions="5" time="0.097033"/>
        <testcase name="test_destroy_as_standard_user_and_succeed_with_force_delete" file="/app/vendor/gammamatrix/playground-test/src/Feature/Http/Controllers/Resource/DestroyTrait.php" line="102" class="Tests\Feature\GammaMatrix\Playground\Matrix\Resource\Http\Controllers\NoteRouteTest" classname="Tests.Feature.GammaMatrix.Playground.Matrix.Resource.Http.Controllers.NoteRouteTest" assertions="4" time="0.089182"/>
        <testcase name="test_destroy_as_standard_user_using_json_and_succeed_with_no_content" file="/app/vendor/gammamatrix/playground-test/src/Feature/Http/Controllers/Resource/DestroyTrait.php" line="140" class="Tests\Feature\GammaMatrix\Playground\Matrix\Resource\Http\Controllers\NoteRouteTest" classname="Tests.Feature.GammaMatrix.Playground.Matrix.Resource.Http.Controllers.NoteRouteTest" assertions="5" time="0.091402"/>
        <testcase name="test_destroy_as_standard_user_and_succeed_with_redirect_to_index_with_trash" file="/app/vendor/gammamatrix/playground-test/src/Feature/Http/Controllers/Resource/DestroyTrait.php" line="183" class="Tests\Feature\GammaMatrix\Playground\Matrix\Resource\Http\Controllers\NoteRouteTest" classname="Tests.Feature.GammaMatrix.Playground.Matrix.Resource.Http.Controllers.NoteRouteTest" assertions="5" time="0.090609"/>
        <testcase name="test_destroy_with_user_role_and_get_denied_and_no_force_delete_allowed" file="/app/vendor/gammamatrix/playground-test/src/Feature/Http/Controllers/Resource/DestroyTrait.php" line="239" class="Tests\Feature\GammaMatrix\Playground\Matrix\Resource\Http\Controllers\NoteRouteTest" classname="Tests.Feature.GammaMatrix.Playground.Matrix.Resource.Http.Controllers.NoteRouteTest" assertions="3" time="0.091936"/>
        <testcase name="test_destroy_with_admin_role_and_succeed" file="/app/vendor/gammamatrix/playground-test/src/Feature/Http/Controllers/Resource/DestroyTrait.php" line="286" class="Tests\Feature\GammaMatrix\Playground\Matrix\Resource\Http\Controllers\NoteRouteTest" classname="Tests.Feature.GammaMatrix.Playground.Matrix.Resource.Http.Controllers.NoteRouteTest" assertions="5" time="0.095036"/>
        <testcase name="test_destroy_with_admin_role_and_succeed_with_force_delete" file="/app/vendor/gammamatrix/playground-test/src/Feature/Http/Controllers/Resource/DestroyTrait.php" line="339" class="Tests\Feature\GammaMatrix\Playground\Matrix\Resource\Http\Controllers\NoteRouteTest" classname="Tests.Feature.GammaMatrix.Playground.Matrix.Resource.Http.Controllers.NoteRouteTest" assertions="4" time="0.090502"/>
        <testcase name="test_guest_cannot_render_index_view" file="/app/vendor/gammamatrix/playground-test/src/Feature/Http/Controllers/Resource/IndexTrait.php" line="18" class="Tests\Feature\GammaMatrix\Playground\Matrix\Resource\Http\Controllers\NoteRouteTest" classname="Tests.Feature.GammaMatrix.Playground.Matrix.Resource.Http.Controllers.NoteRouteTest" assertions="2" time="0.107440"/>
        <testcase name="test_index_view_rendered_by_user" file="/app/vendor/gammamatrix/playground-test/src/Feature/Http/Controllers/Resource/IndexTrait.php" line="32" class="Tests\Feature\GammaMatrix\Playground\Matrix\Resource\Http\Controllers\NoteRouteTest" classname="Tests.Feature.GammaMatrix.Playground.Matrix.Resource.Http.Controllers.NoteRouteTest" assertions="2" time="0.139510"/>
        <testcase name="test_index_info_with_user_using_json" file="/app/vendor/gammamatrix/playground-test/src/Feature/Http/Controllers/Resource/IndexTrait.php" line="51" class="Tests\Feature\GammaMatrix\Playground\Matrix\Resource\Http\Controllers\NoteRouteTest" classname="Tests.Feature.GammaMatrix.Playground.Matrix.Resource.Http.Controllers.NoteRouteTest" assertions="4" time="0.115702"/>
        <testcase name="test_guest_cannot_lock" file="/app/vendor/gammamatrix/playground-test/src/Feature/Http/Controllers/Resource/LockTrait.php" line="17" class="Tests\Feature\GammaMatrix\Playground\Matrix\Resource\Http\Controllers\NoteRouteTest" classname="Tests.Feature.GammaMatrix.Playground.Matrix.Resource.Http.Controllers.NoteRouteTest" assertions="4" time="0.083367"/>
        <testcase name="test_lock_as_standard_user_and_succeed" file="/app/vendor/gammamatrix/playground-test/src/Feature/Http/Controllers/Resource/LockTrait.php" line="59" class="Tests\Feature\GammaMatrix\Playground\Matrix\Resource\Http\Controllers\NoteRouteTest" classname="Tests.Feature.GammaMatrix.Playground.Matrix.Resource.Http.Controllers.NoteRouteTest" assertions="4" time="0.097499"/>
        <testcase name="test_lock_as_standard_user_using_json_and_succeed" file="/app/vendor/gammamatrix/playground-test/src/Feature/Http/Controllers/Resource/LockTrait.php" line="100" class="Tests\Feature\GammaMatrix\Playground\Matrix\Resource\Http\Controllers\NoteRouteTest" classname="Tests.Feature.GammaMatrix.Playground.Matrix.Resource.Http.Controllers.NoteRouteTest" assertions="3" time="0.097017"/>
        <testcase name="test_lock_as_standard_user_and_succeed_with_redirect_to_index_with_sorted_by_locked_desc" file="/app/vendor/gammamatrix/playground-test/src/Feature/Http/Controllers/Resource/LockTrait.php" line="139" class="Tests\Feature\GammaMatrix\Playground\Matrix\Resource\Http\Controllers\NoteRouteTest" classname="Tests.Feature.GammaMatrix.Playground.Matrix.Resource.Http.Controllers.NoteRouteTest" assertions="4" time="0.090761"/>
        <testcase name="test_lock_with_user_role_and_get_denied" file="/app/vendor/gammamatrix/playground-test/src/Feature/Http/Controllers/Resource/LockTrait.php" line="189" class="Tests\Feature\GammaMatrix\Playground\Matrix\Resource\Http\Controllers\NoteRouteTest" classname="Tests.Feature.GammaMatrix.Playground.Matrix.Resource.Http.Controllers.NoteRouteTest" assertions="3" time="0.089256"/>
        <testcase name="test_lock_with_admin_role_and_succeed" file="/app/vendor/gammamatrix/playground-test/src/Feature/Http/Controllers/Resource/LockTrait.php" line="235" class="Tests\Feature\GammaMatrix\Playground\Matrix\Resource\Http\Controllers\NoteRouteTest" classname="Tests.Feature.GammaMatrix.Playground.Matrix.Resource.Http.Controllers.NoteRouteTest" assertions="4" time="0.104909"/>
        <testcase name="test_lock_with_admin_role_and_succeed_with_json" file="/app/vendor/gammamatrix/playground-test/src/Feature/Http/Controllers/Resource/LockTrait.php" line="286" class="Tests\Feature\GammaMatrix\Playground\Matrix\Resource\Http\Controllers\NoteRouteTest" classname="Tests.Feature.GammaMatrix.Playground.Matrix.Resource.Http.Controllers.NoteRouteTest" assertions="83" time="0.107858"/>
        <testcase name="test_guest_cannot_restore" file="/app/vendor/gammamatrix/playground-test/src/Feature/Http/Controllers/Resource/RestoreTrait.php" line="18" class="Tests\Feature\GammaMatrix\Playground\Matrix\Resource\Http\Controllers\NoteRouteTest" classname="Tests.Feature.GammaMatrix.Playground.Matrix.Resource.Http.Controllers.NoteRouteTest" assertions="4" time="0.083432"/>
        <testcase name="test_restore_as_standard_user_and_succeed" file="/app/vendor/gammamatrix/playground-test/src/Feature/Http/Controllers/Resource/RestoreTrait.php" line="62" class="Tests\Feature\GammaMatrix\Playground\Matrix\Resource\Http\Controllers\NoteRouteTest" classname="Tests.Feature.GammaMatrix.Playground.Matrix.Resource.Http.Controllers.NoteRouteTest" assertions="4" time="0.116977"/>
        <testcase name="test_restore_as_standard_user_using_json_and_succeed" file="/app/vendor/gammamatrix/playground-test/src/Feature/Http/Controllers/Resource/RestoreTrait.php" line="104" class="Tests\Feature\GammaMatrix\Playground\Matrix\Resource\Http\Controllers\NoteRouteTest" classname="Tests.Feature.GammaMatrix.Playground.Matrix.Resource.Http.Controllers.NoteRouteTest" assertions="3" time="0.104099"/>
        <testcase name="test_restore_as_standard_user_and_succeed_with_redirect_to_index_with_only_trash" file="/app/vendor/gammamatrix/playground-test/src/Feature/Http/Controllers/Resource/RestoreTrait.php" line="144" class="Tests\Feature\GammaMatrix\Playground\Matrix\Resource\Http\Controllers\NoteRouteTest" classname="Tests.Feature.GammaMatrix.Playground.Matrix.Resource.Http.Controllers.NoteRouteTest" assertions="4" time="0.091746"/>
        <testcase name="test_restore_with_user_role_and_get_denied" file="/app/vendor/gammamatrix/playground-test/src/Feature/Http/Controllers/Resource/RestoreTrait.php" line="197" class="Tests\Feature\GammaMatrix\Playground\Matrix\Resource\Http\Controllers\NoteRouteTest" classname="Tests.Feature.GammaMatrix.Playground.Matrix.Resource.Http.Controllers.NoteRouteTest" assertions="3" time="0.090912"/>
        <testcase name="test_restore_with_admin_role_and_succeed" file="/app/vendor/gammamatrix/playground-test/src/Feature/Http/Controllers/Resource/RestoreTrait.php" line="244" class="Tests\Feature\GammaMatrix\Playground\Matrix\Resource\Http\Controllers\NoteRouteTest" classname="Tests.Feature.GammaMatrix.Playground.Matrix.Resource.Http.Controllers.NoteRouteTest" assertions="4" time="0.092490"/>
        <testcase name="test_guest_cannot_render_show_view" file="/app/vendor/gammamatrix/playground-test/src/Feature/Http/Controllers/Resource/ShowTrait.php" line="18" class="Tests\Feature\GammaMatrix\Playground\Matrix\Resource\Http\Controllers\NoteRouteTest" classname="Tests.Feature.GammaMatrix.Playground.Matrix.Resource.Http.Controllers.NoteRouteTest" assertions="2" time="0.085333"/>
        <testcase name="test_show_view_rendered_by_user" file="/app/vendor/gammamatrix/playground-test/src/Feature/Http/Controllers/Resource/ShowTrait.php" line="35" class="Tests\Feature\GammaMatrix\Playground\Matrix\Resource\Http\Controllers\NoteRouteTest" classname="Tests.Feature.GammaMatrix.Playground.Matrix.Resource.Http.Controllers.NoteRouteTest" assertions="2" time="0.097784"/>
        <testcase name="test_show_info_with_user_using_json" file="/app/vendor/gammamatrix/playground-test/src/Feature/Http/Controllers/Resource/ShowTrait.php" line="59" class="Tests\Feature\GammaMatrix\Playground\Matrix\Resource\Http\Controllers\NoteRouteTest" classname="Tests.Feature.GammaMatrix.Playground.Matrix.Resource.Http.Controllers.NoteRouteTest" assertions="4" time="0.092643"/>
        <testcase name="test_guest_cannot_unlock" file="/app/vendor/gammamatrix/playground-test/src/Feature/Http/Controllers/Resource/UnlockTrait.php" line="17" class="Tests\Feature\GammaMatrix\Playground\Matrix\Resource\Http\Controllers\NoteRouteTest" classname="Tests.Feature.GammaMatrix.Playground.Matrix.Resource.Http.Controllers.NoteRouteTest" assertions="4" time="0.082862"/>
        <testcase name="test_unlock_as_standard_user_and_succeed" file="/app/vendor/gammamatrix/playground-test/src/Feature/Http/Controllers/Resource/UnlockTrait.php" line="61" class="Tests\Feature\GammaMatrix\Playground\Matrix\Resource\Http\Controllers\NoteRouteTest" classname="Tests.Feature.GammaMatrix.Playground.Matrix.Resource.Http.Controllers.NoteRouteTest" assertions="4" time="0.100402"/>
        <testcase name="test_unlock_as_standard_user_using_json_and_succeed" file="/app/vendor/gammamatrix/playground-test/src/Feature/Http/Controllers/Resource/UnlockTrait.php" line="103" class="Tests\Feature\GammaMatrix\Playground\Matrix\Resource\Http\Controllers\NoteRouteTest" classname="Tests.Feature.GammaMatrix.Playground.Matrix.Resource.Http.Controllers.NoteRouteTest" assertions="3" time="0.098478"/>
        <testcase name="test_unlock_as_standard_user_and_succeed_with_redirect_to_index_with_sorted_by_unlocked_desc" file="/app/vendor/gammamatrix/playground-test/src/Feature/Http/Controllers/Resource/UnlockTrait.php" line="143" class="Tests\Feature\GammaMatrix\Playground\Matrix\Resource\Http\Controllers\NoteRouteTest" classname="Tests.Feature.GammaMatrix.Playground.Matrix.Resource.Http.Controllers.NoteRouteTest" assertions="4" time="0.118062"/>
        <testcase name="test_unlock_with_user_role_and_get_denied" file="/app/vendor/gammamatrix/playground-test/src/Feature/Http/Controllers/Resource/UnlockTrait.php" line="194" class="Tests\Feature\GammaMatrix\Playground\Matrix\Resource\Http\Controllers\NoteRouteTest" classname="Tests.Feature.GammaMatrix.Playground.Matrix.Resource.Http.Controllers.NoteRouteTest" assertions="3" time="0.089183"/>
        <testcase name="test_unlock_with_admin_role_and_succeed" file="/app/vendor/gammamatrix/playground-test/src/Feature/Http/Controllers/Resource/UnlockTrait.php" line="241" class="Tests\Feature\GammaMatrix\Playground\Matrix\Resource\Http\Controllers\NoteRouteTest" classname="Tests.Feature.GammaMatrix.Playground.Matrix.Resource.Http.Controllers.NoteRouteTest" assertions="4" time="0.097356"/>
        <testcase name="test_unlock_with_admin_role_and_succeed_with_json" file="/app/vendor/gammamatrix/playground-test/src/Feature/Http/Controllers/Resource/UnlockTrait.php" line="293" class="Tests\Feature\GammaMatrix\Playground\Matrix\Resource\Http\Controllers\NoteRouteTest" classname="Tests.Feature.GammaMatrix.Playground.Matrix.Resource.Http.Controllers.NoteRouteTest" assertions="83" time="0.109341"/>
      </testsuite>
      <testsuite name="Tests\Feature\GammaMatrix\Playground\Matrix\Resource\Http\Controllers\ProjectRouteTest" file="/app/tests/Feature/Http/Controllers/ProjectRouteTest.php" tests="42" assertions="338" errors="0" failures="0" skipped="0" time="4.290407">
        <testcase name="test_guest_cannot_render_create_view" file="/app/vendor/gammamatrix/playground-test/src/Feature/Http/Controllers/Resource/CreateTrait.php" line="17" class="Tests\Feature\GammaMatrix\Playground\Matrix\Resource\Http\Controllers\ProjectRouteTest" classname="Tests.Feature.GammaMatrix.Playground.Matrix.Resource.Http.Controllers.ProjectRouteTest" assertions="2" time="0.127986"/>
        <testcase name="test_create_view_rendered_by_user_with_return_url" file="/app/vendor/gammamatrix/playground-test/src/Feature/Http/Controllers/Resource/CreateTrait.php" line="28" class="Tests\Feature\GammaMatrix\Playground\Matrix\Resource\Http\Controllers\ProjectRouteTest" classname="Tests.Feature.GammaMatrix.Playground.Matrix.Resource.Http.Controllers.ProjectRouteTest" assertions="3" time="0.146579"/>
        <testcase name="test_create_info_with_user_using_json" file="/app/vendor/gammamatrix/playground-test/src/Feature/Http/Controllers/Resource/CreateTrait.php" line="53" class="Tests\Feature\GammaMatrix\Playground\Matrix\Resource\Http\Controllers\ProjectRouteTest" classname="Tests.Feature.GammaMatrix.Playground.Matrix.Resource.Http.Controllers.ProjectRouteTest" assertions="4" time="0.091363"/>
        <testcase name="test_create_view_rendered_by_user_with_invalid_parameter" file="/app/vendor/gammamatrix/playground-test/src/Feature/Http/Controllers/Resource/CreateTrait.php" line="74" class="Tests\Feature\GammaMatrix\Playground\Matrix\Resource\Http\Controllers\ProjectRouteTest" classname="Tests.Feature.GammaMatrix.Playground.Matrix.Resource.Http.Controllers.ProjectRouteTest" assertions="5" time="0.089435"/>
        <testcase name="test_guest_cannot_render_edit_view" file="/app/vendor/gammamatrix/playground-test/src/Feature/Http/Controllers/Resource/EditTrait.php" line="17" class="Tests\Feature\GammaMatrix\Playground\Matrix\Resource\Http\Controllers\ProjectRouteTest" classname="Tests.Feature.GammaMatrix.Playground.Matrix.Resource.Http.Controllers.ProjectRouteTest" assertions="2" time="0.104165"/>
        <testcase name="test_edit_view_rendered_by_user_with_return_url" file="/app/vendor/gammamatrix/playground-test/src/Feature/Http/Controllers/Resource/EditTrait.php" line="34" class="Tests\Feature\GammaMatrix\Playground\Matrix\Resource\Http\Controllers\ProjectRouteTest" classname="Tests.Feature.GammaMatrix.Playground.Matrix.Resource.Http.Controllers.ProjectRouteTest" assertions="3" time="0.131327"/>
        <testcase name="test_edit_info_with_user_using_json" file="/app/vendor/gammamatrix/playground-test/src/Feature/Http/Controllers/Resource/EditTrait.php" line="64" class="Tests\Feature\GammaMatrix\Playground\Matrix\Resource\Http\Controllers\ProjectRouteTest" classname="Tests.Feature.GammaMatrix.Playground.Matrix.Resource.Http.Controllers.ProjectRouteTest" assertions="4" time="0.109219"/>
        <testcase name="test_edit_view_rendered_by_user_with_invalid_parameter" file="/app/vendor/gammamatrix/playground-test/src/Feature/Http/Controllers/Resource/EditTrait.php" line="91" class="Tests\Feature\GammaMatrix\Playground\Matrix\Resource\Http\Controllers\ProjectRouteTest" classname="Tests.Feature.GammaMatrix.Playground.Matrix.Resource.Http.Controllers.ProjectRouteTest" assertions="4" time="0.097839"/>
        <testcase name="test_guest_cannot_destroy" file="/app/vendor/gammamatrix/playground-test/src/Feature/Http/Controllers/Resource/DestroyTrait.php" line="17" class="Tests\Feature\GammaMatrix\Playground\Matrix\Resource\Http\Controllers\ProjectRouteTest" classname="Tests.Feature.GammaMatrix.Playground.Matrix.Resource.Http.Controllers.ProjectRouteTest" assertions="4" time="0.087389"/>
        <testcase name="test_destroy_as_standard_user_and_succeed" file="/app/vendor/gammamatrix/playground-test/src/Feature/Http/Controllers/Resource/DestroyTrait.php" line="59" class="Tests\Feature\GammaMatrix\Playground\Matrix\Resource\Http\Controllers\ProjectRouteTest" classname="Tests.Feature.GammaMatrix.Playground.Matrix.Resource.Http.Controllers.ProjectRouteTest" assertions="5" time="0.095745"/>
        <testcase name="test_destroy_as_standard_user_and_succeed_with_force_delete" file="/app/vendor/gammamatrix/playground-test/src/Feature/Http/Controllers/Resource/DestroyTrait.php" line="102" class="Tests\Feature\GammaMatrix\Playground\Matrix\Resource\Http\Controllers\ProjectRouteTest" classname="Tests.Feature.GammaMatrix.Playground.Matrix.Resource.Http.Controllers.ProjectRouteTest" assertions="4" time="0.091037"/>
        <testcase name="test_destroy_as_standard_user_using_json_and_succeed_with_no_content" file="/app/vendor/gammamatrix/playground-test/src/Feature/Http/Controllers/Resource/DestroyTrait.php" line="140" class="Tests\Feature\GammaMatrix\Playground\Matrix\Resource\Http\Controllers\ProjectRouteTest" classname="Tests.Feature.GammaMatrix.Playground.Matrix.Resource.Http.Controllers.ProjectRouteTest" assertions="5" time="0.091336"/>
        <testcase name="test_destroy_as_standard_user_and_succeed_with_redirect_to_index_with_trash" file="/app/vendor/gammamatrix/playground-test/src/Feature/Http/Controllers/Resource/DestroyTrait.php" line="183" class="Tests\Feature\GammaMatrix\Playground\Matrix\Resource\Http\Controllers\ProjectRouteTest" classname="Tests.Feature.GammaMatrix.Playground.Matrix.Resource.Http.Controllers.ProjectRouteTest" assertions="5" time="0.101276"/>
        <testcase name="test_destroy_with_user_role_and_get_denied_and_no_force_delete_allowed" file="/app/vendor/gammamatrix/playground-test/src/Feature/Http/Controllers/Resource/DestroyTrait.php" line="239" class="Tests\Feature\GammaMatrix\Playground\Matrix\Resource\Http\Controllers\ProjectRouteTest" classname="Tests.Feature.GammaMatrix.Playground.Matrix.Resource.Http.Controllers.ProjectRouteTest" assertions="3" time="0.092243"/>
        <testcase name="test_destroy_with_admin_role_and_succeed" file="/app/vendor/gammamatrix/playground-test/src/Feature/Http/Controllers/Resource/DestroyTrait.php" line="286" class="Tests\Feature\GammaMatrix\Playground\Matrix\Resource\Http\Controllers\ProjectRouteTest" classname="Tests.Feature.GammaMatrix.Playground.Matrix.Resource.Http.Controllers.ProjectRouteTest" assertions="5" time="0.092932"/>
        <testcase name="test_destroy_with_admin_role_and_succeed_with_force_delete" file="/app/vendor/gammamatrix/playground-test/src/Feature/Http/Controllers/Resource/DestroyTrait.php" line="339" class="Tests\Feature\GammaMatrix\Playground\Matrix\Resource\Http\Controllers\ProjectRouteTest" classname="Tests.Feature.GammaMatrix.Playground.Matrix.Resource.Http.Controllers.ProjectRouteTest" assertions="4" time="0.131532"/>
        <testcase name="test_guest_cannot_render_index_view" file="/app/vendor/gammamatrix/playground-test/src/Feature/Http/Controllers/Resource/IndexTrait.php" line="18" class="Tests\Feature\GammaMatrix\Playground\Matrix\Resource\Http\Controllers\ProjectRouteTest" classname="Tests.Feature.GammaMatrix.Playground.Matrix.Resource.Http.Controllers.ProjectRouteTest" assertions="2" time="0.086901"/>
        <testcase name="test_index_view_rendered_by_user" file="/app/vendor/gammamatrix/playground-test/src/Feature/Http/Controllers/Resource/IndexTrait.php" line="32" class="Tests\Feature\GammaMatrix\Playground\Matrix\Resource\Http\Controllers\ProjectRouteTest" classname="Tests.Feature.GammaMatrix.Playground.Matrix.Resource.Http.Controllers.ProjectRouteTest" assertions="2" time="0.157809"/>
        <testcase name="test_index_info_with_user_using_json" file="/app/vendor/gammamatrix/playground-test/src/Feature/Http/Controllers/Resource/IndexTrait.php" line="51" class="Tests\Feature\GammaMatrix\Playground\Matrix\Resource\Http\Controllers\ProjectRouteTest" classname="Tests.Feature.GammaMatrix.Playground.Matrix.Resource.Http.Controllers.ProjectRouteTest" assertions="4" time="0.112971"/>
        <testcase name="test_guest_cannot_lock" file="/app/vendor/gammamatrix/playground-test/src/Feature/Http/Controllers/Resource/LockTrait.php" line="17" class="Tests\Feature\GammaMatrix\Playground\Matrix\Resource\Http\Controllers\ProjectRouteTest" classname="Tests.Feature.GammaMatrix.Playground.Matrix.Resource.Http.Controllers.ProjectRouteTest" assertions="4" time="0.084409"/>
        <testcase name="test_lock_as_standard_user_and_succeed" file="/app/vendor/gammamatrix/playground-test/src/Feature/Http/Controllers/Resource/LockTrait.php" line="59" class="Tests\Feature\GammaMatrix\Playground\Matrix\Resource\Http\Controllers\ProjectRouteTest" classname="Tests.Feature.GammaMatrix.Playground.Matrix.Resource.Http.Controllers.ProjectRouteTest" assertions="4" time="0.099700"/>
        <testcase name="test_lock_as_standard_user_using_json_and_succeed" file="/app/vendor/gammamatrix/playground-test/src/Feature/Http/Controllers/Resource/LockTrait.php" line="100" class="Tests\Feature\GammaMatrix\Playground\Matrix\Resource\Http\Controllers\ProjectRouteTest" classname="Tests.Feature.GammaMatrix.Playground.Matrix.Resource.Http.Controllers.ProjectRouteTest" assertions="3" time="0.099553"/>
        <testcase name="test_lock_as_standard_user_and_succeed_with_redirect_to_index_with_sorted_by_locked_desc" file="/app/vendor/gammamatrix/playground-test/src/Feature/Http/Controllers/Resource/LockTrait.php" line="139" class="Tests\Feature\GammaMatrix\Playground\Matrix\Resource\Http\Controllers\ProjectRouteTest" classname="Tests.Feature.GammaMatrix.Playground.Matrix.Resource.Http.Controllers.ProjectRouteTest" assertions="4" time="0.094265"/>
        <testcase name="test_lock_with_user_role_and_get_denied" file="/app/vendor/gammamatrix/playground-test/src/Feature/Http/Controllers/Resource/LockTrait.php" line="189" class="Tests\Feature\GammaMatrix\Playground\Matrix\Resource\Http\Controllers\ProjectRouteTest" classname="Tests.Feature.GammaMatrix.Playground.Matrix.Resource.Http.Controllers.ProjectRouteTest" assertions="3" time="0.090219"/>
        <testcase name="test_lock_with_admin_role_and_succeed" file="/app/vendor/gammamatrix/playground-test/src/Feature/Http/Controllers/Resource/LockTrait.php" line="235" class="Tests\Feature\GammaMatrix\Playground\Matrix\Resource\Http\Controllers\ProjectRouteTest" classname="Tests.Feature.GammaMatrix.Playground.Matrix.Resource.Http.Controllers.ProjectRouteTest" assertions="4" time="0.098294"/>
        <testcase name="test_lock_with_admin_role_and_succeed_with_json" file="/app/vendor/gammamatrix/playground-test/src/Feature/Http/Controllers/Resource/LockTrait.php" line="286" class="Tests\Feature\GammaMatrix\Playground\Matrix\Resource\Http\Controllers\ProjectRouteTest" classname="Tests.Feature.GammaMatrix.Playground.Matrix.Resource.Http.Controllers.ProjectRouteTest" assertions="97" time="0.111231"/>
        <testcase name="test_guest_cannot_restore" file="/app/vendor/gammamatrix/playground-test/src/Feature/Http/Controllers/Resource/RestoreTrait.php" line="18" class="Tests\Feature\GammaMatrix\Playground\Matrix\Resource\Http\Controllers\ProjectRouteTest" classname="Tests.Feature.GammaMatrix.Playground.Matrix.Resource.Http.Controllers.ProjectRouteTest" assertions="4" time="0.110589"/>
        <testcase name="test_restore_as_standard_user_and_succeed" file="/app/vendor/gammamatrix/playground-test/src/Feature/Http/Controllers/Resource/RestoreTrait.php" line="62" class="Tests\Feature\GammaMatrix\Playground\Matrix\Resource\Http\Controllers\ProjectRouteTest" classname="Tests.Feature.GammaMatrix.Playground.Matrix.Resource.Http.Controllers.ProjectRouteTest" assertions="4" time="0.096232"/>
        <testcase name="test_restore_as_standard_user_using_json_and_succeed" file="/app/vendor/gammamatrix/playground-test/src/Feature/Http/Controllers/Resource/RestoreTrait.php" line="104" class="Tests\Feature\GammaMatrix\Playground\Matrix\Resource\Http\Controllers\ProjectRouteTest" classname="Tests.Feature.GammaMatrix.Playground.Matrix.Resource.Http.Controllers.ProjectRouteTest" assertions="3" time="0.099225"/>
        <testcase name="test_restore_as_standard_user_and_succeed_with_redirect_to_index_with_only_trash" file="/app/vendor/gammamatrix/playground-test/src/Feature/Http/Controllers/Resource/RestoreTrait.php" line="144" class="Tests\Feature\GammaMatrix\Playground\Matrix\Resource\Http\Controllers\ProjectRouteTest" classname="Tests.Feature.GammaMatrix.Playground.Matrix.Resource.Http.Controllers.ProjectRouteTest" assertions="4" time="0.094049"/>
        <testcase name="test_restore_with_user_role_and_get_denied" file="/app/vendor/gammamatrix/playground-test/src/Feature/Http/Controllers/Resource/RestoreTrait.php" line="197" class="Tests\Feature\GammaMatrix\Playground\Matrix\Resource\Http\Controllers\ProjectRouteTest" classname="Tests.Feature.GammaMatrix.Playground.Matrix.Resource.Http.Controllers.ProjectRouteTest" assertions="3" time="0.090841"/>
        <testcase name="test_restore_with_admin_role_and_succeed" file="/app/vendor/gammamatrix/playground-test/src/Feature/Http/Controllers/Resource/RestoreTrait.php" line="244" class="Tests\Feature\GammaMatrix\Playground\Matrix\Resource\Http\Controllers\ProjectRouteTest" classname="Tests.Feature.GammaMatrix.Playground.Matrix.Resource.Http.Controllers.ProjectRouteTest" assertions="4" time="0.094849"/>
        <testcase name="test_guest_cannot_render_show_view" file="/app/vendor/gammamatrix/playground-test/src/Feature/Http/Controllers/Resource/ShowTrait.php" line="18" class="Tests\Feature\GammaMatrix\Playground\Matrix\Resource\Http\Controllers\ProjectRouteTest" classname="Tests.Feature.GammaMatrix.Playground.Matrix.Resource.Http.Controllers.ProjectRouteTest" assertions="2" time="0.084024"/>
        <testcase name="test_show_view_rendered_by_user" file="/app/vendor/gammamatrix/playground-test/src/Feature/Http/Controllers/Resource/ShowTrait.php" line="35" class="Tests\Feature\GammaMatrix\Playground\Matrix\Resource\Http\Controllers\ProjectRouteTest" classname="Tests.Feature.GammaMatrix.Playground.Matrix.Resource.Http.Controllers.ProjectRouteTest" assertions="2" time="0.098962"/>
        <testcase name="test_show_info_with_user_using_json" file="/app/vendor/gammamatrix/playground-test/src/Feature/Http/Controllers/Resource/ShowTrait.php" line="59" class="Tests\Feature\GammaMatrix\Playground\Matrix\Resource\Http\Controllers\ProjectRouteTest" classname="Tests.Feature.GammaMatrix.Playground.Matrix.Resource.Http.Controllers.ProjectRouteTest" assertions="4" time="0.093591"/>
        <testcase name="test_guest_cannot_unlock" file="/app/vendor/gammamatrix/playground-test/src/Feature/Http/Controllers/Resource/UnlockTrait.php" line="17" class="Tests\Feature\GammaMatrix\Playground\Matrix\Resource\Http\Controllers\ProjectRouteTest" classname="Tests.Feature.GammaMatrix.Playground.Matrix.Resource.Http.Controllers.ProjectRouteTest" assertions="4" time="0.085742"/>
        <testcase name="test_unlock_as_standard_user_and_succeed" file="/app/vendor/gammamatrix/playground-test/src/Feature/Http/Controllers/Resource/UnlockTrait.php" line="61" class="Tests\Feature\GammaMatrix\Playground\Matrix\Resource\Http\Controllers\ProjectRouteTest" classname="Tests.Feature.GammaMatrix.Playground.Matrix.Resource.Http.Controllers.ProjectRouteTest" assertions="4" time="0.096301"/>
        <testcase name="test_unlock_as_standard_user_using_json_and_succeed" file="/app/vendor/gammamatrix/playground-test/src/Feature/Http/Controllers/Resource/UnlockTrait.php" line="103" class="Tests\Feature\GammaMatrix\Playground\Matrix\Resource\Http\Controllers\ProjectRouteTest" classname="Tests.Feature.GammaMatrix.Playground.Matrix.Resource.Http.Controllers.ProjectRouteTest" assertions="3" time="0.134459"/>
        <testcase name="test_unlock_as_standard_user_and_succeed_with_redirect_to_index_with_sorted_by_unlocked_desc" file="/app/vendor/gammamatrix/playground-test/src/Feature/Http/Controllers/Resource/UnlockTrait.php" line="143" class="Tests\Feature\GammaMatrix\Playground\Matrix\Resource\Http\Controllers\ProjectRouteTest" classname="Tests.Feature.GammaMatrix.Playground.Matrix.Resource.Http.Controllers.ProjectRouteTest" assertions="4" time="0.094453"/>
        <testcase name="test_unlock_with_user_role_and_get_denied" file="/app/vendor/gammamatrix/playground-test/src/Feature/Http/Controllers/Resource/UnlockTrait.php" line="194" class="Tests\Feature\GammaMatrix\Playground\Matrix\Resource\Http\Controllers\ProjectRouteTest" classname="Tests.Feature.GammaMatrix.Playground.Matrix.Resource.Http.Controllers.ProjectRouteTest" assertions="3" time="0.092854"/>
        <testcase name="test_unlock_with_admin_role_and_succeed" file="/app/vendor/gammamatrix/playground-test/src/Feature/Http/Controllers/Resource/UnlockTrait.php" line="241" class="Tests\Feature\GammaMatrix\Playground\Matrix\Resource\Http\Controllers\ProjectRouteTest" classname="Tests.Feature.GammaMatrix.Playground.Matrix.Resource.Http.Controllers.ProjectRouteTest" assertions="4" time="0.096620"/>
        <testcase name="test_unlock_with_admin_role_and_succeed_with_json" file="/app/vendor/gammamatrix/playground-test/src/Feature/Http/Controllers/Resource/UnlockTrait.php" line="293" class="Tests\Feature\GammaMatrix\Playground\Matrix\Resource\Http\Controllers\ProjectRouteTest" classname="Tests.Feature.GammaMatrix.Playground.Matrix.Resource.Http.Controllers.ProjectRouteTest" assertions="97" time="0.110862"/>
      </testsuite>
      <testsuite name="Tests\Feature\GammaMatrix\Playground\Matrix\Resource\Http\Controllers\ReleaseRouteTest" file="/app/tests/Feature/Http/Controllers/ReleaseRouteTest.php" tests="42" assertions="338" errors="0" failures="0" skipped="0" time="4.337412">
        <testcase name="test_guest_cannot_render_create_view" file="/app/vendor/gammamatrix/playground-test/src/Feature/Http/Controllers/Resource/CreateTrait.php" line="17" class="Tests\Feature\GammaMatrix\Playground\Matrix\Resource\Http\Controllers\ReleaseRouteTest" classname="Tests.Feature.GammaMatrix.Playground.Matrix.Resource.Http.Controllers.ReleaseRouteTest" assertions="2" time="0.134413"/>
        <testcase name="test_create_view_rendered_by_user_with_return_url" file="/app/vendor/gammamatrix/playground-test/src/Feature/Http/Controllers/Resource/CreateTrait.php" line="28" class="Tests\Feature\GammaMatrix\Playground\Matrix\Resource\Http\Controllers\ReleaseRouteTest" classname="Tests.Feature.GammaMatrix.Playground.Matrix.Resource.Http.Controllers.ReleaseRouteTest" assertions="3" time="0.148054"/>
        <testcase name="test_create_info_with_user_using_json" file="/app/vendor/gammamatrix/playground-test/src/Feature/Http/Controllers/Resource/CreateTrait.php" line="53" class="Tests\Feature\GammaMatrix\Playground\Matrix\Resource\Http\Controllers\ReleaseRouteTest" classname="Tests.Feature.GammaMatrix.Playground.Matrix.Resource.Http.Controllers.ReleaseRouteTest" assertions="4" time="0.090694"/>
        <testcase name="test_create_view_rendered_by_user_with_invalid_parameter" file="/app/vendor/gammamatrix/playground-test/src/Feature/Http/Controllers/Resource/CreateTrait.php" line="74" class="Tests\Feature\GammaMatrix\Playground\Matrix\Resource\Http\Controllers\ReleaseRouteTest" classname="Tests.Feature.GammaMatrix.Playground.Matrix.Resource.Http.Controllers.ReleaseRouteTest" assertions="5" time="0.123312"/>
        <testcase name="test_guest_cannot_render_edit_view" file="/app/vendor/gammamatrix/playground-test/src/Feature/Http/Controllers/Resource/EditTrait.php" line="17" class="Tests\Feature\GammaMatrix\Playground\Matrix\Resource\Http\Controllers\ReleaseRouteTest" classname="Tests.Feature.GammaMatrix.Playground.Matrix.Resource.Http.Controllers.ReleaseRouteTest" assertions="2" time="0.086607"/>
        <testcase name="test_edit_view_rendered_by_user_with_return_url" file="/app/vendor/gammamatrix/playground-test/src/Feature/Http/Controllers/Resource/EditTrait.php" line="34" class="Tests\Feature\GammaMatrix\Playground\Matrix\Resource\Http\Controllers\ReleaseRouteTest" classname="Tests.Feature.GammaMatrix.Playground.Matrix.Resource.Http.Controllers.ReleaseRouteTest" assertions="3" time="0.131447"/>
        <testcase name="test_edit_info_with_user_using_json" file="/app/vendor/gammamatrix/playground-test/src/Feature/Http/Controllers/Resource/EditTrait.php" line="64" class="Tests\Feature\GammaMatrix\Playground\Matrix\Resource\Http\Controllers\ReleaseRouteTest" classname="Tests.Feature.GammaMatrix.Playground.Matrix.Resource.Http.Controllers.ReleaseRouteTest" assertions="4" time="0.101616"/>
        <testcase name="test_edit_view_rendered_by_user_with_invalid_parameter" file="/app/vendor/gammamatrix/playground-test/src/Feature/Http/Controllers/Resource/EditTrait.php" line="91" class="Tests\Feature\GammaMatrix\Playground\Matrix\Resource\Http\Controllers\ReleaseRouteTest" classname="Tests.Feature.GammaMatrix.Playground.Matrix.Resource.Http.Controllers.ReleaseRouteTest" assertions="4" time="0.102113"/>
        <testcase name="test_guest_cannot_destroy" file="/app/vendor/gammamatrix/playground-test/src/Feature/Http/Controllers/Resource/DestroyTrait.php" line="17" class="Tests\Feature\GammaMatrix\Playground\Matrix\Resource\Http\Controllers\ReleaseRouteTest" classname="Tests.Feature.GammaMatrix.Playground.Matrix.Resource.Http.Controllers.ReleaseRouteTest" assertions="4" time="0.086107"/>
        <testcase name="test_destroy_as_standard_user_and_succeed" file="/app/vendor/gammamatrix/playground-test/src/Feature/Http/Controllers/Resource/DestroyTrait.php" line="59" class="Tests\Feature\GammaMatrix\Playground\Matrix\Resource\Http\Controllers\ReleaseRouteTest" classname="Tests.Feature.GammaMatrix.Playground.Matrix.Resource.Http.Controllers.ReleaseRouteTest" assertions="5" time="0.096309"/>
        <testcase name="test_destroy_as_standard_user_and_succeed_with_force_delete" file="/app/vendor/gammamatrix/playground-test/src/Feature/Http/Controllers/Resource/DestroyTrait.php" line="102" class="Tests\Feature\GammaMatrix\Playground\Matrix\Resource\Http\Controllers\ReleaseRouteTest" classname="Tests.Feature.GammaMatrix.Playground.Matrix.Resource.Http.Controllers.ReleaseRouteTest" assertions="4" time="0.090283"/>
        <testcase name="test_destroy_as_standard_user_using_json_and_succeed_with_no_content" file="/app/vendor/gammamatrix/playground-test/src/Feature/Http/Controllers/Resource/DestroyTrait.php" line="140" class="Tests\Feature\GammaMatrix\Playground\Matrix\Resource\Http\Controllers\ReleaseRouteTest" classname="Tests.Feature.GammaMatrix.Playground.Matrix.Resource.Http.Controllers.ReleaseRouteTest" assertions="5" time="0.091968"/>
        <testcase name="test_destroy_as_standard_user_and_succeed_with_redirect_to_index_with_trash" file="/app/vendor/gammamatrix/playground-test/src/Feature/Http/Controllers/Resource/DestroyTrait.php" line="183" class="Tests\Feature\GammaMatrix\Playground\Matrix\Resource\Http\Controllers\ReleaseRouteTest" classname="Tests.Feature.GammaMatrix.Playground.Matrix.Resource.Http.Controllers.ReleaseRouteTest" assertions="5" time="0.094297"/>
        <testcase name="test_destroy_with_user_role_and_get_denied_and_no_force_delete_allowed" file="/app/vendor/gammamatrix/playground-test/src/Feature/Http/Controllers/Resource/DestroyTrait.php" line="239" class="Tests\Feature\GammaMatrix\Playground\Matrix\Resource\Http\Controllers\ReleaseRouteTest" classname="Tests.Feature.GammaMatrix.Playground.Matrix.Resource.Http.Controllers.ReleaseRouteTest" assertions="3" time="0.097166"/>
        <testcase name="test_destroy_with_admin_role_and_succeed" file="/app/vendor/gammamatrix/playground-test/src/Feature/Http/Controllers/Resource/DestroyTrait.php" line="286" class="Tests\Feature\GammaMatrix\Playground\Matrix\Resource\Http\Controllers\ReleaseRouteTest" classname="Tests.Feature.GammaMatrix.Playground.Matrix.Resource.Http.Controllers.ReleaseRouteTest" assertions="5" time="0.125696"/>
        <testcase name="test_destroy_with_admin_role_and_succeed_with_force_delete" file="/app/vendor/gammamatrix/playground-test/src/Feature/Http/Controllers/Resource/DestroyTrait.php" line="339" class="Tests\Feature\GammaMatrix\Playground\Matrix\Resource\Http\Controllers\ReleaseRouteTest" classname="Tests.Feature.GammaMatrix.Playground.Matrix.Resource.Http.Controllers.ReleaseRouteTest" assertions="4" time="0.092616"/>
        <testcase name="test_guest_cannot_render_index_view" file="/app/vendor/gammamatrix/playground-test/src/Feature/Http/Controllers/Resource/IndexTrait.php" line="18" class="Tests\Feature\GammaMatrix\Playground\Matrix\Resource\Http\Controllers\ReleaseRouteTest" classname="Tests.Feature.GammaMatrix.Playground.Matrix.Resource.Http.Controllers.ReleaseRouteTest" assertions="2" time="0.083415"/>
        <testcase name="test_index_view_rendered_by_user" file="/app/vendor/gammamatrix/playground-test/src/Feature/Http/Controllers/Resource/IndexTrait.php" line="32" class="Tests\Feature\GammaMatrix\Playground\Matrix\Resource\Http\Controllers\ReleaseRouteTest" classname="Tests.Feature.GammaMatrix.Playground.Matrix.Resource.Http.Controllers.ReleaseRouteTest" assertions="2" time="0.155895"/>
        <testcase name="test_index_info_with_user_using_json" file="/app/vendor/gammamatrix/playground-test/src/Feature/Http/Controllers/Resource/IndexTrait.php" line="51" class="Tests\Feature\GammaMatrix\Playground\Matrix\Resource\Http\Controllers\ReleaseRouteTest" classname="Tests.Feature.GammaMatrix.Playground.Matrix.Resource.Http.Controllers.ReleaseRouteTest" assertions="4" time="0.111814"/>
        <testcase name="test_guest_cannot_lock" file="/app/vendor/gammamatrix/playground-test/src/Feature/Http/Controllers/Resource/LockTrait.php" line="17" class="Tests\Feature\GammaMatrix\Playground\Matrix\Resource\Http\Controllers\ReleaseRouteTest" classname="Tests.Feature.GammaMatrix.Playground.Matrix.Resource.Http.Controllers.ReleaseRouteTest" assertions="4" time="0.084980"/>
        <testcase name="test_lock_as_standard_user_and_succeed" file="/app/vendor/gammamatrix/playground-test/src/Feature/Http/Controllers/Resource/LockTrait.php" line="59" class="Tests\Feature\GammaMatrix\Playground\Matrix\Resource\Http\Controllers\ReleaseRouteTest" classname="Tests.Feature.GammaMatrix.Playground.Matrix.Resource.Http.Controllers.ReleaseRouteTest" assertions="4" time="0.096815"/>
        <testcase name="test_lock_as_standard_user_using_json_and_succeed" file="/app/vendor/gammamatrix/playground-test/src/Feature/Http/Controllers/Resource/LockTrait.php" line="100" class="Tests\Feature\GammaMatrix\Playground\Matrix\Resource\Http\Controllers\ReleaseRouteTest" classname="Tests.Feature.GammaMatrix.Playground.Matrix.Resource.Http.Controllers.ReleaseRouteTest" assertions="3" time="0.105571"/>
        <testcase name="test_lock_as_standard_user_and_succeed_with_redirect_to_index_with_sorted_by_locked_desc" file="/app/vendor/gammamatrix/playground-test/src/Feature/Http/Controllers/Resource/LockTrait.php" line="139" class="Tests\Feature\GammaMatrix\Playground\Matrix\Resource\Http\Controllers\ReleaseRouteTest" classname="Tests.Feature.GammaMatrix.Playground.Matrix.Resource.Http.Controllers.ReleaseRouteTest" assertions="4" time="0.151964"/>
        <testcase name="test_lock_with_user_role_and_get_denied" file="/app/vendor/gammamatrix/playground-test/src/Feature/Http/Controllers/Resource/LockTrait.php" line="189" class="Tests\Feature\GammaMatrix\Playground\Matrix\Resource\Http\Controllers\ReleaseRouteTest" classname="Tests.Feature.GammaMatrix.Playground.Matrix.Resource.Http.Controllers.ReleaseRouteTest" assertions="3" time="0.093007"/>
        <testcase name="test_lock_with_admin_role_and_succeed" file="/app/vendor/gammamatrix/playground-test/src/Feature/Http/Controllers/Resource/LockTrait.php" line="235" class="Tests\Feature\GammaMatrix\Playground\Matrix\Resource\Http\Controllers\ReleaseRouteTest" classname="Tests.Feature.GammaMatrix.Playground.Matrix.Resource.Http.Controllers.ReleaseRouteTest" assertions="4" time="0.095845"/>
        <testcase name="test_lock_with_admin_role_and_succeed_with_json" file="/app/vendor/gammamatrix/playground-test/src/Feature/Http/Controllers/Resource/LockTrait.php" line="286" class="Tests\Feature\GammaMatrix\Playground\Matrix\Resource\Http\Controllers\ReleaseRouteTest" classname="Tests.Feature.GammaMatrix.Playground.Matrix.Resource.Http.Controllers.ReleaseRouteTest" assertions="97" time="0.112320"/>
        <testcase name="test_guest_cannot_restore" file="/app/vendor/gammamatrix/playground-test/src/Feature/Http/Controllers/Resource/RestoreTrait.php" line="18" class="Tests\Feature\GammaMatrix\Playground\Matrix\Resource\Http\Controllers\ReleaseRouteTest" classname="Tests.Feature.GammaMatrix.Playground.Matrix.Resource.Http.Controllers.ReleaseRouteTest" assertions="4" time="0.084616"/>
        <testcase name="test_restore_as_standard_user_and_succeed" file="/app/vendor/gammamatrix/playground-test/src/Feature/Http/Controllers/Resource/RestoreTrait.php" line="62" class="Tests\Feature\GammaMatrix\Playground\Matrix\Resource\Http\Controllers\ReleaseRouteTest" classname="Tests.Feature.GammaMatrix.Playground.Matrix.Resource.Http.Controllers.ReleaseRouteTest" assertions="4" time="0.099857"/>
        <testcase name="test_restore_as_standard_user_using_json_and_succeed" file="/app/vendor/gammamatrix/playground-test/src/Feature/Http/Controllers/Resource/RestoreTrait.php" line="104" class="Tests\Feature\GammaMatrix\Playground\Matrix\Resource\Http\Controllers\ReleaseRouteTest" classname="Tests.Feature.GammaMatrix.Playground.Matrix.Resource.Http.Controllers.ReleaseRouteTest" assertions="3" time="0.099890"/>
        <testcase name="test_restore_as_standard_user_and_succeed_with_redirect_to_index_with_only_trash" file="/app/vendor/gammamatrix/playground-test/src/Feature/Http/Controllers/Resource/RestoreTrait.php" line="144" class="Tests\Feature\GammaMatrix\Playground\Matrix\Resource\Http\Controllers\ReleaseRouteTest" classname="Tests.Feature.GammaMatrix.Playground.Matrix.Resource.Http.Controllers.ReleaseRouteTest" assertions="4" time="0.093994"/>
        <testcase name="test_restore_with_user_role_and_get_denied" file="/app/vendor/gammamatrix/playground-test/src/Feature/Http/Controllers/Resource/RestoreTrait.php" line="197" class="Tests\Feature\GammaMatrix\Playground\Matrix\Resource\Http\Controllers\ReleaseRouteTest" classname="Tests.Feature.GammaMatrix.Playground.Matrix.Resource.Http.Controllers.ReleaseRouteTest" assertions="3" time="0.091819"/>
        <testcase name="test_restore_with_admin_role_and_succeed" file="/app/vendor/gammamatrix/playground-test/src/Feature/Http/Controllers/Resource/RestoreTrait.php" line="244" class="Tests\Feature\GammaMatrix\Playground\Matrix\Resource\Http\Controllers\ReleaseRouteTest" classname="Tests.Feature.GammaMatrix.Playground.Matrix.Resource.Http.Controllers.ReleaseRouteTest" assertions="4" time="0.099953"/>
        <testcase name="test_guest_cannot_render_show_view" file="/app/vendor/gammamatrix/playground-test/src/Feature/Http/Controllers/Resource/ShowTrait.php" line="18" class="Tests\Feature\GammaMatrix\Playground\Matrix\Resource\Http\Controllers\ReleaseRouteTest" classname="Tests.Feature.GammaMatrix.Playground.Matrix.Resource.Http.Controllers.ReleaseRouteTest" assertions="2" time="0.083738"/>
        <testcase name="test_show_view_rendered_by_user" file="/app/vendor/gammamatrix/playground-test/src/Feature/Http/Controllers/Resource/ShowTrait.php" line="35" class="Tests\Feature\GammaMatrix\Playground\Matrix\Resource\Http\Controllers\ReleaseRouteTest" classname="Tests.Feature.GammaMatrix.Playground.Matrix.Resource.Http.Controllers.ReleaseRouteTest" assertions="2" time="0.130917"/>
        <testcase name="test_show_info_with_user_using_json" file="/app/vendor/gammamatrix/playground-test/src/Feature/Http/Controllers/Resource/ShowTrait.php" line="59" class="Tests\Feature\GammaMatrix\Playground\Matrix\Resource\Http\Controllers\ReleaseRouteTest" classname="Tests.Feature.GammaMatrix.Playground.Matrix.Resource.Http.Controllers.ReleaseRouteTest" assertions="4" time="0.094235"/>
        <testcase name="test_guest_cannot_unlock" file="/app/vendor/gammamatrix/playground-test/src/Feature/Http/Controllers/Resource/UnlockTrait.php" line="17" class="Tests\Feature\GammaMatrix\Playground\Matrix\Resource\Http\Controllers\ReleaseRouteTest" classname="Tests.Feature.GammaMatrix.Playground.Matrix.Resource.Http.Controllers.ReleaseRouteTest" assertions="4" time="0.086105"/>
        <testcase name="test_unlock_as_standard_user_and_succeed" file="/app/vendor/gammamatrix/playground-test/src/Feature/Http/Controllers/Resource/UnlockTrait.php" line="61" class="Tests\Feature\GammaMatrix\Playground\Matrix\Resource\Http\Controllers\ReleaseRouteTest" classname="Tests.Feature.GammaMatrix.Playground.Matrix.Resource.Http.Controllers.ReleaseRouteTest" assertions="4" time="0.097876"/>
        <testcase name="test_unlock_as_standard_user_using_json_and_succeed" file="/app/vendor/gammamatrix/playground-test/src/Feature/Http/Controllers/Resource/UnlockTrait.php" line="103" class="Tests\Feature\GammaMatrix\Playground\Matrix\Resource\Http\Controllers\ReleaseRouteTest" classname="Tests.Feature.GammaMatrix.Playground.Matrix.Resource.Http.Controllers.ReleaseRouteTest" assertions="3" time="0.095165"/>
        <testcase name="test_unlock_as_standard_user_and_succeed_with_redirect_to_index_with_sorted_by_unlocked_desc" file="/app/vendor/gammamatrix/playground-test/src/Feature/Http/Controllers/Resource/UnlockTrait.php" line="143" class="Tests\Feature\GammaMatrix\Playground\Matrix\Resource\Http\Controllers\ReleaseRouteTest" classname="Tests.Feature.GammaMatrix.Playground.Matrix.Resource.Http.Controllers.ReleaseRouteTest" assertions="4" time="0.094564"/>
        <testcase name="test_unlock_with_user_role_and_get_denied" file="/app/vendor/gammamatrix/playground-test/src/Feature/Http/Controllers/Resource/UnlockTrait.php" line="194" class="Tests\Feature\GammaMatrix\Playground\Matrix\Resource\Http\Controllers\ReleaseRouteTest" classname="Tests.Feature.GammaMatrix.Playground.Matrix.Resource.Http.Controllers.ReleaseRouteTest" assertions="3" time="0.093244"/>
        <testcase name="test_unlock_with_admin_role_and_succeed" file="/app/vendor/gammamatrix/playground-test/src/Feature/Http/Controllers/Resource/UnlockTrait.php" line="241" class="Tests\Feature\GammaMatrix\Playground\Matrix\Resource\Http\Controllers\ReleaseRouteTest" classname="Tests.Feature.GammaMatrix.Playground.Matrix.Resource.Http.Controllers.ReleaseRouteTest" assertions="4" time="0.096106"/>
        <testcase name="test_unlock_with_admin_role_and_succeed_with_json" file="/app/vendor/gammamatrix/playground-test/src/Feature/Http/Controllers/Resource/UnlockTrait.php" line="293" class="Tests\Feature\GammaMatrix\Playground\Matrix\Resource\Http\Controllers\ReleaseRouteTest" classname="Tests.Feature.GammaMatrix.Playground.Matrix.Resource.Http.Controllers.ReleaseRouteTest" assertions="97" time="0.111008"/>
      </testsuite>
      <testsuite name="Tests\Feature\GammaMatrix\Playground\Matrix\Resource\Http\Controllers\RoadmapRouteTest" file="/app/tests/Feature/Http/Controllers/RoadmapRouteTest.php" tests="42" assertions="338" errors="0" failures="0" skipped="0" time="4.309318">
        <testcase name="test_guest_cannot_render_create_view" file="/app/vendor/gammamatrix/playground-test/src/Feature/Http/Controllers/Resource/CreateTrait.php" line="17" class="Tests\Feature\GammaMatrix\Playground\Matrix\Resource\Http\Controllers\RoadmapRouteTest" classname="Tests.Feature.GammaMatrix.Playground.Matrix.Resource.Http.Controllers.RoadmapRouteTest" assertions="2" time="0.135456"/>
        <testcase name="test_create_view_rendered_by_user_with_return_url" file="/app/vendor/gammamatrix/playground-test/src/Feature/Http/Controllers/Resource/CreateTrait.php" line="28" class="Tests\Feature\GammaMatrix\Playground\Matrix\Resource\Http\Controllers\RoadmapRouteTest" classname="Tests.Feature.GammaMatrix.Playground.Matrix.Resource.Http.Controllers.RoadmapRouteTest" assertions="3" time="0.144871"/>
        <testcase name="test_create_info_with_user_using_json" file="/app/vendor/gammamatrix/playground-test/src/Feature/Http/Controllers/Resource/CreateTrait.php" line="53" class="Tests\Feature\GammaMatrix\Playground\Matrix\Resource\Http\Controllers\RoadmapRouteTest" classname="Tests.Feature.GammaMatrix.Playground.Matrix.Resource.Http.Controllers.RoadmapRouteTest" assertions="4" time="0.128237"/>
        <testcase name="test_create_view_rendered_by_user_with_invalid_parameter" file="/app/vendor/gammamatrix/playground-test/src/Feature/Http/Controllers/Resource/CreateTrait.php" line="74" class="Tests\Feature\GammaMatrix\Playground\Matrix\Resource\Http\Controllers\RoadmapRouteTest" classname="Tests.Feature.GammaMatrix.Playground.Matrix.Resource.Http.Controllers.RoadmapRouteTest" assertions="5" time="0.089775"/>
        <testcase name="test_guest_cannot_render_edit_view" file="/app/vendor/gammamatrix/playground-test/src/Feature/Http/Controllers/Resource/EditTrait.php" line="17" class="Tests\Feature\GammaMatrix\Playground\Matrix\Resource\Http\Controllers\RoadmapRouteTest" classname="Tests.Feature.GammaMatrix.Playground.Matrix.Resource.Http.Controllers.RoadmapRouteTest" assertions="2" time="0.084086"/>
        <testcase name="test_edit_view_rendered_by_user_with_return_url" file="/app/vendor/gammamatrix/playground-test/src/Feature/Http/Controllers/Resource/EditTrait.php" line="34" class="Tests\Feature\GammaMatrix\Playground\Matrix\Resource\Http\Controllers\RoadmapRouteTest" classname="Tests.Feature.GammaMatrix.Playground.Matrix.Resource.Http.Controllers.RoadmapRouteTest" assertions="3" time="0.130547"/>
        <testcase name="test_edit_info_with_user_using_json" file="/app/vendor/gammamatrix/playground-test/src/Feature/Http/Controllers/Resource/EditTrait.php" line="64" class="Tests\Feature\GammaMatrix\Playground\Matrix\Resource\Http\Controllers\RoadmapRouteTest" classname="Tests.Feature.GammaMatrix.Playground.Matrix.Resource.Http.Controllers.RoadmapRouteTest" assertions="4" time="0.100004"/>
        <testcase name="test_edit_view_rendered_by_user_with_invalid_parameter" file="/app/vendor/gammamatrix/playground-test/src/Feature/Http/Controllers/Resource/EditTrait.php" line="91" class="Tests\Feature\GammaMatrix\Playground\Matrix\Resource\Http\Controllers\RoadmapRouteTest" classname="Tests.Feature.GammaMatrix.Playground.Matrix.Resource.Http.Controllers.RoadmapRouteTest" assertions="4" time="0.096860"/>
        <testcase name="test_guest_cannot_destroy" file="/app/vendor/gammamatrix/playground-test/src/Feature/Http/Controllers/Resource/DestroyTrait.php" line="17" class="Tests\Feature\GammaMatrix\Playground\Matrix\Resource\Http\Controllers\RoadmapRouteTest" classname="Tests.Feature.GammaMatrix.Playground.Matrix.Resource.Http.Controllers.RoadmapRouteTest" assertions="4" time="0.094057"/>
        <testcase name="test_destroy_as_standard_user_and_succeed" file="/app/vendor/gammamatrix/playground-test/src/Feature/Http/Controllers/Resource/DestroyTrait.php" line="59" class="Tests\Feature\GammaMatrix\Playground\Matrix\Resource\Http\Controllers\RoadmapRouteTest" classname="Tests.Feature.GammaMatrix.Playground.Matrix.Resource.Http.Controllers.RoadmapRouteTest" assertions="5" time="0.095011"/>
        <testcase name="test_destroy_as_standard_user_and_succeed_with_force_delete" file="/app/vendor/gammamatrix/playground-test/src/Feature/Http/Controllers/Resource/DestroyTrait.php" line="102" class="Tests\Feature\GammaMatrix\Playground\Matrix\Resource\Http\Controllers\RoadmapRouteTest" classname="Tests.Feature.GammaMatrix.Playground.Matrix.Resource.Http.Controllers.RoadmapRouteTest" assertions="4" time="0.090719"/>
        <testcase name="test_destroy_as_standard_user_using_json_and_succeed_with_no_content" file="/app/vendor/gammamatrix/playground-test/src/Feature/Http/Controllers/Resource/DestroyTrait.php" line="140" class="Tests\Feature\GammaMatrix\Playground\Matrix\Resource\Http\Controllers\RoadmapRouteTest" classname="Tests.Feature.GammaMatrix.Playground.Matrix.Resource.Http.Controllers.RoadmapRouteTest" assertions="5" time="0.091565"/>
        <testcase name="test_destroy_as_standard_user_and_succeed_with_redirect_to_index_with_trash" file="/app/vendor/gammamatrix/playground-test/src/Feature/Http/Controllers/Resource/DestroyTrait.php" line="183" class="Tests\Feature\GammaMatrix\Playground\Matrix\Resource\Http\Controllers\RoadmapRouteTest" classname="Tests.Feature.GammaMatrix.Playground.Matrix.Resource.Http.Controllers.RoadmapRouteTest" assertions="5" time="0.093552"/>
        <testcase name="test_destroy_with_user_role_and_get_denied_and_no_force_delete_allowed" file="/app/vendor/gammamatrix/playground-test/src/Feature/Http/Controllers/Resource/DestroyTrait.php" line="239" class="Tests\Feature\GammaMatrix\Playground\Matrix\Resource\Http\Controllers\RoadmapRouteTest" classname="Tests.Feature.GammaMatrix.Playground.Matrix.Resource.Http.Controllers.RoadmapRouteTest" assertions="3" time="0.131506"/>
        <testcase name="test_destroy_with_admin_role_and_succeed" file="/app/vendor/gammamatrix/playground-test/src/Feature/Http/Controllers/Resource/DestroyTrait.php" line="286" class="Tests\Feature\GammaMatrix\Playground\Matrix\Resource\Http\Controllers\RoadmapRouteTest" classname="Tests.Feature.GammaMatrix.Playground.Matrix.Resource.Http.Controllers.RoadmapRouteTest" assertions="5" time="0.100790"/>
        <testcase name="test_destroy_with_admin_role_and_succeed_with_force_delete" file="/app/vendor/gammamatrix/playground-test/src/Feature/Http/Controllers/Resource/DestroyTrait.php" line="339" class="Tests\Feature\GammaMatrix\Playground\Matrix\Resource\Http\Controllers\RoadmapRouteTest" classname="Tests.Feature.GammaMatrix.Playground.Matrix.Resource.Http.Controllers.RoadmapRouteTest" assertions="4" time="0.088972"/>
        <testcase name="test_guest_cannot_render_index_view" file="/app/vendor/gammamatrix/playground-test/src/Feature/Http/Controllers/Resource/IndexTrait.php" line="18" class="Tests\Feature\GammaMatrix\Playground\Matrix\Resource\Http\Controllers\RoadmapRouteTest" classname="Tests.Feature.GammaMatrix.Playground.Matrix.Resource.Http.Controllers.RoadmapRouteTest" assertions="2" time="0.087003"/>
        <testcase name="test_index_view_rendered_by_user" file="/app/vendor/gammamatrix/playground-test/src/Feature/Http/Controllers/Resource/IndexTrait.php" line="32" class="Tests\Feature\GammaMatrix\Playground\Matrix\Resource\Http\Controllers\RoadmapRouteTest" classname="Tests.Feature.GammaMatrix.Playground.Matrix.Resource.Http.Controllers.RoadmapRouteTest" assertions="2" time="0.149336"/>
        <testcase name="test_index_info_with_user_using_json" file="/app/vendor/gammamatrix/playground-test/src/Feature/Http/Controllers/Resource/IndexTrait.php" line="51" class="Tests\Feature\GammaMatrix\Playground\Matrix\Resource\Http\Controllers\RoadmapRouteTest" classname="Tests.Feature.GammaMatrix.Playground.Matrix.Resource.Http.Controllers.RoadmapRouteTest" assertions="4" time="0.111950"/>
        <testcase name="test_guest_cannot_lock" file="/app/vendor/gammamatrix/playground-test/src/Feature/Http/Controllers/Resource/LockTrait.php" line="17" class="Tests\Feature\GammaMatrix\Playground\Matrix\Resource\Http\Controllers\RoadmapRouteTest" classname="Tests.Feature.GammaMatrix.Playground.Matrix.Resource.Http.Controllers.RoadmapRouteTest" assertions="4" time="0.084395"/>
        <testcase name="test_lock_as_standard_user_and_succeed" file="/app/vendor/gammamatrix/playground-test/src/Feature/Http/Controllers/Resource/LockTrait.php" line="59" class="Tests\Feature\GammaMatrix\Playground\Matrix\Resource\Http\Controllers\RoadmapRouteTest" classname="Tests.Feature.GammaMatrix.Playground.Matrix.Resource.Http.Controllers.RoadmapRouteTest" assertions="4" time="0.101710"/>
        <testcase name="test_lock_as_standard_user_using_json_and_succeed" file="/app/vendor/gammamatrix/playground-test/src/Feature/Http/Controllers/Resource/LockTrait.php" line="100" class="Tests\Feature\GammaMatrix\Playground\Matrix\Resource\Http\Controllers\RoadmapRouteTest" classname="Tests.Feature.GammaMatrix.Playground.Matrix.Resource.Http.Controllers.RoadmapRouteTest" assertions="3" time="0.097845"/>
        <testcase name="test_lock_as_standard_user_and_succeed_with_redirect_to_index_with_sorted_by_locked_desc" file="/app/vendor/gammamatrix/playground-test/src/Feature/Http/Controllers/Resource/LockTrait.php" line="139" class="Tests\Feature\GammaMatrix\Playground\Matrix\Resource\Http\Controllers\RoadmapRouteTest" classname="Tests.Feature.GammaMatrix.Playground.Matrix.Resource.Http.Controllers.RoadmapRouteTest" assertions="4" time="0.094649"/>
        <testcase name="test_lock_with_user_role_and_get_denied" file="/app/vendor/gammamatrix/playground-test/src/Feature/Http/Controllers/Resource/LockTrait.php" line="189" class="Tests\Feature\GammaMatrix\Playground\Matrix\Resource\Http\Controllers\RoadmapRouteTest" classname="Tests.Feature.GammaMatrix.Playground.Matrix.Resource.Http.Controllers.RoadmapRouteTest" assertions="3" time="0.090928"/>
        <testcase name="test_lock_with_admin_role_and_succeed" file="/app/vendor/gammamatrix/playground-test/src/Feature/Http/Controllers/Resource/LockTrait.php" line="235" class="Tests\Feature\GammaMatrix\Playground\Matrix\Resource\Http\Controllers\RoadmapRouteTest" classname="Tests.Feature.GammaMatrix.Playground.Matrix.Resource.Http.Controllers.RoadmapRouteTest" assertions="4" time="0.139072"/>
        <testcase name="test_lock_with_admin_role_and_succeed_with_json" file="/app/vendor/gammamatrix/playground-test/src/Feature/Http/Controllers/Resource/LockTrait.php" line="286" class="Tests\Feature\GammaMatrix\Playground\Matrix\Resource\Http\Controllers\RoadmapRouteTest" classname="Tests.Feature.GammaMatrix.Playground.Matrix.Resource.Http.Controllers.RoadmapRouteTest" assertions="97" time="0.110640"/>
        <testcase name="test_guest_cannot_restore" file="/app/vendor/gammamatrix/playground-test/src/Feature/Http/Controllers/Resource/RestoreTrait.php" line="18" class="Tests\Feature\GammaMatrix\Playground\Matrix\Resource\Http\Controllers\RoadmapRouteTest" classname="Tests.Feature.GammaMatrix.Playground.Matrix.Resource.Http.Controllers.RoadmapRouteTest" assertions="4" time="0.085795"/>
        <testcase name="test_restore_as_standard_user_and_succeed" file="/app/vendor/gammamatrix/playground-test/src/Feature/Http/Controllers/Resource/RestoreTrait.php" line="62" class="Tests\Feature\GammaMatrix\Playground\Matrix\Resource\Http\Controllers\RoadmapRouteTest" classname="Tests.Feature.GammaMatrix.Playground.Matrix.Resource.Http.Controllers.RoadmapRouteTest" assertions="4" time="0.097408"/>
        <testcase name="test_restore_as_standard_user_using_json_and_succeed" file="/app/vendor/gammamatrix/playground-test/src/Feature/Http/Controllers/Resource/RestoreTrait.php" line="104" class="Tests\Feature\GammaMatrix\Playground\Matrix\Resource\Http\Controllers\RoadmapRouteTest" classname="Tests.Feature.GammaMatrix.Playground.Matrix.Resource.Http.Controllers.RoadmapRouteTest" assertions="3" time="0.099645"/>
        <testcase name="test_restore_as_standard_user_and_succeed_with_redirect_to_index_with_only_trash" file="/app/vendor/gammamatrix/playground-test/src/Feature/Http/Controllers/Resource/RestoreTrait.php" line="144" class="Tests\Feature\GammaMatrix\Playground\Matrix\Resource\Http\Controllers\RoadmapRouteTest" classname="Tests.Feature.GammaMatrix.Playground.Matrix.Resource.Http.Controllers.RoadmapRouteTest" assertions="4" time="0.093750"/>
        <testcase name="test_restore_with_user_role_and_get_denied" file="/app/vendor/gammamatrix/playground-test/src/Feature/Http/Controllers/Resource/RestoreTrait.php" line="197" class="Tests\Feature\GammaMatrix\Playground\Matrix\Resource\Http\Controllers\RoadmapRouteTest" classname="Tests.Feature.GammaMatrix.Playground.Matrix.Resource.Http.Controllers.RoadmapRouteTest" assertions="3" time="0.092933"/>
        <testcase name="test_restore_with_admin_role_and_succeed" file="/app/vendor/gammamatrix/playground-test/src/Feature/Http/Controllers/Resource/RestoreTrait.php" line="244" class="Tests\Feature\GammaMatrix\Playground\Matrix\Resource\Http\Controllers\RoadmapRouteTest" classname="Tests.Feature.GammaMatrix.Playground.Matrix.Resource.Http.Controllers.RoadmapRouteTest" assertions="4" time="0.093392"/>
        <testcase name="test_guest_cannot_render_show_view" file="/app/vendor/gammamatrix/playground-test/src/Feature/Http/Controllers/Resource/ShowTrait.php" line="18" class="Tests\Feature\GammaMatrix\Playground\Matrix\Resource\Http\Controllers\RoadmapRouteTest" classname="Tests.Feature.GammaMatrix.Playground.Matrix.Resource.Http.Controllers.RoadmapRouteTest" assertions="2" time="0.085224"/>
        <testcase name="test_show_view_rendered_by_user" file="/app/vendor/gammamatrix/playground-test/src/Feature/Http/Controllers/Resource/ShowTrait.php" line="35" class="Tests\Feature\GammaMatrix\Playground\Matrix\Resource\Http\Controllers\RoadmapRouteTest" classname="Tests.Feature.GammaMatrix.Playground.Matrix.Resource.Http.Controllers.RoadmapRouteTest" assertions="2" time="0.098540"/>
        <testcase name="test_show_info_with_user_using_json" file="/app/vendor/gammamatrix/playground-test/src/Feature/Http/Controllers/Resource/ShowTrait.php" line="59" class="Tests\Feature\GammaMatrix\Playground\Matrix\Resource\Http\Controllers\RoadmapRouteTest" classname="Tests.Feature.GammaMatrix.Playground.Matrix.Resource.Http.Controllers.RoadmapRouteTest" assertions="4" time="0.092867"/>
        <testcase name="test_guest_cannot_unlock" file="/app/vendor/gammamatrix/playground-test/src/Feature/Http/Controllers/Resource/UnlockTrait.php" line="17" class="Tests\Feature\GammaMatrix\Playground\Matrix\Resource\Http\Controllers\RoadmapRouteTest" classname="Tests.Feature.GammaMatrix.Playground.Matrix.Resource.Http.Controllers.RoadmapRouteTest" assertions="4" time="0.125874"/>
        <testcase name="test_unlock_as_standard_user_and_succeed" file="/app/vendor/gammamatrix/playground-test/src/Feature/Http/Controllers/Resource/UnlockTrait.php" line="61" class="Tests\Feature\GammaMatrix\Playground\Matrix\Resource\Http\Controllers\RoadmapRouteTest" classname="Tests.Feature.GammaMatrix.Playground.Matrix.Resource.Http.Controllers.RoadmapRouteTest" assertions="4" time="0.095694"/>
        <testcase name="test_unlock_as_standard_user_using_json_and_succeed" file="/app/vendor/gammamatrix/playground-test/src/Feature/Http/Controllers/Resource/UnlockTrait.php" line="103" class="Tests\Feature\GammaMatrix\Playground\Matrix\Resource\Http\Controllers\RoadmapRouteTest" classname="Tests.Feature.GammaMatrix.Playground.Matrix.Resource.Http.Controllers.RoadmapRouteTest" assertions="3" time="0.097827"/>
        <testcase name="test_unlock_as_standard_user_and_succeed_with_redirect_to_index_with_sorted_by_unlocked_desc" file="/app/vendor/gammamatrix/playground-test/src/Feature/Http/Controllers/Resource/UnlockTrait.php" line="143" class="Tests\Feature\GammaMatrix\Playground\Matrix\Resource\Http\Controllers\RoadmapRouteTest" classname="Tests.Feature.GammaMatrix.Playground.Matrix.Resource.Http.Controllers.RoadmapRouteTest" assertions="4" time="0.094027"/>
        <testcase name="test_unlock_with_user_role_and_get_denied" file="/app/vendor/gammamatrix/playground-test/src/Feature/Http/Controllers/Resource/UnlockTrait.php" line="194" class="Tests\Feature\GammaMatrix\Playground\Matrix\Resource\Http\Controllers\RoadmapRouteTest" classname="Tests.Feature.GammaMatrix.Playground.Matrix.Resource.Http.Controllers.RoadmapRouteTest" assertions="3" time="0.087271"/>
        <testcase name="test_unlock_with_admin_role_and_succeed" file="/app/vendor/gammamatrix/playground-test/src/Feature/Http/Controllers/Resource/UnlockTrait.php" line="241" class="Tests\Feature\GammaMatrix\Playground\Matrix\Resource\Http\Controllers\RoadmapRouteTest" classname="Tests.Feature.GammaMatrix.Playground.Matrix.Resource.Http.Controllers.RoadmapRouteTest" assertions="4" time="0.096193"/>
        <testcase name="test_unlock_with_admin_role_and_succeed_with_json" file="/app/vendor/gammamatrix/playground-test/src/Feature/Http/Controllers/Resource/UnlockTrait.php" line="293" class="Tests\Feature\GammaMatrix\Playground\Matrix\Resource\Http\Controllers\RoadmapRouteTest" classname="Tests.Feature.GammaMatrix.Playground.Matrix.Resource.Http.Controllers.RoadmapRouteTest" assertions="97" time="0.109338"/>
      </testsuite>
      <testsuite name="Tests\Feature\GammaMatrix\Playground\Matrix\Resource\Http\Controllers\SourceRouteTest" file="/app/tests/Feature/Http/Controllers/SourceRouteTest.php" tests="42" assertions="338" errors="0" failures="0" skipped="0" time="4.330360">
        <testcase name="test_guest_cannot_render_create_view" file="/app/vendor/gammamatrix/playground-test/src/Feature/Http/Controllers/Resource/CreateTrait.php" line="17" class="Tests\Feature\GammaMatrix\Playground\Matrix\Resource\Http\Controllers\SourceRouteTest" classname="Tests.Feature.GammaMatrix.Playground.Matrix.Resource.Http.Controllers.SourceRouteTest" assertions="2" time="0.131028"/>
        <testcase name="test_create_view_rendered_by_user_with_return_url" file="/app/vendor/gammamatrix/playground-test/src/Feature/Http/Controllers/Resource/CreateTrait.php" line="28" class="Tests\Feature\GammaMatrix\Playground\Matrix\Resource\Http\Controllers\SourceRouteTest" classname="Tests.Feature.GammaMatrix.Playground.Matrix.Resource.Http.Controllers.SourceRouteTest" assertions="3" time="0.199490"/>
        <testcase name="test_create_info_with_user_using_json" file="/app/vendor/gammamatrix/playground-test/src/Feature/Http/Controllers/Resource/CreateTrait.php" line="53" class="Tests\Feature\GammaMatrix\Playground\Matrix\Resource\Http\Controllers\SourceRouteTest" classname="Tests.Feature.GammaMatrix.Playground.Matrix.Resource.Http.Controllers.SourceRouteTest" assertions="4" time="0.088554"/>
        <testcase name="test_create_view_rendered_by_user_with_invalid_parameter" file="/app/vendor/gammamatrix/playground-test/src/Feature/Http/Controllers/Resource/CreateTrait.php" line="74" class="Tests\Feature\GammaMatrix\Playground\Matrix\Resource\Http\Controllers\SourceRouteTest" classname="Tests.Feature.GammaMatrix.Playground.Matrix.Resource.Http.Controllers.SourceRouteTest" assertions="5" time="0.090340"/>
        <testcase name="test_guest_cannot_render_edit_view" file="/app/vendor/gammamatrix/playground-test/src/Feature/Http/Controllers/Resource/EditTrait.php" line="17" class="Tests\Feature\GammaMatrix\Playground\Matrix\Resource\Http\Controllers\SourceRouteTest" classname="Tests.Feature.GammaMatrix.Playground.Matrix.Resource.Http.Controllers.SourceRouteTest" assertions="2" time="0.090165"/>
        <testcase name="test_edit_view_rendered_by_user_with_return_url" file="/app/vendor/gammamatrix/playground-test/src/Feature/Http/Controllers/Resource/EditTrait.php" line="34" class="Tests\Feature\GammaMatrix\Playground\Matrix\Resource\Http\Controllers\SourceRouteTest" classname="Tests.Feature.GammaMatrix.Playground.Matrix.Resource.Http.Controllers.SourceRouteTest" assertions="3" time="0.139150"/>
        <testcase name="test_edit_info_with_user_using_json" file="/app/vendor/gammamatrix/playground-test/src/Feature/Http/Controllers/Resource/EditTrait.php" line="64" class="Tests\Feature\GammaMatrix\Playground\Matrix\Resource\Http\Controllers\SourceRouteTest" classname="Tests.Feature.GammaMatrix.Playground.Matrix.Resource.Http.Controllers.SourceRouteTest" assertions="4" time="0.099230"/>
        <testcase name="test_edit_view_rendered_by_user_with_invalid_parameter" file="/app/vendor/gammamatrix/playground-test/src/Feature/Http/Controllers/Resource/EditTrait.php" line="91" class="Tests\Feature\GammaMatrix\Playground\Matrix\Resource\Http\Controllers\SourceRouteTest" classname="Tests.Feature.GammaMatrix.Playground.Matrix.Resource.Http.Controllers.SourceRouteTest" assertions="4" time="0.096981"/>
        <testcase name="test_guest_cannot_destroy" file="/app/vendor/gammamatrix/playground-test/src/Feature/Http/Controllers/Resource/DestroyTrait.php" line="17" class="Tests\Feature\GammaMatrix\Playground\Matrix\Resource\Http\Controllers\SourceRouteTest" classname="Tests.Feature.GammaMatrix.Playground.Matrix.Resource.Http.Controllers.SourceRouteTest" assertions="4" time="0.086409"/>
        <testcase name="test_destroy_as_standard_user_and_succeed" file="/app/vendor/gammamatrix/playground-test/src/Feature/Http/Controllers/Resource/DestroyTrait.php" line="59" class="Tests\Feature\GammaMatrix\Playground\Matrix\Resource\Http\Controllers\SourceRouteTest" classname="Tests.Feature.GammaMatrix.Playground.Matrix.Resource.Http.Controllers.SourceRouteTest" assertions="5" time="0.093939"/>
        <testcase name="test_destroy_as_standard_user_and_succeed_with_force_delete" file="/app/vendor/gammamatrix/playground-test/src/Feature/Http/Controllers/Resource/DestroyTrait.php" line="102" class="Tests\Feature\GammaMatrix\Playground\Matrix\Resource\Http\Controllers\SourceRouteTest" classname="Tests.Feature.GammaMatrix.Playground.Matrix.Resource.Http.Controllers.SourceRouteTest" assertions="4" time="0.089619"/>
        <testcase name="test_destroy_as_standard_user_using_json_and_succeed_with_no_content" file="/app/vendor/gammamatrix/playground-test/src/Feature/Http/Controllers/Resource/DestroyTrait.php" line="140" class="Tests\Feature\GammaMatrix\Playground\Matrix\Resource\Http\Controllers\SourceRouteTest" classname="Tests.Feature.GammaMatrix.Playground.Matrix.Resource.Http.Controllers.SourceRouteTest" assertions="5" time="0.093833"/>
        <testcase name="test_destroy_as_standard_user_and_succeed_with_redirect_to_index_with_trash" file="/app/vendor/gammamatrix/playground-test/src/Feature/Http/Controllers/Resource/DestroyTrait.php" line="183" class="Tests\Feature\GammaMatrix\Playground\Matrix\Resource\Http\Controllers\SourceRouteTest" classname="Tests.Feature.GammaMatrix.Playground.Matrix.Resource.Http.Controllers.SourceRouteTest" assertions="5" time="0.130758"/>
        <testcase name="test_destroy_with_user_role_and_get_denied_and_no_force_delete_allowed" file="/app/vendor/gammamatrix/playground-test/src/Feature/Http/Controllers/Resource/DestroyTrait.php" line="239" class="Tests\Feature\GammaMatrix\Playground\Matrix\Resource\Http\Controllers\SourceRouteTest" classname="Tests.Feature.GammaMatrix.Playground.Matrix.Resource.Http.Controllers.SourceRouteTest" assertions="3" time="0.090286"/>
        <testcase name="test_destroy_with_admin_role_and_succeed" file="/app/vendor/gammamatrix/playground-test/src/Feature/Http/Controllers/Resource/DestroyTrait.php" line="286" class="Tests\Feature\GammaMatrix\Playground\Matrix\Resource\Http\Controllers\SourceRouteTest" classname="Tests.Feature.GammaMatrix.Playground.Matrix.Resource.Http.Controllers.SourceRouteTest" assertions="5" time="0.092037"/>
        <testcase name="test_destroy_with_admin_role_and_succeed_with_force_delete" file="/app/vendor/gammamatrix/playground-test/src/Feature/Http/Controllers/Resource/DestroyTrait.php" line="339" class="Tests\Feature\GammaMatrix\Playground\Matrix\Resource\Http\Controllers\SourceRouteTest" classname="Tests.Feature.GammaMatrix.Playground.Matrix.Resource.Http.Controllers.SourceRouteTest" assertions="4" time="0.089490"/>
        <testcase name="test_guest_cannot_render_index_view" file="/app/vendor/gammamatrix/playground-test/src/Feature/Http/Controllers/Resource/IndexTrait.php" line="18" class="Tests\Feature\GammaMatrix\Playground\Matrix\Resource\Http\Controllers\SourceRouteTest" classname="Tests.Feature.GammaMatrix.Playground.Matrix.Resource.Http.Controllers.SourceRouteTest" assertions="2" time="0.086505"/>
        <testcase name="test_index_view_rendered_by_user" file="/app/vendor/gammamatrix/playground-test/src/Feature/Http/Controllers/Resource/IndexTrait.php" line="32" class="Tests\Feature\GammaMatrix\Playground\Matrix\Resource\Http\Controllers\SourceRouteTest" classname="Tests.Feature.GammaMatrix.Playground.Matrix.Resource.Http.Controllers.SourceRouteTest" assertions="2" time="0.151410"/>
        <testcase name="test_index_info_with_user_using_json" file="/app/vendor/gammamatrix/playground-test/src/Feature/Http/Controllers/Resource/IndexTrait.php" line="51" class="Tests\Feature\GammaMatrix\Playground\Matrix\Resource\Http\Controllers\SourceRouteTest" classname="Tests.Feature.GammaMatrix.Playground.Matrix.Resource.Http.Controllers.SourceRouteTest" assertions="4" time="0.112910"/>
        <testcase name="test_guest_cannot_lock" file="/app/vendor/gammamatrix/playground-test/src/Feature/Http/Controllers/Resource/LockTrait.php" line="17" class="Tests\Feature\GammaMatrix\Playground\Matrix\Resource\Http\Controllers\SourceRouteTest" classname="Tests.Feature.GammaMatrix.Playground.Matrix.Resource.Http.Controllers.SourceRouteTest" assertions="4" time="0.084201"/>
        <testcase name="test_lock_as_standard_user_and_succeed" file="/app/vendor/gammamatrix/playground-test/src/Feature/Http/Controllers/Resource/LockTrait.php" line="59" class="Tests\Feature\GammaMatrix\Playground\Matrix\Resource\Http\Controllers\SourceRouteTest" classname="Tests.Feature.GammaMatrix.Playground.Matrix.Resource.Http.Controllers.SourceRouteTest" assertions="4" time="0.098425"/>
        <testcase name="test_lock_as_standard_user_using_json_and_succeed" file="/app/vendor/gammamatrix/playground-test/src/Feature/Http/Controllers/Resource/LockTrait.php" line="100" class="Tests\Feature\GammaMatrix\Playground\Matrix\Resource\Http\Controllers\SourceRouteTest" classname="Tests.Feature.GammaMatrix.Playground.Matrix.Resource.Http.Controllers.SourceRouteTest" assertions="3" time="0.098233"/>
        <testcase name="test_lock_as_standard_user_and_succeed_with_redirect_to_index_with_sorted_by_locked_desc" file="/app/vendor/gammamatrix/playground-test/src/Feature/Http/Controllers/Resource/LockTrait.php" line="139" class="Tests\Feature\GammaMatrix\Playground\Matrix\Resource\Http\Controllers\SourceRouteTest" classname="Tests.Feature.GammaMatrix.Playground.Matrix.Resource.Http.Controllers.SourceRouteTest" assertions="4" time="0.094192"/>
        <testcase name="test_lock_with_user_role_and_get_denied" file="/app/vendor/gammamatrix/playground-test/src/Feature/Http/Controllers/Resource/LockTrait.php" line="189" class="Tests\Feature\GammaMatrix\Playground\Matrix\Resource\Http\Controllers\SourceRouteTest" classname="Tests.Feature.GammaMatrix.Playground.Matrix.Resource.Http.Controllers.SourceRouteTest" assertions="3" time="0.138697"/>
        <testcase name="test_lock_with_admin_role_and_succeed" file="/app/vendor/gammamatrix/playground-test/src/Feature/Http/Controllers/Resource/LockTrait.php" line="235" class="Tests\Feature\GammaMatrix\Playground\Matrix\Resource\Http\Controllers\SourceRouteTest" classname="Tests.Feature.GammaMatrix.Playground.Matrix.Resource.Http.Controllers.SourceRouteTest" assertions="4" time="0.098598"/>
        <testcase name="test_lock_with_admin_role_and_succeed_with_json" file="/app/vendor/gammamatrix/playground-test/src/Feature/Http/Controllers/Resource/LockTrait.php" line="286" class="Tests\Feature\GammaMatrix\Playground\Matrix\Resource\Http\Controllers\SourceRouteTest" classname="Tests.Feature.GammaMatrix.Playground.Matrix.Resource.Http.Controllers.SourceRouteTest" assertions="97" time="0.110940"/>
        <testcase name="test_guest_cannot_restore" file="/app/vendor/gammamatrix/playground-test/src/Feature/Http/Controllers/Resource/RestoreTrait.php" line="18" class="Tests\Feature\GammaMatrix\Playground\Matrix\Resource\Http\Controllers\SourceRouteTest" classname="Tests.Feature.GammaMatrix.Playground.Matrix.Resource.Http.Controllers.SourceRouteTest" assertions="4" time="0.085259"/>
        <testcase name="test_restore_as_standard_user_and_succeed" file="/app/vendor/gammamatrix/playground-test/src/Feature/Http/Controllers/Resource/RestoreTrait.php" line="62" class="Tests\Feature\GammaMatrix\Playground\Matrix\Resource\Http\Controllers\SourceRouteTest" classname="Tests.Feature.GammaMatrix.Playground.Matrix.Resource.Http.Controllers.SourceRouteTest" assertions="4" time="0.095858"/>
        <testcase name="test_restore_as_standard_user_using_json_and_succeed" file="/app/vendor/gammamatrix/playground-test/src/Feature/Http/Controllers/Resource/RestoreTrait.php" line="104" class="Tests\Feature\GammaMatrix\Playground\Matrix\Resource\Http\Controllers\SourceRouteTest" classname="Tests.Feature.GammaMatrix.Playground.Matrix.Resource.Http.Controllers.SourceRouteTest" assertions="3" time="0.100563"/>
        <testcase name="test_restore_as_standard_user_and_succeed_with_redirect_to_index_with_only_trash" file="/app/vendor/gammamatrix/playground-test/src/Feature/Http/Controllers/Resource/RestoreTrait.php" line="144" class="Tests\Feature\GammaMatrix\Playground\Matrix\Resource\Http\Controllers\SourceRouteTest" classname="Tests.Feature.GammaMatrix.Playground.Matrix.Resource.Http.Controllers.SourceRouteTest" assertions="4" time="0.095232"/>
        <testcase name="test_restore_with_user_role_and_get_denied" file="/app/vendor/gammamatrix/playground-test/src/Feature/Http/Controllers/Resource/RestoreTrait.php" line="197" class="Tests\Feature\GammaMatrix\Playground\Matrix\Resource\Http\Controllers\SourceRouteTest" classname="Tests.Feature.GammaMatrix.Playground.Matrix.Resource.Http.Controllers.SourceRouteTest" assertions="3" time="0.088123"/>
        <testcase name="test_restore_with_admin_role_and_succeed" file="/app/vendor/gammamatrix/playground-test/src/Feature/Http/Controllers/Resource/RestoreTrait.php" line="244" class="Tests\Feature\GammaMatrix\Playground\Matrix\Resource\Http\Controllers\SourceRouteTest" classname="Tests.Feature.GammaMatrix.Playground.Matrix.Resource.Http.Controllers.SourceRouteTest" assertions="4" time="0.094625"/>
        <testcase name="test_guest_cannot_render_show_view" file="/app/vendor/gammamatrix/playground-test/src/Feature/Http/Controllers/Resource/ShowTrait.php" line="18" class="Tests\Feature\GammaMatrix\Playground\Matrix\Resource\Http\Controllers\SourceRouteTest" classname="Tests.Feature.GammaMatrix.Playground.Matrix.Resource.Http.Controllers.SourceRouteTest" assertions="2" time="0.084327"/>
        <testcase name="test_show_view_rendered_by_user" file="/app/vendor/gammamatrix/playground-test/src/Feature/Http/Controllers/Resource/ShowTrait.php" line="35" class="Tests\Feature\GammaMatrix\Playground\Matrix\Resource\Http\Controllers\SourceRouteTest" classname="Tests.Feature.GammaMatrix.Playground.Matrix.Resource.Http.Controllers.SourceRouteTest" assertions="2" time="0.095503"/>
        <testcase name="test_show_info_with_user_using_json" file="/app/vendor/gammamatrix/playground-test/src/Feature/Http/Controllers/Resource/ShowTrait.php" line="59" class="Tests\Feature\GammaMatrix\Playground\Matrix\Resource\Http\Controllers\SourceRouteTest" classname="Tests.Feature.GammaMatrix.Playground.Matrix.Resource.Http.Controllers.SourceRouteTest" assertions="4" time="0.145151"/>
        <testcase name="test_guest_cannot_unlock" file="/app/vendor/gammamatrix/playground-test/src/Feature/Http/Controllers/Resource/UnlockTrait.php" line="17" class="Tests\Feature\GammaMatrix\Playground\Matrix\Resource\Http\Controllers\SourceRouteTest" classname="Tests.Feature.GammaMatrix.Playground.Matrix.Resource.Http.Controllers.SourceRouteTest" assertions="4" time="0.080764"/>
        <testcase name="test_unlock_as_standard_user_and_succeed" file="/app/vendor/gammamatrix/playground-test/src/Feature/Http/Controllers/Resource/UnlockTrait.php" line="61" class="Tests\Feature\GammaMatrix\Playground\Matrix\Resource\Http\Controllers\SourceRouteTest" classname="Tests.Feature.GammaMatrix.Playground.Matrix.Resource.Http.Controllers.SourceRouteTest" assertions="4" time="0.098278"/>
        <testcase name="test_unlock_as_standard_user_using_json_and_succeed" file="/app/vendor/gammamatrix/playground-test/src/Feature/Http/Controllers/Resource/UnlockTrait.php" line="103" class="Tests\Feature\GammaMatrix\Playground\Matrix\Resource\Http\Controllers\SourceRouteTest" classname="Tests.Feature.GammaMatrix.Playground.Matrix.Resource.Http.Controllers.SourceRouteTest" assertions="3" time="0.099490"/>
        <testcase name="test_unlock_as_standard_user_and_succeed_with_redirect_to_index_with_sorted_by_unlocked_desc" file="/app/vendor/gammamatrix/playground-test/src/Feature/Http/Controllers/Resource/UnlockTrait.php" line="143" class="Tests\Feature\GammaMatrix\Playground\Matrix\Resource\Http\Controllers\SourceRouteTest" classname="Tests.Feature.GammaMatrix.Playground.Matrix.Resource.Http.Controllers.SourceRouteTest" assertions="4" time="0.096507"/>
        <testcase name="test_unlock_with_user_role_and_get_denied" file="/app/vendor/gammamatrix/playground-test/src/Feature/Http/Controllers/Resource/UnlockTrait.php" line="194" class="Tests\Feature\GammaMatrix\Playground\Matrix\Resource\Http\Controllers\SourceRouteTest" classname="Tests.Feature.GammaMatrix.Playground.Matrix.Resource.Http.Controllers.SourceRouteTest" assertions="3" time="0.092135"/>
        <testcase name="test_unlock_with_admin_role_and_succeed" file="/app/vendor/gammamatrix/playground-test/src/Feature/Http/Controllers/Resource/UnlockTrait.php" line="241" class="Tests\Feature\GammaMatrix\Playground\Matrix\Resource\Http\Controllers\SourceRouteTest" classname="Tests.Feature.GammaMatrix.Playground.Matrix.Resource.Http.Controllers.SourceRouteTest" assertions="4" time="0.093204"/>
        <testcase name="test_unlock_with_admin_role_and_succeed_with_json" file="/app/vendor/gammamatrix/playground-test/src/Feature/Http/Controllers/Resource/UnlockTrait.php" line="293" class="Tests\Feature\GammaMatrix\Playground\Matrix\Resource\Http\Controllers\SourceRouteTest" classname="Tests.Feature.GammaMatrix.Playground.Matrix.Resource.Http.Controllers.SourceRouteTest" assertions="97" time="0.109922"/>
      </testsuite>
      <testsuite name="Tests\Feature\GammaMatrix\Playground\Matrix\Resource\Http\Controllers\SprintRouteTest" file="/app/tests/Feature/Http/Controllers/SprintRouteTest.php" tests="42" assertions="338" errors="0" failures="0" skipped="0" time="4.430708">
        <testcase name="test_guest_cannot_render_create_view" file="/app/vendor/gammamatrix/playground-test/src/Feature/Http/Controllers/Resource/CreateTrait.php" line="17" class="Tests\Feature\GammaMatrix\Playground\Matrix\Resource\Http\Controllers\SprintRouteTest" classname="Tests.Feature.GammaMatrix.Playground.Matrix.Resource.Http.Controllers.SprintRouteTest" assertions="2" time="0.130095"/>
        <testcase name="test_create_view_rendered_by_user_with_return_url" file="/app/vendor/gammamatrix/playground-test/src/Feature/Http/Controllers/Resource/CreateTrait.php" line="28" class="Tests\Feature\GammaMatrix\Playground\Matrix\Resource\Http\Controllers\SprintRouteTest" classname="Tests.Feature.GammaMatrix.Playground.Matrix.Resource.Http.Controllers.SprintRouteTest" assertions="3" time="0.153863"/>
        <testcase name="test_create_info_with_user_using_json" file="/app/vendor/gammamatrix/playground-test/src/Feature/Http/Controllers/Resource/CreateTrait.php" line="53" class="Tests\Feature\GammaMatrix\Playground\Matrix\Resource\Http\Controllers\SprintRouteTest" classname="Tests.Feature.GammaMatrix.Playground.Matrix.Resource.Http.Controllers.SprintRouteTest" assertions="4" time="0.090465"/>
        <testcase name="test_create_view_rendered_by_user_with_invalid_parameter" file="/app/vendor/gammamatrix/playground-test/src/Feature/Http/Controllers/Resource/CreateTrait.php" line="74" class="Tests\Feature\GammaMatrix\Playground\Matrix\Resource\Http\Controllers\SprintRouteTest" classname="Tests.Feature.GammaMatrix.Playground.Matrix.Resource.Http.Controllers.SprintRouteTest" assertions="5" time="0.142339"/>
        <testcase name="test_guest_cannot_render_edit_view" file="/app/vendor/gammamatrix/playground-test/src/Feature/Http/Controllers/Resource/EditTrait.php" line="17" class="Tests\Feature\GammaMatrix\Playground\Matrix\Resource\Http\Controllers\SprintRouteTest" classname="Tests.Feature.GammaMatrix.Playground.Matrix.Resource.Http.Controllers.SprintRouteTest" assertions="2" time="0.086725"/>
        <testcase name="test_edit_view_rendered_by_user_with_return_url" file="/app/vendor/gammamatrix/playground-test/src/Feature/Http/Controllers/Resource/EditTrait.php" line="34" class="Tests\Feature\GammaMatrix\Playground\Matrix\Resource\Http\Controllers\SprintRouteTest" classname="Tests.Feature.GammaMatrix.Playground.Matrix.Resource.Http.Controllers.SprintRouteTest" assertions="3" time="0.131846"/>
        <testcase name="test_edit_info_with_user_using_json" file="/app/vendor/gammamatrix/playground-test/src/Feature/Http/Controllers/Resource/EditTrait.php" line="64" class="Tests\Feature\GammaMatrix\Playground\Matrix\Resource\Http\Controllers\SprintRouteTest" classname="Tests.Feature.GammaMatrix.Playground.Matrix.Resource.Http.Controllers.SprintRouteTest" assertions="4" time="0.103480"/>
        <testcase name="test_edit_view_rendered_by_user_with_invalid_parameter" file="/app/vendor/gammamatrix/playground-test/src/Feature/Http/Controllers/Resource/EditTrait.php" line="91" class="Tests\Feature\GammaMatrix\Playground\Matrix\Resource\Http\Controllers\SprintRouteTest" classname="Tests.Feature.GammaMatrix.Playground.Matrix.Resource.Http.Controllers.SprintRouteTest" assertions="4" time="0.095378"/>
        <testcase name="test_guest_cannot_destroy" file="/app/vendor/gammamatrix/playground-test/src/Feature/Http/Controllers/Resource/DestroyTrait.php" line="17" class="Tests\Feature\GammaMatrix\Playground\Matrix\Resource\Http\Controllers\SprintRouteTest" classname="Tests.Feature.GammaMatrix.Playground.Matrix.Resource.Http.Controllers.SprintRouteTest" assertions="4" time="0.087254"/>
        <testcase name="test_destroy_as_standard_user_and_succeed" file="/app/vendor/gammamatrix/playground-test/src/Feature/Http/Controllers/Resource/DestroyTrait.php" line="59" class="Tests\Feature\GammaMatrix\Playground\Matrix\Resource\Http\Controllers\SprintRouteTest" classname="Tests.Feature.GammaMatrix.Playground.Matrix.Resource.Http.Controllers.SprintRouteTest" assertions="5" time="0.096033"/>
        <testcase name="test_destroy_as_standard_user_and_succeed_with_force_delete" file="/app/vendor/gammamatrix/playground-test/src/Feature/Http/Controllers/Resource/DestroyTrait.php" line="102" class="Tests\Feature\GammaMatrix\Playground\Matrix\Resource\Http\Controllers\SprintRouteTest" classname="Tests.Feature.GammaMatrix.Playground.Matrix.Resource.Http.Controllers.SprintRouteTest" assertions="4" time="0.090254"/>
        <testcase name="test_destroy_as_standard_user_using_json_and_succeed_with_no_content" file="/app/vendor/gammamatrix/playground-test/src/Feature/Http/Controllers/Resource/DestroyTrait.php" line="140" class="Tests\Feature\GammaMatrix\Playground\Matrix\Resource\Http\Controllers\SprintRouteTest" classname="Tests.Feature.GammaMatrix.Playground.Matrix.Resource.Http.Controllers.SprintRouteTest" assertions="5" time="0.145615"/>
        <testcase name="test_destroy_as_standard_user_and_succeed_with_redirect_to_index_with_trash" file="/app/vendor/gammamatrix/playground-test/src/Feature/Http/Controllers/Resource/DestroyTrait.php" line="183" class="Tests\Feature\GammaMatrix\Playground\Matrix\Resource\Http\Controllers\SprintRouteTest" classname="Tests.Feature.GammaMatrix.Playground.Matrix.Resource.Http.Controllers.SprintRouteTest" assertions="5" time="0.091482"/>
        <testcase name="test_destroy_with_user_role_and_get_denied_and_no_force_delete_allowed" file="/app/vendor/gammamatrix/playground-test/src/Feature/Http/Controllers/Resource/DestroyTrait.php" line="239" class="Tests\Feature\GammaMatrix\Playground\Matrix\Resource\Http\Controllers\SprintRouteTest" classname="Tests.Feature.GammaMatrix.Playground.Matrix.Resource.Http.Controllers.SprintRouteTest" assertions="3" time="0.090577"/>
        <testcase name="test_destroy_with_admin_role_and_succeed" file="/app/vendor/gammamatrix/playground-test/src/Feature/Http/Controllers/Resource/DestroyTrait.php" line="286" class="Tests\Feature\GammaMatrix\Playground\Matrix\Resource\Http\Controllers\SprintRouteTest" classname="Tests.Feature.GammaMatrix.Playground.Matrix.Resource.Http.Controllers.SprintRouteTest" assertions="5" time="0.152705"/>
        <testcase name="test_destroy_with_admin_role_and_succeed_with_force_delete" file="/app/vendor/gammamatrix/playground-test/src/Feature/Http/Controllers/Resource/DestroyTrait.php" line="339" class="Tests\Feature\GammaMatrix\Playground\Matrix\Resource\Http\Controllers\SprintRouteTest" classname="Tests.Feature.GammaMatrix.Playground.Matrix.Resource.Http.Controllers.SprintRouteTest" assertions="4" time="0.089854"/>
        <testcase name="test_guest_cannot_render_index_view" file="/app/vendor/gammamatrix/playground-test/src/Feature/Http/Controllers/Resource/IndexTrait.php" line="18" class="Tests\Feature\GammaMatrix\Playground\Matrix\Resource\Http\Controllers\SprintRouteTest" classname="Tests.Feature.GammaMatrix.Playground.Matrix.Resource.Http.Controllers.SprintRouteTest" assertions="2" time="0.084970"/>
        <testcase name="test_index_view_rendered_by_user" file="/app/vendor/gammamatrix/playground-test/src/Feature/Http/Controllers/Resource/IndexTrait.php" line="32" class="Tests\Feature\GammaMatrix\Playground\Matrix\Resource\Http\Controllers\SprintRouteTest" classname="Tests.Feature.GammaMatrix.Playground.Matrix.Resource.Http.Controllers.SprintRouteTest" assertions="2" time="0.158548"/>
        <testcase name="test_index_info_with_user_using_json" file="/app/vendor/gammamatrix/playground-test/src/Feature/Http/Controllers/Resource/IndexTrait.php" line="51" class="Tests\Feature\GammaMatrix\Playground\Matrix\Resource\Http\Controllers\SprintRouteTest" classname="Tests.Feature.GammaMatrix.Playground.Matrix.Resource.Http.Controllers.SprintRouteTest" assertions="4" time="0.111935"/>
        <testcase name="test_guest_cannot_lock" file="/app/vendor/gammamatrix/playground-test/src/Feature/Http/Controllers/Resource/LockTrait.php" line="17" class="Tests\Feature\GammaMatrix\Playground\Matrix\Resource\Http\Controllers\SprintRouteTest" classname="Tests.Feature.GammaMatrix.Playground.Matrix.Resource.Http.Controllers.SprintRouteTest" assertions="4" time="0.083969"/>
        <testcase name="test_lock_as_standard_user_and_succeed" file="/app/vendor/gammamatrix/playground-test/src/Feature/Http/Controllers/Resource/LockTrait.php" line="59" class="Tests\Feature\GammaMatrix\Playground\Matrix\Resource\Http\Controllers\SprintRouteTest" classname="Tests.Feature.GammaMatrix.Playground.Matrix.Resource.Http.Controllers.SprintRouteTest" assertions="4" time="0.099193"/>
        <testcase name="test_lock_as_standard_user_using_json_and_succeed" file="/app/vendor/gammamatrix/playground-test/src/Feature/Http/Controllers/Resource/LockTrait.php" line="100" class="Tests\Feature\GammaMatrix\Playground\Matrix\Resource\Http\Controllers\SprintRouteTest" classname="Tests.Feature.GammaMatrix.Playground.Matrix.Resource.Http.Controllers.SprintRouteTest" assertions="3" time="0.097639"/>
        <testcase name="test_lock_as_standard_user_and_succeed_with_redirect_to_index_with_sorted_by_locked_desc" file="/app/vendor/gammamatrix/playground-test/src/Feature/Http/Controllers/Resource/LockTrait.php" line="139" class="Tests\Feature\GammaMatrix\Playground\Matrix\Resource\Http\Controllers\SprintRouteTest" classname="Tests.Feature.GammaMatrix.Playground.Matrix.Resource.Http.Controllers.SprintRouteTest" assertions="4" time="0.142896"/>
        <testcase name="test_lock_with_user_role_and_get_denied" file="/app/vendor/gammamatrix/playground-test/src/Feature/Http/Controllers/Resource/LockTrait.php" line="189" class="Tests\Feature\GammaMatrix\Playground\Matrix\Resource\Http\Controllers\SprintRouteTest" classname="Tests.Feature.GammaMatrix.Playground.Matrix.Resource.Http.Controllers.SprintRouteTest" assertions="3" time="0.091020"/>
        <testcase name="test_lock_with_admin_role_and_succeed" file="/app/vendor/gammamatrix/playground-test/src/Feature/Http/Controllers/Resource/LockTrait.php" line="235" class="Tests\Feature\GammaMatrix\Playground\Matrix\Resource\Http\Controllers\SprintRouteTest" classname="Tests.Feature.GammaMatrix.Playground.Matrix.Resource.Http.Controllers.SprintRouteTest" assertions="4" time="0.095635"/>
        <testcase name="test_lock_with_admin_role_and_succeed_with_json" file="/app/vendor/gammamatrix/playground-test/src/Feature/Http/Controllers/Resource/LockTrait.php" line="286" class="Tests\Feature\GammaMatrix\Playground\Matrix\Resource\Http\Controllers\SprintRouteTest" classname="Tests.Feature.GammaMatrix.Playground.Matrix.Resource.Http.Controllers.SprintRouteTest" assertions="97" time="0.109996"/>
        <testcase name="test_guest_cannot_restore" file="/app/vendor/gammamatrix/playground-test/src/Feature/Http/Controllers/Resource/RestoreTrait.php" line="18" class="Tests\Feature\GammaMatrix\Playground\Matrix\Resource\Http\Controllers\SprintRouteTest" classname="Tests.Feature.GammaMatrix.Playground.Matrix.Resource.Http.Controllers.SprintRouteTest" assertions="4" time="0.085289"/>
        <testcase name="test_restore_as_standard_user_and_succeed" file="/app/vendor/gammamatrix/playground-test/src/Feature/Http/Controllers/Resource/RestoreTrait.php" line="62" class="Tests\Feature\GammaMatrix\Playground\Matrix\Resource\Http\Controllers\SprintRouteTest" classname="Tests.Feature.GammaMatrix.Playground.Matrix.Resource.Http.Controllers.SprintRouteTest" assertions="4" time="0.098138"/>
        <testcase name="test_restore_as_standard_user_using_json_and_succeed" file="/app/vendor/gammamatrix/playground-test/src/Feature/Http/Controllers/Resource/RestoreTrait.php" line="104" class="Tests\Feature\GammaMatrix\Playground\Matrix\Resource\Http\Controllers\SprintRouteTest" classname="Tests.Feature.GammaMatrix.Playground.Matrix.Resource.Http.Controllers.SprintRouteTest" assertions="3" time="0.099450"/>
        <testcase name="test_restore_as_standard_user_and_succeed_with_redirect_to_index_with_only_trash" file="/app/vendor/gammamatrix/playground-test/src/Feature/Http/Controllers/Resource/RestoreTrait.php" line="144" class="Tests\Feature\GammaMatrix\Playground\Matrix\Resource\Http\Controllers\SprintRouteTest" classname="Tests.Feature.GammaMatrix.Playground.Matrix.Resource.Http.Controllers.SprintRouteTest" assertions="4" time="0.094146"/>
        <testcase name="test_restore_with_user_role_and_get_denied" file="/app/vendor/gammamatrix/playground-test/src/Feature/Http/Controllers/Resource/RestoreTrait.php" line="197" class="Tests\Feature\GammaMatrix\Playground\Matrix\Resource\Http\Controllers\SprintRouteTest" classname="Tests.Feature.GammaMatrix.Playground.Matrix.Resource.Http.Controllers.SprintRouteTest" assertions="3" time="0.091908"/>
        <testcase name="test_restore_with_admin_role_and_succeed" file="/app/vendor/gammamatrix/playground-test/src/Feature/Http/Controllers/Resource/RestoreTrait.php" line="244" class="Tests\Feature\GammaMatrix\Playground\Matrix\Resource\Http\Controllers\SprintRouteTest" classname="Tests.Feature.GammaMatrix.Playground.Matrix.Resource.Http.Controllers.SprintRouteTest" assertions="4" time="0.097663"/>
        <testcase name="test_guest_cannot_render_show_view" file="/app/vendor/gammamatrix/playground-test/src/Feature/Http/Controllers/Resource/ShowTrait.php" line="18" class="Tests\Feature\GammaMatrix\Playground\Matrix\Resource\Http\Controllers\SprintRouteTest" classname="Tests.Feature.GammaMatrix.Playground.Matrix.Resource.Http.Controllers.SprintRouteTest" assertions="2" time="0.083573"/>
        <testcase name="test_show_view_rendered_by_user" file="/app/vendor/gammamatrix/playground-test/src/Feature/Http/Controllers/Resource/ShowTrait.php" line="35" class="Tests\Feature\GammaMatrix\Playground\Matrix\Resource\Http\Controllers\SprintRouteTest" classname="Tests.Feature.GammaMatrix.Playground.Matrix.Resource.Http.Controllers.SprintRouteTest" assertions="2" time="0.097676"/>
        <testcase name="test_show_info_with_user_using_json" file="/app/vendor/gammamatrix/playground-test/src/Feature/Http/Controllers/Resource/ShowTrait.php" line="59" class="Tests\Feature\GammaMatrix\Playground\Matrix\Resource\Http\Controllers\SprintRouteTest" classname="Tests.Feature.GammaMatrix.Playground.Matrix.Resource.Http.Controllers.SprintRouteTest" assertions="4" time="0.095023"/>
        <testcase name="test_guest_cannot_unlock" file="/app/vendor/gammamatrix/playground-test/src/Feature/Http/Controllers/Resource/UnlockTrait.php" line="17" class="Tests\Feature\GammaMatrix\Playground\Matrix\Resource\Http\Controllers\SprintRouteTest" classname="Tests.Feature.GammaMatrix.Playground.Matrix.Resource.Http.Controllers.SprintRouteTest" assertions="4" time="0.086807"/>
        <testcase name="test_unlock_as_standard_user_and_succeed" file="/app/vendor/gammamatrix/playground-test/src/Feature/Http/Controllers/Resource/UnlockTrait.php" line="61" class="Tests\Feature\GammaMatrix\Playground\Matrix\Resource\Http\Controllers\SprintRouteTest" classname="Tests.Feature.GammaMatrix.Playground.Matrix.Resource.Http.Controllers.SprintRouteTest" assertions="4" time="0.151592"/>
        <testcase name="test_unlock_as_standard_user_using_json_and_succeed" file="/app/vendor/gammamatrix/playground-test/src/Feature/Http/Controllers/Resource/UnlockTrait.php" line="103" class="Tests\Feature\GammaMatrix\Playground\Matrix\Resource\Http\Controllers\SprintRouteTest" classname="Tests.Feature.GammaMatrix.Playground.Matrix.Resource.Http.Controllers.SprintRouteTest" assertions="3" time="0.105460"/>
        <testcase name="test_unlock_as_standard_user_and_succeed_with_redirect_to_index_with_sorted_by_unlocked_desc" file="/app/vendor/gammamatrix/playground-test/src/Feature/Http/Controllers/Resource/UnlockTrait.php" line="143" class="Tests\Feature\GammaMatrix\Playground\Matrix\Resource\Http\Controllers\SprintRouteTest" classname="Tests.Feature.GammaMatrix.Playground.Matrix.Resource.Http.Controllers.SprintRouteTest" assertions="4" time="0.094870"/>
        <testcase name="test_unlock_with_user_role_and_get_denied" file="/app/vendor/gammamatrix/playground-test/src/Feature/Http/Controllers/Resource/UnlockTrait.php" line="194" class="Tests\Feature\GammaMatrix\Playground\Matrix\Resource\Http\Controllers\SprintRouteTest" classname="Tests.Feature.GammaMatrix.Playground.Matrix.Resource.Http.Controllers.SprintRouteTest" assertions="3" time="0.096449"/>
        <testcase name="test_unlock_with_admin_role_and_succeed" file="/app/vendor/gammamatrix/playground-test/src/Feature/Http/Controllers/Resource/UnlockTrait.php" line="241" class="Tests\Feature\GammaMatrix\Playground\Matrix\Resource\Http\Controllers\SprintRouteTest" classname="Tests.Feature.GammaMatrix.Playground.Matrix.Resource.Http.Controllers.SprintRouteTest" assertions="4" time="0.092445"/>
        <testcase name="test_unlock_with_admin_role_and_succeed_with_json" file="/app/vendor/gammamatrix/playground-test/src/Feature/Http/Controllers/Resource/UnlockTrait.php" line="293" class="Tests\Feature\GammaMatrix\Playground\Matrix\Resource\Http\Controllers\SprintRouteTest" classname="Tests.Feature.GammaMatrix.Playground.Matrix.Resource.Http.Controllers.SprintRouteTest" assertions="97" time="0.106450"/>
      </testsuite>
      <testsuite name="Tests\Feature\GammaMatrix\Playground\Matrix\Resource\Http\Controllers\TagRouteTest" file="/app/tests/Feature/Http/Controllers/TagRouteTest.php" tests="42" assertions="338" errors="0" failures="0" skipped="0" time="4.403468">
        <testcase name="test_guest_cannot_render_create_view" file="/app/vendor/gammamatrix/playground-test/src/Feature/Http/Controllers/Resource/CreateTrait.php" line="17" class="Tests\Feature\GammaMatrix\Playground\Matrix\Resource\Http\Controllers\TagRouteTest" classname="Tests.Feature.GammaMatrix.Playground.Matrix.Resource.Http.Controllers.TagRouteTest" assertions="2" time="0.130315"/>
        <testcase name="test_create_view_rendered_by_user_with_return_url" file="/app/vendor/gammamatrix/playground-test/src/Feature/Http/Controllers/Resource/CreateTrait.php" line="28" class="Tests\Feature\GammaMatrix\Playground\Matrix\Resource\Http\Controllers\TagRouteTest" classname="Tests.Feature.GammaMatrix.Playground.Matrix.Resource.Http.Controllers.TagRouteTest" assertions="3" time="0.148133"/>
        <testcase name="test_create_info_with_user_using_json" file="/app/vendor/gammamatrix/playground-test/src/Feature/Http/Controllers/Resource/CreateTrait.php" line="53" class="Tests\Feature\GammaMatrix\Playground\Matrix\Resource\Http\Controllers\TagRouteTest" classname="Tests.Feature.GammaMatrix.Playground.Matrix.Resource.Http.Controllers.TagRouteTest" assertions="4" time="0.151223"/>
        <testcase name="test_create_view_rendered_by_user_with_invalid_parameter" file="/app/vendor/gammamatrix/playground-test/src/Feature/Http/Controllers/Resource/CreateTrait.php" line="74" class="Tests\Feature\GammaMatrix\Playground\Matrix\Resource\Http\Controllers\TagRouteTest" classname="Tests.Feature.GammaMatrix.Playground.Matrix.Resource.Http.Controllers.TagRouteTest" assertions="5" time="0.090883"/>
        <testcase name="test_guest_cannot_render_edit_view" file="/app/vendor/gammamatrix/playground-test/src/Feature/Http/Controllers/Resource/EditTrait.php" line="17" class="Tests\Feature\GammaMatrix\Playground\Matrix\Resource\Http\Controllers\TagRouteTest" classname="Tests.Feature.GammaMatrix.Playground.Matrix.Resource.Http.Controllers.TagRouteTest" assertions="2" time="0.085810"/>
        <testcase name="test_edit_view_rendered_by_user_with_return_url" file="/app/vendor/gammamatrix/playground-test/src/Feature/Http/Controllers/Resource/EditTrait.php" line="34" class="Tests\Feature\GammaMatrix\Playground\Matrix\Resource\Http\Controllers\TagRouteTest" classname="Tests.Feature.GammaMatrix.Playground.Matrix.Resource.Http.Controllers.TagRouteTest" assertions="3" time="0.136348"/>
        <testcase name="test_edit_info_with_user_using_json" file="/app/vendor/gammamatrix/playground-test/src/Feature/Http/Controllers/Resource/EditTrait.php" line="64" class="Tests\Feature\GammaMatrix\Playground\Matrix\Resource\Http\Controllers\TagRouteTest" classname="Tests.Feature.GammaMatrix.Playground.Matrix.Resource.Http.Controllers.TagRouteTest" assertions="4" time="0.107323"/>
        <testcase name="test_edit_view_rendered_by_user_with_invalid_parameter" file="/app/vendor/gammamatrix/playground-test/src/Feature/Http/Controllers/Resource/EditTrait.php" line="91" class="Tests\Feature\GammaMatrix\Playground\Matrix\Resource\Http\Controllers\TagRouteTest" classname="Tests.Feature.GammaMatrix.Playground.Matrix.Resource.Http.Controllers.TagRouteTest" assertions="4" time="0.096710"/>
        <testcase name="test_guest_cannot_destroy" file="/app/vendor/gammamatrix/playground-test/src/Feature/Http/Controllers/Resource/DestroyTrait.php" line="17" class="Tests\Feature\GammaMatrix\Playground\Matrix\Resource\Http\Controllers\TagRouteTest" classname="Tests.Feature.GammaMatrix.Playground.Matrix.Resource.Http.Controllers.TagRouteTest" assertions="4" time="0.086226"/>
        <testcase name="test_destroy_as_standard_user_and_succeed" file="/app/vendor/gammamatrix/playground-test/src/Feature/Http/Controllers/Resource/DestroyTrait.php" line="59" class="Tests\Feature\GammaMatrix\Playground\Matrix\Resource\Http\Controllers\TagRouteTest" classname="Tests.Feature.GammaMatrix.Playground.Matrix.Resource.Http.Controllers.TagRouteTest" assertions="5" time="0.095552"/>
        <testcase name="test_destroy_as_standard_user_and_succeed_with_force_delete" file="/app/vendor/gammamatrix/playground-test/src/Feature/Http/Controllers/Resource/DestroyTrait.php" line="102" class="Tests\Feature\GammaMatrix\Playground\Matrix\Resource\Http\Controllers\TagRouteTest" classname="Tests.Feature.GammaMatrix.Playground.Matrix.Resource.Http.Controllers.TagRouteTest" assertions="4" time="0.090857"/>
        <testcase name="test_destroy_as_standard_user_using_json_and_succeed_with_no_content" file="/app/vendor/gammamatrix/playground-test/src/Feature/Http/Controllers/Resource/DestroyTrait.php" line="140" class="Tests\Feature\GammaMatrix\Playground\Matrix\Resource\Http\Controllers\TagRouteTest" classname="Tests.Feature.GammaMatrix.Playground.Matrix.Resource.Http.Controllers.TagRouteTest" assertions="5" time="0.093688"/>
        <testcase name="test_destroy_as_standard_user_and_succeed_with_redirect_to_index_with_trash" file="/app/vendor/gammamatrix/playground-test/src/Feature/Http/Controllers/Resource/DestroyTrait.php" line="183" class="Tests\Feature\GammaMatrix\Playground\Matrix\Resource\Http\Controllers\TagRouteTest" classname="Tests.Feature.GammaMatrix.Playground.Matrix.Resource.Http.Controllers.TagRouteTest" assertions="5" time="0.092241"/>
        <testcase name="test_destroy_with_user_role_and_get_denied_and_no_force_delete_allowed" file="/app/vendor/gammamatrix/playground-test/src/Feature/Http/Controllers/Resource/DestroyTrait.php" line="239" class="Tests\Feature\GammaMatrix\Playground\Matrix\Resource\Http\Controllers\TagRouteTest" classname="Tests.Feature.GammaMatrix.Playground.Matrix.Resource.Http.Controllers.TagRouteTest" assertions="3" time="0.150171"/>
        <testcase name="test_destroy_with_admin_role_and_succeed" file="/app/vendor/gammamatrix/playground-test/src/Feature/Http/Controllers/Resource/DestroyTrait.php" line="286" class="Tests\Feature\GammaMatrix\Playground\Matrix\Resource\Http\Controllers\TagRouteTest" classname="Tests.Feature.GammaMatrix.Playground.Matrix.Resource.Http.Controllers.TagRouteTest" assertions="5" time="0.089956"/>
        <testcase name="test_destroy_with_admin_role_and_succeed_with_force_delete" file="/app/vendor/gammamatrix/playground-test/src/Feature/Http/Controllers/Resource/DestroyTrait.php" line="339" class="Tests\Feature\GammaMatrix\Playground\Matrix\Resource\Http\Controllers\TagRouteTest" classname="Tests.Feature.GammaMatrix.Playground.Matrix.Resource.Http.Controllers.TagRouteTest" assertions="4" time="0.091550"/>
        <testcase name="test_guest_cannot_render_index_view" file="/app/vendor/gammamatrix/playground-test/src/Feature/Http/Controllers/Resource/IndexTrait.php" line="18" class="Tests\Feature\GammaMatrix\Playground\Matrix\Resource\Http\Controllers\TagRouteTest" classname="Tests.Feature.GammaMatrix.Playground.Matrix.Resource.Http.Controllers.TagRouteTest" assertions="2" time="0.085904"/>
        <testcase name="test_index_view_rendered_by_user" file="/app/vendor/gammamatrix/playground-test/src/Feature/Http/Controllers/Resource/IndexTrait.php" line="32" class="Tests\Feature\GammaMatrix\Playground\Matrix\Resource\Http\Controllers\TagRouteTest" classname="Tests.Feature.GammaMatrix.Playground.Matrix.Resource.Http.Controllers.TagRouteTest" assertions="2" time="0.154453"/>
        <testcase name="test_index_info_with_user_using_json" file="/app/vendor/gammamatrix/playground-test/src/Feature/Http/Controllers/Resource/IndexTrait.php" line="51" class="Tests\Feature\GammaMatrix\Playground\Matrix\Resource\Http\Controllers\TagRouteTest" classname="Tests.Feature.GammaMatrix.Playground.Matrix.Resource.Http.Controllers.TagRouteTest" assertions="4" time="0.113027"/>
        <testcase name="test_guest_cannot_lock" file="/app/vendor/gammamatrix/playground-test/src/Feature/Http/Controllers/Resource/LockTrait.php" line="17" class="Tests\Feature\GammaMatrix\Playground\Matrix\Resource\Http\Controllers\TagRouteTest" classname="Tests.Feature.GammaMatrix.Playground.Matrix.Resource.Http.Controllers.TagRouteTest" assertions="4" time="0.087445"/>
        <testcase name="test_lock_as_standard_user_and_succeed" file="/app/vendor/gammamatrix/playground-test/src/Feature/Http/Controllers/Resource/LockTrait.php" line="59" class="Tests\Feature\GammaMatrix\Playground\Matrix\Resource\Http\Controllers\TagRouteTest" classname="Tests.Feature.GammaMatrix.Playground.Matrix.Resource.Http.Controllers.TagRouteTest" assertions="4" time="0.104383"/>
        <testcase name="test_lock_as_standard_user_using_json_and_succeed" file="/app/vendor/gammamatrix/playground-test/src/Feature/Http/Controllers/Resource/LockTrait.php" line="100" class="Tests\Feature\GammaMatrix\Playground\Matrix\Resource\Http\Controllers\TagRouteTest" classname="Tests.Feature.GammaMatrix.Playground.Matrix.Resource.Http.Controllers.TagRouteTest" assertions="3" time="0.098507"/>
        <testcase name="test_lock_as_standard_user_and_succeed_with_redirect_to_index_with_sorted_by_locked_desc" file="/app/vendor/gammamatrix/playground-test/src/Feature/Http/Controllers/Resource/LockTrait.php" line="139" class="Tests\Feature\GammaMatrix\Playground\Matrix\Resource\Http\Controllers\TagRouteTest" classname="Tests.Feature.GammaMatrix.Playground.Matrix.Resource.Http.Controllers.TagRouteTest" assertions="4" time="0.093785"/>
        <testcase name="test_lock_with_user_role_and_get_denied" file="/app/vendor/gammamatrix/playground-test/src/Feature/Http/Controllers/Resource/LockTrait.php" line="189" class="Tests\Feature\GammaMatrix\Playground\Matrix\Resource\Http\Controllers\TagRouteTest" classname="Tests.Feature.GammaMatrix.Playground.Matrix.Resource.Http.Controllers.TagRouteTest" assertions="3" time="0.092744"/>
        <testcase name="test_lock_with_admin_role_and_succeed" file="/app/vendor/gammamatrix/playground-test/src/Feature/Http/Controllers/Resource/LockTrait.php" line="235" class="Tests\Feature\GammaMatrix\Playground\Matrix\Resource\Http\Controllers\TagRouteTest" classname="Tests.Feature.GammaMatrix.Playground.Matrix.Resource.Http.Controllers.TagRouteTest" assertions="4" time="0.145610"/>
        <testcase name="test_lock_with_admin_role_and_succeed_with_json" file="/app/vendor/gammamatrix/playground-test/src/Feature/Http/Controllers/Resource/LockTrait.php" line="286" class="Tests\Feature\GammaMatrix\Playground\Matrix\Resource\Http\Controllers\TagRouteTest" classname="Tests.Feature.GammaMatrix.Playground.Matrix.Resource.Http.Controllers.TagRouteTest" assertions="97" time="0.109182"/>
        <testcase name="test_guest_cannot_restore" file="/app/vendor/gammamatrix/playground-test/src/Feature/Http/Controllers/Resource/RestoreTrait.php" line="18" class="Tests\Feature\GammaMatrix\Playground\Matrix\Resource\Http\Controllers\TagRouteTest" classname="Tests.Feature.GammaMatrix.Playground.Matrix.Resource.Http.Controllers.TagRouteTest" assertions="4" time="0.092242"/>
        <testcase name="test_restore_as_standard_user_and_succeed" file="/app/vendor/gammamatrix/playground-test/src/Feature/Http/Controllers/Resource/RestoreTrait.php" line="62" class="Tests\Feature\GammaMatrix\Playground\Matrix\Resource\Http\Controllers\TagRouteTest" classname="Tests.Feature.GammaMatrix.Playground.Matrix.Resource.Http.Controllers.TagRouteTest" assertions="4" time="0.101702"/>
        <testcase name="test_restore_as_standard_user_using_json_and_succeed" file="/app/vendor/gammamatrix/playground-test/src/Feature/Http/Controllers/Resource/RestoreTrait.php" line="104" class="Tests\Feature\GammaMatrix\Playground\Matrix\Resource\Http\Controllers\TagRouteTest" classname="Tests.Feature.GammaMatrix.Playground.Matrix.Resource.Http.Controllers.TagRouteTest" assertions="3" time="0.097946"/>
        <testcase name="test_restore_as_standard_user_and_succeed_with_redirect_to_index_with_only_trash" file="/app/vendor/gammamatrix/playground-test/src/Feature/Http/Controllers/Resource/RestoreTrait.php" line="144" class="Tests\Feature\GammaMatrix\Playground\Matrix\Resource\Http\Controllers\TagRouteTest" classname="Tests.Feature.GammaMatrix.Playground.Matrix.Resource.Http.Controllers.TagRouteTest" assertions="4" time="0.093676"/>
        <testcase name="test_restore_with_user_role_and_get_denied" file="/app/vendor/gammamatrix/playground-test/src/Feature/Http/Controllers/Resource/RestoreTrait.php" line="197" class="Tests\Feature\GammaMatrix\Playground\Matrix\Resource\Http\Controllers\TagRouteTest" classname="Tests.Feature.GammaMatrix.Playground.Matrix.Resource.Http.Controllers.TagRouteTest" assertions="3" time="0.090993"/>
        <testcase name="test_restore_with_admin_role_and_succeed" file="/app/vendor/gammamatrix/playground-test/src/Feature/Http/Controllers/Resource/RestoreTrait.php" line="244" class="Tests\Feature\GammaMatrix\Playground\Matrix\Resource\Http\Controllers\TagRouteTest" classname="Tests.Feature.GammaMatrix.Playground.Matrix.Resource.Http.Controllers.TagRouteTest" assertions="4" time="0.101220"/>
        <testcase name="test_guest_cannot_render_show_view" file="/app/vendor/gammamatrix/playground-test/src/Feature/Http/Controllers/Resource/ShowTrait.php" line="18" class="Tests\Feature\GammaMatrix\Playground\Matrix\Resource\Http\Controllers\TagRouteTest" classname="Tests.Feature.GammaMatrix.Playground.Matrix.Resource.Http.Controllers.TagRouteTest" assertions="2" time="0.085115"/>
        <testcase name="test_show_view_rendered_by_user" file="/app/vendor/gammamatrix/playground-test/src/Feature/Http/Controllers/Resource/ShowTrait.php" line="35" class="Tests\Feature\GammaMatrix\Playground\Matrix\Resource\Http\Controllers\TagRouteTest" classname="Tests.Feature.GammaMatrix.Playground.Matrix.Resource.Http.Controllers.TagRouteTest" assertions="2" time="0.099487"/>
        <testcase name="test_show_info_with_user_using_json" file="/app/vendor/gammamatrix/playground-test/src/Feature/Http/Controllers/Resource/ShowTrait.php" line="59" class="Tests\Feature\GammaMatrix\Playground\Matrix\Resource\Http\Controllers\TagRouteTest" classname="Tests.Feature.GammaMatrix.Playground.Matrix.Resource.Http.Controllers.TagRouteTest" assertions="4" time="0.094829"/>
        <testcase name="test_guest_cannot_unlock" file="/app/vendor/gammamatrix/playground-test/src/Feature/Http/Controllers/Resource/UnlockTrait.php" line="17" class="Tests\Feature\GammaMatrix\Playground\Matrix\Resource\Http\Controllers\TagRouteTest" classname="Tests.Feature.GammaMatrix.Playground.Matrix.Resource.Http.Controllers.TagRouteTest" assertions="4" time="0.136150"/>
        <testcase name="test_unlock_as_standard_user_and_succeed" file="/app/vendor/gammamatrix/playground-test/src/Feature/Http/Controllers/Resource/UnlockTrait.php" line="61" class="Tests\Feature\GammaMatrix\Playground\Matrix\Resource\Http\Controllers\TagRouteTest" classname="Tests.Feature.GammaMatrix.Playground.Matrix.Resource.Http.Controllers.TagRouteTest" assertions="4" time="0.097017"/>
        <testcase name="test_unlock_as_standard_user_using_json_and_succeed" file="/app/vendor/gammamatrix/playground-test/src/Feature/Http/Controllers/Resource/UnlockTrait.php" line="103" class="Tests\Feature\GammaMatrix\Playground\Matrix\Resource\Http\Controllers\TagRouteTest" classname="Tests.Feature.GammaMatrix.Playground.Matrix.Resource.Http.Controllers.TagRouteTest" assertions="3" time="0.095643"/>
        <testcase name="test_unlock_as_standard_user_and_succeed_with_redirect_to_index_with_sorted_by_unlocked_desc" file="/app/vendor/gammamatrix/playground-test/src/Feature/Http/Controllers/Resource/UnlockTrait.php" line="143" class="Tests\Feature\GammaMatrix\Playground\Matrix\Resource\Http\Controllers\TagRouteTest" classname="Tests.Feature.GammaMatrix.Playground.Matrix.Resource.Http.Controllers.TagRouteTest" assertions="4" time="0.095107"/>
        <testcase name="test_unlock_with_user_role_and_get_denied" file="/app/vendor/gammamatrix/playground-test/src/Feature/Http/Controllers/Resource/UnlockTrait.php" line="194" class="Tests\Feature\GammaMatrix\Playground\Matrix\Resource\Http\Controllers\TagRouteTest" classname="Tests.Feature.GammaMatrix.Playground.Matrix.Resource.Http.Controllers.TagRouteTest" assertions="3" time="0.094015"/>
        <testcase name="test_unlock_with_admin_role_and_succeed" file="/app/vendor/gammamatrix/playground-test/src/Feature/Http/Controllers/Resource/UnlockTrait.php" line="241" class="Tests\Feature\GammaMatrix\Playground\Matrix\Resource\Http\Controllers\TagRouteTest" classname="Tests.Feature.GammaMatrix.Playground.Matrix.Resource.Http.Controllers.TagRouteTest" assertions="4" time="0.094925"/>
        <testcase name="test_unlock_with_admin_role_and_succeed_with_json" file="/app/vendor/gammamatrix/playground-test/src/Feature/Http/Controllers/Resource/UnlockTrait.php" line="293" class="Tests\Feature\GammaMatrix\Playground\Matrix\Resource\Http\Controllers\TagRouteTest" classname="Tests.Feature.GammaMatrix.Playground.Matrix.Resource.Http.Controllers.TagRouteTest" assertions="97" time="0.111375"/>
      </testsuite>
      <testsuite name="Tests\Feature\GammaMatrix\Playground\Matrix\Resource\Http\Controllers\TeamRouteTest" file="/app/tests/Feature/Http/Controllers/TeamRouteTest.php" tests="42" assertions="338" errors="0" failures="0" skipped="0" time="4.460834">
        <testcase name="test_guest_cannot_render_create_view" file="/app/vendor/gammamatrix/playground-test/src/Feature/Http/Controllers/Resource/CreateTrait.php" line="17" class="Tests\Feature\GammaMatrix\Playground\Matrix\Resource\Http\Controllers\TeamRouteTest" classname="Tests.Feature.GammaMatrix.Playground.Matrix.Resource.Http.Controllers.TeamRouteTest" assertions="2" time="0.135056"/>
        <testcase name="test_create_view_rendered_by_user_with_return_url" file="/app/vendor/gammamatrix/playground-test/src/Feature/Http/Controllers/Resource/CreateTrait.php" line="28" class="Tests\Feature\GammaMatrix\Playground\Matrix\Resource\Http\Controllers\TeamRouteTest" classname="Tests.Feature.GammaMatrix.Playground.Matrix.Resource.Http.Controllers.TeamRouteTest" assertions="3" time="0.185164"/>
        <testcase name="test_create_info_with_user_using_json" file="/app/vendor/gammamatrix/playground-test/src/Feature/Http/Controllers/Resource/CreateTrait.php" line="53" class="Tests\Feature\GammaMatrix\Playground\Matrix\Resource\Http\Controllers\TeamRouteTest" classname="Tests.Feature.GammaMatrix.Playground.Matrix.Resource.Http.Controllers.TeamRouteTest" assertions="4" time="0.103515"/>
        <testcase name="test_create_view_rendered_by_user_with_invalid_parameter" file="/app/vendor/gammamatrix/playground-test/src/Feature/Http/Controllers/Resource/CreateTrait.php" line="74" class="Tests\Feature\GammaMatrix\Playground\Matrix\Resource\Http\Controllers\TeamRouteTest" classname="Tests.Feature.GammaMatrix.Playground.Matrix.Resource.Http.Controllers.TeamRouteTest" assertions="5" time="0.091934"/>
        <testcase name="test_guest_cannot_render_edit_view" file="/app/vendor/gammamatrix/playground-test/src/Feature/Http/Controllers/Resource/EditTrait.php" line="17" class="Tests\Feature\GammaMatrix\Playground\Matrix\Resource\Http\Controllers\TeamRouteTest" classname="Tests.Feature.GammaMatrix.Playground.Matrix.Resource.Http.Controllers.TeamRouteTest" assertions="2" time="0.085485"/>
        <testcase name="test_edit_view_rendered_by_user_with_return_url" file="/app/vendor/gammamatrix/playground-test/src/Feature/Http/Controllers/Resource/EditTrait.php" line="34" class="Tests\Feature\GammaMatrix\Playground\Matrix\Resource\Http\Controllers\TeamRouteTest" classname="Tests.Feature.GammaMatrix.Playground.Matrix.Resource.Http.Controllers.TeamRouteTest" assertions="3" time="0.132392"/>
        <testcase name="test_edit_info_with_user_using_json" file="/app/vendor/gammamatrix/playground-test/src/Feature/Http/Controllers/Resource/EditTrait.php" line="64" class="Tests\Feature\GammaMatrix\Playground\Matrix\Resource\Http\Controllers\TeamRouteTest" classname="Tests.Feature.GammaMatrix.Playground.Matrix.Resource.Http.Controllers.TeamRouteTest" assertions="4" time="0.107924"/>
        <testcase name="test_edit_view_rendered_by_user_with_invalid_parameter" file="/app/vendor/gammamatrix/playground-test/src/Feature/Http/Controllers/Resource/EditTrait.php" line="91" class="Tests\Feature\GammaMatrix\Playground\Matrix\Resource\Http\Controllers\TeamRouteTest" classname="Tests.Feature.GammaMatrix.Playground.Matrix.Resource.Http.Controllers.TeamRouteTest" assertions="4" time="0.101042"/>
        <testcase name="test_guest_cannot_destroy" file="/app/vendor/gammamatrix/playground-test/src/Feature/Http/Controllers/Resource/DestroyTrait.php" line="17" class="Tests\Feature\GammaMatrix\Playground\Matrix\Resource\Http\Controllers\TeamRouteTest" classname="Tests.Feature.GammaMatrix.Playground.Matrix.Resource.Http.Controllers.TeamRouteTest" assertions="4" time="0.081369"/>
        <testcase name="test_destroy_as_standard_user_and_succeed" file="/app/vendor/gammamatrix/playground-test/src/Feature/Http/Controllers/Resource/DestroyTrait.php" line="59" class="Tests\Feature\GammaMatrix\Playground\Matrix\Resource\Http\Controllers\TeamRouteTest" classname="Tests.Feature.GammaMatrix.Playground.Matrix.Resource.Http.Controllers.TeamRouteTest" assertions="5" time="0.094263"/>
        <testcase name="test_destroy_as_standard_user_and_succeed_with_force_delete" file="/app/vendor/gammamatrix/playground-test/src/Feature/Http/Controllers/Resource/DestroyTrait.php" line="102" class="Tests\Feature\GammaMatrix\Playground\Matrix\Resource\Http\Controllers\TeamRouteTest" classname="Tests.Feature.GammaMatrix.Playground.Matrix.Resource.Http.Controllers.TeamRouteTest" assertions="4" time="0.091576"/>
        <testcase name="test_destroy_as_standard_user_using_json_and_succeed_with_no_content" file="/app/vendor/gammamatrix/playground-test/src/Feature/Http/Controllers/Resource/DestroyTrait.php" line="140" class="Tests\Feature\GammaMatrix\Playground\Matrix\Resource\Http\Controllers\TeamRouteTest" classname="Tests.Feature.GammaMatrix.Playground.Matrix.Resource.Http.Controllers.TeamRouteTest" assertions="5" time="0.094309"/>
        <testcase name="test_destroy_as_standard_user_and_succeed_with_redirect_to_index_with_trash" file="/app/vendor/gammamatrix/playground-test/src/Feature/Http/Controllers/Resource/DestroyTrait.php" line="183" class="Tests\Feature\GammaMatrix\Playground\Matrix\Resource\Http\Controllers\TeamRouteTest" classname="Tests.Feature.GammaMatrix.Playground.Matrix.Resource.Http.Controllers.TeamRouteTest" assertions="5" time="0.145410"/>
        <testcase name="test_destroy_with_user_role_and_get_denied_and_no_force_delete_allowed" file="/app/vendor/gammamatrix/playground-test/src/Feature/Http/Controllers/Resource/DestroyTrait.php" line="239" class="Tests\Feature\GammaMatrix\Playground\Matrix\Resource\Http\Controllers\TeamRouteTest" classname="Tests.Feature.GammaMatrix.Playground.Matrix.Resource.Http.Controllers.TeamRouteTest" assertions="3" time="0.086595"/>
        <testcase name="test_destroy_with_admin_role_and_succeed" file="/app/vendor/gammamatrix/playground-test/src/Feature/Http/Controllers/Resource/DestroyTrait.php" line="286" class="Tests\Feature\GammaMatrix\Playground\Matrix\Resource\Http\Controllers\TeamRouteTest" classname="Tests.Feature.GammaMatrix.Playground.Matrix.Resource.Http.Controllers.TeamRouteTest" assertions="5" time="0.092251"/>
        <testcase name="test_destroy_with_admin_role_and_succeed_with_force_delete" file="/app/vendor/gammamatrix/playground-test/src/Feature/Http/Controllers/Resource/DestroyTrait.php" line="339" class="Tests\Feature\GammaMatrix\Playground\Matrix\Resource\Http\Controllers\TeamRouteTest" classname="Tests.Feature.GammaMatrix.Playground.Matrix.Resource.Http.Controllers.TeamRouteTest" assertions="4" time="0.097518"/>
        <testcase name="test_guest_cannot_render_index_view" file="/app/vendor/gammamatrix/playground-test/src/Feature/Http/Controllers/Resource/IndexTrait.php" line="18" class="Tests\Feature\GammaMatrix\Playground\Matrix\Resource\Http\Controllers\TeamRouteTest" classname="Tests.Feature.GammaMatrix.Playground.Matrix.Resource.Http.Controllers.TeamRouteTest" assertions="2" time="0.085429"/>
        <testcase name="test_index_view_rendered_by_user" file="/app/vendor/gammamatrix/playground-test/src/Feature/Http/Controllers/Resource/IndexTrait.php" line="32" class="Tests\Feature\GammaMatrix\Playground\Matrix\Resource\Http\Controllers\TeamRouteTest" classname="Tests.Feature.GammaMatrix.Playground.Matrix.Resource.Http.Controllers.TeamRouteTest" assertions="2" time="0.153016"/>
        <testcase name="test_index_info_with_user_using_json" file="/app/vendor/gammamatrix/playground-test/src/Feature/Http/Controllers/Resource/IndexTrait.php" line="51" class="Tests\Feature\GammaMatrix\Playground\Matrix\Resource\Http\Controllers\TeamRouteTest" classname="Tests.Feature.GammaMatrix.Playground.Matrix.Resource.Http.Controllers.TeamRouteTest" assertions="4" time="0.114587"/>
        <testcase name="test_guest_cannot_lock" file="/app/vendor/gammamatrix/playground-test/src/Feature/Http/Controllers/Resource/LockTrait.php" line="17" class="Tests\Feature\GammaMatrix\Playground\Matrix\Resource\Http\Controllers\TeamRouteTest" classname="Tests.Feature.GammaMatrix.Playground.Matrix.Resource.Http.Controllers.TeamRouteTest" assertions="4" time="0.088264"/>
        <testcase name="test_lock_as_standard_user_and_succeed" file="/app/vendor/gammamatrix/playground-test/src/Feature/Http/Controllers/Resource/LockTrait.php" line="59" class="Tests\Feature\GammaMatrix\Playground\Matrix\Resource\Http\Controllers\TeamRouteTest" classname="Tests.Feature.GammaMatrix.Playground.Matrix.Resource.Http.Controllers.TeamRouteTest" assertions="4" time="0.103357"/>
        <testcase name="test_lock_as_standard_user_using_json_and_succeed" file="/app/vendor/gammamatrix/playground-test/src/Feature/Http/Controllers/Resource/LockTrait.php" line="100" class="Tests\Feature\GammaMatrix\Playground\Matrix\Resource\Http\Controllers\TeamRouteTest" classname="Tests.Feature.GammaMatrix.Playground.Matrix.Resource.Http.Controllers.TeamRouteTest" assertions="3" time="0.098220"/>
        <testcase name="test_lock_as_standard_user_and_succeed_with_redirect_to_index_with_sorted_by_locked_desc" file="/app/vendor/gammamatrix/playground-test/src/Feature/Http/Controllers/Resource/LockTrait.php" line="139" class="Tests\Feature\GammaMatrix\Playground\Matrix\Resource\Http\Controllers\TeamRouteTest" classname="Tests.Feature.GammaMatrix.Playground.Matrix.Resource.Http.Controllers.TeamRouteTest" assertions="4" time="0.095661"/>
        <testcase name="test_lock_with_user_role_and_get_denied" file="/app/vendor/gammamatrix/playground-test/src/Feature/Http/Controllers/Resource/LockTrait.php" line="189" class="Tests\Feature\GammaMatrix\Playground\Matrix\Resource\Http\Controllers\TeamRouteTest" classname="Tests.Feature.GammaMatrix.Playground.Matrix.Resource.Http.Controllers.TeamRouteTest" assertions="3" time="0.161048"/>
        <testcase name="test_lock_with_admin_role_and_succeed" file="/app/vendor/gammamatrix/playground-test/src/Feature/Http/Controllers/Resource/LockTrait.php" line="235" class="Tests\Feature\GammaMatrix\Playground\Matrix\Resource\Http\Controllers\TeamRouteTest" classname="Tests.Feature.GammaMatrix.Playground.Matrix.Resource.Http.Controllers.TeamRouteTest" assertions="4" time="0.095416"/>
        <testcase name="test_lock_with_admin_role_and_succeed_with_json" file="/app/vendor/gammamatrix/playground-test/src/Feature/Http/Controllers/Resource/LockTrait.php" line="286" class="Tests\Feature\GammaMatrix\Playground\Matrix\Resource\Http\Controllers\TeamRouteTest" classname="Tests.Feature.GammaMatrix.Playground.Matrix.Resource.Http.Controllers.TeamRouteTest" assertions="97" time="0.111547"/>
        <testcase name="test_guest_cannot_restore" file="/app/vendor/gammamatrix/playground-test/src/Feature/Http/Controllers/Resource/RestoreTrait.php" line="18" class="Tests\Feature\GammaMatrix\Playground\Matrix\Resource\Http\Controllers\TeamRouteTest" classname="Tests.Feature.GammaMatrix.Playground.Matrix.Resource.Http.Controllers.TeamRouteTest" assertions="4" time="0.083865"/>
        <testcase name="test_restore_as_standard_user_and_succeed" file="/app/vendor/gammamatrix/playground-test/src/Feature/Http/Controllers/Resource/RestoreTrait.php" line="62" class="Tests\Feature\GammaMatrix\Playground\Matrix\Resource\Http\Controllers\TeamRouteTest" classname="Tests.Feature.GammaMatrix.Playground.Matrix.Resource.Http.Controllers.TeamRouteTest" assertions="4" time="0.097784"/>
        <testcase name="test_restore_as_standard_user_using_json_and_succeed" file="/app/vendor/gammamatrix/playground-test/src/Feature/Http/Controllers/Resource/RestoreTrait.php" line="104" class="Tests\Feature\GammaMatrix\Playground\Matrix\Resource\Http\Controllers\TeamRouteTest" classname="Tests.Feature.GammaMatrix.Playground.Matrix.Resource.Http.Controllers.TeamRouteTest" assertions="3" time="0.108188"/>
        <testcase name="test_restore_as_standard_user_and_succeed_with_redirect_to_index_with_only_trash" file="/app/vendor/gammamatrix/playground-test/src/Feature/Http/Controllers/Resource/RestoreTrait.php" line="144" class="Tests\Feature\GammaMatrix\Playground\Matrix\Resource\Http\Controllers\TeamRouteTest" classname="Tests.Feature.GammaMatrix.Playground.Matrix.Resource.Http.Controllers.TeamRouteTest" assertions="4" time="0.095135"/>
        <testcase name="test_restore_with_user_role_and_get_denied" file="/app/vendor/gammamatrix/playground-test/src/Feature/Http/Controllers/Resource/RestoreTrait.php" line="197" class="Tests\Feature\GammaMatrix\Playground\Matrix\Resource\Http\Controllers\TeamRouteTest" classname="Tests.Feature.GammaMatrix.Playground.Matrix.Resource.Http.Controllers.TeamRouteTest" assertions="3" time="0.092510"/>
        <testcase name="test_restore_with_admin_role_and_succeed" file="/app/vendor/gammamatrix/playground-test/src/Feature/Http/Controllers/Resource/RestoreTrait.php" line="244" class="Tests\Feature\GammaMatrix\Playground\Matrix\Resource\Http\Controllers\TeamRouteTest" classname="Tests.Feature.GammaMatrix.Playground.Matrix.Resource.Http.Controllers.TeamRouteTest" assertions="4" time="0.095485"/>
        <testcase name="test_guest_cannot_render_show_view" file="/app/vendor/gammamatrix/playground-test/src/Feature/Http/Controllers/Resource/ShowTrait.php" line="18" class="Tests\Feature\GammaMatrix\Playground\Matrix\Resource\Http\Controllers\TeamRouteTest" classname="Tests.Feature.GammaMatrix.Playground.Matrix.Resource.Http.Controllers.TeamRouteTest" assertions="2" time="0.085020"/>
        <testcase name="test_show_view_rendered_by_user" file="/app/vendor/gammamatrix/playground-test/src/Feature/Http/Controllers/Resource/ShowTrait.php" line="35" class="Tests\Feature\GammaMatrix\Playground\Matrix\Resource\Http\Controllers\TeamRouteTest" classname="Tests.Feature.GammaMatrix.Playground.Matrix.Resource.Http.Controllers.TeamRouteTest" assertions="2" time="0.102131"/>
        <testcase name="test_show_info_with_user_using_json" file="/app/vendor/gammamatrix/playground-test/src/Feature/Http/Controllers/Resource/ShowTrait.php" line="59" class="Tests\Feature\GammaMatrix\Playground\Matrix\Resource\Http\Controllers\TeamRouteTest" classname="Tests.Feature.GammaMatrix.Playground.Matrix.Resource.Http.Controllers.TeamRouteTest" assertions="4" time="0.172939"/>
        <testcase name="test_guest_cannot_unlock" file="/app/vendor/gammamatrix/playground-test/src/Feature/Http/Controllers/Resource/UnlockTrait.php" line="17" class="Tests\Feature\GammaMatrix\Playground\Matrix\Resource\Http\Controllers\TeamRouteTest" classname="Tests.Feature.GammaMatrix.Playground.Matrix.Resource.Http.Controllers.TeamRouteTest" assertions="4" time="0.090129"/>
        <testcase name="test_unlock_as_standard_user_and_succeed" file="/app/vendor/gammamatrix/playground-test/src/Feature/Http/Controllers/Resource/UnlockTrait.php" line="61" class="Tests\Feature\GammaMatrix\Playground\Matrix\Resource\Http\Controllers\TeamRouteTest" classname="Tests.Feature.GammaMatrix.Playground.Matrix.Resource.Http.Controllers.TeamRouteTest" assertions="4" time="0.098107"/>
        <testcase name="test_unlock_as_standard_user_using_json_and_succeed" file="/app/vendor/gammamatrix/playground-test/src/Feature/Http/Controllers/Resource/UnlockTrait.php" line="103" class="Tests\Feature\GammaMatrix\Playground\Matrix\Resource\Http\Controllers\TeamRouteTest" classname="Tests.Feature.GammaMatrix.Playground.Matrix.Resource.Http.Controllers.TeamRouteTest" assertions="3" time="0.107225"/>
        <testcase name="test_unlock_as_standard_user_and_succeed_with_redirect_to_index_with_sorted_by_unlocked_desc" file="/app/vendor/gammamatrix/playground-test/src/Feature/Http/Controllers/Resource/UnlockTrait.php" line="143" class="Tests\Feature\GammaMatrix\Playground\Matrix\Resource\Http\Controllers\TeamRouteTest" classname="Tests.Feature.GammaMatrix.Playground.Matrix.Resource.Http.Controllers.TeamRouteTest" assertions="4" time="0.098644"/>
        <testcase name="test_unlock_with_user_role_and_get_denied" file="/app/vendor/gammamatrix/playground-test/src/Feature/Http/Controllers/Resource/UnlockTrait.php" line="194" class="Tests\Feature\GammaMatrix\Playground\Matrix\Resource\Http\Controllers\TeamRouteTest" classname="Tests.Feature.GammaMatrix.Playground.Matrix.Resource.Http.Controllers.TeamRouteTest" assertions="3" time="0.090966"/>
        <testcase name="test_unlock_with_admin_role_and_succeed" file="/app/vendor/gammamatrix/playground-test/src/Feature/Http/Controllers/Resource/UnlockTrait.php" line="241" class="Tests\Feature\GammaMatrix\Playground\Matrix\Resource\Http\Controllers\TeamRouteTest" classname="Tests.Feature.GammaMatrix.Playground.Matrix.Resource.Http.Controllers.TeamRouteTest" assertions="4" time="0.098260"/>
        <testcase name="test_unlock_with_admin_role_and_succeed_with_json" file="/app/vendor/gammamatrix/playground-test/src/Feature/Http/Controllers/Resource/UnlockTrait.php" line="293" class="Tests\Feature\GammaMatrix\Playground\Matrix\Resource\Http\Controllers\TeamRouteTest" classname="Tests.Feature.GammaMatrix.Playground.Matrix.Resource.Http.Controllers.TeamRouteTest" assertions="97" time="0.112096"/>
      </testsuite>
      <testsuite name="Tests\Feature\GammaMatrix\Playground\Matrix\Resource\Http\Controllers\TicketRouteTest" file="/app/tests/Feature/Http/Controllers/TicketRouteTest.php" tests="42" assertions="338" errors="0" failures="0" skipped="0" time="4.687030">
        <testcase name="test_guest_cannot_render_create_view" file="/app/vendor/gammamatrix/playground-test/src/Feature/Http/Controllers/Resource/CreateTrait.php" line="17" class="Tests\Feature\GammaMatrix\Playground\Matrix\Resource\Http\Controllers\TicketRouteTest" classname="Tests.Feature.GammaMatrix.Playground.Matrix.Resource.Http.Controllers.TicketRouteTest" assertions="2" time="0.132682"/>
        <testcase name="test_create_view_rendered_by_user_with_return_url" file="/app/vendor/gammamatrix/playground-test/src/Feature/Http/Controllers/Resource/CreateTrait.php" line="28" class="Tests\Feature\GammaMatrix\Playground\Matrix\Resource\Http\Controllers\TicketRouteTest" classname="Tests.Feature.GammaMatrix.Playground.Matrix.Resource.Http.Controllers.TicketRouteTest" assertions="3" time="0.157626"/>
        <testcase name="test_create_info_with_user_using_json" file="/app/vendor/gammamatrix/playground-test/src/Feature/Http/Controllers/Resource/CreateTrait.php" line="53" class="Tests\Feature\GammaMatrix\Playground\Matrix\Resource\Http\Controllers\TicketRouteTest" classname="Tests.Feature.GammaMatrix.Playground.Matrix.Resource.Http.Controllers.TicketRouteTest" assertions="4" time="0.093975"/>
        <testcase name="test_create_view_rendered_by_user_with_invalid_parameter" file="/app/vendor/gammamatrix/playground-test/src/Feature/Http/Controllers/Resource/CreateTrait.php" line="74" class="Tests\Feature\GammaMatrix\Playground\Matrix\Resource\Http\Controllers\TicketRouteTest" classname="Tests.Feature.GammaMatrix.Playground.Matrix.Resource.Http.Controllers.TicketRouteTest" assertions="5" time="0.096501"/>
        <testcase name="test_guest_cannot_render_edit_view" file="/app/vendor/gammamatrix/playground-test/src/Feature/Http/Controllers/Resource/EditTrait.php" line="17" class="Tests\Feature\GammaMatrix\Playground\Matrix\Resource\Http\Controllers\TicketRouteTest" classname="Tests.Feature.GammaMatrix.Playground.Matrix.Resource.Http.Controllers.TicketRouteTest" assertions="2" time="0.088430"/>
        <testcase name="test_edit_view_rendered_by_user_with_return_url" file="/app/vendor/gammamatrix/playground-test/src/Feature/Http/Controllers/Resource/EditTrait.php" line="34" class="Tests\Feature\GammaMatrix\Playground\Matrix\Resource\Http\Controllers\TicketRouteTest" classname="Tests.Feature.GammaMatrix.Playground.Matrix.Resource.Http.Controllers.TicketRouteTest" assertions="3" time="0.140191"/>
        <testcase name="test_edit_info_with_user_using_json" file="/app/vendor/gammamatrix/playground-test/src/Feature/Http/Controllers/Resource/EditTrait.php" line="64" class="Tests\Feature\GammaMatrix\Playground\Matrix\Resource\Http\Controllers\TicketRouteTest" classname="Tests.Feature.GammaMatrix.Playground.Matrix.Resource.Http.Controllers.TicketRouteTest" assertions="4" time="0.108407"/>
        <testcase name="test_edit_view_rendered_by_user_with_invalid_parameter" file="/app/vendor/gammamatrix/playground-test/src/Feature/Http/Controllers/Resource/EditTrait.php" line="91" class="Tests\Feature\GammaMatrix\Playground\Matrix\Resource\Http\Controllers\TicketRouteTest" classname="Tests.Feature.GammaMatrix.Playground.Matrix.Resource.Http.Controllers.TicketRouteTest" assertions="4" time="0.101350"/>
        <testcase name="test_guest_cannot_destroy" file="/app/vendor/gammamatrix/playground-test/src/Feature/Http/Controllers/Resource/DestroyTrait.php" line="17" class="Tests\Feature\GammaMatrix\Playground\Matrix\Resource\Http\Controllers\TicketRouteTest" classname="Tests.Feature.GammaMatrix.Playground.Matrix.Resource.Http.Controllers.TicketRouteTest" assertions="4" time="0.141112"/>
        <testcase name="test_destroy_as_standard_user_and_succeed" file="/app/vendor/gammamatrix/playground-test/src/Feature/Http/Controllers/Resource/DestroyTrait.php" line="59" class="Tests\Feature\GammaMatrix\Playground\Matrix\Resource\Http\Controllers\TicketRouteTest" classname="Tests.Feature.GammaMatrix.Playground.Matrix.Resource.Http.Controllers.TicketRouteTest" assertions="5" time="0.099728"/>
        <testcase name="test_destroy_as_standard_user_and_succeed_with_force_delete" file="/app/vendor/gammamatrix/playground-test/src/Feature/Http/Controllers/Resource/DestroyTrait.php" line="102" class="Tests\Feature\GammaMatrix\Playground\Matrix\Resource\Http\Controllers\TicketRouteTest" classname="Tests.Feature.GammaMatrix.Playground.Matrix.Resource.Http.Controllers.TicketRouteTest" assertions="4" time="0.092266"/>
        <testcase name="test_destroy_as_standard_user_using_json_and_succeed_with_no_content" file="/app/vendor/gammamatrix/playground-test/src/Feature/Http/Controllers/Resource/DestroyTrait.php" line="140" class="Tests\Feature\GammaMatrix\Playground\Matrix\Resource\Http\Controllers\TicketRouteTest" classname="Tests.Feature.GammaMatrix.Playground.Matrix.Resource.Http.Controllers.TicketRouteTest" assertions="5" time="0.181963"/>
        <testcase name="test_destroy_as_standard_user_and_succeed_with_redirect_to_index_with_trash" file="/app/vendor/gammamatrix/playground-test/src/Feature/Http/Controllers/Resource/DestroyTrait.php" line="183" class="Tests\Feature\GammaMatrix\Playground\Matrix\Resource\Http\Controllers\TicketRouteTest" classname="Tests.Feature.GammaMatrix.Playground.Matrix.Resource.Http.Controllers.TicketRouteTest" assertions="5" time="0.092893"/>
        <testcase name="test_destroy_with_user_role_and_get_denied_and_no_force_delete_allowed" file="/app/vendor/gammamatrix/playground-test/src/Feature/Http/Controllers/Resource/DestroyTrait.php" line="239" class="Tests\Feature\GammaMatrix\Playground\Matrix\Resource\Http\Controllers\TicketRouteTest" classname="Tests.Feature.GammaMatrix.Playground.Matrix.Resource.Http.Controllers.TicketRouteTest" assertions="3" time="0.093728"/>
        <testcase name="test_destroy_with_admin_role_and_succeed" file="/app/vendor/gammamatrix/playground-test/src/Feature/Http/Controllers/Resource/DestroyTrait.php" line="286" class="Tests\Feature\GammaMatrix\Playground\Matrix\Resource\Http\Controllers\TicketRouteTest" classname="Tests.Feature.GammaMatrix.Playground.Matrix.Resource.Http.Controllers.TicketRouteTest" assertions="5" time="0.095941"/>
        <testcase name="test_destroy_with_admin_role_and_succeed_with_force_delete" file="/app/vendor/gammamatrix/playground-test/src/Feature/Http/Controllers/Resource/DestroyTrait.php" line="339" class="Tests\Feature\GammaMatrix\Playground\Matrix\Resource\Http\Controllers\TicketRouteTest" classname="Tests.Feature.GammaMatrix.Playground.Matrix.Resource.Http.Controllers.TicketRouteTest" assertions="4" time="0.094811"/>
        <testcase name="test_guest_cannot_render_index_view" file="/app/vendor/gammamatrix/playground-test/src/Feature/Http/Controllers/Resource/IndexTrait.php" line="18" class="Tests\Feature\GammaMatrix\Playground\Matrix\Resource\Http\Controllers\TicketRouteTest" classname="Tests.Feature.GammaMatrix.Playground.Matrix.Resource.Http.Controllers.TicketRouteTest" assertions="2" time="0.087045"/>
        <testcase name="test_index_view_rendered_by_user" file="/app/vendor/gammamatrix/playground-test/src/Feature/Http/Controllers/Resource/IndexTrait.php" line="32" class="Tests\Feature\GammaMatrix\Playground\Matrix\Resource\Http\Controllers\TicketRouteTest" classname="Tests.Feature.GammaMatrix.Playground.Matrix.Resource.Http.Controllers.TicketRouteTest" assertions="2" time="0.209646"/>
        <testcase name="test_index_info_with_user_using_json" file="/app/vendor/gammamatrix/playground-test/src/Feature/Http/Controllers/Resource/IndexTrait.php" line="51" class="Tests\Feature\GammaMatrix\Playground\Matrix\Resource\Http\Controllers\TicketRouteTest" classname="Tests.Feature.GammaMatrix.Playground.Matrix.Resource.Http.Controllers.TicketRouteTest" assertions="4" time="0.120050"/>
        <testcase name="test_guest_cannot_lock" file="/app/vendor/gammamatrix/playground-test/src/Feature/Http/Controllers/Resource/LockTrait.php" line="17" class="Tests\Feature\GammaMatrix\Playground\Matrix\Resource\Http\Controllers\TicketRouteTest" classname="Tests.Feature.GammaMatrix.Playground.Matrix.Resource.Http.Controllers.TicketRouteTest" assertions="4" time="0.101486"/>
        <testcase name="test_lock_as_standard_user_and_succeed" file="/app/vendor/gammamatrix/playground-test/src/Feature/Http/Controllers/Resource/LockTrait.php" line="59" class="Tests\Feature\GammaMatrix\Playground\Matrix\Resource\Http\Controllers\TicketRouteTest" classname="Tests.Feature.GammaMatrix.Playground.Matrix.Resource.Http.Controllers.TicketRouteTest" assertions="4" time="0.101566"/>
        <testcase name="test_lock_as_standard_user_using_json_and_succeed" file="/app/vendor/gammamatrix/playground-test/src/Feature/Http/Controllers/Resource/LockTrait.php" line="100" class="Tests\Feature\GammaMatrix\Playground\Matrix\Resource\Http\Controllers\TicketRouteTest" classname="Tests.Feature.GammaMatrix.Playground.Matrix.Resource.Http.Controllers.TicketRouteTest" assertions="3" time="0.102614"/>
        <testcase name="test_lock_as_standard_user_and_succeed_with_redirect_to_index_with_sorted_by_locked_desc" file="/app/vendor/gammamatrix/playground-test/src/Feature/Http/Controllers/Resource/LockTrait.php" line="139" class="Tests\Feature\GammaMatrix\Playground\Matrix\Resource\Http\Controllers\TicketRouteTest" classname="Tests.Feature.GammaMatrix.Playground.Matrix.Resource.Http.Controllers.TicketRouteTest" assertions="4" time="0.104083"/>
        <testcase name="test_lock_with_user_role_and_get_denied" file="/app/vendor/gammamatrix/playground-test/src/Feature/Http/Controllers/Resource/LockTrait.php" line="189" class="Tests\Feature\GammaMatrix\Playground\Matrix\Resource\Http\Controllers\TicketRouteTest" classname="Tests.Feature.GammaMatrix.Playground.Matrix.Resource.Http.Controllers.TicketRouteTest" assertions="3" time="0.094305"/>
        <testcase name="test_lock_with_admin_role_and_succeed" file="/app/vendor/gammamatrix/playground-test/src/Feature/Http/Controllers/Resource/LockTrait.php" line="235" class="Tests\Feature\GammaMatrix\Playground\Matrix\Resource\Http\Controllers\TicketRouteTest" classname="Tests.Feature.GammaMatrix.Playground.Matrix.Resource.Http.Controllers.TicketRouteTest" assertions="4" time="0.100030"/>
        <testcase name="test_lock_with_admin_role_and_succeed_with_json" file="/app/vendor/gammamatrix/playground-test/src/Feature/Http/Controllers/Resource/LockTrait.php" line="286" class="Tests\Feature\GammaMatrix\Playground\Matrix\Resource\Http\Controllers\TicketRouteTest" classname="Tests.Feature.GammaMatrix.Playground.Matrix.Resource.Http.Controllers.TicketRouteTest" assertions="97" time="0.120797"/>
        <testcase name="test_guest_cannot_restore" file="/app/vendor/gammamatrix/playground-test/src/Feature/Http/Controllers/Resource/RestoreTrait.php" line="18" class="Tests\Feature\GammaMatrix\Playground\Matrix\Resource\Http\Controllers\TicketRouteTest" classname="Tests.Feature.GammaMatrix.Playground.Matrix.Resource.Http.Controllers.TicketRouteTest" assertions="4" time="0.091830"/>
        <testcase name="test_restore_as_standard_user_and_succeed" file="/app/vendor/gammamatrix/playground-test/src/Feature/Http/Controllers/Resource/RestoreTrait.php" line="62" class="Tests\Feature\GammaMatrix\Playground\Matrix\Resource\Http\Controllers\TicketRouteTest" classname="Tests.Feature.GammaMatrix.Playground.Matrix.Resource.Http.Controllers.TicketRouteTest" assertions="4" time="0.159860"/>
        <testcase name="test_restore_as_standard_user_using_json_and_succeed" file="/app/vendor/gammamatrix/playground-test/src/Feature/Http/Controllers/Resource/RestoreTrait.php" line="104" class="Tests\Feature\GammaMatrix\Playground\Matrix\Resource\Http\Controllers\TicketRouteTest" classname="Tests.Feature.GammaMatrix.Playground.Matrix.Resource.Http.Controllers.TicketRouteTest" assertions="3" time="0.102730"/>
        <testcase name="test_restore_as_standard_user_and_succeed_with_redirect_to_index_with_only_trash" file="/app/vendor/gammamatrix/playground-test/src/Feature/Http/Controllers/Resource/RestoreTrait.php" line="144" class="Tests\Feature\GammaMatrix\Playground\Matrix\Resource\Http\Controllers\TicketRouteTest" classname="Tests.Feature.GammaMatrix.Playground.Matrix.Resource.Http.Controllers.TicketRouteTest" assertions="4" time="0.098553"/>
        <testcase name="test_restore_with_user_role_and_get_denied" file="/app/vendor/gammamatrix/playground-test/src/Feature/Http/Controllers/Resource/RestoreTrait.php" line="197" class="Tests\Feature\GammaMatrix\Playground\Matrix\Resource\Http\Controllers\TicketRouteTest" classname="Tests.Feature.GammaMatrix.Playground.Matrix.Resource.Http.Controllers.TicketRouteTest" assertions="3" time="0.101415"/>
        <testcase name="test_restore_with_admin_role_and_succeed" file="/app/vendor/gammamatrix/playground-test/src/Feature/Http/Controllers/Resource/RestoreTrait.php" line="244" class="Tests\Feature\GammaMatrix\Playground\Matrix\Resource\Http\Controllers\TicketRouteTest" classname="Tests.Feature.GammaMatrix.Playground.Matrix.Resource.Http.Controllers.TicketRouteTest" assertions="4" time="0.106284"/>
        <testcase name="test_guest_cannot_render_show_view" file="/app/vendor/gammamatrix/playground-test/src/Feature/Http/Controllers/Resource/ShowTrait.php" line="18" class="Tests\Feature\GammaMatrix\Playground\Matrix\Resource\Http\Controllers\TicketRouteTest" classname="Tests.Feature.GammaMatrix.Playground.Matrix.Resource.Http.Controllers.TicketRouteTest" assertions="2" time="0.086998"/>
        <testcase name="test_show_view_rendered_by_user" file="/app/vendor/gammamatrix/playground-test/src/Feature/Http/Controllers/Resource/ShowTrait.php" line="35" class="Tests\Feature\GammaMatrix\Playground\Matrix\Resource\Http\Controllers\TicketRouteTest" classname="Tests.Feature.GammaMatrix.Playground.Matrix.Resource.Http.Controllers.TicketRouteTest" assertions="2" time="0.103692"/>
        <testcase name="test_show_info_with_user_using_json" file="/app/vendor/gammamatrix/playground-test/src/Feature/Http/Controllers/Resource/ShowTrait.php" line="59" class="Tests\Feature\GammaMatrix\Playground\Matrix\Resource\Http\Controllers\TicketRouteTest" classname="Tests.Feature.GammaMatrix.Playground.Matrix.Resource.Http.Controllers.TicketRouteTest" assertions="4" time="0.104165"/>
        <testcase name="test_guest_cannot_unlock" file="/app/vendor/gammamatrix/playground-test/src/Feature/Http/Controllers/Resource/UnlockTrait.php" line="17" class="Tests\Feature\GammaMatrix\Playground\Matrix\Resource\Http\Controllers\TicketRouteTest" classname="Tests.Feature.GammaMatrix.Playground.Matrix.Resource.Http.Controllers.TicketRouteTest" assertions="4" time="0.089442"/>
        <testcase name="test_unlock_as_standard_user_and_succeed" file="/app/vendor/gammamatrix/playground-test/src/Feature/Http/Controllers/Resource/UnlockTrait.php" line="61" class="Tests\Feature\GammaMatrix\Playground\Matrix\Resource\Http\Controllers\TicketRouteTest" classname="Tests.Feature.GammaMatrix.Playground.Matrix.Resource.Http.Controllers.TicketRouteTest" assertions="4" time="0.099545"/>
        <testcase name="test_unlock_as_standard_user_using_json_and_succeed" file="/app/vendor/gammamatrix/playground-test/src/Feature/Http/Controllers/Resource/UnlockTrait.php" line="103" class="Tests\Feature\GammaMatrix\Playground\Matrix\Resource\Http\Controllers\TicketRouteTest" classname="Tests.Feature.GammaMatrix.Playground.Matrix.Resource.Http.Controllers.TicketRouteTest" assertions="3" time="0.102192"/>
        <testcase name="test_unlock_as_standard_user_and_succeed_with_redirect_to_index_with_sorted_by_unlocked_desc" file="/app/vendor/gammamatrix/playground-test/src/Feature/Http/Controllers/Resource/UnlockTrait.php" line="143" class="Tests\Feature\GammaMatrix\Playground\Matrix\Resource\Http\Controllers\TicketRouteTest" classname="Tests.Feature.GammaMatrix.Playground.Matrix.Resource.Http.Controllers.TicketRouteTest" assertions="4" time="0.175141"/>
        <testcase name="test_unlock_with_user_role_and_get_denied" file="/app/vendor/gammamatrix/playground-test/src/Feature/Http/Controllers/Resource/UnlockTrait.php" line="194" class="Tests\Feature\GammaMatrix\Playground\Matrix\Resource\Http\Controllers\TicketRouteTest" classname="Tests.Feature.GammaMatrix.Playground.Matrix.Resource.Http.Controllers.TicketRouteTest" assertions="3" time="0.095122"/>
        <testcase name="test_unlock_with_admin_role_and_succeed" file="/app/vendor/gammamatrix/playground-test/src/Feature/Http/Controllers/Resource/UnlockTrait.php" line="241" class="Tests\Feature\GammaMatrix\Playground\Matrix\Resource\Http\Controllers\TicketRouteTest" classname="Tests.Feature.GammaMatrix.Playground.Matrix.Resource.Http.Controllers.TicketRouteTest" assertions="4" time="0.099293"/>
        <testcase name="test_unlock_with_admin_role_and_succeed_with_json" file="/app/vendor/gammamatrix/playground-test/src/Feature/Http/Controllers/Resource/UnlockTrait.php" line="293" class="Tests\Feature\GammaMatrix\Playground\Matrix\Resource\Http\Controllers\TicketRouteTest" classname="Tests.Feature.GammaMatrix.Playground.Matrix.Resource.Http.Controllers.TicketRouteTest" assertions="97" time="0.117541"/>
      </testsuite>
      <testsuite name="Tests\Feature\GammaMatrix\Playground\Matrix\Resource\Http\Controllers\VersionRouteTest" file="/app/tests/Feature/Http/Controllers/VersionRouteTest.php" tests="42" assertions="338" errors="0" failures="0" skipped="0" time="4.453503">
        <testcase name="test_guest_cannot_render_create_view" file="/app/vendor/gammamatrix/playground-test/src/Feature/Http/Controllers/Resource/CreateTrait.php" line="17" class="Tests\Feature\GammaMatrix\Playground\Matrix\Resource\Http\Controllers\VersionRouteTest" classname="Tests.Feature.GammaMatrix.Playground.Matrix.Resource.Http.Controllers.VersionRouteTest" assertions="2" time="0.130126"/>
        <testcase name="test_create_view_rendered_by_user_with_return_url" file="/app/vendor/gammamatrix/playground-test/src/Feature/Http/Controllers/Resource/CreateTrait.php" line="28" class="Tests\Feature\GammaMatrix\Playground\Matrix\Resource\Http\Controllers\VersionRouteTest" classname="Tests.Feature.GammaMatrix.Playground.Matrix.Resource.Http.Controllers.VersionRouteTest" assertions="3" time="0.155138"/>
        <testcase name="test_create_info_with_user_using_json" file="/app/vendor/gammamatrix/playground-test/src/Feature/Http/Controllers/Resource/CreateTrait.php" line="53" class="Tests\Feature\GammaMatrix\Playground\Matrix\Resource\Http\Controllers\VersionRouteTest" classname="Tests.Feature.GammaMatrix.Playground.Matrix.Resource.Http.Controllers.VersionRouteTest" assertions="4" time="0.092703"/>
        <testcase name="test_create_view_rendered_by_user_with_invalid_parameter" file="/app/vendor/gammamatrix/playground-test/src/Feature/Http/Controllers/Resource/CreateTrait.php" line="74" class="Tests\Feature\GammaMatrix\Playground\Matrix\Resource\Http\Controllers\VersionRouteTest" classname="Tests.Feature.GammaMatrix.Playground.Matrix.Resource.Http.Controllers.VersionRouteTest" assertions="5" time="0.092023"/>
        <testcase name="test_guest_cannot_render_edit_view" file="/app/vendor/gammamatrix/playground-test/src/Feature/Http/Controllers/Resource/EditTrait.php" line="17" class="Tests\Feature\GammaMatrix\Playground\Matrix\Resource\Http\Controllers\VersionRouteTest" classname="Tests.Feature.GammaMatrix.Playground.Matrix.Resource.Http.Controllers.VersionRouteTest" assertions="2" time="0.154663"/>
        <testcase name="test_edit_view_rendered_by_user_with_return_url" file="/app/vendor/gammamatrix/playground-test/src/Feature/Http/Controllers/Resource/EditTrait.php" line="34" class="Tests\Feature\GammaMatrix\Playground\Matrix\Resource\Http\Controllers\VersionRouteTest" classname="Tests.Feature.GammaMatrix.Playground.Matrix.Resource.Http.Controllers.VersionRouteTest" assertions="3" time="0.128289"/>
        <testcase name="test_edit_info_with_user_using_json" file="/app/vendor/gammamatrix/playground-test/src/Feature/Http/Controllers/Resource/EditTrait.php" line="64" class="Tests\Feature\GammaMatrix\Playground\Matrix\Resource\Http\Controllers\VersionRouteTest" classname="Tests.Feature.GammaMatrix.Playground.Matrix.Resource.Http.Controllers.VersionRouteTest" assertions="4" time="0.102687"/>
        <testcase name="test_edit_view_rendered_by_user_with_invalid_parameter" file="/app/vendor/gammamatrix/playground-test/src/Feature/Http/Controllers/Resource/EditTrait.php" line="91" class="Tests\Feature\GammaMatrix\Playground\Matrix\Resource\Http\Controllers\VersionRouteTest" classname="Tests.Feature.GammaMatrix.Playground.Matrix.Resource.Http.Controllers.VersionRouteTest" assertions="4" time="0.098614"/>
        <testcase name="test_guest_cannot_destroy" file="/app/vendor/gammamatrix/playground-test/src/Feature/Http/Controllers/Resource/DestroyTrait.php" line="17" class="Tests\Feature\GammaMatrix\Playground\Matrix\Resource\Http\Controllers\VersionRouteTest" classname="Tests.Feature.GammaMatrix.Playground.Matrix.Resource.Http.Controllers.VersionRouteTest" assertions="4" time="0.084603"/>
        <testcase name="test_destroy_as_standard_user_and_succeed" file="/app/vendor/gammamatrix/playground-test/src/Feature/Http/Controllers/Resource/DestroyTrait.php" line="59" class="Tests\Feature\GammaMatrix\Playground\Matrix\Resource\Http\Controllers\VersionRouteTest" classname="Tests.Feature.GammaMatrix.Playground.Matrix.Resource.Http.Controllers.VersionRouteTest" assertions="5" time="0.093723"/>
        <testcase name="test_destroy_as_standard_user_and_succeed_with_force_delete" file="/app/vendor/gammamatrix/playground-test/src/Feature/Http/Controllers/Resource/DestroyTrait.php" line="102" class="Tests\Feature\GammaMatrix\Playground\Matrix\Resource\Http\Controllers\VersionRouteTest" classname="Tests.Feature.GammaMatrix.Playground.Matrix.Resource.Http.Controllers.VersionRouteTest" assertions="4" time="0.093712"/>
        <testcase name="test_destroy_as_standard_user_using_json_and_succeed_with_no_content" file="/app/vendor/gammamatrix/playground-test/src/Feature/Http/Controllers/Resource/DestroyTrait.php" line="140" class="Tests\Feature\GammaMatrix\Playground\Matrix\Resource\Http\Controllers\VersionRouteTest" classname="Tests.Feature.GammaMatrix.Playground.Matrix.Resource.Http.Controllers.VersionRouteTest" assertions="5" time="0.090133"/>
        <testcase name="test_destroy_as_standard_user_and_succeed_with_redirect_to_index_with_trash" file="/app/vendor/gammamatrix/playground-test/src/Feature/Http/Controllers/Resource/DestroyTrait.php" line="183" class="Tests\Feature\GammaMatrix\Playground\Matrix\Resource\Http\Controllers\VersionRouteTest" classname="Tests.Feature.GammaMatrix.Playground.Matrix.Resource.Http.Controllers.VersionRouteTest" assertions="5" time="0.092013"/>
        <testcase name="test_destroy_with_user_role_and_get_denied_and_no_force_delete_allowed" file="/app/vendor/gammamatrix/playground-test/src/Feature/Http/Controllers/Resource/DestroyTrait.php" line="239" class="Tests\Feature\GammaMatrix\Playground\Matrix\Resource\Http\Controllers\VersionRouteTest" classname="Tests.Feature.GammaMatrix.Playground.Matrix.Resource.Http.Controllers.VersionRouteTest" assertions="3" time="0.089704"/>
        <testcase name="test_destroy_with_admin_role_and_succeed" file="/app/vendor/gammamatrix/playground-test/src/Feature/Http/Controllers/Resource/DestroyTrait.php" line="286" class="Tests\Feature\GammaMatrix\Playground\Matrix\Resource\Http\Controllers\VersionRouteTest" classname="Tests.Feature.GammaMatrix.Playground.Matrix.Resource.Http.Controllers.VersionRouteTest" assertions="5" time="0.095243"/>
        <testcase name="test_destroy_with_admin_role_and_succeed_with_force_delete" file="/app/vendor/gammamatrix/playground-test/src/Feature/Http/Controllers/Resource/DestroyTrait.php" line="339" class="Tests\Feature\GammaMatrix\Playground\Matrix\Resource\Http\Controllers\VersionRouteTest" classname="Tests.Feature.GammaMatrix.Playground.Matrix.Resource.Http.Controllers.VersionRouteTest" assertions="4" time="0.144311"/>
        <testcase name="test_guest_cannot_render_index_view" file="/app/vendor/gammamatrix/playground-test/src/Feature/Http/Controllers/Resource/IndexTrait.php" line="18" class="Tests\Feature\GammaMatrix\Playground\Matrix\Resource\Http\Controllers\VersionRouteTest" classname="Tests.Feature.GammaMatrix.Playground.Matrix.Resource.Http.Controllers.VersionRouteTest" assertions="2" time="0.084035"/>
        <testcase name="test_index_view_rendered_by_user" file="/app/vendor/gammamatrix/playground-test/src/Feature/Http/Controllers/Resource/IndexTrait.php" line="32" class="Tests\Feature\GammaMatrix\Playground\Matrix\Resource\Http\Controllers\VersionRouteTest" classname="Tests.Feature.GammaMatrix.Playground.Matrix.Resource.Http.Controllers.VersionRouteTest" assertions="2" time="0.149969"/>
        <testcase name="test_index_info_with_user_using_json" file="/app/vendor/gammamatrix/playground-test/src/Feature/Http/Controllers/Resource/IndexTrait.php" line="51" class="Tests\Feature\GammaMatrix\Playground\Matrix\Resource\Http\Controllers\VersionRouteTest" classname="Tests.Feature.GammaMatrix.Playground.Matrix.Resource.Http.Controllers.VersionRouteTest" assertions="4" time="0.118024"/>
        <testcase name="test_guest_cannot_lock" file="/app/vendor/gammamatrix/playground-test/src/Feature/Http/Controllers/Resource/LockTrait.php" line="17" class="Tests\Feature\GammaMatrix\Playground\Matrix\Resource\Http\Controllers\VersionRouteTest" classname="Tests.Feature.GammaMatrix.Playground.Matrix.Resource.Http.Controllers.VersionRouteTest" assertions="4" time="0.087316"/>
        <testcase name="test_lock_as_standard_user_and_succeed" file="/app/vendor/gammamatrix/playground-test/src/Feature/Http/Controllers/Resource/LockTrait.php" line="59" class="Tests\Feature\GammaMatrix\Playground\Matrix\Resource\Http\Controllers\VersionRouteTest" classname="Tests.Feature.GammaMatrix.Playground.Matrix.Resource.Http.Controllers.VersionRouteTest" assertions="4" time="0.097149"/>
        <testcase name="test_lock_as_standard_user_using_json_and_succeed" file="/app/vendor/gammamatrix/playground-test/src/Feature/Http/Controllers/Resource/LockTrait.php" line="100" class="Tests\Feature\GammaMatrix\Playground\Matrix\Resource\Http\Controllers\VersionRouteTest" classname="Tests.Feature.GammaMatrix.Playground.Matrix.Resource.Http.Controllers.VersionRouteTest" assertions="3" time="0.100272"/>
        <testcase name="test_lock_as_standard_user_and_succeed_with_redirect_to_index_with_sorted_by_locked_desc" file="/app/vendor/gammamatrix/playground-test/src/Feature/Http/Controllers/Resource/LockTrait.php" line="139" class="Tests\Feature\GammaMatrix\Playground\Matrix\Resource\Http\Controllers\VersionRouteTest" classname="Tests.Feature.GammaMatrix.Playground.Matrix.Resource.Http.Controllers.VersionRouteTest" assertions="4" time="0.100262"/>
        <testcase name="test_lock_with_user_role_and_get_denied" file="/app/vendor/gammamatrix/playground-test/src/Feature/Http/Controllers/Resource/LockTrait.php" line="189" class="Tests\Feature\GammaMatrix\Playground\Matrix\Resource\Http\Controllers\VersionRouteTest" classname="Tests.Feature.GammaMatrix.Playground.Matrix.Resource.Http.Controllers.VersionRouteTest" assertions="3" time="0.090998"/>
        <testcase name="test_lock_with_admin_role_and_succeed" file="/app/vendor/gammamatrix/playground-test/src/Feature/Http/Controllers/Resource/LockTrait.php" line="235" class="Tests\Feature\GammaMatrix\Playground\Matrix\Resource\Http\Controllers\VersionRouteTest" classname="Tests.Feature.GammaMatrix.Playground.Matrix.Resource.Http.Controllers.VersionRouteTest" assertions="4" time="0.096350"/>
        <testcase name="test_lock_with_admin_role_and_succeed_with_json" file="/app/vendor/gammamatrix/playground-test/src/Feature/Http/Controllers/Resource/LockTrait.php" line="286" class="Tests\Feature\GammaMatrix\Playground\Matrix\Resource\Http\Controllers\VersionRouteTest" classname="Tests.Feature.GammaMatrix.Playground.Matrix.Resource.Http.Controllers.VersionRouteTest" assertions="97" time="0.111373"/>
        <testcase name="test_guest_cannot_restore" file="/app/vendor/gammamatrix/playground-test/src/Feature/Http/Controllers/Resource/RestoreTrait.php" line="18" class="Tests\Feature\GammaMatrix\Playground\Matrix\Resource\Http\Controllers\VersionRouteTest" classname="Tests.Feature.GammaMatrix.Playground.Matrix.Resource.Http.Controllers.VersionRouteTest" assertions="4" time="0.158099"/>
        <testcase name="test_restore_as_standard_user_and_succeed" file="/app/vendor/gammamatrix/playground-test/src/Feature/Http/Controllers/Resource/RestoreTrait.php" line="62" class="Tests\Feature\GammaMatrix\Playground\Matrix\Resource\Http\Controllers\VersionRouteTest" classname="Tests.Feature.GammaMatrix.Playground.Matrix.Resource.Http.Controllers.VersionRouteTest" assertions="4" time="0.093938"/>
        <testcase name="test_restore_as_standard_user_using_json_and_succeed" file="/app/vendor/gammamatrix/playground-test/src/Feature/Http/Controllers/Resource/RestoreTrait.php" line="104" class="Tests\Feature\GammaMatrix\Playground\Matrix\Resource\Http\Controllers\VersionRouteTest" classname="Tests.Feature.GammaMatrix.Playground.Matrix.Resource.Http.Controllers.VersionRouteTest" assertions="3" time="0.095936"/>
        <testcase name="test_restore_as_standard_user_and_succeed_with_redirect_to_index_with_only_trash" file="/app/vendor/gammamatrix/playground-test/src/Feature/Http/Controllers/Resource/RestoreTrait.php" line="144" class="Tests\Feature\GammaMatrix\Playground\Matrix\Resource\Http\Controllers\VersionRouteTest" classname="Tests.Feature.GammaMatrix.Playground.Matrix.Resource.Http.Controllers.VersionRouteTest" assertions="4" time="0.095182"/>
        <testcase name="test_restore_with_user_role_and_get_denied" file="/app/vendor/gammamatrix/playground-test/src/Feature/Http/Controllers/Resource/RestoreTrait.php" line="197" class="Tests\Feature\GammaMatrix\Playground\Matrix\Resource\Http\Controllers\VersionRouteTest" classname="Tests.Feature.GammaMatrix.Playground.Matrix.Resource.Http.Controllers.VersionRouteTest" assertions="3" time="0.095827"/>
        <testcase name="test_restore_with_admin_role_and_succeed" file="/app/vendor/gammamatrix/playground-test/src/Feature/Http/Controllers/Resource/RestoreTrait.php" line="244" class="Tests\Feature\GammaMatrix\Playground\Matrix\Resource\Http\Controllers\VersionRouteTest" classname="Tests.Feature.GammaMatrix.Playground.Matrix.Resource.Http.Controllers.VersionRouteTest" assertions="4" time="0.096120"/>
        <testcase name="test_guest_cannot_render_show_view" file="/app/vendor/gammamatrix/playground-test/src/Feature/Http/Controllers/Resource/ShowTrait.php" line="18" class="Tests\Feature\GammaMatrix\Playground\Matrix\Resource\Http\Controllers\VersionRouteTest" classname="Tests.Feature.GammaMatrix.Playground.Matrix.Resource.Http.Controllers.VersionRouteTest" assertions="2" time="0.085346"/>
        <testcase name="test_show_view_rendered_by_user" file="/app/vendor/gammamatrix/playground-test/src/Feature/Http/Controllers/Resource/ShowTrait.php" line="35" class="Tests\Feature\GammaMatrix\Playground\Matrix\Resource\Http\Controllers\VersionRouteTest" classname="Tests.Feature.GammaMatrix.Playground.Matrix.Resource.Http.Controllers.VersionRouteTest" assertions="2" time="0.101851"/>
        <testcase name="test_show_info_with_user_using_json" file="/app/vendor/gammamatrix/playground-test/src/Feature/Http/Controllers/Resource/ShowTrait.php" line="59" class="Tests\Feature\GammaMatrix\Playground\Matrix\Resource\Http\Controllers\VersionRouteTest" classname="Tests.Feature.GammaMatrix.Playground.Matrix.Resource.Http.Controllers.VersionRouteTest" assertions="4" time="0.096494"/>
        <testcase name="test_guest_cannot_unlock" file="/app/vendor/gammamatrix/playground-test/src/Feature/Http/Controllers/Resource/UnlockTrait.php" line="17" class="Tests\Feature\GammaMatrix\Playground\Matrix\Resource\Http\Controllers\VersionRouteTest" classname="Tests.Feature.GammaMatrix.Playground.Matrix.Resource.Http.Controllers.VersionRouteTest" assertions="4" time="0.085606"/>
        <testcase name="test_unlock_as_standard_user_and_succeed" file="/app/vendor/gammamatrix/playground-test/src/Feature/Http/Controllers/Resource/UnlockTrait.php" line="61" class="Tests\Feature\GammaMatrix\Playground\Matrix\Resource\Http\Controllers\VersionRouteTest" classname="Tests.Feature.GammaMatrix.Playground.Matrix.Resource.Http.Controllers.VersionRouteTest" assertions="4" time="0.100802"/>
        <testcase name="test_unlock_as_standard_user_using_json_and_succeed" file="/app/vendor/gammamatrix/playground-test/src/Feature/Http/Controllers/Resource/UnlockTrait.php" line="103" class="Tests\Feature\GammaMatrix\Playground\Matrix\Resource\Http\Controllers\VersionRouteTest" classname="Tests.Feature.GammaMatrix.Playground.Matrix.Resource.Http.Controllers.VersionRouteTest" assertions="3" time="0.178079"/>
        <testcase name="test_unlock_as_standard_user_and_succeed_with_redirect_to_index_with_sorted_by_unlocked_desc" file="/app/vendor/gammamatrix/playground-test/src/Feature/Http/Controllers/Resource/UnlockTrait.php" line="143" class="Tests\Feature\GammaMatrix\Playground\Matrix\Resource\Http\Controllers\VersionRouteTest" classname="Tests.Feature.GammaMatrix.Playground.Matrix.Resource.Http.Controllers.VersionRouteTest" assertions="4" time="0.097538"/>
        <testcase name="test_unlock_with_user_role_and_get_denied" file="/app/vendor/gammamatrix/playground-test/src/Feature/Http/Controllers/Resource/UnlockTrait.php" line="194" class="Tests\Feature\GammaMatrix\Playground\Matrix\Resource\Http\Controllers\VersionRouteTest" classname="Tests.Feature.GammaMatrix.Playground.Matrix.Resource.Http.Controllers.VersionRouteTest" assertions="3" time="0.091692"/>
        <testcase name="test_unlock_with_admin_role_and_succeed" file="/app/vendor/gammamatrix/playground-test/src/Feature/Http/Controllers/Resource/UnlockTrait.php" line="241" class="Tests\Feature\GammaMatrix\Playground\Matrix\Resource\Http\Controllers\VersionRouteTest" classname="Tests.Feature.GammaMatrix.Playground.Matrix.Resource.Http.Controllers.VersionRouteTest" assertions="4" time="0.098609"/>
        <testcase name="test_unlock_with_admin_role_and_succeed_with_json" file="/app/vendor/gammamatrix/playground-test/src/Feature/Http/Controllers/Resource/UnlockTrait.php" line="293" class="Tests\Feature\GammaMatrix\Playground\Matrix\Resource\Http\Controllers\VersionRouteTest" classname="Tests.Feature.GammaMatrix.Playground.Matrix.Resource.Http.Controllers.VersionRouteTest" assertions="97" time="0.108954"/>
      </testsuite>
    </testsuite>
  </testsuite>
</testsuites>
