<?xml version="1.0" encoding="UTF-8"?>
<testsuites>
  <testsuite name="/app/phpunit.xml.dist" tests="351" assertions="2691" errors="0" failures="0" skipped="0" time="37.016059">
    <testsuite name="Unit" tests="6" assertions="6" errors="0" failures="0" skipped="0" time="0.228492">
      <testsuite name="Tests\Unit\GammaMatrix\Playground\Matrix\Resource\Http\Requests\Backlog\CreateRequestTest" file="/app/tests/Unit/Http/Requests/Backlog/CreateRequestTest.php" tests="1" assertions="1" errors="0" failures="0" skipped="0" time="0.201335">
        <testcase name="test_request_instance" file="/app/vendor/gammamatrix/playground-test/src/Unit/Http/Requests/RequestCase.php" line="42" class="Tests\Unit\GammaMatrix\Playground\Matrix\Resource\Http\Requests\Backlog\CreateRequestTest" classname="Tests.Unit.GammaMatrix.Playground.Matrix.Resource.Http.Requests.Backlog.CreateRequestTest" assertions="1" time="0.201335"/>
      </testsuite>
      <testsuite name="Tests\Unit\GammaMatrix\Playground\Matrix\Resource\Policies\BacklogPolicy\PolicyTest" file="/app/tests/Unit/Policies/BacklogPolicy/PolicyTest.php" tests="1" assertions="1" errors="0" failures="0" skipped="0" time="0.008038">
        <testcase name="test_policy_instance" file="/app/tests/Unit/Policies/BacklogPolicy/PolicyTest.php" line="19" class="Tests\Unit\GammaMatrix\Playground\Matrix\Resource\Policies\BacklogPolicy\PolicyTest" classname="Tests.Unit.GammaMatrix.Playground.Matrix.Resource.Policies.BacklogPolicy.PolicyTest" assertions="1" time="0.008038"/>
      </testsuite>
      <testsuite name="Tests\Unit\GammaMatrix\Playground\Matrix\Resource\ServiceProviderTrait\TraitTest" file="/app/tests/Unit/ServiceProviderTrait/TraitTest.php" tests="4" assertions="4" errors="0" failures="0" skipped="0" time="0.019119">
        <testcase name="test_setPolicyNamespace_with_invalid_value" file="/app/tests/Unit/ServiceProviderTrait/TraitTest.php" line="44" class="Tests\Unit\GammaMatrix\Playground\Matrix\Resource\ServiceProviderTrait\TraitTest" classname="Tests.Unit.GammaMatrix.Playground.Matrix.Resource.ServiceProviderTrait.TraitTest" assertions="1" time="0.004885"/>
        <testcase name="test_setPolicyNamespace_with_app_namespace" file="/app/tests/Unit/ServiceProviderTrait/TraitTest.php" line="51" class="Tests\Unit\GammaMatrix\Playground\Matrix\Resource\ServiceProviderTrait\TraitTest" classname="Tests.Unit.GammaMatrix.Playground.Matrix.Resource.ServiceProviderTrait.TraitTest" assertions="1" time="0.004605"/>
        <testcase name="test_registerPolicies_getRegister_with_empty_policy_namespace" file="/app/tests/Unit/ServiceProviderTrait/TraitTest.php" line="62" class="Tests\Unit\GammaMatrix\Playground\Matrix\Resource\ServiceProviderTrait\TraitTest" classname="Tests.Unit.GammaMatrix.Playground.Matrix.Resource.ServiceProviderTrait.TraitTest" assertions="1" time="0.004910"/>
        <testcase name="test_registerPolicies_getRegister_with_app_policy_namespace" file="/app/tests/Unit/ServiceProviderTrait/TraitTest.php" line="73" class="Tests\Unit\GammaMatrix\Playground\Matrix\Resource\ServiceProviderTrait\TraitTest" classname="Tests.Unit.GammaMatrix.Playground.Matrix.Resource.ServiceProviderTrait.TraitTest" assertions="1" time="0.004721"/>
      </testsuite>
    </testsuite>
    <testsuite name="Feature" tests="345" assertions="2685" errors="0" failures="0" skipped="0" time="36.787567">
      <testsuite name="Tests\Feature\GammaMatrix\Playground\Matrix\Resource\Http\Controllers\BacklogRouteTest" file="/app/tests/Feature/Http/Controllers/BacklogRouteTest.php" tests="23" assertions="181" errors="0" failures="0" skipped="0" time="2.550523">
        <testcase name="test_guest_cannot_render_create_view" file="/app/vendor/gammamatrix/playground-test/src/Feature/Http/Controllers/Resource/CreateTrait.php" line="17" class="Tests\Feature\GammaMatrix\Playground\Matrix\Resource\Http\Controllers\BacklogRouteTest" classname="Tests.Feature.GammaMatrix.Playground.Matrix.Resource.Http.Controllers.BacklogRouteTest" assertions="2" time="0.159376"/>
        <testcase name="test_create_view_rendered_by_user_with_return_url" file="/app/vendor/gammamatrix/playground-test/src/Feature/Http/Controllers/Resource/CreateTrait.php" line="28" class="Tests\Feature\GammaMatrix\Playground\Matrix\Resource\Http\Controllers\BacklogRouteTest" classname="Tests.Feature.GammaMatrix.Playground.Matrix.Resource.Http.Controllers.BacklogRouteTest" assertions="3" time="0.228306"/>
        <testcase name="test_create_info_with_user_using_json" file="/app/vendor/gammamatrix/playground-test/src/Feature/Http/Controllers/Resource/CreateTrait.php" line="53" class="Tests\Feature\GammaMatrix\Playground\Matrix\Resource\Http\Controllers\BacklogRouteTest" classname="Tests.Feature.GammaMatrix.Playground.Matrix.Resource.Http.Controllers.BacklogRouteTest" assertions="4" time="0.098169"/>
        <testcase name="test_create_view_rendered_by_user_with_invalid_parameter" file="/app/vendor/gammamatrix/playground-test/src/Feature/Http/Controllers/Resource/CreateTrait.php" line="74" class="Tests\Feature\GammaMatrix\Playground\Matrix\Resource\Http\Controllers\BacklogRouteTest" classname="Tests.Feature.GammaMatrix.Playground.Matrix.Resource.Http.Controllers.BacklogRouteTest" assertions="5" time="0.098246"/>
        <testcase name="test_guest_cannot_render_edit_view" file="/app/vendor/gammamatrix/playground-test/src/Feature/Http/Controllers/Resource/EditTrait.php" line="17" class="Tests\Feature\GammaMatrix\Playground\Matrix\Resource\Http\Controllers\BacklogRouteTest" classname="Tests.Feature.GammaMatrix.Playground.Matrix.Resource.Http.Controllers.BacklogRouteTest" assertions="2" time="0.107039"/>
        <testcase name="test_edit_view_rendered_by_user_with_return_url" file="/app/vendor/gammamatrix/playground-test/src/Feature/Http/Controllers/Resource/EditTrait.php" line="34" class="Tests\Feature\GammaMatrix\Playground\Matrix\Resource\Http\Controllers\BacklogRouteTest" classname="Tests.Feature.GammaMatrix.Playground.Matrix.Resource.Http.Controllers.BacklogRouteTest" assertions="3" time="0.138521"/>
        <testcase name="test_edit_info_with_user_using_json" file="/app/vendor/gammamatrix/playground-test/src/Feature/Http/Controllers/Resource/EditTrait.php" line="64" class="Tests\Feature\GammaMatrix\Playground\Matrix\Resource\Http\Controllers\BacklogRouteTest" classname="Tests.Feature.GammaMatrix.Playground.Matrix.Resource.Http.Controllers.BacklogRouteTest" assertions="4" time="0.116443"/>
        <testcase name="test_edit_view_rendered_by_user_with_invalid_parameter" file="/app/vendor/gammamatrix/playground-test/src/Feature/Http/Controllers/Resource/EditTrait.php" line="91" class="Tests\Feature\GammaMatrix\Playground\Matrix\Resource\Http\Controllers\BacklogRouteTest" classname="Tests.Feature.GammaMatrix.Playground.Matrix.Resource.Http.Controllers.BacklogRouteTest" assertions="4" time="0.102758"/>
        <testcase name="test_guest_cannot_destroy" file="/app/vendor/gammamatrix/playground-test/src/Feature/Http/Controllers/Resource/DestroyTrait.php" line="17" class="Tests\Feature\GammaMatrix\Playground\Matrix\Resource\Http\Controllers\BacklogRouteTest" classname="Tests.Feature.GammaMatrix.Playground.Matrix.Resource.Http.Controllers.BacklogRouteTest" assertions="4" time="0.089651"/>
        <testcase name="test_destroy_as_standard_user_and_succeed" file="/app/vendor/gammamatrix/playground-test/src/Feature/Http/Controllers/Resource/DestroyTrait.php" line="59" class="Tests\Feature\GammaMatrix\Playground\Matrix\Resource\Http\Controllers\BacklogRouteTest" classname="Tests.Feature.GammaMatrix.Playground.Matrix.Resource.Http.Controllers.BacklogRouteTest" assertions="5" time="0.099860"/>
        <testcase name="test_destroy_as_standard_user_and_succeed_with_force_delete" file="/app/vendor/gammamatrix/playground-test/src/Feature/Http/Controllers/Resource/DestroyTrait.php" line="102" class="Tests\Feature\GammaMatrix\Playground\Matrix\Resource\Http\Controllers\BacklogRouteTest" classname="Tests.Feature.GammaMatrix.Playground.Matrix.Resource.Http.Controllers.BacklogRouteTest" assertions="4" time="0.102750"/>
        <testcase name="test_destroy_as_standard_user_using_json_and_succeed_with_no_content" file="/app/vendor/gammamatrix/playground-test/src/Feature/Http/Controllers/Resource/DestroyTrait.php" line="140" class="Tests\Feature\GammaMatrix\Playground\Matrix\Resource\Http\Controllers\BacklogRouteTest" classname="Tests.Feature.GammaMatrix.Playground.Matrix.Resource.Http.Controllers.BacklogRouteTest" assertions="5" time="0.095292"/>
        <testcase name="test_destroy_as_standard_user_and_succeed_with_redirect_to_index_with_trash" file="/app/vendor/gammamatrix/playground-test/src/Feature/Http/Controllers/Resource/DestroyTrait.php" line="183" class="Tests\Feature\GammaMatrix\Playground\Matrix\Resource\Http\Controllers\BacklogRouteTest" classname="Tests.Feature.GammaMatrix.Playground.Matrix.Resource.Http.Controllers.BacklogRouteTest" assertions="5" time="0.096302"/>
        <testcase name="test_destroy_with_user_role_and_get_denied_and_no_force_delete_allowed" file="/app/vendor/gammamatrix/playground-test/src/Feature/Http/Controllers/Resource/DestroyTrait.php" line="239" class="Tests\Feature\GammaMatrix\Playground\Matrix\Resource\Http\Controllers\BacklogRouteTest" classname="Tests.Feature.GammaMatrix.Playground.Matrix.Resource.Http.Controllers.BacklogRouteTest" assertions="3" time="0.098061"/>
        <testcase name="test_destroy_with_admin_role_and_succeed" file="/app/vendor/gammamatrix/playground-test/src/Feature/Http/Controllers/Resource/DestroyTrait.php" line="286" class="Tests\Feature\GammaMatrix\Playground\Matrix\Resource\Http\Controllers\BacklogRouteTest" classname="Tests.Feature.GammaMatrix.Playground.Matrix.Resource.Http.Controllers.BacklogRouteTest" assertions="5" time="0.109143"/>
        <testcase name="test_destroy_with_admin_role_and_succeed_with_force_delete" file="/app/vendor/gammamatrix/playground-test/src/Feature/Http/Controllers/Resource/DestroyTrait.php" line="339" class="Tests\Feature\GammaMatrix\Playground\Matrix\Resource\Http\Controllers\BacklogRouteTest" classname="Tests.Feature.GammaMatrix.Playground.Matrix.Resource.Http.Controllers.BacklogRouteTest" assertions="4" time="0.096818"/>
        <testcase name="test_guest_cannot_lock" file="/app/vendor/gammamatrix/playground-test/src/Feature/Http/Controllers/Resource/LockTrait.php" line="17" class="Tests\Feature\GammaMatrix\Playground\Matrix\Resource\Http\Controllers\BacklogRouteTest" classname="Tests.Feature.GammaMatrix.Playground.Matrix.Resource.Http.Controllers.BacklogRouteTest" assertions="4" time="0.088646"/>
        <testcase name="test_lock_as_standard_user_and_succeed" file="/app/vendor/gammamatrix/playground-test/src/Feature/Http/Controllers/Resource/LockTrait.php" line="59" class="Tests\Feature\GammaMatrix\Playground\Matrix\Resource\Http\Controllers\BacklogRouteTest" classname="Tests.Feature.GammaMatrix.Playground.Matrix.Resource.Http.Controllers.BacklogRouteTest" assertions="4" time="0.103184"/>
        <testcase name="test_lock_as_standard_user_using_json_and_succeed" file="/app/vendor/gammamatrix/playground-test/src/Feature/Http/Controllers/Resource/LockTrait.php" line="100" class="Tests\Feature\GammaMatrix\Playground\Matrix\Resource\Http\Controllers\BacklogRouteTest" classname="Tests.Feature.GammaMatrix.Playground.Matrix.Resource.Http.Controllers.BacklogRouteTest" assertions="3" time="0.109263"/>
        <testcase name="test_lock_as_standard_user_and_succeed_with_redirect_to_index_with_sorted_by_locked_desc" file="/app/vendor/gammamatrix/playground-test/src/Feature/Http/Controllers/Resource/LockTrait.php" line="139" class="Tests\Feature\GammaMatrix\Playground\Matrix\Resource\Http\Controllers\BacklogRouteTest" classname="Tests.Feature.GammaMatrix.Playground.Matrix.Resource.Http.Controllers.BacklogRouteTest" assertions="4" time="0.098883"/>
        <testcase name="test_lock_with_user_role_and_get_denied" file="/app/vendor/gammamatrix/playground-test/src/Feature/Http/Controllers/Resource/LockTrait.php" line="189" class="Tests\Feature\GammaMatrix\Playground\Matrix\Resource\Http\Controllers\BacklogRouteTest" classname="Tests.Feature.GammaMatrix.Playground.Matrix.Resource.Http.Controllers.BacklogRouteTest" assertions="3" time="0.093861"/>
        <testcase name="test_lock_with_admin_role_and_succeed" file="/app/vendor/gammamatrix/playground-test/src/Feature/Http/Controllers/Resource/LockTrait.php" line="235" class="Tests\Feature\GammaMatrix\Playground\Matrix\Resource\Http\Controllers\BacklogRouteTest" classname="Tests.Feature.GammaMatrix.Playground.Matrix.Resource.Http.Controllers.BacklogRouteTest" assertions="4" time="0.106235"/>
        <testcase name="test_lock_with_admin_role_and_succeed_with_json" file="/app/vendor/gammamatrix/playground-test/src/Feature/Http/Controllers/Resource/LockTrait.php" line="286" class="Tests\Feature\GammaMatrix\Playground\Matrix\Resource\Http\Controllers\BacklogRouteTest" classname="Tests.Feature.GammaMatrix.Playground.Matrix.Resource.Http.Controllers.BacklogRouteTest" assertions="97" time="0.113715"/>
      </testsuite>
      <testsuite name="Tests\Feature\GammaMatrix\Playground\Matrix\Resource\Http\Controllers\BoardRouteTest" file="/app/tests/Feature/Http/Controllers/BoardRouteTest.php" tests="23" assertions="181" errors="0" failures="0" skipped="0" time="2.366640">
        <testcase name="test_guest_cannot_render_create_view" file="/app/vendor/gammamatrix/playground-test/src/Feature/Http/Controllers/Resource/CreateTrait.php" line="17" class="Tests\Feature\GammaMatrix\Playground\Matrix\Resource\Http\Controllers\BoardRouteTest" classname="Tests.Feature.GammaMatrix.Playground.Matrix.Resource.Http.Controllers.BoardRouteTest" assertions="2" time="0.133321"/>
        <testcase name="test_create_view_rendered_by_user_with_return_url" file="/app/vendor/gammamatrix/playground-test/src/Feature/Http/Controllers/Resource/CreateTrait.php" line="28" class="Tests\Feature\GammaMatrix\Playground\Matrix\Resource\Http\Controllers\BoardRouteTest" classname="Tests.Feature.GammaMatrix.Playground.Matrix.Resource.Http.Controllers.BoardRouteTest" assertions="3" time="0.156162"/>
        <testcase name="test_create_info_with_user_using_json" file="/app/vendor/gammamatrix/playground-test/src/Feature/Http/Controllers/Resource/CreateTrait.php" line="53" class="Tests\Feature\GammaMatrix\Playground\Matrix\Resource\Http\Controllers\BoardRouteTest" classname="Tests.Feature.GammaMatrix.Playground.Matrix.Resource.Http.Controllers.BoardRouteTest" assertions="4" time="0.094342"/>
        <testcase name="test_create_view_rendered_by_user_with_invalid_parameter" file="/app/vendor/gammamatrix/playground-test/src/Feature/Http/Controllers/Resource/CreateTrait.php" line="74" class="Tests\Feature\GammaMatrix\Playground\Matrix\Resource\Http\Controllers\BoardRouteTest" classname="Tests.Feature.GammaMatrix.Playground.Matrix.Resource.Http.Controllers.BoardRouteTest" assertions="5" time="0.092286"/>
        <testcase name="test_guest_cannot_render_edit_view" file="/app/vendor/gammamatrix/playground-test/src/Feature/Http/Controllers/Resource/EditTrait.php" line="17" class="Tests\Feature\GammaMatrix\Playground\Matrix\Resource\Http\Controllers\BoardRouteTest" classname="Tests.Feature.GammaMatrix.Playground.Matrix.Resource.Http.Controllers.BoardRouteTest" assertions="2" time="0.086583"/>
        <testcase name="test_edit_view_rendered_by_user_with_return_url" file="/app/vendor/gammamatrix/playground-test/src/Feature/Http/Controllers/Resource/EditTrait.php" line="34" class="Tests\Feature\GammaMatrix\Playground\Matrix\Resource\Http\Controllers\BoardRouteTest" classname="Tests.Feature.GammaMatrix.Playground.Matrix.Resource.Http.Controllers.BoardRouteTest" assertions="3" time="0.136608"/>
        <testcase name="test_edit_info_with_user_using_json" file="/app/vendor/gammamatrix/playground-test/src/Feature/Http/Controllers/Resource/EditTrait.php" line="64" class="Tests\Feature\GammaMatrix\Playground\Matrix\Resource\Http\Controllers\BoardRouteTest" classname="Tests.Feature.GammaMatrix.Playground.Matrix.Resource.Http.Controllers.BoardRouteTest" assertions="4" time="0.100904"/>
        <testcase name="test_edit_view_rendered_by_user_with_invalid_parameter" file="/app/vendor/gammamatrix/playground-test/src/Feature/Http/Controllers/Resource/EditTrait.php" line="91" class="Tests\Feature\GammaMatrix\Playground\Matrix\Resource\Http\Controllers\BoardRouteTest" classname="Tests.Feature.GammaMatrix.Playground.Matrix.Resource.Http.Controllers.BoardRouteTest" assertions="4" time="0.098299"/>
        <testcase name="test_guest_cannot_destroy" file="/app/vendor/gammamatrix/playground-test/src/Feature/Http/Controllers/Resource/DestroyTrait.php" line="17" class="Tests\Feature\GammaMatrix\Playground\Matrix\Resource\Http\Controllers\BoardRouteTest" classname="Tests.Feature.GammaMatrix.Playground.Matrix.Resource.Http.Controllers.BoardRouteTest" assertions="4" time="0.092036"/>
        <testcase name="test_destroy_as_standard_user_and_succeed" file="/app/vendor/gammamatrix/playground-test/src/Feature/Http/Controllers/Resource/DestroyTrait.php" line="59" class="Tests\Feature\GammaMatrix\Playground\Matrix\Resource\Http\Controllers\BoardRouteTest" classname="Tests.Feature.GammaMatrix.Playground.Matrix.Resource.Http.Controllers.BoardRouteTest" assertions="5" time="0.100334"/>
        <testcase name="test_destroy_as_standard_user_and_succeed_with_force_delete" file="/app/vendor/gammamatrix/playground-test/src/Feature/Http/Controllers/Resource/DestroyTrait.php" line="102" class="Tests\Feature\GammaMatrix\Playground\Matrix\Resource\Http\Controllers\BoardRouteTest" classname="Tests.Feature.GammaMatrix.Playground.Matrix.Resource.Http.Controllers.BoardRouteTest" assertions="4" time="0.092379"/>
        <testcase name="test_destroy_as_standard_user_using_json_and_succeed_with_no_content" file="/app/vendor/gammamatrix/playground-test/src/Feature/Http/Controllers/Resource/DestroyTrait.php" line="140" class="Tests\Feature\GammaMatrix\Playground\Matrix\Resource\Http\Controllers\BoardRouteTest" classname="Tests.Feature.GammaMatrix.Playground.Matrix.Resource.Http.Controllers.BoardRouteTest" assertions="5" time="0.095260"/>
        <testcase name="test_destroy_as_standard_user_and_succeed_with_redirect_to_index_with_trash" file="/app/vendor/gammamatrix/playground-test/src/Feature/Http/Controllers/Resource/DestroyTrait.php" line="183" class="Tests\Feature\GammaMatrix\Playground\Matrix\Resource\Http\Controllers\BoardRouteTest" classname="Tests.Feature.GammaMatrix.Playground.Matrix.Resource.Http.Controllers.BoardRouteTest" assertions="5" time="0.094170"/>
        <testcase name="test_destroy_with_user_role_and_get_denied_and_no_force_delete_allowed" file="/app/vendor/gammamatrix/playground-test/src/Feature/Http/Controllers/Resource/DestroyTrait.php" line="239" class="Tests\Feature\GammaMatrix\Playground\Matrix\Resource\Http\Controllers\BoardRouteTest" classname="Tests.Feature.GammaMatrix.Playground.Matrix.Resource.Http.Controllers.BoardRouteTest" assertions="3" time="0.094980"/>
        <testcase name="test_destroy_with_admin_role_and_succeed" file="/app/vendor/gammamatrix/playground-test/src/Feature/Http/Controllers/Resource/DestroyTrait.php" line="286" class="Tests\Feature\GammaMatrix\Playground\Matrix\Resource\Http\Controllers\BoardRouteTest" classname="Tests.Feature.GammaMatrix.Playground.Matrix.Resource.Http.Controllers.BoardRouteTest" assertions="5" time="0.094918"/>
        <testcase name="test_destroy_with_admin_role_and_succeed_with_force_delete" file="/app/vendor/gammamatrix/playground-test/src/Feature/Http/Controllers/Resource/DestroyTrait.php" line="339" class="Tests\Feature\GammaMatrix\Playground\Matrix\Resource\Http\Controllers\BoardRouteTest" classname="Tests.Feature.GammaMatrix.Playground.Matrix.Resource.Http.Controllers.BoardRouteTest" assertions="4" time="0.098910"/>
        <testcase name="test_guest_cannot_lock" file="/app/vendor/gammamatrix/playground-test/src/Feature/Http/Controllers/Resource/LockTrait.php" line="17" class="Tests\Feature\GammaMatrix\Playground\Matrix\Resource\Http\Controllers\BoardRouteTest" classname="Tests.Feature.GammaMatrix.Playground.Matrix.Resource.Http.Controllers.BoardRouteTest" assertions="4" time="0.086500"/>
        <testcase name="test_lock_as_standard_user_and_succeed" file="/app/vendor/gammamatrix/playground-test/src/Feature/Http/Controllers/Resource/LockTrait.php" line="59" class="Tests\Feature\GammaMatrix\Playground\Matrix\Resource\Http\Controllers\BoardRouteTest" classname="Tests.Feature.GammaMatrix.Playground.Matrix.Resource.Http.Controllers.BoardRouteTest" assertions="4" time="0.101915"/>
        <testcase name="test_lock_as_standard_user_using_json_and_succeed" file="/app/vendor/gammamatrix/playground-test/src/Feature/Http/Controllers/Resource/LockTrait.php" line="100" class="Tests\Feature\GammaMatrix\Playground\Matrix\Resource\Http\Controllers\BoardRouteTest" classname="Tests.Feature.GammaMatrix.Playground.Matrix.Resource.Http.Controllers.BoardRouteTest" assertions="3" time="0.103878"/>
        <testcase name="test_lock_as_standard_user_and_succeed_with_redirect_to_index_with_sorted_by_locked_desc" file="/app/vendor/gammamatrix/playground-test/src/Feature/Http/Controllers/Resource/LockTrait.php" line="139" class="Tests\Feature\GammaMatrix\Playground\Matrix\Resource\Http\Controllers\BoardRouteTest" classname="Tests.Feature.GammaMatrix.Playground.Matrix.Resource.Http.Controllers.BoardRouteTest" assertions="4" time="0.103860"/>
        <testcase name="test_lock_with_user_role_and_get_denied" file="/app/vendor/gammamatrix/playground-test/src/Feature/Http/Controllers/Resource/LockTrait.php" line="189" class="Tests\Feature\GammaMatrix\Playground\Matrix\Resource\Http\Controllers\BoardRouteTest" classname="Tests.Feature.GammaMatrix.Playground.Matrix.Resource.Http.Controllers.BoardRouteTest" assertions="3" time="0.092794"/>
        <testcase name="test_lock_with_admin_role_and_succeed" file="/app/vendor/gammamatrix/playground-test/src/Feature/Http/Controllers/Resource/LockTrait.php" line="235" class="Tests\Feature\GammaMatrix\Playground\Matrix\Resource\Http\Controllers\BoardRouteTest" classname="Tests.Feature.GammaMatrix.Playground.Matrix.Resource.Http.Controllers.BoardRouteTest" assertions="4" time="0.102866"/>
        <testcase name="test_lock_with_admin_role_and_succeed_with_json" file="/app/vendor/gammamatrix/playground-test/src/Feature/Http/Controllers/Resource/LockTrait.php" line="286" class="Tests\Feature\GammaMatrix\Playground\Matrix\Resource\Http\Controllers\BoardRouteTest" classname="Tests.Feature.GammaMatrix.Playground.Matrix.Resource.Http.Controllers.BoardRouteTest" assertions="97" time="0.113335"/>
      </testsuite>
      <testsuite name="Tests\Feature\GammaMatrix\Playground\Matrix\Resource\Http\Controllers\EpicRouteTest" file="/app/tests/Feature/Http/Controllers/EpicRouteTest.php" tests="23" assertions="181" errors="0" failures="0" skipped="0" time="2.361664">
        <testcase name="test_guest_cannot_render_create_view" file="/app/vendor/gammamatrix/playground-test/src/Feature/Http/Controllers/Resource/CreateTrait.php" line="17" class="Tests\Feature\GammaMatrix\Playground\Matrix\Resource\Http\Controllers\EpicRouteTest" classname="Tests.Feature.GammaMatrix.Playground.Matrix.Resource.Http.Controllers.EpicRouteTest" assertions="2" time="0.128908"/>
        <testcase name="test_create_view_rendered_by_user_with_return_url" file="/app/vendor/gammamatrix/playground-test/src/Feature/Http/Controllers/Resource/CreateTrait.php" line="28" class="Tests\Feature\GammaMatrix\Playground\Matrix\Resource\Http\Controllers\EpicRouteTest" classname="Tests.Feature.GammaMatrix.Playground.Matrix.Resource.Http.Controllers.EpicRouteTest" assertions="3" time="0.151166"/>
        <testcase name="test_create_info_with_user_using_json" file="/app/vendor/gammamatrix/playground-test/src/Feature/Http/Controllers/Resource/CreateTrait.php" line="53" class="Tests\Feature\GammaMatrix\Playground\Matrix\Resource\Http\Controllers\EpicRouteTest" classname="Tests.Feature.GammaMatrix.Playground.Matrix.Resource.Http.Controllers.EpicRouteTest" assertions="4" time="0.093439"/>
        <testcase name="test_create_view_rendered_by_user_with_invalid_parameter" file="/app/vendor/gammamatrix/playground-test/src/Feature/Http/Controllers/Resource/CreateTrait.php" line="74" class="Tests\Feature\GammaMatrix\Playground\Matrix\Resource\Http\Controllers\EpicRouteTest" classname="Tests.Feature.GammaMatrix.Playground.Matrix.Resource.Http.Controllers.EpicRouteTest" assertions="5" time="0.091079"/>
        <testcase name="test_guest_cannot_render_edit_view" file="/app/vendor/gammamatrix/playground-test/src/Feature/Http/Controllers/Resource/EditTrait.php" line="17" class="Tests\Feature\GammaMatrix\Playground\Matrix\Resource\Http\Controllers\EpicRouteTest" classname="Tests.Feature.GammaMatrix.Playground.Matrix.Resource.Http.Controllers.EpicRouteTest" assertions="2" time="0.089201"/>
        <testcase name="test_edit_view_rendered_by_user_with_return_url" file="/app/vendor/gammamatrix/playground-test/src/Feature/Http/Controllers/Resource/EditTrait.php" line="34" class="Tests\Feature\GammaMatrix\Playground\Matrix\Resource\Http\Controllers\EpicRouteTest" classname="Tests.Feature.GammaMatrix.Playground.Matrix.Resource.Http.Controllers.EpicRouteTest" assertions="3" time="0.136348"/>
        <testcase name="test_edit_info_with_user_using_json" file="/app/vendor/gammamatrix/playground-test/src/Feature/Http/Controllers/Resource/EditTrait.php" line="64" class="Tests\Feature\GammaMatrix\Playground\Matrix\Resource\Http\Controllers\EpicRouteTest" classname="Tests.Feature.GammaMatrix.Playground.Matrix.Resource.Http.Controllers.EpicRouteTest" assertions="4" time="0.103595"/>
        <testcase name="test_edit_view_rendered_by_user_with_invalid_parameter" file="/app/vendor/gammamatrix/playground-test/src/Feature/Http/Controllers/Resource/EditTrait.php" line="91" class="Tests\Feature\GammaMatrix\Playground\Matrix\Resource\Http\Controllers\EpicRouteTest" classname="Tests.Feature.GammaMatrix.Playground.Matrix.Resource.Http.Controllers.EpicRouteTest" assertions="4" time="0.099221"/>
        <testcase name="test_guest_cannot_destroy" file="/app/vendor/gammamatrix/playground-test/src/Feature/Http/Controllers/Resource/DestroyTrait.php" line="17" class="Tests\Feature\GammaMatrix\Playground\Matrix\Resource\Http\Controllers\EpicRouteTest" classname="Tests.Feature.GammaMatrix.Playground.Matrix.Resource.Http.Controllers.EpicRouteTest" assertions="4" time="0.089471"/>
        <testcase name="test_destroy_as_standard_user_and_succeed" file="/app/vendor/gammamatrix/playground-test/src/Feature/Http/Controllers/Resource/DestroyTrait.php" line="59" class="Tests\Feature\GammaMatrix\Playground\Matrix\Resource\Http\Controllers\EpicRouteTest" classname="Tests.Feature.GammaMatrix.Playground.Matrix.Resource.Http.Controllers.EpicRouteTest" assertions="5" time="0.096811"/>
        <testcase name="test_destroy_as_standard_user_and_succeed_with_force_delete" file="/app/vendor/gammamatrix/playground-test/src/Feature/Http/Controllers/Resource/DestroyTrait.php" line="102" class="Tests\Feature\GammaMatrix\Playground\Matrix\Resource\Http\Controllers\EpicRouteTest" classname="Tests.Feature.GammaMatrix.Playground.Matrix.Resource.Http.Controllers.EpicRouteTest" assertions="4" time="0.103890"/>
        <testcase name="test_destroy_as_standard_user_using_json_and_succeed_with_no_content" file="/app/vendor/gammamatrix/playground-test/src/Feature/Http/Controllers/Resource/DestroyTrait.php" line="140" class="Tests\Feature\GammaMatrix\Playground\Matrix\Resource\Http\Controllers\EpicRouteTest" classname="Tests.Feature.GammaMatrix.Playground.Matrix.Resource.Http.Controllers.EpicRouteTest" assertions="5" time="0.094455"/>
        <testcase name="test_destroy_as_standard_user_and_succeed_with_redirect_to_index_with_trash" file="/app/vendor/gammamatrix/playground-test/src/Feature/Http/Controllers/Resource/DestroyTrait.php" line="183" class="Tests\Feature\GammaMatrix\Playground\Matrix\Resource\Http\Controllers\EpicRouteTest" classname="Tests.Feature.GammaMatrix.Playground.Matrix.Resource.Http.Controllers.EpicRouteTest" assertions="5" time="0.106921"/>
        <testcase name="test_destroy_with_user_role_and_get_denied_and_no_force_delete_allowed" file="/app/vendor/gammamatrix/playground-test/src/Feature/Http/Controllers/Resource/DestroyTrait.php" line="239" class="Tests\Feature\GammaMatrix\Playground\Matrix\Resource\Http\Controllers\EpicRouteTest" classname="Tests.Feature.GammaMatrix.Playground.Matrix.Resource.Http.Controllers.EpicRouteTest" assertions="3" time="0.093092"/>
        <testcase name="test_destroy_with_admin_role_and_succeed" file="/app/vendor/gammamatrix/playground-test/src/Feature/Http/Controllers/Resource/DestroyTrait.php" line="286" class="Tests\Feature\GammaMatrix\Playground\Matrix\Resource\Http\Controllers\EpicRouteTest" classname="Tests.Feature.GammaMatrix.Playground.Matrix.Resource.Http.Controllers.EpicRouteTest" assertions="5" time="0.094214"/>
        <testcase name="test_destroy_with_admin_role_and_succeed_with_force_delete" file="/app/vendor/gammamatrix/playground-test/src/Feature/Http/Controllers/Resource/DestroyTrait.php" line="339" class="Tests\Feature\GammaMatrix\Playground\Matrix\Resource\Http\Controllers\EpicRouteTest" classname="Tests.Feature.GammaMatrix.Playground.Matrix.Resource.Http.Controllers.EpicRouteTest" assertions="4" time="0.093478"/>
        <testcase name="test_guest_cannot_lock" file="/app/vendor/gammamatrix/playground-test/src/Feature/Http/Controllers/Resource/LockTrait.php" line="17" class="Tests\Feature\GammaMatrix\Playground\Matrix\Resource\Http\Controllers\EpicRouteTest" classname="Tests.Feature.GammaMatrix.Playground.Matrix.Resource.Http.Controllers.EpicRouteTest" assertions="4" time="0.088670"/>
        <testcase name="test_lock_as_standard_user_and_succeed" file="/app/vendor/gammamatrix/playground-test/src/Feature/Http/Controllers/Resource/LockTrait.php" line="59" class="Tests\Feature\GammaMatrix\Playground\Matrix\Resource\Http\Controllers\EpicRouteTest" classname="Tests.Feature.GammaMatrix.Playground.Matrix.Resource.Http.Controllers.EpicRouteTest" assertions="4" time="0.099043"/>
        <testcase name="test_lock_as_standard_user_using_json_and_succeed" file="/app/vendor/gammamatrix/playground-test/src/Feature/Http/Controllers/Resource/LockTrait.php" line="100" class="Tests\Feature\GammaMatrix\Playground\Matrix\Resource\Http\Controllers\EpicRouteTest" classname="Tests.Feature.GammaMatrix.Playground.Matrix.Resource.Http.Controllers.EpicRouteTest" assertions="3" time="0.106144"/>
        <testcase name="test_lock_as_standard_user_and_succeed_with_redirect_to_index_with_sorted_by_locked_desc" file="/app/vendor/gammamatrix/playground-test/src/Feature/Http/Controllers/Resource/LockTrait.php" line="139" class="Tests\Feature\GammaMatrix\Playground\Matrix\Resource\Http\Controllers\EpicRouteTest" classname="Tests.Feature.GammaMatrix.Playground.Matrix.Resource.Http.Controllers.EpicRouteTest" assertions="4" time="0.096861"/>
        <testcase name="test_lock_with_user_role_and_get_denied" file="/app/vendor/gammamatrix/playground-test/src/Feature/Http/Controllers/Resource/LockTrait.php" line="189" class="Tests\Feature\GammaMatrix\Playground\Matrix\Resource\Http\Controllers\EpicRouteTest" classname="Tests.Feature.GammaMatrix.Playground.Matrix.Resource.Http.Controllers.EpicRouteTest" assertions="3" time="0.095382"/>
        <testcase name="test_lock_with_admin_role_and_succeed" file="/app/vendor/gammamatrix/playground-test/src/Feature/Http/Controllers/Resource/LockTrait.php" line="235" class="Tests\Feature\GammaMatrix\Playground\Matrix\Resource\Http\Controllers\EpicRouteTest" classname="Tests.Feature.GammaMatrix.Playground.Matrix.Resource.Http.Controllers.EpicRouteTest" assertions="4" time="0.097892"/>
        <testcase name="test_lock_with_admin_role_and_succeed_with_json" file="/app/vendor/gammamatrix/playground-test/src/Feature/Http/Controllers/Resource/LockTrait.php" line="286" class="Tests\Feature\GammaMatrix\Playground\Matrix\Resource\Http\Controllers\EpicRouteTest" classname="Tests.Feature.GammaMatrix.Playground.Matrix.Resource.Http.Controllers.EpicRouteTest" assertions="97" time="0.112382"/>
      </testsuite>
      <testsuite name="Tests\Feature\GammaMatrix\Playground\Matrix\Resource\Http\Controllers\FlowRouteTest" file="/app/tests/Feature/Http/Controllers/FlowRouteTest.php" tests="23" assertions="165" errors="0" failures="0" skipped="0" time="2.343722">
        <testcase name="test_guest_cannot_render_create_view" file="/app/vendor/gammamatrix/playground-test/src/Feature/Http/Controllers/Resource/CreateTrait.php" line="17" class="Tests\Feature\GammaMatrix\Playground\Matrix\Resource\Http\Controllers\FlowRouteTest" classname="Tests.Feature.GammaMatrix.Playground.Matrix.Resource.Http.Controllers.FlowRouteTest" assertions="2" time="0.130501"/>
        <testcase name="test_create_view_rendered_by_user_with_return_url" file="/app/vendor/gammamatrix/playground-test/src/Feature/Http/Controllers/Resource/CreateTrait.php" line="28" class="Tests\Feature\GammaMatrix\Playground\Matrix\Resource\Http\Controllers\FlowRouteTest" classname="Tests.Feature.GammaMatrix.Playground.Matrix.Resource.Http.Controllers.FlowRouteTest" assertions="3" time="0.148941"/>
        <testcase name="test_create_info_with_user_using_json" file="/app/vendor/gammamatrix/playground-test/src/Feature/Http/Controllers/Resource/CreateTrait.php" line="53" class="Tests\Feature\GammaMatrix\Playground\Matrix\Resource\Http\Controllers\FlowRouteTest" classname="Tests.Feature.GammaMatrix.Playground.Matrix.Resource.Http.Controllers.FlowRouteTest" assertions="4" time="0.090728"/>
        <testcase name="test_create_view_rendered_by_user_with_invalid_parameter" file="/app/vendor/gammamatrix/playground-test/src/Feature/Http/Controllers/Resource/CreateTrait.php" line="74" class="Tests\Feature\GammaMatrix\Playground\Matrix\Resource\Http\Controllers\FlowRouteTest" classname="Tests.Feature.GammaMatrix.Playground.Matrix.Resource.Http.Controllers.FlowRouteTest" assertions="5" time="0.093374"/>
        <testcase name="test_guest_cannot_render_edit_view" file="/app/vendor/gammamatrix/playground-test/src/Feature/Http/Controllers/Resource/EditTrait.php" line="17" class="Tests\Feature\GammaMatrix\Playground\Matrix\Resource\Http\Controllers\FlowRouteTest" classname="Tests.Feature.GammaMatrix.Playground.Matrix.Resource.Http.Controllers.FlowRouteTest" assertions="2" time="0.085284"/>
        <testcase name="test_edit_view_rendered_by_user_with_return_url" file="/app/vendor/gammamatrix/playground-test/src/Feature/Http/Controllers/Resource/EditTrait.php" line="34" class="Tests\Feature\GammaMatrix\Playground\Matrix\Resource\Http\Controllers\FlowRouteTest" classname="Tests.Feature.GammaMatrix.Playground.Matrix.Resource.Http.Controllers.FlowRouteTest" assertions="3" time="0.138819"/>
        <testcase name="test_edit_info_with_user_using_json" file="/app/vendor/gammamatrix/playground-test/src/Feature/Http/Controllers/Resource/EditTrait.php" line="64" class="Tests\Feature\GammaMatrix\Playground\Matrix\Resource\Http\Controllers\FlowRouteTest" classname="Tests.Feature.GammaMatrix.Playground.Matrix.Resource.Http.Controllers.FlowRouteTest" assertions="4" time="0.104575"/>
        <testcase name="test_edit_view_rendered_by_user_with_invalid_parameter" file="/app/vendor/gammamatrix/playground-test/src/Feature/Http/Controllers/Resource/EditTrait.php" line="91" class="Tests\Feature\GammaMatrix\Playground\Matrix\Resource\Http\Controllers\FlowRouteTest" classname="Tests.Feature.GammaMatrix.Playground.Matrix.Resource.Http.Controllers.FlowRouteTest" assertions="4" time="0.099026"/>
        <testcase name="test_guest_cannot_destroy" file="/app/vendor/gammamatrix/playground-test/src/Feature/Http/Controllers/Resource/DestroyTrait.php" line="17" class="Tests\Feature\GammaMatrix\Playground\Matrix\Resource\Http\Controllers\FlowRouteTest" classname="Tests.Feature.GammaMatrix.Playground.Matrix.Resource.Http.Controllers.FlowRouteTest" assertions="4" time="0.087822"/>
        <testcase name="test_destroy_as_standard_user_and_succeed" file="/app/vendor/gammamatrix/playground-test/src/Feature/Http/Controllers/Resource/DestroyTrait.php" line="59" class="Tests\Feature\GammaMatrix\Playground\Matrix\Resource\Http\Controllers\FlowRouteTest" classname="Tests.Feature.GammaMatrix.Playground.Matrix.Resource.Http.Controllers.FlowRouteTest" assertions="5" time="0.097773"/>
        <testcase name="test_destroy_as_standard_user_and_succeed_with_force_delete" file="/app/vendor/gammamatrix/playground-test/src/Feature/Http/Controllers/Resource/DestroyTrait.php" line="102" class="Tests\Feature\GammaMatrix\Playground\Matrix\Resource\Http\Controllers\FlowRouteTest" classname="Tests.Feature.GammaMatrix.Playground.Matrix.Resource.Http.Controllers.FlowRouteTest" assertions="4" time="0.092324"/>
        <testcase name="test_destroy_as_standard_user_using_json_and_succeed_with_no_content" file="/app/vendor/gammamatrix/playground-test/src/Feature/Http/Controllers/Resource/DestroyTrait.php" line="140" class="Tests\Feature\GammaMatrix\Playground\Matrix\Resource\Http\Controllers\FlowRouteTest" classname="Tests.Feature.GammaMatrix.Playground.Matrix.Resource.Http.Controllers.FlowRouteTest" assertions="5" time="0.096838"/>
        <testcase name="test_destroy_as_standard_user_and_succeed_with_redirect_to_index_with_trash" file="/app/vendor/gammamatrix/playground-test/src/Feature/Http/Controllers/Resource/DestroyTrait.php" line="183" class="Tests\Feature\GammaMatrix\Playground\Matrix\Resource\Http\Controllers\FlowRouteTest" classname="Tests.Feature.GammaMatrix.Playground.Matrix.Resource.Http.Controllers.FlowRouteTest" assertions="5" time="0.094089"/>
        <testcase name="test_destroy_with_user_role_and_get_denied_and_no_force_delete_allowed" file="/app/vendor/gammamatrix/playground-test/src/Feature/Http/Controllers/Resource/DestroyTrait.php" line="239" class="Tests\Feature\GammaMatrix\Playground\Matrix\Resource\Http\Controllers\FlowRouteTest" classname="Tests.Feature.GammaMatrix.Playground.Matrix.Resource.Http.Controllers.FlowRouteTest" assertions="3" time="0.091358"/>
        <testcase name="test_destroy_with_admin_role_and_succeed" file="/app/vendor/gammamatrix/playground-test/src/Feature/Http/Controllers/Resource/DestroyTrait.php" line="286" class="Tests\Feature\GammaMatrix\Playground\Matrix\Resource\Http\Controllers\FlowRouteTest" classname="Tests.Feature.GammaMatrix.Playground.Matrix.Resource.Http.Controllers.FlowRouteTest" assertions="5" time="0.093395"/>
        <testcase name="test_destroy_with_admin_role_and_succeed_with_force_delete" file="/app/vendor/gammamatrix/playground-test/src/Feature/Http/Controllers/Resource/DestroyTrait.php" line="339" class="Tests\Feature\GammaMatrix\Playground\Matrix\Resource\Http\Controllers\FlowRouteTest" classname="Tests.Feature.GammaMatrix.Playground.Matrix.Resource.Http.Controllers.FlowRouteTest" assertions="4" time="0.095852"/>
        <testcase name="test_guest_cannot_lock" file="/app/vendor/gammamatrix/playground-test/src/Feature/Http/Controllers/Resource/LockTrait.php" line="17" class="Tests\Feature\GammaMatrix\Playground\Matrix\Resource\Http\Controllers\FlowRouteTest" classname="Tests.Feature.GammaMatrix.Playground.Matrix.Resource.Http.Controllers.FlowRouteTest" assertions="4" time="0.100050"/>
        <testcase name="test_lock_as_standard_user_and_succeed" file="/app/vendor/gammamatrix/playground-test/src/Feature/Http/Controllers/Resource/LockTrait.php" line="59" class="Tests\Feature\GammaMatrix\Playground\Matrix\Resource\Http\Controllers\FlowRouteTest" classname="Tests.Feature.GammaMatrix.Playground.Matrix.Resource.Http.Controllers.FlowRouteTest" assertions="4" time="0.102635"/>
        <testcase name="test_lock_as_standard_user_using_json_and_succeed" file="/app/vendor/gammamatrix/playground-test/src/Feature/Http/Controllers/Resource/LockTrait.php" line="100" class="Tests\Feature\GammaMatrix\Playground\Matrix\Resource\Http\Controllers\FlowRouteTest" classname="Tests.Feature.GammaMatrix.Playground.Matrix.Resource.Http.Controllers.FlowRouteTest" assertions="3" time="0.101762"/>
        <testcase name="test_lock_as_standard_user_and_succeed_with_redirect_to_index_with_sorted_by_locked_desc" file="/app/vendor/gammamatrix/playground-test/src/Feature/Http/Controllers/Resource/LockTrait.php" line="139" class="Tests\Feature\GammaMatrix\Playground\Matrix\Resource\Http\Controllers\FlowRouteTest" classname="Tests.Feature.GammaMatrix.Playground.Matrix.Resource.Http.Controllers.FlowRouteTest" assertions="4" time="0.099720"/>
        <testcase name="test_lock_with_user_role_and_get_denied" file="/app/vendor/gammamatrix/playground-test/src/Feature/Http/Controllers/Resource/LockTrait.php" line="189" class="Tests\Feature\GammaMatrix\Playground\Matrix\Resource\Http\Controllers\FlowRouteTest" classname="Tests.Feature.GammaMatrix.Playground.Matrix.Resource.Http.Controllers.FlowRouteTest" assertions="3" time="0.092337"/>
        <testcase name="test_lock_with_admin_role_and_succeed" file="/app/vendor/gammamatrix/playground-test/src/Feature/Http/Controllers/Resource/LockTrait.php" line="235" class="Tests\Feature\GammaMatrix\Playground\Matrix\Resource\Http\Controllers\FlowRouteTest" classname="Tests.Feature.GammaMatrix.Playground.Matrix.Resource.Http.Controllers.FlowRouteTest" assertions="4" time="0.095214"/>
        <testcase name="test_lock_with_admin_role_and_succeed_with_json" file="/app/vendor/gammamatrix/playground-test/src/Feature/Http/Controllers/Resource/LockTrait.php" line="286" class="Tests\Feature\GammaMatrix\Playground\Matrix\Resource\Http\Controllers\FlowRouteTest" classname="Tests.Feature.GammaMatrix.Playground.Matrix.Resource.Http.Controllers.FlowRouteTest" assertions="81" time="0.111307"/>
      </testsuite>
      <testsuite name="Tests\Feature\GammaMatrix\Playground\Matrix\Resource\Http\Controllers\MilestoneRouteTest" file="/app/tests/Feature/Http/Controllers/MilestoneRouteTest.php" tests="23" assertions="181" errors="0" failures="0" skipped="0" time="2.396710">
        <testcase name="test_guest_cannot_render_create_view" file="/app/vendor/gammamatrix/playground-test/src/Feature/Http/Controllers/Resource/CreateTrait.php" line="17" class="Tests\Feature\GammaMatrix\Playground\Matrix\Resource\Http\Controllers\MilestoneRouteTest" classname="Tests.Feature.GammaMatrix.Playground.Matrix.Resource.Http.Controllers.MilestoneRouteTest" assertions="2" time="0.135658"/>
        <testcase name="test_create_view_rendered_by_user_with_return_url" file="/app/vendor/gammamatrix/playground-test/src/Feature/Http/Controllers/Resource/CreateTrait.php" line="28" class="Tests\Feature\GammaMatrix\Playground\Matrix\Resource\Http\Controllers\MilestoneRouteTest" classname="Tests.Feature.GammaMatrix.Playground.Matrix.Resource.Http.Controllers.MilestoneRouteTest" assertions="3" time="0.161261"/>
        <testcase name="test_create_info_with_user_using_json" file="/app/vendor/gammamatrix/playground-test/src/Feature/Http/Controllers/Resource/CreateTrait.php" line="53" class="Tests\Feature\GammaMatrix\Playground\Matrix\Resource\Http\Controllers\MilestoneRouteTest" classname="Tests.Feature.GammaMatrix.Playground.Matrix.Resource.Http.Controllers.MilestoneRouteTest" assertions="4" time="0.095469"/>
        <testcase name="test_create_view_rendered_by_user_with_invalid_parameter" file="/app/vendor/gammamatrix/playground-test/src/Feature/Http/Controllers/Resource/CreateTrait.php" line="74" class="Tests\Feature\GammaMatrix\Playground\Matrix\Resource\Http\Controllers\MilestoneRouteTest" classname="Tests.Feature.GammaMatrix.Playground.Matrix.Resource.Http.Controllers.MilestoneRouteTest" assertions="5" time="0.091622"/>
        <testcase name="test_guest_cannot_render_edit_view" file="/app/vendor/gammamatrix/playground-test/src/Feature/Http/Controllers/Resource/EditTrait.php" line="17" class="Tests\Feature\GammaMatrix\Playground\Matrix\Resource\Http\Controllers\MilestoneRouteTest" classname="Tests.Feature.GammaMatrix.Playground.Matrix.Resource.Http.Controllers.MilestoneRouteTest" assertions="2" time="0.086256"/>
        <testcase name="test_edit_view_rendered_by_user_with_return_url" file="/app/vendor/gammamatrix/playground-test/src/Feature/Http/Controllers/Resource/EditTrait.php" line="34" class="Tests\Feature\GammaMatrix\Playground\Matrix\Resource\Http\Controllers\MilestoneRouteTest" classname="Tests.Feature.GammaMatrix.Playground.Matrix.Resource.Http.Controllers.MilestoneRouteTest" assertions="3" time="0.134566"/>
        <testcase name="test_edit_info_with_user_using_json" file="/app/vendor/gammamatrix/playground-test/src/Feature/Http/Controllers/Resource/EditTrait.php" line="64" class="Tests\Feature\GammaMatrix\Playground\Matrix\Resource\Http\Controllers\MilestoneRouteTest" classname="Tests.Feature.GammaMatrix.Playground.Matrix.Resource.Http.Controllers.MilestoneRouteTest" assertions="4" time="0.120034"/>
        <testcase name="test_edit_view_rendered_by_user_with_invalid_parameter" file="/app/vendor/gammamatrix/playground-test/src/Feature/Http/Controllers/Resource/EditTrait.php" line="91" class="Tests\Feature\GammaMatrix\Playground\Matrix\Resource\Http\Controllers\MilestoneRouteTest" classname="Tests.Feature.GammaMatrix.Playground.Matrix.Resource.Http.Controllers.MilestoneRouteTest" assertions="4" time="0.098478"/>
        <testcase name="test_guest_cannot_destroy" file="/app/vendor/gammamatrix/playground-test/src/Feature/Http/Controllers/Resource/DestroyTrait.php" line="17" class="Tests\Feature\GammaMatrix\Playground\Matrix\Resource\Http\Controllers\MilestoneRouteTest" classname="Tests.Feature.GammaMatrix.Playground.Matrix.Resource.Http.Controllers.MilestoneRouteTest" assertions="4" time="0.088743"/>
        <testcase name="test_destroy_as_standard_user_and_succeed" file="/app/vendor/gammamatrix/playground-test/src/Feature/Http/Controllers/Resource/DestroyTrait.php" line="59" class="Tests\Feature\GammaMatrix\Playground\Matrix\Resource\Http\Controllers\MilestoneRouteTest" classname="Tests.Feature.GammaMatrix.Playground.Matrix.Resource.Http.Controllers.MilestoneRouteTest" assertions="5" time="0.098176"/>
        <testcase name="test_destroy_as_standard_user_and_succeed_with_force_delete" file="/app/vendor/gammamatrix/playground-test/src/Feature/Http/Controllers/Resource/DestroyTrait.php" line="102" class="Tests\Feature\GammaMatrix\Playground\Matrix\Resource\Http\Controllers\MilestoneRouteTest" classname="Tests.Feature.GammaMatrix.Playground.Matrix.Resource.Http.Controllers.MilestoneRouteTest" assertions="4" time="0.097695"/>
        <testcase name="test_destroy_as_standard_user_using_json_and_succeed_with_no_content" file="/app/vendor/gammamatrix/playground-test/src/Feature/Http/Controllers/Resource/DestroyTrait.php" line="140" class="Tests\Feature\GammaMatrix\Playground\Matrix\Resource\Http\Controllers\MilestoneRouteTest" classname="Tests.Feature.GammaMatrix.Playground.Matrix.Resource.Http.Controllers.MilestoneRouteTest" assertions="5" time="0.092699"/>
        <testcase name="test_destroy_as_standard_user_and_succeed_with_redirect_to_index_with_trash" file="/app/vendor/gammamatrix/playground-test/src/Feature/Http/Controllers/Resource/DestroyTrait.php" line="183" class="Tests\Feature\GammaMatrix\Playground\Matrix\Resource\Http\Controllers\MilestoneRouteTest" classname="Tests.Feature.GammaMatrix.Playground.Matrix.Resource.Http.Controllers.MilestoneRouteTest" assertions="5" time="0.094824"/>
        <testcase name="test_destroy_with_user_role_and_get_denied_and_no_force_delete_allowed" file="/app/vendor/gammamatrix/playground-test/src/Feature/Http/Controllers/Resource/DestroyTrait.php" line="239" class="Tests\Feature\GammaMatrix\Playground\Matrix\Resource\Http\Controllers\MilestoneRouteTest" classname="Tests.Feature.GammaMatrix.Playground.Matrix.Resource.Http.Controllers.MilestoneRouteTest" assertions="3" time="0.094372"/>
        <testcase name="test_destroy_with_admin_role_and_succeed" file="/app/vendor/gammamatrix/playground-test/src/Feature/Http/Controllers/Resource/DestroyTrait.php" line="286" class="Tests\Feature\GammaMatrix\Playground\Matrix\Resource\Http\Controllers\MilestoneRouteTest" classname="Tests.Feature.GammaMatrix.Playground.Matrix.Resource.Http.Controllers.MilestoneRouteTest" assertions="5" time="0.099517"/>
        <testcase name="test_destroy_with_admin_role_and_succeed_with_force_delete" file="/app/vendor/gammamatrix/playground-test/src/Feature/Http/Controllers/Resource/DestroyTrait.php" line="339" class="Tests\Feature\GammaMatrix\Playground\Matrix\Resource\Http\Controllers\MilestoneRouteTest" classname="Tests.Feature.GammaMatrix.Playground.Matrix.Resource.Http.Controllers.MilestoneRouteTest" assertions="4" time="0.093795"/>
        <testcase name="test_guest_cannot_lock" file="/app/vendor/gammamatrix/playground-test/src/Feature/Http/Controllers/Resource/LockTrait.php" line="17" class="Tests\Feature\GammaMatrix\Playground\Matrix\Resource\Http\Controllers\MilestoneRouteTest" classname="Tests.Feature.GammaMatrix.Playground.Matrix.Resource.Http.Controllers.MilestoneRouteTest" assertions="4" time="0.085474"/>
        <testcase name="test_lock_as_standard_user_and_succeed" file="/app/vendor/gammamatrix/playground-test/src/Feature/Http/Controllers/Resource/LockTrait.php" line="59" class="Tests\Feature\GammaMatrix\Playground\Matrix\Resource\Http\Controllers\MilestoneRouteTest" classname="Tests.Feature.GammaMatrix.Playground.Matrix.Resource.Http.Controllers.MilestoneRouteTest" assertions="4" time="0.117688"/>
        <testcase name="test_lock_as_standard_user_using_json_and_succeed" file="/app/vendor/gammamatrix/playground-test/src/Feature/Http/Controllers/Resource/LockTrait.php" line="100" class="Tests\Feature\GammaMatrix\Playground\Matrix\Resource\Http\Controllers\MilestoneRouteTest" classname="Tests.Feature.GammaMatrix.Playground.Matrix.Resource.Http.Controllers.MilestoneRouteTest" assertions="3" time="0.107731"/>
        <testcase name="test_lock_as_standard_user_and_succeed_with_redirect_to_index_with_sorted_by_locked_desc" file="/app/vendor/gammamatrix/playground-test/src/Feature/Http/Controllers/Resource/LockTrait.php" line="139" class="Tests\Feature\GammaMatrix\Playground\Matrix\Resource\Http\Controllers\MilestoneRouteTest" classname="Tests.Feature.GammaMatrix.Playground.Matrix.Resource.Http.Controllers.MilestoneRouteTest" assertions="4" time="0.095603"/>
        <testcase name="test_lock_with_user_role_and_get_denied" file="/app/vendor/gammamatrix/playground-test/src/Feature/Http/Controllers/Resource/LockTrait.php" line="189" class="Tests\Feature\GammaMatrix\Playground\Matrix\Resource\Http\Controllers\MilestoneRouteTest" classname="Tests.Feature.GammaMatrix.Playground.Matrix.Resource.Http.Controllers.MilestoneRouteTest" assertions="3" time="0.092673"/>
        <testcase name="test_lock_with_admin_role_and_succeed" file="/app/vendor/gammamatrix/playground-test/src/Feature/Http/Controllers/Resource/LockTrait.php" line="235" class="Tests\Feature\GammaMatrix\Playground\Matrix\Resource\Http\Controllers\MilestoneRouteTest" classname="Tests.Feature.GammaMatrix.Playground.Matrix.Resource.Http.Controllers.MilestoneRouteTest" assertions="4" time="0.098981"/>
        <testcase name="test_lock_with_admin_role_and_succeed_with_json" file="/app/vendor/gammamatrix/playground-test/src/Feature/Http/Controllers/Resource/LockTrait.php" line="286" class="Tests\Feature\GammaMatrix\Playground\Matrix\Resource\Http\Controllers\MilestoneRouteTest" classname="Tests.Feature.GammaMatrix.Playground.Matrix.Resource.Http.Controllers.MilestoneRouteTest" assertions="97" time="0.115397"/>
      </testsuite>
      <testsuite name="Tests\Feature\GammaMatrix\Playground\Matrix\Resource\Http\Controllers\NoteRouteTest" file="/app/tests/Feature/Http/Controllers/NoteRouteTest.php" tests="23" assertions="167" errors="0" failures="0" skipped="0" time="2.455252">
        <testcase name="test_guest_cannot_render_create_view" file="/app/vendor/gammamatrix/playground-test/src/Feature/Http/Controllers/Resource/CreateTrait.php" line="17" class="Tests\Feature\GammaMatrix\Playground\Matrix\Resource\Http\Controllers\NoteRouteTest" classname="Tests.Feature.GammaMatrix.Playground.Matrix.Resource.Http.Controllers.NoteRouteTest" assertions="2" time="0.131714"/>
        <testcase name="test_create_view_rendered_by_user_with_return_url" file="/app/vendor/gammamatrix/playground-test/src/Feature/Http/Controllers/Resource/CreateTrait.php" line="28" class="Tests\Feature\GammaMatrix\Playground\Matrix\Resource\Http\Controllers\NoteRouteTest" classname="Tests.Feature.GammaMatrix.Playground.Matrix.Resource.Http.Controllers.NoteRouteTest" assertions="3" time="0.147974"/>
        <testcase name="test_create_info_with_user_using_json" file="/app/vendor/gammamatrix/playground-test/src/Feature/Http/Controllers/Resource/CreateTrait.php" line="53" class="Tests\Feature\GammaMatrix\Playground\Matrix\Resource\Http\Controllers\NoteRouteTest" classname="Tests.Feature.GammaMatrix.Playground.Matrix.Resource.Http.Controllers.NoteRouteTest" assertions="4" time="0.111426"/>
        <testcase name="test_create_view_rendered_by_user_with_invalid_parameter" file="/app/vendor/gammamatrix/playground-test/src/Feature/Http/Controllers/Resource/CreateTrait.php" line="74" class="Tests\Feature\GammaMatrix\Playground\Matrix\Resource\Http\Controllers\NoteRouteTest" classname="Tests.Feature.GammaMatrix.Playground.Matrix.Resource.Http.Controllers.NoteRouteTest" assertions="5" time="0.093922"/>
        <testcase name="test_guest_cannot_render_edit_view" file="/app/vendor/gammamatrix/playground-test/src/Feature/Http/Controllers/Resource/EditTrait.php" line="17" class="Tests\Feature\GammaMatrix\Playground\Matrix\Resource\Http\Controllers\NoteRouteTest" classname="Tests.Feature.GammaMatrix.Playground.Matrix.Resource.Http.Controllers.NoteRouteTest" assertions="2" time="0.088470"/>
        <testcase name="test_edit_view_rendered_by_user_with_return_url" file="/app/vendor/gammamatrix/playground-test/src/Feature/Http/Controllers/Resource/EditTrait.php" line="34" class="Tests\Feature\GammaMatrix\Playground\Matrix\Resource\Http\Controllers\NoteRouteTest" classname="Tests.Feature.GammaMatrix.Playground.Matrix.Resource.Http.Controllers.NoteRouteTest" assertions="3" time="0.138137"/>
        <testcase name="test_edit_info_with_user_using_json" file="/app/vendor/gammamatrix/playground-test/src/Feature/Http/Controllers/Resource/EditTrait.php" line="64" class="Tests\Feature\GammaMatrix\Playground\Matrix\Resource\Http\Controllers\NoteRouteTest" classname="Tests.Feature.GammaMatrix.Playground.Matrix.Resource.Http.Controllers.NoteRouteTest" assertions="4" time="0.107883"/>
        <testcase name="test_edit_view_rendered_by_user_with_invalid_parameter" file="/app/vendor/gammamatrix/playground-test/src/Feature/Http/Controllers/Resource/EditTrait.php" line="91" class="Tests\Feature\GammaMatrix\Playground\Matrix\Resource\Http\Controllers\NoteRouteTest" classname="Tests.Feature.GammaMatrix.Playground.Matrix.Resource.Http.Controllers.NoteRouteTest" assertions="4" time="0.114159"/>
        <testcase name="test_guest_cannot_destroy" file="/app/vendor/gammamatrix/playground-test/src/Feature/Http/Controllers/Resource/DestroyTrait.php" line="17" class="Tests\Feature\GammaMatrix\Playground\Matrix\Resource\Http\Controllers\NoteRouteTest" classname="Tests.Feature.GammaMatrix.Playground.Matrix.Resource.Http.Controllers.NoteRouteTest" assertions="4" time="0.088983"/>
        <testcase name="test_destroy_as_standard_user_and_succeed" file="/app/vendor/gammamatrix/playground-test/src/Feature/Http/Controllers/Resource/DestroyTrait.php" line="59" class="Tests\Feature\GammaMatrix\Playground\Matrix\Resource\Http\Controllers\NoteRouteTest" classname="Tests.Feature.GammaMatrix.Playground.Matrix.Resource.Http.Controllers.NoteRouteTest" assertions="5" time="0.102460"/>
        <testcase name="test_destroy_as_standard_user_and_succeed_with_force_delete" file="/app/vendor/gammamatrix/playground-test/src/Feature/Http/Controllers/Resource/DestroyTrait.php" line="102" class="Tests\Feature\GammaMatrix\Playground\Matrix\Resource\Http\Controllers\NoteRouteTest" classname="Tests.Feature.GammaMatrix.Playground.Matrix.Resource.Http.Controllers.NoteRouteTest" assertions="4" time="0.096494"/>
        <testcase name="test_destroy_as_standard_user_using_json_and_succeed_with_no_content" file="/app/vendor/gammamatrix/playground-test/src/Feature/Http/Controllers/Resource/DestroyTrait.php" line="140" class="Tests\Feature\GammaMatrix\Playground\Matrix\Resource\Http\Controllers\NoteRouteTest" classname="Tests.Feature.GammaMatrix.Playground.Matrix.Resource.Http.Controllers.NoteRouteTest" assertions="5" time="0.097083"/>
        <testcase name="test_destroy_as_standard_user_and_succeed_with_redirect_to_index_with_trash" file="/app/vendor/gammamatrix/playground-test/src/Feature/Http/Controllers/Resource/DestroyTrait.php" line="183" class="Tests\Feature\GammaMatrix\Playground\Matrix\Resource\Http\Controllers\NoteRouteTest" classname="Tests.Feature.GammaMatrix.Playground.Matrix.Resource.Http.Controllers.NoteRouteTest" assertions="5" time="0.096263"/>
        <testcase name="test_destroy_with_user_role_and_get_denied_and_no_force_delete_allowed" file="/app/vendor/gammamatrix/playground-test/src/Feature/Http/Controllers/Resource/DestroyTrait.php" line="239" class="Tests\Feature\GammaMatrix\Playground\Matrix\Resource\Http\Controllers\NoteRouteTest" classname="Tests.Feature.GammaMatrix.Playground.Matrix.Resource.Http.Controllers.NoteRouteTest" assertions="3" time="0.106251"/>
        <testcase name="test_destroy_with_admin_role_and_succeed" file="/app/vendor/gammamatrix/playground-test/src/Feature/Http/Controllers/Resource/DestroyTrait.php" line="286" class="Tests\Feature\GammaMatrix\Playground\Matrix\Resource\Http\Controllers\NoteRouteTest" classname="Tests.Feature.GammaMatrix.Playground.Matrix.Resource.Http.Controllers.NoteRouteTest" assertions="5" time="0.097758"/>
        <testcase name="test_destroy_with_admin_role_and_succeed_with_force_delete" file="/app/vendor/gammamatrix/playground-test/src/Feature/Http/Controllers/Resource/DestroyTrait.php" line="339" class="Tests\Feature\GammaMatrix\Playground\Matrix\Resource\Http\Controllers\NoteRouteTest" classname="Tests.Feature.GammaMatrix.Playground.Matrix.Resource.Http.Controllers.NoteRouteTest" assertions="4" time="0.110467"/>
        <testcase name="test_guest_cannot_lock" file="/app/vendor/gammamatrix/playground-test/src/Feature/Http/Controllers/Resource/LockTrait.php" line="17" class="Tests\Feature\GammaMatrix\Playground\Matrix\Resource\Http\Controllers\NoteRouteTest" classname="Tests.Feature.GammaMatrix.Playground.Matrix.Resource.Http.Controllers.NoteRouteTest" assertions="4" time="0.091136"/>
        <testcase name="test_lock_as_standard_user_and_succeed" file="/app/vendor/gammamatrix/playground-test/src/Feature/Http/Controllers/Resource/LockTrait.php" line="59" class="Tests\Feature\GammaMatrix\Playground\Matrix\Resource\Http\Controllers\NoteRouteTest" classname="Tests.Feature.GammaMatrix.Playground.Matrix.Resource.Http.Controllers.NoteRouteTest" assertions="4" time="0.105690"/>
        <testcase name="test_lock_as_standard_user_using_json_and_succeed" file="/app/vendor/gammamatrix/playground-test/src/Feature/Http/Controllers/Resource/LockTrait.php" line="100" class="Tests\Feature\GammaMatrix\Playground\Matrix\Resource\Http\Controllers\NoteRouteTest" classname="Tests.Feature.GammaMatrix.Playground.Matrix.Resource.Http.Controllers.NoteRouteTest" assertions="3" time="0.108171"/>
        <testcase name="test_lock_as_standard_user_and_succeed_with_redirect_to_index_with_sorted_by_locked_desc" file="/app/vendor/gammamatrix/playground-test/src/Feature/Http/Controllers/Resource/LockTrait.php" line="139" class="Tests\Feature\GammaMatrix\Playground\Matrix\Resource\Http\Controllers\NoteRouteTest" classname="Tests.Feature.GammaMatrix.Playground.Matrix.Resource.Http.Controllers.NoteRouteTest" assertions="4" time="0.105209"/>
        <testcase name="test_lock_with_user_role_and_get_denied" file="/app/vendor/gammamatrix/playground-test/src/Feature/Http/Controllers/Resource/LockTrait.php" line="189" class="Tests\Feature\GammaMatrix\Playground\Matrix\Resource\Http\Controllers\NoteRouteTest" classname="Tests.Feature.GammaMatrix.Playground.Matrix.Resource.Http.Controllers.NoteRouteTest" assertions="3" time="0.095500"/>
        <testcase name="test_lock_with_admin_role_and_succeed" file="/app/vendor/gammamatrix/playground-test/src/Feature/Http/Controllers/Resource/LockTrait.php" line="235" class="Tests\Feature\GammaMatrix\Playground\Matrix\Resource\Http\Controllers\NoteRouteTest" classname="Tests.Feature.GammaMatrix.Playground.Matrix.Resource.Http.Controllers.NoteRouteTest" assertions="4" time="0.104188"/>
        <testcase name="test_lock_with_admin_role_and_succeed_with_json" file="/app/vendor/gammamatrix/playground-test/src/Feature/Http/Controllers/Resource/LockTrait.php" line="286" class="Tests\Feature\GammaMatrix\Playground\Matrix\Resource\Http\Controllers\NoteRouteTest" classname="Tests.Feature.GammaMatrix.Playground.Matrix.Resource.Http.Controllers.NoteRouteTest" assertions="83" time="0.115912"/>
      </testsuite>
      <testsuite name="Tests\Feature\GammaMatrix\Playground\Matrix\Resource\Http\Controllers\ProjectRouteTest" file="/app/tests/Feature/Http/Controllers/ProjectRouteTest.php" tests="23" assertions="181" errors="0" failures="0" skipped="0" time="2.414201">
        <testcase name="test_guest_cannot_render_create_view" file="/app/vendor/gammamatrix/playground-test/src/Feature/Http/Controllers/Resource/CreateTrait.php" line="17" class="Tests\Feature\GammaMatrix\Playground\Matrix\Resource\Http\Controllers\ProjectRouteTest" classname="Tests.Feature.GammaMatrix.Playground.Matrix.Resource.Http.Controllers.ProjectRouteTest" assertions="2" time="0.139622"/>
        <testcase name="test_create_view_rendered_by_user_with_return_url" file="/app/vendor/gammamatrix/playground-test/src/Feature/Http/Controllers/Resource/CreateTrait.php" line="28" class="Tests\Feature\GammaMatrix\Playground\Matrix\Resource\Http\Controllers\ProjectRouteTest" classname="Tests.Feature.GammaMatrix.Playground.Matrix.Resource.Http.Controllers.ProjectRouteTest" assertions="3" time="0.154734"/>
        <testcase name="test_create_info_with_user_using_json" file="/app/vendor/gammamatrix/playground-test/src/Feature/Http/Controllers/Resource/CreateTrait.php" line="53" class="Tests\Feature\GammaMatrix\Playground\Matrix\Resource\Http\Controllers\ProjectRouteTest" classname="Tests.Feature.GammaMatrix.Playground.Matrix.Resource.Http.Controllers.ProjectRouteTest" assertions="4" time="0.098555"/>
        <testcase name="test_create_view_rendered_by_user_with_invalid_parameter" file="/app/vendor/gammamatrix/playground-test/src/Feature/Http/Controllers/Resource/CreateTrait.php" line="74" class="Tests\Feature\GammaMatrix\Playground\Matrix\Resource\Http\Controllers\ProjectRouteTest" classname="Tests.Feature.GammaMatrix.Playground.Matrix.Resource.Http.Controllers.ProjectRouteTest" assertions="5" time="0.092630"/>
        <testcase name="test_guest_cannot_render_edit_view" file="/app/vendor/gammamatrix/playground-test/src/Feature/Http/Controllers/Resource/EditTrait.php" line="17" class="Tests\Feature\GammaMatrix\Playground\Matrix\Resource\Http\Controllers\ProjectRouteTest" classname="Tests.Feature.GammaMatrix.Playground.Matrix.Resource.Http.Controllers.ProjectRouteTest" assertions="2" time="0.087332"/>
        <testcase name="test_edit_view_rendered_by_user_with_return_url" file="/app/vendor/gammamatrix/playground-test/src/Feature/Http/Controllers/Resource/EditTrait.php" line="34" class="Tests\Feature\GammaMatrix\Playground\Matrix\Resource\Http\Controllers\ProjectRouteTest" classname="Tests.Feature.GammaMatrix.Playground.Matrix.Resource.Http.Controllers.ProjectRouteTest" assertions="3" time="0.153878"/>
        <testcase name="test_edit_info_with_user_using_json" file="/app/vendor/gammamatrix/playground-test/src/Feature/Http/Controllers/Resource/EditTrait.php" line="64" class="Tests\Feature\GammaMatrix\Playground\Matrix\Resource\Http\Controllers\ProjectRouteTest" classname="Tests.Feature.GammaMatrix.Playground.Matrix.Resource.Http.Controllers.ProjectRouteTest" assertions="4" time="0.102812"/>
        <testcase name="test_edit_view_rendered_by_user_with_invalid_parameter" file="/app/vendor/gammamatrix/playground-test/src/Feature/Http/Controllers/Resource/EditTrait.php" line="91" class="Tests\Feature\GammaMatrix\Playground\Matrix\Resource\Http\Controllers\ProjectRouteTest" classname="Tests.Feature.GammaMatrix.Playground.Matrix.Resource.Http.Controllers.ProjectRouteTest" assertions="4" time="0.105025"/>
        <testcase name="test_guest_cannot_destroy" file="/app/vendor/gammamatrix/playground-test/src/Feature/Http/Controllers/Resource/DestroyTrait.php" line="17" class="Tests\Feature\GammaMatrix\Playground\Matrix\Resource\Http\Controllers\ProjectRouteTest" classname="Tests.Feature.GammaMatrix.Playground.Matrix.Resource.Http.Controllers.ProjectRouteTest" assertions="4" time="0.089232"/>
        <testcase name="test_destroy_as_standard_user_and_succeed" file="/app/vendor/gammamatrix/playground-test/src/Feature/Http/Controllers/Resource/DestroyTrait.php" line="59" class="Tests\Feature\GammaMatrix\Playground\Matrix\Resource\Http\Controllers\ProjectRouteTest" classname="Tests.Feature.GammaMatrix.Playground.Matrix.Resource.Http.Controllers.ProjectRouteTest" assertions="5" time="0.098318"/>
        <testcase name="test_destroy_as_standard_user_and_succeed_with_force_delete" file="/app/vendor/gammamatrix/playground-test/src/Feature/Http/Controllers/Resource/DestroyTrait.php" line="102" class="Tests\Feature\GammaMatrix\Playground\Matrix\Resource\Http\Controllers\ProjectRouteTest" classname="Tests.Feature.GammaMatrix.Playground.Matrix.Resource.Http.Controllers.ProjectRouteTest" assertions="4" time="0.093417"/>
        <testcase name="test_destroy_as_standard_user_using_json_and_succeed_with_no_content" file="/app/vendor/gammamatrix/playground-test/src/Feature/Http/Controllers/Resource/DestroyTrait.php" line="140" class="Tests\Feature\GammaMatrix\Playground\Matrix\Resource\Http\Controllers\ProjectRouteTest" classname="Tests.Feature.GammaMatrix.Playground.Matrix.Resource.Http.Controllers.ProjectRouteTest" assertions="5" time="0.094630"/>
        <testcase name="test_destroy_as_standard_user_and_succeed_with_redirect_to_index_with_trash" file="/app/vendor/gammamatrix/playground-test/src/Feature/Http/Controllers/Resource/DestroyTrait.php" line="183" class="Tests\Feature\GammaMatrix\Playground\Matrix\Resource\Http\Controllers\ProjectRouteTest" classname="Tests.Feature.GammaMatrix.Playground.Matrix.Resource.Http.Controllers.ProjectRouteTest" assertions="5" time="0.097556"/>
        <testcase name="test_destroy_with_user_role_and_get_denied_and_no_force_delete_allowed" file="/app/vendor/gammamatrix/playground-test/src/Feature/Http/Controllers/Resource/DestroyTrait.php" line="239" class="Tests\Feature\GammaMatrix\Playground\Matrix\Resource\Http\Controllers\ProjectRouteTest" classname="Tests.Feature.GammaMatrix.Playground.Matrix.Resource.Http.Controllers.ProjectRouteTest" assertions="3" time="0.115386"/>
        <testcase name="test_destroy_with_admin_role_and_succeed" file="/app/vendor/gammamatrix/playground-test/src/Feature/Http/Controllers/Resource/DestroyTrait.php" line="286" class="Tests\Feature\GammaMatrix\Playground\Matrix\Resource\Http\Controllers\ProjectRouteTest" classname="Tests.Feature.GammaMatrix.Playground.Matrix.Resource.Http.Controllers.ProjectRouteTest" assertions="5" time="0.095870"/>
        <testcase name="test_destroy_with_admin_role_and_succeed_with_force_delete" file="/app/vendor/gammamatrix/playground-test/src/Feature/Http/Controllers/Resource/DestroyTrait.php" line="339" class="Tests\Feature\GammaMatrix\Playground\Matrix\Resource\Http\Controllers\ProjectRouteTest" classname="Tests.Feature.GammaMatrix.Playground.Matrix.Resource.Http.Controllers.ProjectRouteTest" assertions="4" time="0.094446"/>
        <testcase name="test_guest_cannot_lock" file="/app/vendor/gammamatrix/playground-test/src/Feature/Http/Controllers/Resource/LockTrait.php" line="17" class="Tests\Feature\GammaMatrix\Playground\Matrix\Resource\Http\Controllers\ProjectRouteTest" classname="Tests.Feature.GammaMatrix.Playground.Matrix.Resource.Http.Controllers.ProjectRouteTest" assertions="4" time="0.089611"/>
        <testcase name="test_lock_as_standard_user_and_succeed" file="/app/vendor/gammamatrix/playground-test/src/Feature/Http/Controllers/Resource/LockTrait.php" line="59" class="Tests\Feature\GammaMatrix\Playground\Matrix\Resource\Http\Controllers\ProjectRouteTest" classname="Tests.Feature.GammaMatrix.Playground.Matrix.Resource.Http.Controllers.ProjectRouteTest" assertions="4" time="0.099636"/>
        <testcase name="test_lock_as_standard_user_using_json_and_succeed" file="/app/vendor/gammamatrix/playground-test/src/Feature/Http/Controllers/Resource/LockTrait.php" line="100" class="Tests\Feature\GammaMatrix\Playground\Matrix\Resource\Http\Controllers\ProjectRouteTest" classname="Tests.Feature.GammaMatrix.Playground.Matrix.Resource.Http.Controllers.ProjectRouteTest" assertions="3" time="0.103794"/>
        <testcase name="test_lock_as_standard_user_and_succeed_with_redirect_to_index_with_sorted_by_locked_desc" file="/app/vendor/gammamatrix/playground-test/src/Feature/Http/Controllers/Resource/LockTrait.php" line="139" class="Tests\Feature\GammaMatrix\Playground\Matrix\Resource\Http\Controllers\ProjectRouteTest" classname="Tests.Feature.GammaMatrix.Playground.Matrix.Resource.Http.Controllers.ProjectRouteTest" assertions="4" time="0.098044"/>
        <testcase name="test_lock_with_user_role_and_get_denied" file="/app/vendor/gammamatrix/playground-test/src/Feature/Http/Controllers/Resource/LockTrait.php" line="189" class="Tests\Feature\GammaMatrix\Playground\Matrix\Resource\Http\Controllers\ProjectRouteTest" classname="Tests.Feature.GammaMatrix.Playground.Matrix.Resource.Http.Controllers.ProjectRouteTest" assertions="3" time="0.098827"/>
        <testcase name="test_lock_with_admin_role_and_succeed" file="/app/vendor/gammamatrix/playground-test/src/Feature/Http/Controllers/Resource/LockTrait.php" line="235" class="Tests\Feature\GammaMatrix\Playground\Matrix\Resource\Http\Controllers\ProjectRouteTest" classname="Tests.Feature.GammaMatrix.Playground.Matrix.Resource.Http.Controllers.ProjectRouteTest" assertions="4" time="0.098294"/>
        <testcase name="test_lock_with_admin_role_and_succeed_with_json" file="/app/vendor/gammamatrix/playground-test/src/Feature/Http/Controllers/Resource/LockTrait.php" line="286" class="Tests\Feature\GammaMatrix\Playground\Matrix\Resource\Http\Controllers\ProjectRouteTest" classname="Tests.Feature.GammaMatrix.Playground.Matrix.Resource.Http.Controllers.ProjectRouteTest" assertions="97" time="0.112554"/>
      </testsuite>
      <testsuite name="Tests\Feature\GammaMatrix\Playground\Matrix\Resource\Http\Controllers\ReleaseRouteTest" file="/app/tests/Feature/Http/Controllers/ReleaseRouteTest.php" tests="23" assertions="181" errors="0" failures="0" skipped="0" time="2.435107">
        <testcase name="test_guest_cannot_render_create_view" file="/app/vendor/gammamatrix/playground-test/src/Feature/Http/Controllers/Resource/CreateTrait.php" line="17" class="Tests\Feature\GammaMatrix\Playground\Matrix\Resource\Http\Controllers\ReleaseRouteTest" classname="Tests.Feature.GammaMatrix.Playground.Matrix.Resource.Http.Controllers.ReleaseRouteTest" assertions="2" time="0.135267"/>
        <testcase name="test_create_view_rendered_by_user_with_return_url" file="/app/vendor/gammamatrix/playground-test/src/Feature/Http/Controllers/Resource/CreateTrait.php" line="28" class="Tests\Feature\GammaMatrix\Playground\Matrix\Resource\Http\Controllers\ReleaseRouteTest" classname="Tests.Feature.GammaMatrix.Playground.Matrix.Resource.Http.Controllers.ReleaseRouteTest" assertions="3" time="0.151875"/>
        <testcase name="test_create_info_with_user_using_json" file="/app/vendor/gammamatrix/playground-test/src/Feature/Http/Controllers/Resource/CreateTrait.php" line="53" class="Tests\Feature\GammaMatrix\Playground\Matrix\Resource\Http\Controllers\ReleaseRouteTest" classname="Tests.Feature.GammaMatrix.Playground.Matrix.Resource.Http.Controllers.ReleaseRouteTest" assertions="4" time="0.094805"/>
        <testcase name="test_create_view_rendered_by_user_with_invalid_parameter" file="/app/vendor/gammamatrix/playground-test/src/Feature/Http/Controllers/Resource/CreateTrait.php" line="74" class="Tests\Feature\GammaMatrix\Playground\Matrix\Resource\Http\Controllers\ReleaseRouteTest" classname="Tests.Feature.GammaMatrix.Playground.Matrix.Resource.Http.Controllers.ReleaseRouteTest" assertions="5" time="0.092878"/>
        <testcase name="test_guest_cannot_render_edit_view" file="/app/vendor/gammamatrix/playground-test/src/Feature/Http/Controllers/Resource/EditTrait.php" line="17" class="Tests\Feature\GammaMatrix\Playground\Matrix\Resource\Http\Controllers\ReleaseRouteTest" classname="Tests.Feature.GammaMatrix.Playground.Matrix.Resource.Http.Controllers.ReleaseRouteTest" assertions="2" time="0.089178"/>
        <testcase name="test_edit_view_rendered_by_user_with_return_url" file="/app/vendor/gammamatrix/playground-test/src/Feature/Http/Controllers/Resource/EditTrait.php" line="34" class="Tests\Feature\GammaMatrix\Playground\Matrix\Resource\Http\Controllers\ReleaseRouteTest" classname="Tests.Feature.GammaMatrix.Playground.Matrix.Resource.Http.Controllers.ReleaseRouteTest" assertions="3" time="0.135795"/>
        <testcase name="test_edit_info_with_user_using_json" file="/app/vendor/gammamatrix/playground-test/src/Feature/Http/Controllers/Resource/EditTrait.php" line="64" class="Tests\Feature\GammaMatrix\Playground\Matrix\Resource\Http\Controllers\ReleaseRouteTest" classname="Tests.Feature.GammaMatrix.Playground.Matrix.Resource.Http.Controllers.ReleaseRouteTest" assertions="4" time="0.121432"/>
        <testcase name="test_edit_view_rendered_by_user_with_invalid_parameter" file="/app/vendor/gammamatrix/playground-test/src/Feature/Http/Controllers/Resource/EditTrait.php" line="91" class="Tests\Feature\GammaMatrix\Playground\Matrix\Resource\Http\Controllers\ReleaseRouteTest" classname="Tests.Feature.GammaMatrix.Playground.Matrix.Resource.Http.Controllers.ReleaseRouteTest" assertions="4" time="0.101240"/>
        <testcase name="test_guest_cannot_destroy" file="/app/vendor/gammamatrix/playground-test/src/Feature/Http/Controllers/Resource/DestroyTrait.php" line="17" class="Tests\Feature\GammaMatrix\Playground\Matrix\Resource\Http\Controllers\ReleaseRouteTest" classname="Tests.Feature.GammaMatrix.Playground.Matrix.Resource.Http.Controllers.ReleaseRouteTest" assertions="4" time="0.088991"/>
        <testcase name="test_destroy_as_standard_user_and_succeed" file="/app/vendor/gammamatrix/playground-test/src/Feature/Http/Controllers/Resource/DestroyTrait.php" line="59" class="Tests\Feature\GammaMatrix\Playground\Matrix\Resource\Http\Controllers\ReleaseRouteTest" classname="Tests.Feature.GammaMatrix.Playground.Matrix.Resource.Http.Controllers.ReleaseRouteTest" assertions="5" time="0.099512"/>
        <testcase name="test_destroy_as_standard_user_and_succeed_with_force_delete" file="/app/vendor/gammamatrix/playground-test/src/Feature/Http/Controllers/Resource/DestroyTrait.php" line="102" class="Tests\Feature\GammaMatrix\Playground\Matrix\Resource\Http\Controllers\ReleaseRouteTest" classname="Tests.Feature.GammaMatrix.Playground.Matrix.Resource.Http.Controllers.ReleaseRouteTest" assertions="4" time="0.097293"/>
        <testcase name="test_destroy_as_standard_user_using_json_and_succeed_with_no_content" file="/app/vendor/gammamatrix/playground-test/src/Feature/Http/Controllers/Resource/DestroyTrait.php" line="140" class="Tests\Feature\GammaMatrix\Playground\Matrix\Resource\Http\Controllers\ReleaseRouteTest" classname="Tests.Feature.GammaMatrix.Playground.Matrix.Resource.Http.Controllers.ReleaseRouteTest" assertions="5" time="0.100929"/>
        <testcase name="test_destroy_as_standard_user_and_succeed_with_redirect_to_index_with_trash" file="/app/vendor/gammamatrix/playground-test/src/Feature/Http/Controllers/Resource/DestroyTrait.php" line="183" class="Tests\Feature\GammaMatrix\Playground\Matrix\Resource\Http\Controllers\ReleaseRouteTest" classname="Tests.Feature.GammaMatrix.Playground.Matrix.Resource.Http.Controllers.ReleaseRouteTest" assertions="5" time="0.095581"/>
        <testcase name="test_destroy_with_user_role_and_get_denied_and_no_force_delete_allowed" file="/app/vendor/gammamatrix/playground-test/src/Feature/Http/Controllers/Resource/DestroyTrait.php" line="239" class="Tests\Feature\GammaMatrix\Playground\Matrix\Resource\Http\Controllers\ReleaseRouteTest" classname="Tests.Feature.GammaMatrix.Playground.Matrix.Resource.Http.Controllers.ReleaseRouteTest" assertions="3" time="0.094519"/>
        <testcase name="test_destroy_with_admin_role_and_succeed" file="/app/vendor/gammamatrix/playground-test/src/Feature/Http/Controllers/Resource/DestroyTrait.php" line="286" class="Tests\Feature\GammaMatrix\Playground\Matrix\Resource\Http\Controllers\ReleaseRouteTest" classname="Tests.Feature.GammaMatrix.Playground.Matrix.Resource.Http.Controllers.ReleaseRouteTest" assertions="5" time="0.097913"/>
        <testcase name="test_destroy_with_admin_role_and_succeed_with_force_delete" file="/app/vendor/gammamatrix/playground-test/src/Feature/Http/Controllers/Resource/DestroyTrait.php" line="339" class="Tests\Feature\GammaMatrix\Playground\Matrix\Resource\Http\Controllers\ReleaseRouteTest" classname="Tests.Feature.GammaMatrix.Playground.Matrix.Resource.Http.Controllers.ReleaseRouteTest" assertions="4" time="0.099211"/>
        <testcase name="test_guest_cannot_lock" file="/app/vendor/gammamatrix/playground-test/src/Feature/Http/Controllers/Resource/LockTrait.php" line="17" class="Tests\Feature\GammaMatrix\Playground\Matrix\Resource\Http\Controllers\ReleaseRouteTest" classname="Tests.Feature.GammaMatrix.Playground.Matrix.Resource.Http.Controllers.ReleaseRouteTest" assertions="4" time="0.089520"/>
        <testcase name="test_lock_as_standard_user_and_succeed" file="/app/vendor/gammamatrix/playground-test/src/Feature/Http/Controllers/Resource/LockTrait.php" line="59" class="Tests\Feature\GammaMatrix\Playground\Matrix\Resource\Http\Controllers\ReleaseRouteTest" classname="Tests.Feature.GammaMatrix.Playground.Matrix.Resource.Http.Controllers.ReleaseRouteTest" assertions="4" time="0.121062"/>
        <testcase name="test_lock_as_standard_user_using_json_and_succeed" file="/app/vendor/gammamatrix/playground-test/src/Feature/Http/Controllers/Resource/LockTrait.php" line="100" class="Tests\Feature\GammaMatrix\Playground\Matrix\Resource\Http\Controllers\ReleaseRouteTest" classname="Tests.Feature.GammaMatrix.Playground.Matrix.Resource.Http.Controllers.ReleaseRouteTest" assertions="3" time="0.107808"/>
        <testcase name="test_lock_as_standard_user_and_succeed_with_redirect_to_index_with_sorted_by_locked_desc" file="/app/vendor/gammamatrix/playground-test/src/Feature/Http/Controllers/Resource/LockTrait.php" line="139" class="Tests\Feature\GammaMatrix\Playground\Matrix\Resource\Http\Controllers\ReleaseRouteTest" classname="Tests.Feature.GammaMatrix.Playground.Matrix.Resource.Http.Controllers.ReleaseRouteTest" assertions="4" time="0.106298"/>
        <testcase name="test_lock_with_user_role_and_get_denied" file="/app/vendor/gammamatrix/playground-test/src/Feature/Http/Controllers/Resource/LockTrait.php" line="189" class="Tests\Feature\GammaMatrix\Playground\Matrix\Resource\Http\Controllers\ReleaseRouteTest" classname="Tests.Feature.GammaMatrix.Playground.Matrix.Resource.Http.Controllers.ReleaseRouteTest" assertions="3" time="0.095010"/>
        <testcase name="test_lock_with_admin_role_and_succeed" file="/app/vendor/gammamatrix/playground-test/src/Feature/Http/Controllers/Resource/LockTrait.php" line="235" class="Tests\Feature\GammaMatrix\Playground\Matrix\Resource\Http\Controllers\ReleaseRouteTest" classname="Tests.Feature.GammaMatrix.Playground.Matrix.Resource.Http.Controllers.ReleaseRouteTest" assertions="4" time="0.102215"/>
        <testcase name="test_lock_with_admin_role_and_succeed_with_json" file="/app/vendor/gammamatrix/playground-test/src/Feature/Http/Controllers/Resource/LockTrait.php" line="286" class="Tests\Feature\GammaMatrix\Playground\Matrix\Resource\Http\Controllers\ReleaseRouteTest" classname="Tests.Feature.GammaMatrix.Playground.Matrix.Resource.Http.Controllers.ReleaseRouteTest" assertions="97" time="0.116774"/>
      </testsuite>
      <testsuite name="Tests\Feature\GammaMatrix\Playground\Matrix\Resource\Http\Controllers\RoadmapRouteTest" file="/app/tests/Feature/Http/Controllers/RoadmapRouteTest.php" tests="23" assertions="181" errors="0" failures="0" skipped="0" time="2.431534">
        <testcase name="test_guest_cannot_render_create_view" file="/app/vendor/gammamatrix/playground-test/src/Feature/Http/Controllers/Resource/CreateTrait.php" line="17" class="Tests\Feature\GammaMatrix\Playground\Matrix\Resource\Http\Controllers\RoadmapRouteTest" classname="Tests.Feature.GammaMatrix.Playground.Matrix.Resource.Http.Controllers.RoadmapRouteTest" assertions="2" time="0.139211"/>
        <testcase name="test_create_view_rendered_by_user_with_return_url" file="/app/vendor/gammamatrix/playground-test/src/Feature/Http/Controllers/Resource/CreateTrait.php" line="28" class="Tests\Feature\GammaMatrix\Playground\Matrix\Resource\Http\Controllers\RoadmapRouteTest" classname="Tests.Feature.GammaMatrix.Playground.Matrix.Resource.Http.Controllers.RoadmapRouteTest" assertions="3" time="0.155132"/>
        <testcase name="test_create_info_with_user_using_json" file="/app/vendor/gammamatrix/playground-test/src/Feature/Http/Controllers/Resource/CreateTrait.php" line="53" class="Tests\Feature\GammaMatrix\Playground\Matrix\Resource\Http\Controllers\RoadmapRouteTest" classname="Tests.Feature.GammaMatrix.Playground.Matrix.Resource.Http.Controllers.RoadmapRouteTest" assertions="4" time="0.096901"/>
        <testcase name="test_create_view_rendered_by_user_with_invalid_parameter" file="/app/vendor/gammamatrix/playground-test/src/Feature/Http/Controllers/Resource/CreateTrait.php" line="74" class="Tests\Feature\GammaMatrix\Playground\Matrix\Resource\Http\Controllers\RoadmapRouteTest" classname="Tests.Feature.GammaMatrix.Playground.Matrix.Resource.Http.Controllers.RoadmapRouteTest" assertions="5" time="0.097050"/>
        <testcase name="test_guest_cannot_render_edit_view" file="/app/vendor/gammamatrix/playground-test/src/Feature/Http/Controllers/Resource/EditTrait.php" line="17" class="Tests\Feature\GammaMatrix\Playground\Matrix\Resource\Http\Controllers\RoadmapRouteTest" classname="Tests.Feature.GammaMatrix.Playground.Matrix.Resource.Http.Controllers.RoadmapRouteTest" assertions="2" time="0.087547"/>
        <testcase name="test_edit_view_rendered_by_user_with_return_url" file="/app/vendor/gammamatrix/playground-test/src/Feature/Http/Controllers/Resource/EditTrait.php" line="34" class="Tests\Feature\GammaMatrix\Playground\Matrix\Resource\Http\Controllers\RoadmapRouteTest" classname="Tests.Feature.GammaMatrix.Playground.Matrix.Resource.Http.Controllers.RoadmapRouteTest" assertions="3" time="0.135195"/>
        <testcase name="test_edit_info_with_user_using_json" file="/app/vendor/gammamatrix/playground-test/src/Feature/Http/Controllers/Resource/EditTrait.php" line="64" class="Tests\Feature\GammaMatrix\Playground\Matrix\Resource\Http\Controllers\RoadmapRouteTest" classname="Tests.Feature.GammaMatrix.Playground.Matrix.Resource.Http.Controllers.RoadmapRouteTest" assertions="4" time="0.102448"/>
        <testcase name="test_edit_view_rendered_by_user_with_invalid_parameter" file="/app/vendor/gammamatrix/playground-test/src/Feature/Http/Controllers/Resource/EditTrait.php" line="91" class="Tests\Feature\GammaMatrix\Playground\Matrix\Resource\Http\Controllers\RoadmapRouteTest" classname="Tests.Feature.GammaMatrix.Playground.Matrix.Resource.Http.Controllers.RoadmapRouteTest" assertions="4" time="0.125038"/>
        <testcase name="test_guest_cannot_destroy" file="/app/vendor/gammamatrix/playground-test/src/Feature/Http/Controllers/Resource/DestroyTrait.php" line="17" class="Tests\Feature\GammaMatrix\Playground\Matrix\Resource\Http\Controllers\RoadmapRouteTest" classname="Tests.Feature.GammaMatrix.Playground.Matrix.Resource.Http.Controllers.RoadmapRouteTest" assertions="4" time="0.087658"/>
        <testcase name="test_destroy_as_standard_user_and_succeed" file="/app/vendor/gammamatrix/playground-test/src/Feature/Http/Controllers/Resource/DestroyTrait.php" line="59" class="Tests\Feature\GammaMatrix\Playground\Matrix\Resource\Http\Controllers\RoadmapRouteTest" classname="Tests.Feature.GammaMatrix.Playground.Matrix.Resource.Http.Controllers.RoadmapRouteTest" assertions="5" time="0.098151"/>
        <testcase name="test_destroy_as_standard_user_and_succeed_with_force_delete" file="/app/vendor/gammamatrix/playground-test/src/Feature/Http/Controllers/Resource/DestroyTrait.php" line="102" class="Tests\Feature\GammaMatrix\Playground\Matrix\Resource\Http\Controllers\RoadmapRouteTest" classname="Tests.Feature.GammaMatrix.Playground.Matrix.Resource.Http.Controllers.RoadmapRouteTest" assertions="4" time="0.095043"/>
        <testcase name="test_destroy_as_standard_user_using_json_and_succeed_with_no_content" file="/app/vendor/gammamatrix/playground-test/src/Feature/Http/Controllers/Resource/DestroyTrait.php" line="140" class="Tests\Feature\GammaMatrix\Playground\Matrix\Resource\Http\Controllers\RoadmapRouteTest" classname="Tests.Feature.GammaMatrix.Playground.Matrix.Resource.Http.Controllers.RoadmapRouteTest" assertions="5" time="0.093712"/>
        <testcase name="test_destroy_as_standard_user_and_succeed_with_redirect_to_index_with_trash" file="/app/vendor/gammamatrix/playground-test/src/Feature/Http/Controllers/Resource/DestroyTrait.php" line="183" class="Tests\Feature\GammaMatrix\Playground\Matrix\Resource\Http\Controllers\RoadmapRouteTest" classname="Tests.Feature.GammaMatrix.Playground.Matrix.Resource.Http.Controllers.RoadmapRouteTest" assertions="5" time="0.094585"/>
        <testcase name="test_destroy_with_user_role_and_get_denied_and_no_force_delete_allowed" file="/app/vendor/gammamatrix/playground-test/src/Feature/Http/Controllers/Resource/DestroyTrait.php" line="239" class="Tests\Feature\GammaMatrix\Playground\Matrix\Resource\Http\Controllers\RoadmapRouteTest" classname="Tests.Feature.GammaMatrix.Playground.Matrix.Resource.Http.Controllers.RoadmapRouteTest" assertions="3" time="0.094509"/>
        <testcase name="test_destroy_with_admin_role_and_succeed" file="/app/vendor/gammamatrix/playground-test/src/Feature/Http/Controllers/Resource/DestroyTrait.php" line="286" class="Tests\Feature\GammaMatrix\Playground\Matrix\Resource\Http\Controllers\RoadmapRouteTest" classname="Tests.Feature.GammaMatrix.Playground.Matrix.Resource.Http.Controllers.RoadmapRouteTest" assertions="5" time="0.098922"/>
        <testcase name="test_destroy_with_admin_role_and_succeed_with_force_delete" file="/app/vendor/gammamatrix/playground-test/src/Feature/Http/Controllers/Resource/DestroyTrait.php" line="339" class="Tests\Feature\GammaMatrix\Playground\Matrix\Resource\Http\Controllers\RoadmapRouteTest" classname="Tests.Feature.GammaMatrix.Playground.Matrix.Resource.Http.Controllers.RoadmapRouteTest" assertions="4" time="0.094968"/>
        <testcase name="test_guest_cannot_lock" file="/app/vendor/gammamatrix/playground-test/src/Feature/Http/Controllers/Resource/LockTrait.php" line="17" class="Tests\Feature\GammaMatrix\Playground\Matrix\Resource\Http\Controllers\RoadmapRouteTest" classname="Tests.Feature.GammaMatrix.Playground.Matrix.Resource.Http.Controllers.RoadmapRouteTest" assertions="4" time="0.088630"/>
        <testcase name="test_lock_as_standard_user_and_succeed" file="/app/vendor/gammamatrix/playground-test/src/Feature/Http/Controllers/Resource/LockTrait.php" line="59" class="Tests\Feature\GammaMatrix\Playground\Matrix\Resource\Http\Controllers\RoadmapRouteTest" classname="Tests.Feature.GammaMatrix.Playground.Matrix.Resource.Http.Controllers.RoadmapRouteTest" assertions="4" time="0.099544"/>
        <testcase name="test_lock_as_standard_user_using_json_and_succeed" file="/app/vendor/gammamatrix/playground-test/src/Feature/Http/Controllers/Resource/LockTrait.php" line="100" class="Tests\Feature\GammaMatrix\Playground\Matrix\Resource\Http\Controllers\RoadmapRouteTest" classname="Tests.Feature.GammaMatrix.Playground.Matrix.Resource.Http.Controllers.RoadmapRouteTest" assertions="3" time="0.134864"/>
        <testcase name="test_lock_as_standard_user_and_succeed_with_redirect_to_index_with_sorted_by_locked_desc" file="/app/vendor/gammamatrix/playground-test/src/Feature/Http/Controllers/Resource/LockTrait.php" line="139" class="Tests\Feature\GammaMatrix\Playground\Matrix\Resource\Http\Controllers\RoadmapRouteTest" classname="Tests.Feature.GammaMatrix.Playground.Matrix.Resource.Http.Controllers.RoadmapRouteTest" assertions="4" time="0.096573"/>
        <testcase name="test_lock_with_user_role_and_get_denied" file="/app/vendor/gammamatrix/playground-test/src/Feature/Http/Controllers/Resource/LockTrait.php" line="189" class="Tests\Feature\GammaMatrix\Playground\Matrix\Resource\Http\Controllers\RoadmapRouteTest" classname="Tests.Feature.GammaMatrix.Playground.Matrix.Resource.Http.Controllers.RoadmapRouteTest" assertions="3" time="0.092862"/>
        <testcase name="test_lock_with_admin_role_and_succeed" file="/app/vendor/gammamatrix/playground-test/src/Feature/Http/Controllers/Resource/LockTrait.php" line="235" class="Tests\Feature\GammaMatrix\Playground\Matrix\Resource\Http\Controllers\RoadmapRouteTest" classname="Tests.Feature.GammaMatrix.Playground.Matrix.Resource.Http.Controllers.RoadmapRouteTest" assertions="4" time="0.098779"/>
        <testcase name="test_lock_with_admin_role_and_succeed_with_json" file="/app/vendor/gammamatrix/playground-test/src/Feature/Http/Controllers/Resource/LockTrait.php" line="286" class="Tests\Feature\GammaMatrix\Playground\Matrix\Resource\Http\Controllers\RoadmapRouteTest" classname="Tests.Feature.GammaMatrix.Playground.Matrix.Resource.Http.Controllers.RoadmapRouteTest" assertions="97" time="0.124212"/>
      </testsuite>
      <testsuite name="Tests\Feature\GammaMatrix\Playground\Matrix\Resource\Http\Controllers\SourceRouteTest" file="/app/tests/Feature/Http/Controllers/SourceRouteTest.php" tests="23" assertions="181" errors="0" failures="0" skipped="0" time="2.446840">
        <testcase name="test_guest_cannot_render_create_view" file="/app/vendor/gammamatrix/playground-test/src/Feature/Http/Controllers/Resource/CreateTrait.php" line="17" class="Tests\Feature\GammaMatrix\Playground\Matrix\Resource\Http\Controllers\SourceRouteTest" classname="Tests.Feature.GammaMatrix.Playground.Matrix.Resource.Http.Controllers.SourceRouteTest" assertions="2" time="0.134644"/>
        <testcase name="test_create_view_rendered_by_user_with_return_url" file="/app/vendor/gammamatrix/playground-test/src/Feature/Http/Controllers/Resource/CreateTrait.php" line="28" class="Tests\Feature\GammaMatrix\Playground\Matrix\Resource\Http\Controllers\SourceRouteTest" classname="Tests.Feature.GammaMatrix.Playground.Matrix.Resource.Http.Controllers.SourceRouteTest" assertions="3" time="0.151802"/>
        <testcase name="test_create_info_with_user_using_json" file="/app/vendor/gammamatrix/playground-test/src/Feature/Http/Controllers/Resource/CreateTrait.php" line="53" class="Tests\Feature\GammaMatrix\Playground\Matrix\Resource\Http\Controllers\SourceRouteTest" classname="Tests.Feature.GammaMatrix.Playground.Matrix.Resource.Http.Controllers.SourceRouteTest" assertions="4" time="0.095762"/>
        <testcase name="test_create_view_rendered_by_user_with_invalid_parameter" file="/app/vendor/gammamatrix/playground-test/src/Feature/Http/Controllers/Resource/CreateTrait.php" line="74" class="Tests\Feature\GammaMatrix\Playground\Matrix\Resource\Http\Controllers\SourceRouteTest" classname="Tests.Feature.GammaMatrix.Playground.Matrix.Resource.Http.Controllers.SourceRouteTest" assertions="5" time="0.093806"/>
        <testcase name="test_guest_cannot_render_edit_view" file="/app/vendor/gammamatrix/playground-test/src/Feature/Http/Controllers/Resource/EditTrait.php" line="17" class="Tests\Feature\GammaMatrix\Playground\Matrix\Resource\Http\Controllers\SourceRouteTest" classname="Tests.Feature.GammaMatrix.Playground.Matrix.Resource.Http.Controllers.SourceRouteTest" assertions="2" time="0.087895"/>
        <testcase name="test_edit_view_rendered_by_user_with_return_url" file="/app/vendor/gammamatrix/playground-test/src/Feature/Http/Controllers/Resource/EditTrait.php" line="34" class="Tests\Feature\GammaMatrix\Playground\Matrix\Resource\Http\Controllers\SourceRouteTest" classname="Tests.Feature.GammaMatrix.Playground.Matrix.Resource.Http.Controllers.SourceRouteTest" assertions="3" time="0.134550"/>
        <testcase name="test_edit_info_with_user_using_json" file="/app/vendor/gammamatrix/playground-test/src/Feature/Http/Controllers/Resource/EditTrait.php" line="64" class="Tests\Feature\GammaMatrix\Playground\Matrix\Resource\Http\Controllers\SourceRouteTest" classname="Tests.Feature.GammaMatrix.Playground.Matrix.Resource.Http.Controllers.SourceRouteTest" assertions="4" time="0.110578"/>
        <testcase name="test_edit_view_rendered_by_user_with_invalid_parameter" file="/app/vendor/gammamatrix/playground-test/src/Feature/Http/Controllers/Resource/EditTrait.php" line="91" class="Tests\Feature\GammaMatrix\Playground\Matrix\Resource\Http\Controllers\SourceRouteTest" classname="Tests.Feature.GammaMatrix.Playground.Matrix.Resource.Http.Controllers.SourceRouteTest" assertions="4" time="0.099178"/>
        <testcase name="test_guest_cannot_destroy" file="/app/vendor/gammamatrix/playground-test/src/Feature/Http/Controllers/Resource/DestroyTrait.php" line="17" class="Tests\Feature\GammaMatrix\Playground\Matrix\Resource\Http\Controllers\SourceRouteTest" classname="Tests.Feature.GammaMatrix.Playground.Matrix.Resource.Http.Controllers.SourceRouteTest" assertions="4" time="0.115887"/>
        <testcase name="test_destroy_as_standard_user_and_succeed" file="/app/vendor/gammamatrix/playground-test/src/Feature/Http/Controllers/Resource/DestroyTrait.php" line="59" class="Tests\Feature\GammaMatrix\Playground\Matrix\Resource\Http\Controllers\SourceRouteTest" classname="Tests.Feature.GammaMatrix.Playground.Matrix.Resource.Http.Controllers.SourceRouteTest" assertions="5" time="0.098864"/>
        <testcase name="test_destroy_as_standard_user_and_succeed_with_force_delete" file="/app/vendor/gammamatrix/playground-test/src/Feature/Http/Controllers/Resource/DestroyTrait.php" line="102" class="Tests\Feature\GammaMatrix\Playground\Matrix\Resource\Http\Controllers\SourceRouteTest" classname="Tests.Feature.GammaMatrix.Playground.Matrix.Resource.Http.Controllers.SourceRouteTest" assertions="4" time="0.095813"/>
        <testcase name="test_destroy_as_standard_user_using_json_and_succeed_with_no_content" file="/app/vendor/gammamatrix/playground-test/src/Feature/Http/Controllers/Resource/DestroyTrait.php" line="140" class="Tests\Feature\GammaMatrix\Playground\Matrix\Resource\Http\Controllers\SourceRouteTest" classname="Tests.Feature.GammaMatrix.Playground.Matrix.Resource.Http.Controllers.SourceRouteTest" assertions="5" time="0.094766"/>
        <testcase name="test_destroy_as_standard_user_and_succeed_with_redirect_to_index_with_trash" file="/app/vendor/gammamatrix/playground-test/src/Feature/Http/Controllers/Resource/DestroyTrait.php" line="183" class="Tests\Feature\GammaMatrix\Playground\Matrix\Resource\Http\Controllers\SourceRouteTest" classname="Tests.Feature.GammaMatrix.Playground.Matrix.Resource.Http.Controllers.SourceRouteTest" assertions="5" time="0.102714"/>
        <testcase name="test_destroy_with_user_role_and_get_denied_and_no_force_delete_allowed" file="/app/vendor/gammamatrix/playground-test/src/Feature/Http/Controllers/Resource/DestroyTrait.php" line="239" class="Tests\Feature\GammaMatrix\Playground\Matrix\Resource\Http\Controllers\SourceRouteTest" classname="Tests.Feature.GammaMatrix.Playground.Matrix.Resource.Http.Controllers.SourceRouteTest" assertions="3" time="0.094207"/>
        <testcase name="test_destroy_with_admin_role_and_succeed" file="/app/vendor/gammamatrix/playground-test/src/Feature/Http/Controllers/Resource/DestroyTrait.php" line="286" class="Tests\Feature\GammaMatrix\Playground\Matrix\Resource\Http\Controllers\SourceRouteTest" classname="Tests.Feature.GammaMatrix.Playground.Matrix.Resource.Http.Controllers.SourceRouteTest" assertions="5" time="0.097453"/>
        <testcase name="test_destroy_with_admin_role_and_succeed_with_force_delete" file="/app/vendor/gammamatrix/playground-test/src/Feature/Http/Controllers/Resource/DestroyTrait.php" line="339" class="Tests\Feature\GammaMatrix\Playground\Matrix\Resource\Http\Controllers\SourceRouteTest" classname="Tests.Feature.GammaMatrix.Playground.Matrix.Resource.Http.Controllers.SourceRouteTest" assertions="4" time="0.094731"/>
        <testcase name="test_guest_cannot_lock" file="/app/vendor/gammamatrix/playground-test/src/Feature/Http/Controllers/Resource/LockTrait.php" line="17" class="Tests\Feature\GammaMatrix\Playground\Matrix\Resource\Http\Controllers\SourceRouteTest" classname="Tests.Feature.GammaMatrix.Playground.Matrix.Resource.Http.Controllers.SourceRouteTest" assertions="4" time="0.087636"/>
        <testcase name="test_lock_as_standard_user_and_succeed" file="/app/vendor/gammamatrix/playground-test/src/Feature/Http/Controllers/Resource/LockTrait.php" line="59" class="Tests\Feature\GammaMatrix\Playground\Matrix\Resource\Http\Controllers\SourceRouteTest" classname="Tests.Feature.GammaMatrix.Playground.Matrix.Resource.Http.Controllers.SourceRouteTest" assertions="4" time="0.104080"/>
        <testcase name="test_lock_as_standard_user_using_json_and_succeed" file="/app/vendor/gammamatrix/playground-test/src/Feature/Http/Controllers/Resource/LockTrait.php" line="100" class="Tests\Feature\GammaMatrix\Playground\Matrix\Resource\Http\Controllers\SourceRouteTest" classname="Tests.Feature.GammaMatrix.Playground.Matrix.Resource.Http.Controllers.SourceRouteTest" assertions="3" time="0.112310"/>
        <testcase name="test_lock_as_standard_user_and_succeed_with_redirect_to_index_with_sorted_by_locked_desc" file="/app/vendor/gammamatrix/playground-test/src/Feature/Http/Controllers/Resource/LockTrait.php" line="139" class="Tests\Feature\GammaMatrix\Playground\Matrix\Resource\Http\Controllers\SourceRouteTest" classname="Tests.Feature.GammaMatrix.Playground.Matrix.Resource.Http.Controllers.SourceRouteTest" assertions="4" time="0.126229"/>
        <testcase name="test_lock_with_user_role_and_get_denied" file="/app/vendor/gammamatrix/playground-test/src/Feature/Http/Controllers/Resource/LockTrait.php" line="189" class="Tests\Feature\GammaMatrix\Playground\Matrix\Resource\Http\Controllers\SourceRouteTest" classname="Tests.Feature.GammaMatrix.Playground.Matrix.Resource.Http.Controllers.SourceRouteTest" assertions="3" time="0.094847"/>
        <testcase name="test_lock_with_admin_role_and_succeed" file="/app/vendor/gammamatrix/playground-test/src/Feature/Http/Controllers/Resource/LockTrait.php" line="235" class="Tests\Feature\GammaMatrix\Playground\Matrix\Resource\Http\Controllers\SourceRouteTest" classname="Tests.Feature.GammaMatrix.Playground.Matrix.Resource.Http.Controllers.SourceRouteTest" assertions="4" time="0.104130"/>
        <testcase name="test_lock_with_admin_role_and_succeed_with_json" file="/app/vendor/gammamatrix/playground-test/src/Feature/Http/Controllers/Resource/LockTrait.php" line="286" class="Tests\Feature\GammaMatrix\Playground\Matrix\Resource\Http\Controllers\SourceRouteTest" classname="Tests.Feature.GammaMatrix.Playground.Matrix.Resource.Http.Controllers.SourceRouteTest" assertions="97" time="0.114958"/>
      </testsuite>
      <testsuite name="Tests\Feature\GammaMatrix\Playground\Matrix\Resource\Http\Controllers\SprintRouteTest" file="/app/tests/Feature/Http/Controllers/SprintRouteTest.php" tests="23" assertions="181" errors="0" failures="0" skipped="0" time="2.505622">
        <testcase name="test_guest_cannot_render_create_view" file="/app/vendor/gammamatrix/playground-test/src/Feature/Http/Controllers/Resource/CreateTrait.php" line="17" class="Tests\Feature\GammaMatrix\Playground\Matrix\Resource\Http\Controllers\SprintRouteTest" classname="Tests.Feature.GammaMatrix.Playground.Matrix.Resource.Http.Controllers.SprintRouteTest" assertions="2" time="0.136757"/>
        <testcase name="test_create_view_rendered_by_user_with_return_url" file="/app/vendor/gammamatrix/playground-test/src/Feature/Http/Controllers/Resource/CreateTrait.php" line="28" class="Tests\Feature\GammaMatrix\Playground\Matrix\Resource\Http\Controllers\SprintRouteTest" classname="Tests.Feature.GammaMatrix.Playground.Matrix.Resource.Http.Controllers.SprintRouteTest" assertions="3" time="0.154116"/>
        <testcase name="test_create_info_with_user_using_json" file="/app/vendor/gammamatrix/playground-test/src/Feature/Http/Controllers/Resource/CreateTrait.php" line="53" class="Tests\Feature\GammaMatrix\Playground\Matrix\Resource\Http\Controllers\SprintRouteTest" classname="Tests.Feature.GammaMatrix.Playground.Matrix.Resource.Http.Controllers.SprintRouteTest" assertions="4" time="0.094747"/>
        <testcase name="test_create_view_rendered_by_user_with_invalid_parameter" file="/app/vendor/gammamatrix/playground-test/src/Feature/Http/Controllers/Resource/CreateTrait.php" line="74" class="Tests\Feature\GammaMatrix\Playground\Matrix\Resource\Http\Controllers\SprintRouteTest" classname="Tests.Feature.GammaMatrix.Playground.Matrix.Resource.Http.Controllers.SprintRouteTest" assertions="5" time="0.094015"/>
        <testcase name="test_guest_cannot_render_edit_view" file="/app/vendor/gammamatrix/playground-test/src/Feature/Http/Controllers/Resource/EditTrait.php" line="17" class="Tests\Feature\GammaMatrix\Playground\Matrix\Resource\Http\Controllers\SprintRouteTest" classname="Tests.Feature.GammaMatrix.Playground.Matrix.Resource.Http.Controllers.SprintRouteTest" assertions="2" time="0.117934"/>
        <testcase name="test_edit_view_rendered_by_user_with_return_url" file="/app/vendor/gammamatrix/playground-test/src/Feature/Http/Controllers/Resource/EditTrait.php" line="34" class="Tests\Feature\GammaMatrix\Playground\Matrix\Resource\Http\Controllers\SprintRouteTest" classname="Tests.Feature.GammaMatrix.Playground.Matrix.Resource.Http.Controllers.SprintRouteTest" assertions="3" time="0.138868"/>
        <testcase name="test_edit_info_with_user_using_json" file="/app/vendor/gammamatrix/playground-test/src/Feature/Http/Controllers/Resource/EditTrait.php" line="64" class="Tests\Feature\GammaMatrix\Playground\Matrix\Resource\Http\Controllers\SprintRouteTest" classname="Tests.Feature.GammaMatrix.Playground.Matrix.Resource.Http.Controllers.SprintRouteTest" assertions="4" time="0.110667"/>
        <testcase name="test_edit_view_rendered_by_user_with_invalid_parameter" file="/app/vendor/gammamatrix/playground-test/src/Feature/Http/Controllers/Resource/EditTrait.php" line="91" class="Tests\Feature\GammaMatrix\Playground\Matrix\Resource\Http\Controllers\SprintRouteTest" classname="Tests.Feature.GammaMatrix.Playground.Matrix.Resource.Http.Controllers.SprintRouteTest" assertions="4" time="0.101254"/>
        <testcase name="test_guest_cannot_destroy" file="/app/vendor/gammamatrix/playground-test/src/Feature/Http/Controllers/Resource/DestroyTrait.php" line="17" class="Tests\Feature\GammaMatrix\Playground\Matrix\Resource\Http\Controllers\SprintRouteTest" classname="Tests.Feature.GammaMatrix.Playground.Matrix.Resource.Http.Controllers.SprintRouteTest" assertions="4" time="0.088693"/>
        <testcase name="test_destroy_as_standard_user_and_succeed" file="/app/vendor/gammamatrix/playground-test/src/Feature/Http/Controllers/Resource/DestroyTrait.php" line="59" class="Tests\Feature\GammaMatrix\Playground\Matrix\Resource\Http\Controllers\SprintRouteTest" classname="Tests.Feature.GammaMatrix.Playground.Matrix.Resource.Http.Controllers.SprintRouteTest" assertions="5" time="0.104443"/>
        <testcase name="test_destroy_as_standard_user_and_succeed_with_force_delete" file="/app/vendor/gammamatrix/playground-test/src/Feature/Http/Controllers/Resource/DestroyTrait.php" line="102" class="Tests\Feature\GammaMatrix\Playground\Matrix\Resource\Http\Controllers\SprintRouteTest" classname="Tests.Feature.GammaMatrix.Playground.Matrix.Resource.Http.Controllers.SprintRouteTest" assertions="4" time="0.095106"/>
        <testcase name="test_destroy_as_standard_user_using_json_and_succeed_with_no_content" file="/app/vendor/gammamatrix/playground-test/src/Feature/Http/Controllers/Resource/DestroyTrait.php" line="140" class="Tests\Feature\GammaMatrix\Playground\Matrix\Resource\Http\Controllers\SprintRouteTest" classname="Tests.Feature.GammaMatrix.Playground.Matrix.Resource.Http.Controllers.SprintRouteTest" assertions="5" time="0.094183"/>
        <testcase name="test_destroy_as_standard_user_and_succeed_with_redirect_to_index_with_trash" file="/app/vendor/gammamatrix/playground-test/src/Feature/Http/Controllers/Resource/DestroyTrait.php" line="183" class="Tests\Feature\GammaMatrix\Playground\Matrix\Resource\Http\Controllers\SprintRouteTest" classname="Tests.Feature.GammaMatrix.Playground.Matrix.Resource.Http.Controllers.SprintRouteTest" assertions="5" time="0.132281"/>
        <testcase name="test_destroy_with_user_role_and_get_denied_and_no_force_delete_allowed" file="/app/vendor/gammamatrix/playground-test/src/Feature/Http/Controllers/Resource/DestroyTrait.php" line="239" class="Tests\Feature\GammaMatrix\Playground\Matrix\Resource\Http\Controllers\SprintRouteTest" classname="Tests.Feature.GammaMatrix.Playground.Matrix.Resource.Http.Controllers.SprintRouteTest" assertions="3" time="0.096524"/>
        <testcase name="test_destroy_with_admin_role_and_succeed" file="/app/vendor/gammamatrix/playground-test/src/Feature/Http/Controllers/Resource/DestroyTrait.php" line="286" class="Tests\Feature\GammaMatrix\Playground\Matrix\Resource\Http\Controllers\SprintRouteTest" classname="Tests.Feature.GammaMatrix.Playground.Matrix.Resource.Http.Controllers.SprintRouteTest" assertions="5" time="0.100107"/>
        <testcase name="test_destroy_with_admin_role_and_succeed_with_force_delete" file="/app/vendor/gammamatrix/playground-test/src/Feature/Http/Controllers/Resource/DestroyTrait.php" line="339" class="Tests\Feature\GammaMatrix\Playground\Matrix\Resource\Http\Controllers\SprintRouteTest" classname="Tests.Feature.GammaMatrix.Playground.Matrix.Resource.Http.Controllers.SprintRouteTest" assertions="4" time="0.097278"/>
        <testcase name="test_guest_cannot_lock" file="/app/vendor/gammamatrix/playground-test/src/Feature/Http/Controllers/Resource/LockTrait.php" line="17" class="Tests\Feature\GammaMatrix\Playground\Matrix\Resource\Http\Controllers\SprintRouteTest" classname="Tests.Feature.GammaMatrix.Playground.Matrix.Resource.Http.Controllers.SprintRouteTest" assertions="4" time="0.090131"/>
        <testcase name="test_lock_as_standard_user_and_succeed" file="/app/vendor/gammamatrix/playground-test/src/Feature/Http/Controllers/Resource/LockTrait.php" line="59" class="Tests\Feature\GammaMatrix\Playground\Matrix\Resource\Http\Controllers\SprintRouteTest" classname="Tests.Feature.GammaMatrix.Playground.Matrix.Resource.Http.Controllers.SprintRouteTest" assertions="4" time="0.102358"/>
        <testcase name="test_lock_as_standard_user_using_json_and_succeed" file="/app/vendor/gammamatrix/playground-test/src/Feature/Http/Controllers/Resource/LockTrait.php" line="100" class="Tests\Feature\GammaMatrix\Playground\Matrix\Resource\Http\Controllers\SprintRouteTest" classname="Tests.Feature.GammaMatrix.Playground.Matrix.Resource.Http.Controllers.SprintRouteTest" assertions="3" time="0.107038"/>
        <testcase name="test_lock_as_standard_user_and_succeed_with_redirect_to_index_with_sorted_by_locked_desc" file="/app/vendor/gammamatrix/playground-test/src/Feature/Http/Controllers/Resource/LockTrait.php" line="139" class="Tests\Feature\GammaMatrix\Playground\Matrix\Resource\Http\Controllers\SprintRouteTest" classname="Tests.Feature.GammaMatrix.Playground.Matrix.Resource.Http.Controllers.SprintRouteTest" assertions="4" time="0.098471"/>
        <testcase name="test_lock_with_user_role_and_get_denied" file="/app/vendor/gammamatrix/playground-test/src/Feature/Http/Controllers/Resource/LockTrait.php" line="189" class="Tests\Feature\GammaMatrix\Playground\Matrix\Resource\Http\Controllers\SprintRouteTest" classname="Tests.Feature.GammaMatrix.Playground.Matrix.Resource.Http.Controllers.SprintRouteTest" assertions="3" time="0.134161"/>
        <testcase name="test_lock_with_admin_role_and_succeed" file="/app/vendor/gammamatrix/playground-test/src/Feature/Http/Controllers/Resource/LockTrait.php" line="235" class="Tests\Feature\GammaMatrix\Playground\Matrix\Resource\Http\Controllers\SprintRouteTest" classname="Tests.Feature.GammaMatrix.Playground.Matrix.Resource.Http.Controllers.SprintRouteTest" assertions="4" time="0.098777"/>
        <testcase name="test_lock_with_admin_role_and_succeed_with_json" file="/app/vendor/gammamatrix/playground-test/src/Feature/Http/Controllers/Resource/LockTrait.php" line="286" class="Tests\Feature\GammaMatrix\Playground\Matrix\Resource\Http\Controllers\SprintRouteTest" classname="Tests.Feature.GammaMatrix.Playground.Matrix.Resource.Http.Controllers.SprintRouteTest" assertions="97" time="0.117711"/>
      </testsuite>
      <testsuite name="Tests\Feature\GammaMatrix\Playground\Matrix\Resource\Http\Controllers\TagRouteTest" file="/app/tests/Feature/Http/Controllers/TagRouteTest.php" tests="23" assertions="181" errors="0" failures="0" skipped="0" time="2.487841">
        <testcase name="test_guest_cannot_render_create_view" file="/app/vendor/gammamatrix/playground-test/src/Feature/Http/Controllers/Resource/CreateTrait.php" line="17" class="Tests\Feature\GammaMatrix\Playground\Matrix\Resource\Http\Controllers\TagRouteTest" classname="Tests.Feature.GammaMatrix.Playground.Matrix.Resource.Http.Controllers.TagRouteTest" assertions="2" time="0.134446"/>
        <testcase name="test_create_view_rendered_by_user_with_return_url" file="/app/vendor/gammamatrix/playground-test/src/Feature/Http/Controllers/Resource/CreateTrait.php" line="28" class="Tests\Feature\GammaMatrix\Playground\Matrix\Resource\Http\Controllers\TagRouteTest" classname="Tests.Feature.GammaMatrix.Playground.Matrix.Resource.Http.Controllers.TagRouteTest" assertions="3" time="0.156472"/>
        <testcase name="test_create_info_with_user_using_json" file="/app/vendor/gammamatrix/playground-test/src/Feature/Http/Controllers/Resource/CreateTrait.php" line="53" class="Tests\Feature\GammaMatrix\Playground\Matrix\Resource\Http\Controllers\TagRouteTest" classname="Tests.Feature.GammaMatrix.Playground.Matrix.Resource.Http.Controllers.TagRouteTest" assertions="4" time="0.138613"/>
        <testcase name="test_create_view_rendered_by_user_with_invalid_parameter" file="/app/vendor/gammamatrix/playground-test/src/Feature/Http/Controllers/Resource/CreateTrait.php" line="74" class="Tests\Feature\GammaMatrix\Playground\Matrix\Resource\Http\Controllers\TagRouteTest" classname="Tests.Feature.GammaMatrix.Playground.Matrix.Resource.Http.Controllers.TagRouteTest" assertions="5" time="0.093496"/>
        <testcase name="test_guest_cannot_render_edit_view" file="/app/vendor/gammamatrix/playground-test/src/Feature/Http/Controllers/Resource/EditTrait.php" line="17" class="Tests\Feature\GammaMatrix\Playground\Matrix\Resource\Http\Controllers\TagRouteTest" classname="Tests.Feature.GammaMatrix.Playground.Matrix.Resource.Http.Controllers.TagRouteTest" assertions="2" time="0.093607"/>
        <testcase name="test_edit_view_rendered_by_user_with_return_url" file="/app/vendor/gammamatrix/playground-test/src/Feature/Http/Controllers/Resource/EditTrait.php" line="34" class="Tests\Feature\GammaMatrix\Playground\Matrix\Resource\Http\Controllers\TagRouteTest" classname="Tests.Feature.GammaMatrix.Playground.Matrix.Resource.Http.Controllers.TagRouteTest" assertions="3" time="0.138433"/>
        <testcase name="test_edit_info_with_user_using_json" file="/app/vendor/gammamatrix/playground-test/src/Feature/Http/Controllers/Resource/EditTrait.php" line="64" class="Tests\Feature\GammaMatrix\Playground\Matrix\Resource\Http\Controllers\TagRouteTest" classname="Tests.Feature.GammaMatrix.Playground.Matrix.Resource.Http.Controllers.TagRouteTest" assertions="4" time="0.104188"/>
        <testcase name="test_edit_view_rendered_by_user_with_invalid_parameter" file="/app/vendor/gammamatrix/playground-test/src/Feature/Http/Controllers/Resource/EditTrait.php" line="91" class="Tests\Feature\GammaMatrix\Playground\Matrix\Resource\Http\Controllers\TagRouteTest" classname="Tests.Feature.GammaMatrix.Playground.Matrix.Resource.Http.Controllers.TagRouteTest" assertions="4" time="0.101362"/>
        <testcase name="test_guest_cannot_destroy" file="/app/vendor/gammamatrix/playground-test/src/Feature/Http/Controllers/Resource/DestroyTrait.php" line="17" class="Tests\Feature\GammaMatrix\Playground\Matrix\Resource\Http\Controllers\TagRouteTest" classname="Tests.Feature.GammaMatrix.Playground.Matrix.Resource.Http.Controllers.TagRouteTest" assertions="4" time="0.091423"/>
        <testcase name="test_destroy_as_standard_user_and_succeed" file="/app/vendor/gammamatrix/playground-test/src/Feature/Http/Controllers/Resource/DestroyTrait.php" line="59" class="Tests\Feature\GammaMatrix\Playground\Matrix\Resource\Http\Controllers\TagRouteTest" classname="Tests.Feature.GammaMatrix.Playground.Matrix.Resource.Http.Controllers.TagRouteTest" assertions="5" time="0.099165"/>
        <testcase name="test_destroy_as_standard_user_and_succeed_with_force_delete" file="/app/vendor/gammamatrix/playground-test/src/Feature/Http/Controllers/Resource/DestroyTrait.php" line="102" class="Tests\Feature\GammaMatrix\Playground\Matrix\Resource\Http\Controllers\TagRouteTest" classname="Tests.Feature.GammaMatrix.Playground.Matrix.Resource.Http.Controllers.TagRouteTest" assertions="4" time="0.094939"/>
        <testcase name="test_destroy_as_standard_user_using_json_and_succeed_with_no_content" file="/app/vendor/gammamatrix/playground-test/src/Feature/Http/Controllers/Resource/DestroyTrait.php" line="140" class="Tests\Feature\GammaMatrix\Playground\Matrix\Resource\Http\Controllers\TagRouteTest" classname="Tests.Feature.GammaMatrix.Playground.Matrix.Resource.Http.Controllers.TagRouteTest" assertions="5" time="0.100457"/>
        <testcase name="test_destroy_as_standard_user_and_succeed_with_redirect_to_index_with_trash" file="/app/vendor/gammamatrix/playground-test/src/Feature/Http/Controllers/Resource/DestroyTrait.php" line="183" class="Tests\Feature\GammaMatrix\Playground\Matrix\Resource\Http\Controllers\TagRouteTest" classname="Tests.Feature.GammaMatrix.Playground.Matrix.Resource.Http.Controllers.TagRouteTest" assertions="5" time="0.097007"/>
        <testcase name="test_destroy_with_user_role_and_get_denied_and_no_force_delete_allowed" file="/app/vendor/gammamatrix/playground-test/src/Feature/Http/Controllers/Resource/DestroyTrait.php" line="239" class="Tests\Feature\GammaMatrix\Playground\Matrix\Resource\Http\Controllers\TagRouteTest" classname="Tests.Feature.GammaMatrix.Playground.Matrix.Resource.Http.Controllers.TagRouteTest" assertions="3" time="0.131602"/>
        <testcase name="test_destroy_with_admin_role_and_succeed" file="/app/vendor/gammamatrix/playground-test/src/Feature/Http/Controllers/Resource/DestroyTrait.php" line="286" class="Tests\Feature\GammaMatrix\Playground\Matrix\Resource\Http\Controllers\TagRouteTest" classname="Tests.Feature.GammaMatrix.Playground.Matrix.Resource.Http.Controllers.TagRouteTest" assertions="5" time="0.095896"/>
        <testcase name="test_destroy_with_admin_role_and_succeed_with_force_delete" file="/app/vendor/gammamatrix/playground-test/src/Feature/Http/Controllers/Resource/DestroyTrait.php" line="339" class="Tests\Feature\GammaMatrix\Playground\Matrix\Resource\Http\Controllers\TagRouteTest" classname="Tests.Feature.GammaMatrix.Playground.Matrix.Resource.Http.Controllers.TagRouteTest" assertions="4" time="0.096454"/>
        <testcase name="test_guest_cannot_lock" file="/app/vendor/gammamatrix/playground-test/src/Feature/Http/Controllers/Resource/LockTrait.php" line="17" class="Tests\Feature\GammaMatrix\Playground\Matrix\Resource\Http\Controllers\TagRouteTest" classname="Tests.Feature.GammaMatrix.Playground.Matrix.Resource.Http.Controllers.TagRouteTest" assertions="4" time="0.088668"/>
        <testcase name="test_lock_as_standard_user_and_succeed" file="/app/vendor/gammamatrix/playground-test/src/Feature/Http/Controllers/Resource/LockTrait.php" line="59" class="Tests\Feature\GammaMatrix\Playground\Matrix\Resource\Http\Controllers\TagRouteTest" classname="Tests.Feature.GammaMatrix.Playground.Matrix.Resource.Http.Controllers.TagRouteTest" assertions="4" time="0.106516"/>
        <testcase name="test_lock_as_standard_user_using_json_and_succeed" file="/app/vendor/gammamatrix/playground-test/src/Feature/Http/Controllers/Resource/LockTrait.php" line="100" class="Tests\Feature\GammaMatrix\Playground\Matrix\Resource\Http\Controllers\TagRouteTest" classname="Tests.Feature.GammaMatrix.Playground.Matrix.Resource.Http.Controllers.TagRouteTest" assertions="3" time="0.105372"/>
        <testcase name="test_lock_as_standard_user_and_succeed_with_redirect_to_index_with_sorted_by_locked_desc" file="/app/vendor/gammamatrix/playground-test/src/Feature/Http/Controllers/Resource/LockTrait.php" line="139" class="Tests\Feature\GammaMatrix\Playground\Matrix\Resource\Http\Controllers\TagRouteTest" classname="Tests.Feature.GammaMatrix.Playground.Matrix.Resource.Http.Controllers.TagRouteTest" assertions="4" time="0.100806"/>
        <testcase name="test_lock_with_user_role_and_get_denied" file="/app/vendor/gammamatrix/playground-test/src/Feature/Http/Controllers/Resource/LockTrait.php" line="189" class="Tests\Feature\GammaMatrix\Playground\Matrix\Resource\Http\Controllers\TagRouteTest" classname="Tests.Feature.GammaMatrix.Playground.Matrix.Resource.Http.Controllers.TagRouteTest" assertions="3" time="0.094224"/>
        <testcase name="test_lock_with_admin_role_and_succeed" file="/app/vendor/gammamatrix/playground-test/src/Feature/Http/Controllers/Resource/LockTrait.php" line="235" class="Tests\Feature\GammaMatrix\Playground\Matrix\Resource\Http\Controllers\TagRouteTest" classname="Tests.Feature.GammaMatrix.Playground.Matrix.Resource.Http.Controllers.TagRouteTest" assertions="4" time="0.110356"/>
        <testcase name="test_lock_with_admin_role_and_succeed_with_json" file="/app/vendor/gammamatrix/playground-test/src/Feature/Http/Controllers/Resource/LockTrait.php" line="286" class="Tests\Feature\GammaMatrix\Playground\Matrix\Resource\Http\Controllers\TagRouteTest" classname="Tests.Feature.GammaMatrix.Playground.Matrix.Resource.Http.Controllers.TagRouteTest" assertions="97" time="0.114338"/>
      </testsuite>
      <testsuite name="Tests\Feature\GammaMatrix\Playground\Matrix\Resource\Http\Controllers\TeamRouteTest" file="/app/tests/Feature/Http/Controllers/TeamRouteTest.php" tests="23" assertions="181" errors="0" failures="0" skipped="0" time="2.512886">
        <testcase name="test_guest_cannot_render_create_view" file="/app/vendor/gammamatrix/playground-test/src/Feature/Http/Controllers/Resource/CreateTrait.php" line="17" class="Tests\Feature\GammaMatrix\Playground\Matrix\Resource\Http\Controllers\TeamRouteTest" classname="Tests.Feature.GammaMatrix.Playground.Matrix.Resource.Http.Controllers.TeamRouteTest" assertions="2" time="0.132205"/>
        <testcase name="test_create_view_rendered_by_user_with_return_url" file="/app/vendor/gammamatrix/playground-test/src/Feature/Http/Controllers/Resource/CreateTrait.php" line="28" class="Tests\Feature\GammaMatrix\Playground\Matrix\Resource\Http\Controllers\TeamRouteTest" classname="Tests.Feature.GammaMatrix.Playground.Matrix.Resource.Http.Controllers.TeamRouteTest" assertions="3" time="0.156506"/>
        <testcase name="test_create_info_with_user_using_json" file="/app/vendor/gammamatrix/playground-test/src/Feature/Http/Controllers/Resource/CreateTrait.php" line="53" class="Tests\Feature\GammaMatrix\Playground\Matrix\Resource\Http\Controllers\TeamRouteTest" classname="Tests.Feature.GammaMatrix.Playground.Matrix.Resource.Http.Controllers.TeamRouteTest" assertions="4" time="0.094271"/>
        <testcase name="test_create_view_rendered_by_user_with_invalid_parameter" file="/app/vendor/gammamatrix/playground-test/src/Feature/Http/Controllers/Resource/CreateTrait.php" line="74" class="Tests\Feature\GammaMatrix\Playground\Matrix\Resource\Http\Controllers\TeamRouteTest" classname="Tests.Feature.GammaMatrix.Playground.Matrix.Resource.Http.Controllers.TeamRouteTest" assertions="5" time="0.095257"/>
        <testcase name="test_guest_cannot_render_edit_view" file="/app/vendor/gammamatrix/playground-test/src/Feature/Http/Controllers/Resource/EditTrait.php" line="17" class="Tests\Feature\GammaMatrix\Playground\Matrix\Resource\Http\Controllers\TeamRouteTest" classname="Tests.Feature.GammaMatrix.Playground.Matrix.Resource.Http.Controllers.TeamRouteTest" assertions="2" time="0.086750"/>
        <testcase name="test_edit_view_rendered_by_user_with_return_url" file="/app/vendor/gammamatrix/playground-test/src/Feature/Http/Controllers/Resource/EditTrait.php" line="34" class="Tests\Feature\GammaMatrix\Playground\Matrix\Resource\Http\Controllers\TeamRouteTest" classname="Tests.Feature.GammaMatrix.Playground.Matrix.Resource.Http.Controllers.TeamRouteTest" assertions="3" time="0.140588"/>
        <testcase name="test_edit_info_with_user_using_json" file="/app/vendor/gammamatrix/playground-test/src/Feature/Http/Controllers/Resource/EditTrait.php" line="64" class="Tests\Feature\GammaMatrix\Playground\Matrix\Resource\Http\Controllers\TeamRouteTest" classname="Tests.Feature.GammaMatrix.Playground.Matrix.Resource.Http.Controllers.TeamRouteTest" assertions="4" time="0.139851"/>
        <testcase name="test_edit_view_rendered_by_user_with_invalid_parameter" file="/app/vendor/gammamatrix/playground-test/src/Feature/Http/Controllers/Resource/EditTrait.php" line="91" class="Tests\Feature\GammaMatrix\Playground\Matrix\Resource\Http\Controllers\TeamRouteTest" classname="Tests.Feature.GammaMatrix.Playground.Matrix.Resource.Http.Controllers.TeamRouteTest" assertions="4" time="0.103259"/>
        <testcase name="test_guest_cannot_destroy" file="/app/vendor/gammamatrix/playground-test/src/Feature/Http/Controllers/Resource/DestroyTrait.php" line="17" class="Tests\Feature\GammaMatrix\Playground\Matrix\Resource\Http\Controllers\TeamRouteTest" classname="Tests.Feature.GammaMatrix.Playground.Matrix.Resource.Http.Controllers.TeamRouteTest" assertions="4" time="0.087294"/>
        <testcase name="test_destroy_as_standard_user_and_succeed" file="/app/vendor/gammamatrix/playground-test/src/Feature/Http/Controllers/Resource/DestroyTrait.php" line="59" class="Tests\Feature\GammaMatrix\Playground\Matrix\Resource\Http\Controllers\TeamRouteTest" classname="Tests.Feature.GammaMatrix.Playground.Matrix.Resource.Http.Controllers.TeamRouteTest" assertions="5" time="0.100524"/>
        <testcase name="test_destroy_as_standard_user_and_succeed_with_force_delete" file="/app/vendor/gammamatrix/playground-test/src/Feature/Http/Controllers/Resource/DestroyTrait.php" line="102" class="Tests\Feature\GammaMatrix\Playground\Matrix\Resource\Http\Controllers\TeamRouteTest" classname="Tests.Feature.GammaMatrix.Playground.Matrix.Resource.Http.Controllers.TeamRouteTest" assertions="4" time="0.094322"/>
        <testcase name="test_destroy_as_standard_user_using_json_and_succeed_with_no_content" file="/app/vendor/gammamatrix/playground-test/src/Feature/Http/Controllers/Resource/DestroyTrait.php" line="140" class="Tests\Feature\GammaMatrix\Playground\Matrix\Resource\Http\Controllers\TeamRouteTest" classname="Tests.Feature.GammaMatrix.Playground.Matrix.Resource.Http.Controllers.TeamRouteTest" assertions="5" time="0.098959"/>
        <testcase name="test_destroy_as_standard_user_and_succeed_with_redirect_to_index_with_trash" file="/app/vendor/gammamatrix/playground-test/src/Feature/Http/Controllers/Resource/DestroyTrait.php" line="183" class="Tests\Feature\GammaMatrix\Playground\Matrix\Resource\Http\Controllers\TeamRouteTest" classname="Tests.Feature.GammaMatrix.Playground.Matrix.Resource.Http.Controllers.TeamRouteTest" assertions="5" time="0.111395"/>
        <testcase name="test_destroy_with_user_role_and_get_denied_and_no_force_delete_allowed" file="/app/vendor/gammamatrix/playground-test/src/Feature/Http/Controllers/Resource/DestroyTrait.php" line="239" class="Tests\Feature\GammaMatrix\Playground\Matrix\Resource\Http\Controllers\TeamRouteTest" classname="Tests.Feature.GammaMatrix.Playground.Matrix.Resource.Http.Controllers.TeamRouteTest" assertions="3" time="0.095246"/>
        <testcase name="test_destroy_with_admin_role_and_succeed" file="/app/vendor/gammamatrix/playground-test/src/Feature/Http/Controllers/Resource/DestroyTrait.php" line="286" class="Tests\Feature\GammaMatrix\Playground\Matrix\Resource\Http\Controllers\TeamRouteTest" classname="Tests.Feature.GammaMatrix.Playground.Matrix.Resource.Http.Controllers.TeamRouteTest" assertions="5" time="0.141533"/>
        <testcase name="test_destroy_with_admin_role_and_succeed_with_force_delete" file="/app/vendor/gammamatrix/playground-test/src/Feature/Http/Controllers/Resource/DestroyTrait.php" line="339" class="Tests\Feature\GammaMatrix\Playground\Matrix\Resource\Http\Controllers\TeamRouteTest" classname="Tests.Feature.GammaMatrix.Playground.Matrix.Resource.Http.Controllers.TeamRouteTest" assertions="4" time="0.096937"/>
        <testcase name="test_guest_cannot_lock" file="/app/vendor/gammamatrix/playground-test/src/Feature/Http/Controllers/Resource/LockTrait.php" line="17" class="Tests\Feature\GammaMatrix\Playground\Matrix\Resource\Http\Controllers\TeamRouteTest" classname="Tests.Feature.GammaMatrix.Playground.Matrix.Resource.Http.Controllers.TeamRouteTest" assertions="4" time="0.090050"/>
        <testcase name="test_lock_as_standard_user_and_succeed" file="/app/vendor/gammamatrix/playground-test/src/Feature/Http/Controllers/Resource/LockTrait.php" line="59" class="Tests\Feature\GammaMatrix\Playground\Matrix\Resource\Http\Controllers\TeamRouteTest" classname="Tests.Feature.GammaMatrix.Playground.Matrix.Resource.Http.Controllers.TeamRouteTest" assertions="4" time="0.101964"/>
        <testcase name="test_lock_as_standard_user_using_json_and_succeed" file="/app/vendor/gammamatrix/playground-test/src/Feature/Http/Controllers/Resource/LockTrait.php" line="100" class="Tests\Feature\GammaMatrix\Playground\Matrix\Resource\Http\Controllers\TeamRouteTest" classname="Tests.Feature.GammaMatrix.Playground.Matrix.Resource.Http.Controllers.TeamRouteTest" assertions="3" time="0.109887"/>
        <testcase name="test_lock_as_standard_user_and_succeed_with_redirect_to_index_with_sorted_by_locked_desc" file="/app/vendor/gammamatrix/playground-test/src/Feature/Http/Controllers/Resource/LockTrait.php" line="139" class="Tests\Feature\GammaMatrix\Playground\Matrix\Resource\Http\Controllers\TeamRouteTest" classname="Tests.Feature.GammaMatrix.Playground.Matrix.Resource.Http.Controllers.TeamRouteTest" assertions="4" time="0.097859"/>
        <testcase name="test_lock_with_user_role_and_get_denied" file="/app/vendor/gammamatrix/playground-test/src/Feature/Http/Controllers/Resource/LockTrait.php" line="189" class="Tests\Feature\GammaMatrix\Playground\Matrix\Resource\Http\Controllers\TeamRouteTest" classname="Tests.Feature.GammaMatrix.Playground.Matrix.Resource.Http.Controllers.TeamRouteTest" assertions="3" time="0.094494"/>
        <testcase name="test_lock_with_admin_role_and_succeed" file="/app/vendor/gammamatrix/playground-test/src/Feature/Http/Controllers/Resource/LockTrait.php" line="235" class="Tests\Feature\GammaMatrix\Playground\Matrix\Resource\Http\Controllers\TeamRouteTest" classname="Tests.Feature.GammaMatrix.Playground.Matrix.Resource.Http.Controllers.TeamRouteTest" assertions="4" time="0.106852"/>
        <testcase name="test_lock_with_admin_role_and_succeed_with_json" file="/app/vendor/gammamatrix/playground-test/src/Feature/Http/Controllers/Resource/LockTrait.php" line="286" class="Tests\Feature\GammaMatrix\Playground\Matrix\Resource\Http\Controllers\TeamRouteTest" classname="Tests.Feature.GammaMatrix.Playground.Matrix.Resource.Http.Controllers.TeamRouteTest" assertions="97" time="0.136882"/>
      </testsuite>
      <testsuite name="Tests\Feature\GammaMatrix\Playground\Matrix\Resource\Http\Controllers\TicketRouteTest" file="/app/tests/Feature/Http/Controllers/TicketRouteTest.php" tests="23" assertions="181" errors="0" failures="0" skipped="0" time="2.524351">
        <testcase name="test_guest_cannot_render_create_view" file="/app/vendor/gammamatrix/playground-test/src/Feature/Http/Controllers/Resource/CreateTrait.php" line="17" class="Tests\Feature\GammaMatrix\Playground\Matrix\Resource\Http\Controllers\TicketRouteTest" classname="Tests.Feature.GammaMatrix.Playground.Matrix.Resource.Http.Controllers.TicketRouteTest" assertions="2" time="0.134889"/>
        <testcase name="test_create_view_rendered_by_user_with_return_url" file="/app/vendor/gammamatrix/playground-test/src/Feature/Http/Controllers/Resource/CreateTrait.php" line="28" class="Tests\Feature\GammaMatrix\Playground\Matrix\Resource\Http\Controllers\TicketRouteTest" classname="Tests.Feature.GammaMatrix.Playground.Matrix.Resource.Http.Controllers.TicketRouteTest" assertions="3" time="0.160557"/>
        <testcase name="test_create_info_with_user_using_json" file="/app/vendor/gammamatrix/playground-test/src/Feature/Http/Controllers/Resource/CreateTrait.php" line="53" class="Tests\Feature\GammaMatrix\Playground\Matrix\Resource\Http\Controllers\TicketRouteTest" classname="Tests.Feature.GammaMatrix.Playground.Matrix.Resource.Http.Controllers.TicketRouteTest" assertions="4" time="0.106327"/>
        <testcase name="test_create_view_rendered_by_user_with_invalid_parameter" file="/app/vendor/gammamatrix/playground-test/src/Feature/Http/Controllers/Resource/CreateTrait.php" line="74" class="Tests\Feature\GammaMatrix\Playground\Matrix\Resource\Http\Controllers\TicketRouteTest" classname="Tests.Feature.GammaMatrix.Playground.Matrix.Resource.Http.Controllers.TicketRouteTest" assertions="5" time="0.095229"/>
        <testcase name="test_guest_cannot_render_edit_view" file="/app/vendor/gammamatrix/playground-test/src/Feature/Http/Controllers/Resource/EditTrait.php" line="17" class="Tests\Feature\GammaMatrix\Playground\Matrix\Resource\Http\Controllers\TicketRouteTest" classname="Tests.Feature.GammaMatrix.Playground.Matrix.Resource.Http.Controllers.TicketRouteTest" assertions="2" time="0.097789"/>
        <testcase name="test_edit_view_rendered_by_user_with_return_url" file="/app/vendor/gammamatrix/playground-test/src/Feature/Http/Controllers/Resource/EditTrait.php" line="34" class="Tests\Feature\GammaMatrix\Playground\Matrix\Resource\Http\Controllers\TicketRouteTest" classname="Tests.Feature.GammaMatrix.Playground.Matrix.Resource.Http.Controllers.TicketRouteTest" assertions="3" time="0.145866"/>
        <testcase name="test_edit_info_with_user_using_json" file="/app/vendor/gammamatrix/playground-test/src/Feature/Http/Controllers/Resource/EditTrait.php" line="64" class="Tests\Feature\GammaMatrix\Playground\Matrix\Resource\Http\Controllers\TicketRouteTest" classname="Tests.Feature.GammaMatrix.Playground.Matrix.Resource.Http.Controllers.TicketRouteTest" assertions="4" time="0.112416"/>
        <testcase name="test_edit_view_rendered_by_user_with_invalid_parameter" file="/app/vendor/gammamatrix/playground-test/src/Feature/Http/Controllers/Resource/EditTrait.php" line="91" class="Tests\Feature\GammaMatrix\Playground\Matrix\Resource\Http\Controllers\TicketRouteTest" classname="Tests.Feature.GammaMatrix.Playground.Matrix.Resource.Http.Controllers.TicketRouteTest" assertions="4" time="0.105889"/>
        <testcase name="test_guest_cannot_destroy" file="/app/vendor/gammamatrix/playground-test/src/Feature/Http/Controllers/Resource/DestroyTrait.php" line="17" class="Tests\Feature\GammaMatrix\Playground\Matrix\Resource\Http\Controllers\TicketRouteTest" classname="Tests.Feature.GammaMatrix.Playground.Matrix.Resource.Http.Controllers.TicketRouteTest" assertions="4" time="0.096028"/>
        <testcase name="test_destroy_as_standard_user_and_succeed" file="/app/vendor/gammamatrix/playground-test/src/Feature/Http/Controllers/Resource/DestroyTrait.php" line="59" class="Tests\Feature\GammaMatrix\Playground\Matrix\Resource\Http\Controllers\TicketRouteTest" classname="Tests.Feature.GammaMatrix.Playground.Matrix.Resource.Http.Controllers.TicketRouteTest" assertions="5" time="0.100898"/>
        <testcase name="test_destroy_as_standard_user_and_succeed_with_force_delete" file="/app/vendor/gammamatrix/playground-test/src/Feature/Http/Controllers/Resource/DestroyTrait.php" line="102" class="Tests\Feature\GammaMatrix\Playground\Matrix\Resource\Http\Controllers\TicketRouteTest" classname="Tests.Feature.GammaMatrix.Playground.Matrix.Resource.Http.Controllers.TicketRouteTest" assertions="4" time="0.101603"/>
        <testcase name="test_destroy_as_standard_user_using_json_and_succeed_with_no_content" file="/app/vendor/gammamatrix/playground-test/src/Feature/Http/Controllers/Resource/DestroyTrait.php" line="140" class="Tests\Feature\GammaMatrix\Playground\Matrix\Resource\Http\Controllers\TicketRouteTest" classname="Tests.Feature.GammaMatrix.Playground.Matrix.Resource.Http.Controllers.TicketRouteTest" assertions="5" time="0.097773"/>
        <testcase name="test_destroy_as_standard_user_and_succeed_with_redirect_to_index_with_trash" file="/app/vendor/gammamatrix/playground-test/src/Feature/Http/Controllers/Resource/DestroyTrait.php" line="183" class="Tests\Feature\GammaMatrix\Playground\Matrix\Resource\Http\Controllers\TicketRouteTest" classname="Tests.Feature.GammaMatrix.Playground.Matrix.Resource.Http.Controllers.TicketRouteTest" assertions="5" time="0.097034"/>
        <testcase name="test_destroy_with_user_role_and_get_denied_and_no_force_delete_allowed" file="/app/vendor/gammamatrix/playground-test/src/Feature/Http/Controllers/Resource/DestroyTrait.php" line="239" class="Tests\Feature\GammaMatrix\Playground\Matrix\Resource\Http\Controllers\TicketRouteTest" classname="Tests.Feature.GammaMatrix.Playground.Matrix.Resource.Http.Controllers.TicketRouteTest" assertions="3" time="0.096735"/>
        <testcase name="test_destroy_with_admin_role_and_succeed" file="/app/vendor/gammamatrix/playground-test/src/Feature/Http/Controllers/Resource/DestroyTrait.php" line="286" class="Tests\Feature\GammaMatrix\Playground\Matrix\Resource\Http\Controllers\TicketRouteTest" classname="Tests.Feature.GammaMatrix.Playground.Matrix.Resource.Http.Controllers.TicketRouteTest" assertions="5" time="0.102769"/>
        <testcase name="test_destroy_with_admin_role_and_succeed_with_force_delete" file="/app/vendor/gammamatrix/playground-test/src/Feature/Http/Controllers/Resource/DestroyTrait.php" line="339" class="Tests\Feature\GammaMatrix\Playground\Matrix\Resource\Http\Controllers\TicketRouteTest" classname="Tests.Feature.GammaMatrix.Playground.Matrix.Resource.Http.Controllers.TicketRouteTest" assertions="4" time="0.135959"/>
        <testcase name="test_guest_cannot_lock" file="/app/vendor/gammamatrix/playground-test/src/Feature/Http/Controllers/Resource/LockTrait.php" line="17" class="Tests\Feature\GammaMatrix\Playground\Matrix\Resource\Http\Controllers\TicketRouteTest" classname="Tests.Feature.GammaMatrix.Playground.Matrix.Resource.Http.Controllers.TicketRouteTest" assertions="4" time="0.089995"/>
        <testcase name="test_lock_as_standard_user_and_succeed" file="/app/vendor/gammamatrix/playground-test/src/Feature/Http/Controllers/Resource/LockTrait.php" line="59" class="Tests\Feature\GammaMatrix\Playground\Matrix\Resource\Http\Controllers\TicketRouteTest" classname="Tests.Feature.GammaMatrix.Playground.Matrix.Resource.Http.Controllers.TicketRouteTest" assertions="4" time="0.104665"/>
        <testcase name="test_lock_as_standard_user_using_json_and_succeed" file="/app/vendor/gammamatrix/playground-test/src/Feature/Http/Controllers/Resource/LockTrait.php" line="100" class="Tests\Feature\GammaMatrix\Playground\Matrix\Resource\Http\Controllers\TicketRouteTest" classname="Tests.Feature.GammaMatrix.Playground.Matrix.Resource.Http.Controllers.TicketRouteTest" assertions="3" time="0.113735"/>
        <testcase name="test_lock_as_standard_user_and_succeed_with_redirect_to_index_with_sorted_by_locked_desc" file="/app/vendor/gammamatrix/playground-test/src/Feature/Http/Controllers/Resource/LockTrait.php" line="139" class="Tests\Feature\GammaMatrix\Playground\Matrix\Resource\Http\Controllers\TicketRouteTest" classname="Tests.Feature.GammaMatrix.Playground.Matrix.Resource.Http.Controllers.TicketRouteTest" assertions="4" time="0.107600"/>
        <testcase name="test_lock_with_user_role_and_get_denied" file="/app/vendor/gammamatrix/playground-test/src/Feature/Http/Controllers/Resource/LockTrait.php" line="189" class="Tests\Feature\GammaMatrix\Playground\Matrix\Resource\Http\Controllers\TicketRouteTest" classname="Tests.Feature.GammaMatrix.Playground.Matrix.Resource.Http.Controllers.TicketRouteTest" assertions="3" time="0.096537"/>
        <testcase name="test_lock_with_admin_role_and_succeed" file="/app/vendor/gammamatrix/playground-test/src/Feature/Http/Controllers/Resource/LockTrait.php" line="235" class="Tests\Feature\GammaMatrix\Playground\Matrix\Resource\Http\Controllers\TicketRouteTest" classname="Tests.Feature.GammaMatrix.Playground.Matrix.Resource.Http.Controllers.TicketRouteTest" assertions="4" time="0.104378"/>
        <testcase name="test_lock_with_admin_role_and_succeed_with_json" file="/app/vendor/gammamatrix/playground-test/src/Feature/Http/Controllers/Resource/LockTrait.php" line="286" class="Tests\Feature\GammaMatrix\Playground\Matrix\Resource\Http\Controllers\TicketRouteTest" classname="Tests.Feature.GammaMatrix.Playground.Matrix.Resource.Http.Controllers.TicketRouteTest" assertions="97" time="0.119682"/>
      </testsuite>
      <testsuite name="Tests\Feature\GammaMatrix\Playground\Matrix\Resource\Http\Controllers\VersionRouteTest" file="/app/tests/Feature/Http/Controllers/VersionRouteTest.php" tests="23" assertions="181" errors="0" failures="0" skipped="0" time="2.554674">
        <testcase name="test_guest_cannot_render_create_view" file="/app/vendor/gammamatrix/playground-test/src/Feature/Http/Controllers/Resource/CreateTrait.php" line="17" class="Tests\Feature\GammaMatrix\Playground\Matrix\Resource\Http\Controllers\VersionRouteTest" classname="Tests.Feature.GammaMatrix.Playground.Matrix.Resource.Http.Controllers.VersionRouteTest" assertions="2" time="0.187659"/>
        <testcase name="test_create_view_rendered_by_user_with_return_url" file="/app/vendor/gammamatrix/playground-test/src/Feature/Http/Controllers/Resource/CreateTrait.php" line="28" class="Tests\Feature\GammaMatrix\Playground\Matrix\Resource\Http\Controllers\VersionRouteTest" classname="Tests.Feature.GammaMatrix.Playground.Matrix.Resource.Http.Controllers.VersionRouteTest" assertions="3" time="0.151792"/>
        <testcase name="test_create_info_with_user_using_json" file="/app/vendor/gammamatrix/playground-test/src/Feature/Http/Controllers/Resource/CreateTrait.php" line="53" class="Tests\Feature\GammaMatrix\Playground\Matrix\Resource\Http\Controllers\VersionRouteTest" classname="Tests.Feature.GammaMatrix.Playground.Matrix.Resource.Http.Controllers.VersionRouteTest" assertions="4" time="0.097807"/>
        <testcase name="test_create_view_rendered_by_user_with_invalid_parameter" file="/app/vendor/gammamatrix/playground-test/src/Feature/Http/Controllers/Resource/CreateTrait.php" line="74" class="Tests\Feature\GammaMatrix\Playground\Matrix\Resource\Http\Controllers\VersionRouteTest" classname="Tests.Feature.GammaMatrix.Playground.Matrix.Resource.Http.Controllers.VersionRouteTest" assertions="5" time="0.096257"/>
        <testcase name="test_guest_cannot_render_edit_view" file="/app/vendor/gammamatrix/playground-test/src/Feature/Http/Controllers/Resource/EditTrait.php" line="17" class="Tests\Feature\GammaMatrix\Playground\Matrix\Resource\Http\Controllers\VersionRouteTest" classname="Tests.Feature.GammaMatrix.Playground.Matrix.Resource.Http.Controllers.VersionRouteTest" assertions="2" time="0.088270"/>
        <testcase name="test_edit_view_rendered_by_user_with_return_url" file="/app/vendor/gammamatrix/playground-test/src/Feature/Http/Controllers/Resource/EditTrait.php" line="34" class="Tests\Feature\GammaMatrix\Playground\Matrix\Resource\Http\Controllers\VersionRouteTest" classname="Tests.Feature.GammaMatrix.Playground.Matrix.Resource.Http.Controllers.VersionRouteTest" assertions="3" time="0.182235"/>
        <testcase name="test_edit_info_with_user_using_json" file="/app/vendor/gammamatrix/playground-test/src/Feature/Http/Controllers/Resource/EditTrait.php" line="64" class="Tests\Feature\GammaMatrix\Playground\Matrix\Resource\Http\Controllers\VersionRouteTest" classname="Tests.Feature.GammaMatrix.Playground.Matrix.Resource.Http.Controllers.VersionRouteTest" assertions="4" time="0.112257"/>
        <testcase name="test_edit_view_rendered_by_user_with_invalid_parameter" file="/app/vendor/gammamatrix/playground-test/src/Feature/Http/Controllers/Resource/EditTrait.php" line="91" class="Tests\Feature\GammaMatrix\Playground\Matrix\Resource\Http\Controllers\VersionRouteTest" classname="Tests.Feature.GammaMatrix.Playground.Matrix.Resource.Http.Controllers.VersionRouteTest" assertions="4" time="0.100996"/>
        <testcase name="test_guest_cannot_destroy" file="/app/vendor/gammamatrix/playground-test/src/Feature/Http/Controllers/Resource/DestroyTrait.php" line="17" class="Tests\Feature\GammaMatrix\Playground\Matrix\Resource\Http\Controllers\VersionRouteTest" classname="Tests.Feature.GammaMatrix.Playground.Matrix.Resource.Http.Controllers.VersionRouteTest" assertions="4" time="0.090383"/>
        <testcase name="test_destroy_as_standard_user_and_succeed" file="/app/vendor/gammamatrix/playground-test/src/Feature/Http/Controllers/Resource/DestroyTrait.php" line="59" class="Tests\Feature\GammaMatrix\Playground\Matrix\Resource\Http\Controllers\VersionRouteTest" classname="Tests.Feature.GammaMatrix.Playground.Matrix.Resource.Http.Controllers.VersionRouteTest" assertions="5" time="0.099811"/>
        <testcase name="test_destroy_as_standard_user_and_succeed_with_force_delete" file="/app/vendor/gammamatrix/playground-test/src/Feature/Http/Controllers/Resource/DestroyTrait.php" line="102" class="Tests\Feature\GammaMatrix\Playground\Matrix\Resource\Http\Controllers\VersionRouteTest" classname="Tests.Feature.GammaMatrix.Playground.Matrix.Resource.Http.Controllers.VersionRouteTest" assertions="4" time="0.099119"/>
        <testcase name="test_destroy_as_standard_user_using_json_and_succeed_with_no_content" file="/app/vendor/gammamatrix/playground-test/src/Feature/Http/Controllers/Resource/DestroyTrait.php" line="140" class="Tests\Feature\GammaMatrix\Playground\Matrix\Resource\Http\Controllers\VersionRouteTest" classname="Tests.Feature.GammaMatrix.Playground.Matrix.Resource.Http.Controllers.VersionRouteTest" assertions="5" time="0.096982"/>
        <testcase name="test_destroy_as_standard_user_and_succeed_with_redirect_to_index_with_trash" file="/app/vendor/gammamatrix/playground-test/src/Feature/Http/Controllers/Resource/DestroyTrait.php" line="183" class="Tests\Feature\GammaMatrix\Playground\Matrix\Resource\Http\Controllers\VersionRouteTest" classname="Tests.Feature.GammaMatrix.Playground.Matrix.Resource.Http.Controllers.VersionRouteTest" assertions="5" time="0.095745"/>
        <testcase name="test_destroy_with_user_role_and_get_denied_and_no_force_delete_allowed" file="/app/vendor/gammamatrix/playground-test/src/Feature/Http/Controllers/Resource/DestroyTrait.php" line="239" class="Tests\Feature\GammaMatrix\Playground\Matrix\Resource\Http\Controllers\VersionRouteTest" classname="Tests.Feature.GammaMatrix.Playground.Matrix.Resource.Http.Controllers.VersionRouteTest" assertions="3" time="0.149702"/>
        <testcase name="test_destroy_with_admin_role_and_succeed" file="/app/vendor/gammamatrix/playground-test/src/Feature/Http/Controllers/Resource/DestroyTrait.php" line="286" class="Tests\Feature\GammaMatrix\Playground\Matrix\Resource\Http\Controllers\VersionRouteTest" classname="Tests.Feature.GammaMatrix.Playground.Matrix.Resource.Http.Controllers.VersionRouteTest" assertions="5" time="0.098642"/>
        <testcase name="test_destroy_with_admin_role_and_succeed_with_force_delete" file="/app/vendor/gammamatrix/playground-test/src/Feature/Http/Controllers/Resource/DestroyTrait.php" line="339" class="Tests\Feature\GammaMatrix\Playground\Matrix\Resource\Http\Controllers\VersionRouteTest" classname="Tests.Feature.GammaMatrix.Playground.Matrix.Resource.Http.Controllers.VersionRouteTest" assertions="4" time="0.095192"/>
        <testcase name="test_guest_cannot_lock" file="/app/vendor/gammamatrix/playground-test/src/Feature/Http/Controllers/Resource/LockTrait.php" line="17" class="Tests\Feature\GammaMatrix\Playground\Matrix\Resource\Http\Controllers\VersionRouteTest" classname="Tests.Feature.GammaMatrix.Playground.Matrix.Resource.Http.Controllers.VersionRouteTest" assertions="4" time="0.089732"/>
        <testcase name="test_lock_as_standard_user_and_succeed" file="/app/vendor/gammamatrix/playground-test/src/Feature/Http/Controllers/Resource/LockTrait.php" line="59" class="Tests\Feature\GammaMatrix\Playground\Matrix\Resource\Http\Controllers\VersionRouteTest" classname="Tests.Feature.GammaMatrix.Playground.Matrix.Resource.Http.Controllers.VersionRouteTest" assertions="4" time="0.103186"/>
        <testcase name="test_lock_as_standard_user_using_json_and_succeed" file="/app/vendor/gammamatrix/playground-test/src/Feature/Http/Controllers/Resource/LockTrait.php" line="100" class="Tests\Feature\GammaMatrix\Playground\Matrix\Resource\Http\Controllers\VersionRouteTest" classname="Tests.Feature.GammaMatrix.Playground.Matrix.Resource.Http.Controllers.VersionRouteTest" assertions="3" time="0.106956"/>
        <testcase name="test_lock_as_standard_user_and_succeed_with_redirect_to_index_with_sorted_by_locked_desc" file="/app/vendor/gammamatrix/playground-test/src/Feature/Http/Controllers/Resource/LockTrait.php" line="139" class="Tests\Feature\GammaMatrix\Playground\Matrix\Resource\Http\Controllers\VersionRouteTest" classname="Tests.Feature.GammaMatrix.Playground.Matrix.Resource.Http.Controllers.VersionRouteTest" assertions="4" time="0.100057"/>
        <testcase name="test_lock_with_user_role_and_get_denied" file="/app/vendor/gammamatrix/playground-test/src/Feature/Http/Controllers/Resource/LockTrait.php" line="189" class="Tests\Feature\GammaMatrix\Playground\Matrix\Resource\Http\Controllers\VersionRouteTest" classname="Tests.Feature.GammaMatrix.Playground.Matrix.Resource.Http.Controllers.VersionRouteTest" assertions="3" time="0.095404"/>
        <testcase name="test_lock_with_admin_role_and_succeed" file="/app/vendor/gammamatrix/playground-test/src/Feature/Http/Controllers/Resource/LockTrait.php" line="235" class="Tests\Feature\GammaMatrix\Playground\Matrix\Resource\Http\Controllers\VersionRouteTest" classname="Tests.Feature.GammaMatrix.Playground.Matrix.Resource.Http.Controllers.VersionRouteTest" assertions="4" time="0.100579"/>
        <testcase name="test_lock_with_admin_role_and_succeed_with_json" file="/app/vendor/gammamatrix/playground-test/src/Feature/Http/Controllers/Resource/LockTrait.php" line="286" class="Tests\Feature\GammaMatrix\Playground\Matrix\Resource\Http\Controllers\VersionRouteTest" classname="Tests.Feature.GammaMatrix.Playground.Matrix.Resource.Http.Controllers.VersionRouteTest" assertions="97" time="0.115912"/>
      </testsuite>
    </testsuite>
  </testsuite>
</testsuites>
